<?xml version="1.0" encoding="UTF-8"?>
<testsuite xmlns:xsi="http://www.w3.org/2001/XMLSchema-instance" xsi:noNamespaceSchemaLocation="https://maven.apache.org/surefire/maven-surefire-plugin/xsd/surefire-test-report-3.0.xsd" version="3.0" name="dev.ancaghenade.shipmentlistdemo.integrationtests.ShipmentServiceIntegration" time="28.431" tests="7" errors="0" skipped="0" failures="0">
  <properties>
    <property name="java.specification.version" value="17"/>
    <property name="sun.jnu.encoding" value="UTF-8"/>
    <property name="java.class.path" value="/Users/anca/Desktop/java-meetup/testcontainers-shipment-list-cloud-pods/target/test-classes:/Users/anca/Desktop/java-meetup/testcontainers-shipment-list-cloud-pods/target/classes:/Users/anca/.m2/repository/org/springframework/boot/spring-boot-starter-web/3.0.1/spring-boot-starter-web-3.0.1.jar:/Users/anca/.m2/repository/org/springframework/boot/spring-boot-starter/3.0.1/spring-boot-starter-3.0.1.jar:/Users/anca/.m2/repository/jakarta/annotation/jakarta.annotation-api/2.1.1/jakarta.annotation-api-2.1.1.jar:/Users/anca/.m2/repository/org/yaml/snakeyaml/1.33/snakeyaml-1.33.jar:/Users/anca/.m2/repository/org/springframework/boot/spring-boot-starter-json/3.0.1/spring-boot-starter-json-3.0.1.jar:/Users/anca/.m2/repository/com/fasterxml/jackson/core/jackson-databind/2.14.1/jackson-databind-2.14.1.jar:/Users/anca/.m2/repository/com/fasterxml/jackson/core/jackson-core/2.14.1/jackson-core-2.14.1.jar:/Users/anca/.m2/repository/com/fasterxml/jackson/datatype/jackson-datatype-jdk8/2.14.1/jackson-datatype-jdk8-2.14.1.jar:/Users/anca/.m2/repository/com/fasterxml/jackson/datatype/jackson-datatype-jsr310/2.14.1/jackson-datatype-jsr310-2.14.1.jar:/Users/anca/.m2/repository/com/fasterxml/jackson/module/jackson-module-parameter-names/2.14.1/jackson-module-parameter-names-2.14.1.jar:/Users/anca/.m2/repository/org/springframework/boot/spring-boot-starter-tomcat/3.0.1/spring-boot-starter-tomcat-3.0.1.jar:/Users/anca/.m2/repository/org/apache/tomcat/embed/tomcat-embed-core/10.1.4/tomcat-embed-core-10.1.4.jar:/Users/anca/.m2/repository/org/apache/tomcat/embed/tomcat-embed-el/10.1.4/tomcat-embed-el-10.1.4.jar:/Users/anca/.m2/repository/org/apache/tomcat/embed/tomcat-embed-websocket/10.1.4/tomcat-embed-websocket-10.1.4.jar:/Users/anca/.m2/repository/org/springframework/spring-web/6.0.3/spring-web-6.0.3.jar:/Users/anca/.m2/repository/org/springframework/spring-beans/6.0.3/spring-beans-6.0.3.jar:/Users/anca/.m2/repository/io/micrometer/micrometer-observation/1.10.2/micrometer-observation-1.10.2.jar:/Users/anca/.m2/repository/io/micrometer/micrometer-commons/1.10.2/micrometer-commons-1.10.2.jar:/Users/anca/.m2/repository/org/springframework/spring-webmvc/6.0.3/spring-webmvc-6.0.3.jar:/Users/anca/.m2/repository/org/springframework/spring-aop/6.0.3/spring-aop-6.0.3.jar:/Users/anca/.m2/repository/org/springframework/spring-context/6.0.3/spring-context-6.0.3.jar:/Users/anca/.m2/repository/org/springframework/spring-expression/6.0.3/spring-expression-6.0.3.jar:/Users/anca/.m2/repository/org/projectlombok/lombok/1.18.24/lombok-1.18.24.jar:/Users/anca/.m2/repository/software/amazon/awssdk/s3/2.20.26/s3-2.20.26.jar:/Users/anca/.m2/repository/software/amazon/awssdk/aws-xml-protocol/2.20.26/aws-xml-protocol-2.20.26.jar:/Users/anca/.m2/repository/software/amazon/awssdk/protocol-core/2.20.26/protocol-core-2.20.26.jar:/Users/anca/.m2/repository/software/amazon/awssdk/arns/2.20.26/arns-2.20.26.jar:/Users/anca/.m2/repository/software/amazon/awssdk/profiles/2.20.26/profiles-2.20.26.jar:/Users/anca/.m2/repository/software/amazon/awssdk/sdk-core/2.20.26/sdk-core-2.20.26.jar:/Users/anca/.m2/repository/org/reactivestreams/reactive-streams/1.0.4/reactive-streams-1.0.4.jar:/Users/anca/.m2/repository/software/amazon/awssdk/auth/2.20.26/auth-2.20.26.jar:/Users/anca/.m2/repository/software/amazon/eventstream/eventstream/1.0.1/eventstream-1.0.1.jar:/Users/anca/.m2/repository/software/amazon/awssdk/http-client-spi/2.20.26/http-client-spi-2.20.26.jar:/Users/anca/.m2/repository/software/amazon/awssdk/regions/2.20.26/regions-2.20.26.jar:/Users/anca/.m2/repository/software/amazon/awssdk/annotations/2.20.26/annotations-2.20.26.jar:/Users/anca/.m2/repository/software/amazon/awssdk/utils/2.20.26/utils-2.20.26.jar:/Users/anca/.m2/repository/software/amazon/awssdk/aws-core/2.20.26/aws-core-2.20.26.jar:/Users/anca/.m2/repository/software/amazon/awssdk/metrics-spi/2.20.26/metrics-spi-2.20.26.jar:/Users/anca/.m2/repository/software/amazon/awssdk/json-utils/2.20.26/json-utils-2.20.26.jar:/Users/anca/.m2/repository/software/amazon/awssdk/third-party-jackson-core/2.20.26/third-party-jackson-core-2.20.26.jar:/Users/anca/.m2/repository/software/amazon/awssdk/endpoints-spi/2.20.26/endpoints-spi-2.20.26.jar:/Users/anca/.m2/repository/software/amazon/awssdk/apache-client/2.20.26/apache-client-2.20.26.jar:/Users/anca/.m2/repository/org/apache/httpcomponents/httpclient/4.5.14/httpclient-4.5.14.jar:/Users/anca/.m2/repository/org/apache/httpcomponents/httpcore/4.4.16/httpcore-4.4.16.jar:/Users/anca/.m2/repository/commons-codec/commons-codec/1.15/commons-codec-1.15.jar:/Users/anca/.m2/repository/software/amazon/awssdk/netty-nio-client/2.20.26/netty-nio-client-2.20.26.jar:/Users/anca/.m2/repository/io/netty/netty-codec-http/4.1.86.Final/netty-codec-http-4.1.86.Final.jar:/Users/anca/.m2/repository/io/netty/netty-codec-http2/4.1.86.Final/netty-codec-http2-4.1.86.Final.jar:/Users/anca/.m2/repository/io/netty/netty-codec/4.1.86.Final/netty-codec-4.1.86.Final.jar:/Users/anca/.m2/repository/io/netty/netty-transport/4.1.86.Final/netty-transport-4.1.86.Final.jar:/Users/anca/.m2/repository/io/netty/netty-resolver/4.1.86.Final/netty-resolver-4.1.86.Final.jar:/Users/anca/.m2/repository/io/netty/netty-common/4.1.86.Final/netty-common-4.1.86.Final.jar:/Users/anca/.m2/repository/io/netty/netty-buffer/4.1.86.Final/netty-buffer-4.1.86.Final.jar:/Users/anca/.m2/repository/io/netty/netty-handler/4.1.86.Final/netty-handler-4.1.86.Final.jar:/Users/anca/.m2/repository/io/netty/netty-transport-native-unix-common/4.1.86.Final/netty-transport-native-unix-common-4.1.86.Final.jar:/Users/anca/.m2/repository/io/netty/netty-transport-classes-epoll/4.1.86.Final/netty-transport-classes-epoll-4.1.86.Final.jar:/Users/anca/.m2/repository/software/amazon/awssdk/dynamodb-enhanced/2.20.26/dynamodb-enhanced-2.20.26.jar:/Users/anca/.m2/repository/software/amazon/awssdk/dynamodb/2.20.26/dynamodb-2.20.26.jar:/Users/anca/.m2/repository/software/amazon/awssdk/aws-json-protocol/2.20.26/aws-json-protocol-2.20.26.jar:/Users/anca/.m2/repository/org/springframework/boot/spring-boot-autoconfigure/3.0.1/spring-boot-autoconfigure-3.0.1.jar:/Users/anca/.m2/repository/org/springframework/boot/spring-boot/3.0.1/spring-boot-3.0.1.jar:/Users/anca/.m2/repository/org/springframework/boot/spring-boot-starter-logging/3.0.1/spring-boot-starter-logging-3.0.1.jar:/Users/anca/.m2/repository/ch/qos/logback/logback-classic/1.4.5/logback-classic-1.4.5.jar:/Users/anca/.m2/repository/ch/qos/logback/logback-core/1.4.5/logback-core-1.4.5.jar:/Users/anca/.m2/repository/org/apache/logging/log4j/log4j-to-slf4j/2.19.0/log4j-to-slf4j-2.19.0.jar:/Users/anca/.m2/repository/org/apache/logging/log4j/log4j-api/2.19.0/log4j-api-2.19.0.jar:/Users/anca/.m2/repository/org/slf4j/jul-to-slf4j/2.0.6/jul-to-slf4j-2.0.6.jar:/Users/anca/.m2/repository/io/awspring/cloud/spring-cloud-aws-starter-sqs/3.0.0-RC1/spring-cloud-aws-starter-sqs-3.0.0-RC1.jar:/Users/anca/.m2/repository/io/awspring/cloud/spring-cloud-aws-starter/3.0.0-RC1/spring-cloud-aws-starter-3.0.0-RC1.jar:/Users/anca/.m2/repository/io/awspring/cloud/spring-cloud-aws-autoconfigure/3.0.0-RC1/spring-cloud-aws-autoconfigure-3.0.0-RC1.jar:/Users/anca/.m2/repository/io/awspring/cloud/spring-cloud-aws-core/3.0.0-RC1/spring-cloud-aws-core-3.0.0-RC1.jar:/Users/anca/.m2/repository/io/awspring/cloud/spring-cloud-aws-sqs/3.0.0-RC1/spring-cloud-aws-sqs-3.0.0-RC1.jar:/Users/anca/.m2/repository/software/amazon/awssdk/sqs/2.20.26/sqs-2.20.26.jar:/Users/anca/.m2/repository/org/springframework/spring-messaging/6.0.3/spring-messaging-6.0.3.jar:/Users/anca/.m2/repository/org/slf4j/slf4j-api/2.0.6/slf4j-api-2.0.6.jar:/Users/anca/.m2/repository/org/json/json/20220924/json-20220924.jar:/Users/anca/.m2/repository/org/springframework/boot/spring-boot-starter-test/3.0.1/spring-boot-starter-test-3.0.1.jar:/Users/anca/.m2/repository/org/springframework/boot/spring-boot-test/3.0.1/spring-boot-test-3.0.1.jar:/Users/anca/.m2/repository/org/springframework/boot/spring-boot-test-autoconfigure/3.0.1/spring-boot-test-autoconfigure-3.0.1.jar:/Users/anca/.m2/repository/com/jayway/jsonpath/json-path/2.7.0/json-path-2.7.0.jar:/Users/anca/.m2/repository/net/minidev/json-smart/2.4.8/json-smart-2.4.8.jar:/Users/anca/.m2/repository/net/minidev/accessors-smart/2.4.8/accessors-smart-2.4.8.jar:/Users/anca/.m2/repository/org/ow2/asm/asm/9.1/asm-9.1.jar:/Users/anca/.m2/repository/jakarta/xml/bind/jakarta.xml.bind-api/4.0.0/jakarta.xml.bind-api-4.0.0.jar:/Users/anca/.m2/repository/jakarta/activation/jakarta.activation-api/2.1.0/jakarta.activation-api-2.1.0.jar:/Users/anca/.m2/repository/org/assertj/assertj-core/3.23.1/assertj-core-3.23.1.jar:/Users/anca/.m2/repository/net/bytebuddy/byte-buddy/1.12.20/byte-buddy-1.12.20.jar:/Users/anca/.m2/repository/org/hamcrest/hamcrest/2.2/hamcrest-2.2.jar:/Users/anca/.m2/repository/org/junit/jupiter/junit-jupiter/5.9.1/junit-jupiter-5.9.1.jar:/Users/anca/.m2/repository/org/junit/jupiter/junit-jupiter-api/5.9.1/junit-jupiter-api-5.9.1.jar:/Users/anca/.m2/repository/org/opentest4j/opentest4j/1.2.0/opentest4j-1.2.0.jar:/Users/anca/.m2/repository/org/junit/platform/junit-platform-commons/1.9.1/junit-platform-commons-1.9.1.jar:/Users/anca/.m2/repository/org/apiguardian/apiguardian-api/1.1.2/apiguardian-api-1.1.2.jar:/Users/anca/.m2/repository/org/junit/jupiter/junit-jupiter-params/5.9.1/junit-jupiter-params-5.9.1.jar:/Users/anca/.m2/repository/org/junit/jupiter/junit-jupiter-engine/5.9.1/junit-jupiter-engine-5.9.1.jar:/Users/anca/.m2/repository/org/junit/platform/junit-platform-engine/1.9.1/junit-platform-engine-1.9.1.jar:/Users/anca/.m2/repository/org/mockito/mockito-core/4.8.1/mockito-core-4.8.1.jar:/Users/anca/.m2/repository/net/bytebuddy/byte-buddy-agent/1.12.20/byte-buddy-agent-1.12.20.jar:/Users/anca/.m2/repository/org/objenesis/objenesis/3.2/objenesis-3.2.jar:/Users/anca/.m2/repository/org/mockito/mockito-junit-jupiter/4.8.1/mockito-junit-jupiter-4.8.1.jar:/Users/anca/.m2/repository/org/skyscreamer/jsonassert/1.5.1/jsonassert-1.5.1.jar:/Users/anca/.m2/repository/com/vaadin/external/google/android-json/0.0.20131108.vaadin1/android-json-0.0.20131108.vaadin1.jar:/Users/anca/.m2/repository/org/springframework/spring-core/6.0.3/spring-core-6.0.3.jar:/Users/anca/.m2/repository/org/springframework/spring-jcl/6.0.3/spring-jcl-6.0.3.jar:/Users/anca/.m2/repository/org/springframework/spring-test/6.0.3/spring-test-6.0.3.jar:/Users/anca/.m2/repository/org/xmlunit/xmlunit-core/2.9.0/xmlunit-core-2.9.0.jar:/Users/anca/.m2/repository/org/testcontainers/testcontainers/1.19.1/testcontainers-1.19.1.jar:/Users/anca/.m2/repository/junit/junit/4.13.2/junit-4.13.2.jar:/Users/anca/.m2/repository/org/hamcrest/hamcrest-core/2.2/hamcrest-core-2.2.jar:/Users/anca/.m2/repository/org/apache/commons/commons-compress/1.24.0/commons-compress-1.24.0.jar:/Users/anca/.m2/repository/org/rnorth/duct-tape/duct-tape/1.0.8/duct-tape-1.0.8.jar:/Users/anca/.m2/repository/org/jetbrains/annotations/17.0.0/annotations-17.0.0.jar:/Users/anca/.m2/repository/com/github/docker-java/docker-java-api/3.3.3/docker-java-api-3.3.3.jar:/Users/anca/.m2/repository/com/fasterxml/jackson/core/jackson-annotations/2.14.1/jackson-annotations-2.14.1.jar:/Users/anca/.m2/repository/com/github/docker-java/docker-java-transport-zerodep/3.3.3/docker-java-transport-zerodep-3.3.3.jar:/Users/anca/.m2/repository/com/github/docker-java/docker-java-transport/3.3.3/docker-java-transport-3.3.3.jar:/Users/anca/.m2/repository/net/java/dev/jna/jna/5.12.1/jna-5.12.1.jar:/Users/anca/.m2/repository/org/testcontainers/junit-jupiter/1.19.1/junit-jupiter-1.19.1.jar:/Users/anca/.m2/repository/org/testcontainers/localstack/1.19.1/localstack-1.19.1.jar:/Users/anca/.m2/repository/software/amazon/awssdk/lambda/2.20.26/lambda-2.20.26.jar:/Users/anca/.m2/repository/software/amazon/awssdk/sns/2.20.26/sns-2.20.26.jar:/Users/anca/.m2/repository/software/amazon/awssdk/aws-query-protocol/2.20.26/aws-query-protocol-2.20.26.jar:/Users/anca/.m2/repository/software/amazon/awssdk/iam/2.20.26/iam-2.20.26.jar:"/>
    <property name="java.vm.vendor" value="Amazon.com Inc."/>
    <property name="sun.arch.data.model" value="64"/>
    <property name="catalina.useNaming" value="false"/>
    <property name="java.vendor.url" value="https://aws.amazon.com/corretto/"/>
    <property name="user.timezone" value="Europe/Vienna"/>
    <property name="os.name" value="Mac OS X"/>
    <property name="java.vm.specification.version" value="17"/>
    <property name="sun.java.launcher" value="SUN_STANDARD"/>
    <property name="user.country" value="GB"/>
    <property name="sun.boot.library.path" value="/Users/anca/.sdkman/candidates/java/17.0.9-amzn/lib"/>
    <property name="sun.java.command" value="/Users/anca/Desktop/java-meetup/testcontainers-shipment-list-cloud-pods/target/surefire/surefirebooter-20240108140854001_3.jar /Users/anca/Desktop/java-meetup/testcontainers-shipment-list-cloud-pods/target/surefire 2024-01-08T14-08-53_874-jvmRun1 surefire-20240108140854001_1tmp surefire_0-20240108140854001_2tmp"/>
    <property name="http.nonProxyHosts" value="local|*.local|169.254/16|*.169.254/16"/>
    <property name="jdk.debug" value="release"/>
    <property name="surefire.test.class.path" value="/Users/anca/Desktop/java-meetup/testcontainers-shipment-list-cloud-pods/target/test-classes:/Users/anca/Desktop/java-meetup/testcontainers-shipment-list-cloud-pods/target/classes:/Users/anca/.m2/repository/org/springframework/boot/spring-boot-starter-web/3.0.1/spring-boot-starter-web-3.0.1.jar:/Users/anca/.m2/repository/org/springframework/boot/spring-boot-starter/3.0.1/spring-boot-starter-3.0.1.jar:/Users/anca/.m2/repository/jakarta/annotation/jakarta.annotation-api/2.1.1/jakarta.annotation-api-2.1.1.jar:/Users/anca/.m2/repository/org/yaml/snakeyaml/1.33/snakeyaml-1.33.jar:/Users/anca/.m2/repository/org/springframework/boot/spring-boot-starter-json/3.0.1/spring-boot-starter-json-3.0.1.jar:/Users/anca/.m2/repository/com/fasterxml/jackson/core/jackson-databind/2.14.1/jackson-databind-2.14.1.jar:/Users/anca/.m2/repository/com/fasterxml/jackson/core/jackson-core/2.14.1/jackson-core-2.14.1.jar:/Users/anca/.m2/repository/com/fasterxml/jackson/datatype/jackson-datatype-jdk8/2.14.1/jackson-datatype-jdk8-2.14.1.jar:/Users/anca/.m2/repository/com/fasterxml/jackson/datatype/jackson-datatype-jsr310/2.14.1/jackson-datatype-jsr310-2.14.1.jar:/Users/anca/.m2/repository/com/fasterxml/jackson/module/jackson-module-parameter-names/2.14.1/jackson-module-parameter-names-2.14.1.jar:/Users/anca/.m2/repository/org/springframework/boot/spring-boot-starter-tomcat/3.0.1/spring-boot-starter-tomcat-3.0.1.jar:/Users/anca/.m2/repository/org/apache/tomcat/embed/tomcat-embed-core/10.1.4/tomcat-embed-core-10.1.4.jar:/Users/anca/.m2/repository/org/apache/tomcat/embed/tomcat-embed-el/10.1.4/tomcat-embed-el-10.1.4.jar:/Users/anca/.m2/repository/org/apache/tomcat/embed/tomcat-embed-websocket/10.1.4/tomcat-embed-websocket-10.1.4.jar:/Users/anca/.m2/repository/org/springframework/spring-web/6.0.3/spring-web-6.0.3.jar:/Users/anca/.m2/repository/org/springframework/spring-beans/6.0.3/spring-beans-6.0.3.jar:/Users/anca/.m2/repository/io/micrometer/micrometer-observation/1.10.2/micrometer-observation-1.10.2.jar:/Users/anca/.m2/repository/io/micrometer/micrometer-commons/1.10.2/micrometer-commons-1.10.2.jar:/Users/anca/.m2/repository/org/springframework/spring-webmvc/6.0.3/spring-webmvc-6.0.3.jar:/Users/anca/.m2/repository/org/springframework/spring-aop/6.0.3/spring-aop-6.0.3.jar:/Users/anca/.m2/repository/org/springframework/spring-context/6.0.3/spring-context-6.0.3.jar:/Users/anca/.m2/repository/org/springframework/spring-expression/6.0.3/spring-expression-6.0.3.jar:/Users/anca/.m2/repository/org/projectlombok/lombok/1.18.24/lombok-1.18.24.jar:/Users/anca/.m2/repository/software/amazon/awssdk/s3/2.20.26/s3-2.20.26.jar:/Users/anca/.m2/repository/software/amazon/awssdk/aws-xml-protocol/2.20.26/aws-xml-protocol-2.20.26.jar:/Users/anca/.m2/repository/software/amazon/awssdk/protocol-core/2.20.26/protocol-core-2.20.26.jar:/Users/anca/.m2/repository/software/amazon/awssdk/arns/2.20.26/arns-2.20.26.jar:/Users/anca/.m2/repository/software/amazon/awssdk/profiles/2.20.26/profiles-2.20.26.jar:/Users/anca/.m2/repository/software/amazon/awssdk/sdk-core/2.20.26/sdk-core-2.20.26.jar:/Users/anca/.m2/repository/org/reactivestreams/reactive-streams/1.0.4/reactive-streams-1.0.4.jar:/Users/anca/.m2/repository/software/amazon/awssdk/auth/2.20.26/auth-2.20.26.jar:/Users/anca/.m2/repository/software/amazon/eventstream/eventstream/1.0.1/eventstream-1.0.1.jar:/Users/anca/.m2/repository/software/amazon/awssdk/http-client-spi/2.20.26/http-client-spi-2.20.26.jar:/Users/anca/.m2/repository/software/amazon/awssdk/regions/2.20.26/regions-2.20.26.jar:/Users/anca/.m2/repository/software/amazon/awssdk/annotations/2.20.26/annotations-2.20.26.jar:/Users/anca/.m2/repository/software/amazon/awssdk/utils/2.20.26/utils-2.20.26.jar:/Users/anca/.m2/repository/software/amazon/awssdk/aws-core/2.20.26/aws-core-2.20.26.jar:/Users/anca/.m2/repository/software/amazon/awssdk/metrics-spi/2.20.26/metrics-spi-2.20.26.jar:/Users/anca/.m2/repository/software/amazon/awssdk/json-utils/2.20.26/json-utils-2.20.26.jar:/Users/anca/.m2/repository/software/amazon/awssdk/third-party-jackson-core/2.20.26/third-party-jackson-core-2.20.26.jar:/Users/anca/.m2/repository/software/amazon/awssdk/endpoints-spi/2.20.26/endpoints-spi-2.20.26.jar:/Users/anca/.m2/repository/software/amazon/awssdk/apache-client/2.20.26/apache-client-2.20.26.jar:/Users/anca/.m2/repository/org/apache/httpcomponents/httpclient/4.5.14/httpclient-4.5.14.jar:/Users/anca/.m2/repository/org/apache/httpcomponents/httpcore/4.4.16/httpcore-4.4.16.jar:/Users/anca/.m2/repository/commons-codec/commons-codec/1.15/commons-codec-1.15.jar:/Users/anca/.m2/repository/software/amazon/awssdk/netty-nio-client/2.20.26/netty-nio-client-2.20.26.jar:/Users/anca/.m2/repository/io/netty/netty-codec-http/4.1.86.Final/netty-codec-http-4.1.86.Final.jar:/Users/anca/.m2/repository/io/netty/netty-codec-http2/4.1.86.Final/netty-codec-http2-4.1.86.Final.jar:/Users/anca/.m2/repository/io/netty/netty-codec/4.1.86.Final/netty-codec-4.1.86.Final.jar:/Users/anca/.m2/repository/io/netty/netty-transport/4.1.86.Final/netty-transport-4.1.86.Final.jar:/Users/anca/.m2/repository/io/netty/netty-resolver/4.1.86.Final/netty-resolver-4.1.86.Final.jar:/Users/anca/.m2/repository/io/netty/netty-common/4.1.86.Final/netty-common-4.1.86.Final.jar:/Users/anca/.m2/repository/io/netty/netty-buffer/4.1.86.Final/netty-buffer-4.1.86.Final.jar:/Users/anca/.m2/repository/io/netty/netty-handler/4.1.86.Final/netty-handler-4.1.86.Final.jar:/Users/anca/.m2/repository/io/netty/netty-transport-native-unix-common/4.1.86.Final/netty-transport-native-unix-common-4.1.86.Final.jar:/Users/anca/.m2/repository/io/netty/netty-transport-classes-epoll/4.1.86.Final/netty-transport-classes-epoll-4.1.86.Final.jar:/Users/anca/.m2/repository/software/amazon/awssdk/dynamodb-enhanced/2.20.26/dynamodb-enhanced-2.20.26.jar:/Users/anca/.m2/repository/software/amazon/awssdk/dynamodb/2.20.26/dynamodb-2.20.26.jar:/Users/anca/.m2/repository/software/amazon/awssdk/aws-json-protocol/2.20.26/aws-json-protocol-2.20.26.jar:/Users/anca/.m2/repository/org/springframework/boot/spring-boot-autoconfigure/3.0.1/spring-boot-autoconfigure-3.0.1.jar:/Users/anca/.m2/repository/org/springframework/boot/spring-boot/3.0.1/spring-boot-3.0.1.jar:/Users/anca/.m2/repository/org/springframework/boot/spring-boot-starter-logging/3.0.1/spring-boot-starter-logging-3.0.1.jar:/Users/anca/.m2/repository/ch/qos/logback/logback-classic/1.4.5/logback-classic-1.4.5.jar:/Users/anca/.m2/repository/ch/qos/logback/logback-core/1.4.5/logback-core-1.4.5.jar:/Users/anca/.m2/repository/org/apache/logging/log4j/log4j-to-slf4j/2.19.0/log4j-to-slf4j-2.19.0.jar:/Users/anca/.m2/repository/org/apache/logging/log4j/log4j-api/2.19.0/log4j-api-2.19.0.jar:/Users/anca/.m2/repository/org/slf4j/jul-to-slf4j/2.0.6/jul-to-slf4j-2.0.6.jar:/Users/anca/.m2/repository/io/awspring/cloud/spring-cloud-aws-starter-sqs/3.0.0-RC1/spring-cloud-aws-starter-sqs-3.0.0-RC1.jar:/Users/anca/.m2/repository/io/awspring/cloud/spring-cloud-aws-starter/3.0.0-RC1/spring-cloud-aws-starter-3.0.0-RC1.jar:/Users/anca/.m2/repository/io/awspring/cloud/spring-cloud-aws-autoconfigure/3.0.0-RC1/spring-cloud-aws-autoconfigure-3.0.0-RC1.jar:/Users/anca/.m2/repository/io/awspring/cloud/spring-cloud-aws-core/3.0.0-RC1/spring-cloud-aws-core-3.0.0-RC1.jar:/Users/anca/.m2/repository/io/awspring/cloud/spring-cloud-aws-sqs/3.0.0-RC1/spring-cloud-aws-sqs-3.0.0-RC1.jar:/Users/anca/.m2/repository/software/amazon/awssdk/sqs/2.20.26/sqs-2.20.26.jar:/Users/anca/.m2/repository/org/springframework/spring-messaging/6.0.3/spring-messaging-6.0.3.jar:/Users/anca/.m2/repository/org/slf4j/slf4j-api/2.0.6/slf4j-api-2.0.6.jar:/Users/anca/.m2/repository/org/json/json/20220924/json-20220924.jar:/Users/anca/.m2/repository/org/springframework/boot/spring-boot-starter-test/3.0.1/spring-boot-starter-test-3.0.1.jar:/Users/anca/.m2/repository/org/springframework/boot/spring-boot-test/3.0.1/spring-boot-test-3.0.1.jar:/Users/anca/.m2/repository/org/springframework/boot/spring-boot-test-autoconfigure/3.0.1/spring-boot-test-autoconfigure-3.0.1.jar:/Users/anca/.m2/repository/com/jayway/jsonpath/json-path/2.7.0/json-path-2.7.0.jar:/Users/anca/.m2/repository/net/minidev/json-smart/2.4.8/json-smart-2.4.8.jar:/Users/anca/.m2/repository/net/minidev/accessors-smart/2.4.8/accessors-smart-2.4.8.jar:/Users/anca/.m2/repository/org/ow2/asm/asm/9.1/asm-9.1.jar:/Users/anca/.m2/repository/jakarta/xml/bind/jakarta.xml.bind-api/4.0.0/jakarta.xml.bind-api-4.0.0.jar:/Users/anca/.m2/repository/jakarta/activation/jakarta.activation-api/2.1.0/jakarta.activation-api-2.1.0.jar:/Users/anca/.m2/repository/org/assertj/assertj-core/3.23.1/assertj-core-3.23.1.jar:/Users/anca/.m2/repository/net/bytebuddy/byte-buddy/1.12.20/byte-buddy-1.12.20.jar:/Users/anca/.m2/repository/org/hamcrest/hamcrest/2.2/hamcrest-2.2.jar:/Users/anca/.m2/repository/org/junit/jupiter/junit-jupiter/5.9.1/junit-jupiter-5.9.1.jar:/Users/anca/.m2/repository/org/junit/jupiter/junit-jupiter-api/5.9.1/junit-jupiter-api-5.9.1.jar:/Users/anca/.m2/repository/org/opentest4j/opentest4j/1.2.0/opentest4j-1.2.0.jar:/Users/anca/.m2/repository/org/junit/platform/junit-platform-commons/1.9.1/junit-platform-commons-1.9.1.jar:/Users/anca/.m2/repository/org/apiguardian/apiguardian-api/1.1.2/apiguardian-api-1.1.2.jar:/Users/anca/.m2/repository/org/junit/jupiter/junit-jupiter-params/5.9.1/junit-jupiter-params-5.9.1.jar:/Users/anca/.m2/repository/org/junit/jupiter/junit-jupiter-engine/5.9.1/junit-jupiter-engine-5.9.1.jar:/Users/anca/.m2/repository/org/junit/platform/junit-platform-engine/1.9.1/junit-platform-engine-1.9.1.jar:/Users/anca/.m2/repository/org/mockito/mockito-core/4.8.1/mockito-core-4.8.1.jar:/Users/anca/.m2/repository/net/bytebuddy/byte-buddy-agent/1.12.20/byte-buddy-agent-1.12.20.jar:/Users/anca/.m2/repository/org/objenesis/objenesis/3.2/objenesis-3.2.jar:/Users/anca/.m2/repository/org/mockito/mockito-junit-jupiter/4.8.1/mockito-junit-jupiter-4.8.1.jar:/Users/anca/.m2/repository/org/skyscreamer/jsonassert/1.5.1/jsonassert-1.5.1.jar:/Users/anca/.m2/repository/com/vaadin/external/google/android-json/0.0.20131108.vaadin1/android-json-0.0.20131108.vaadin1.jar:/Users/anca/.m2/repository/org/springframework/spring-core/6.0.3/spring-core-6.0.3.jar:/Users/anca/.m2/repository/org/springframework/spring-jcl/6.0.3/spring-jcl-6.0.3.jar:/Users/anca/.m2/repository/org/springframework/spring-test/6.0.3/spring-test-6.0.3.jar:/Users/anca/.m2/repository/org/xmlunit/xmlunit-core/2.9.0/xmlunit-core-2.9.0.jar:/Users/anca/.m2/repository/org/testcontainers/testcontainers/1.19.1/testcontainers-1.19.1.jar:/Users/anca/.m2/repository/junit/junit/4.13.2/junit-4.13.2.jar:/Users/anca/.m2/repository/org/hamcrest/hamcrest-core/2.2/hamcrest-core-2.2.jar:/Users/anca/.m2/repository/org/apache/commons/commons-compress/1.24.0/commons-compress-1.24.0.jar:/Users/anca/.m2/repository/org/rnorth/duct-tape/duct-tape/1.0.8/duct-tape-1.0.8.jar:/Users/anca/.m2/repository/org/jetbrains/annotations/17.0.0/annotations-17.0.0.jar:/Users/anca/.m2/repository/com/github/docker-java/docker-java-api/3.3.3/docker-java-api-3.3.3.jar:/Users/anca/.m2/repository/com/fasterxml/jackson/core/jackson-annotations/2.14.1/jackson-annotations-2.14.1.jar:/Users/anca/.m2/repository/com/github/docker-java/docker-java-transport-zerodep/3.3.3/docker-java-transport-zerodep-3.3.3.jar:/Users/anca/.m2/repository/com/github/docker-java/docker-java-transport/3.3.3/docker-java-transport-3.3.3.jar:/Users/anca/.m2/repository/net/java/dev/jna/jna/5.12.1/jna-5.12.1.jar:/Users/anca/.m2/repository/org/testcontainers/junit-jupiter/1.19.1/junit-jupiter-1.19.1.jar:/Users/anca/.m2/repository/org/testcontainers/localstack/1.19.1/localstack-1.19.1.jar:/Users/anca/.m2/repository/software/amazon/awssdk/lambda/2.20.26/lambda-2.20.26.jar:/Users/anca/.m2/repository/software/amazon/awssdk/sns/2.20.26/sns-2.20.26.jar:/Users/anca/.m2/repository/software/amazon/awssdk/aws-query-protocol/2.20.26/aws-query-protocol-2.20.26.jar:/Users/anca/.m2/repository/software/amazon/awssdk/iam/2.20.26/iam-2.20.26.jar:"/>
    <property name="test" value="dev.ancaghenade.shipmentlistdemo.integrationtests.ShipmentServiceIntegration"/>
    <property name="sun.cpu.endian" value="little"/>
    <property name="user.home" value="/Users/anca"/>
    <property name="user.language" value="en"/>
    <property name="java.specification.vendor" value="Oracle Corporation"/>
    <property name="java.version.date" value="2023-10-17"/>
    <property name="java.home" value="/Users/anca/.sdkman/candidates/java/17.0.9-amzn"/>
    <property name="file.separator" value="/"/>
    <property name="basedir" value="/Users/anca/Desktop/java-meetup/testcontainers-shipment-list-cloud-pods"/>
    <property name="java.vm.compressedOopsMode" value="Zero based"/>
    <property name="line.separator" value="&#10;"/>
    <property name="java.vm.specification.vendor" value="Oracle Corporation"/>
    <property name="java.specification.name" value="Java Platform API Specification"/>
    <property name="FILE_LOG_CHARSET" value="UTF-8"/>
    <property name="java.awt.headless" value="true"/>
    <property name="surefire.real.class.path" value="/Users/anca/Desktop/java-meetup/testcontainers-shipment-list-cloud-pods/target/surefire/surefirebooter-20240108140854001_3.jar"/>
    <property name="sun.management.compiler" value="HotSpot 64-Bit Tiered Compilers"/>
    <property name="ftp.nonProxyHosts" value="local|*.local|169.254/16|*.169.254/16"/>
    <property name="java.runtime.version" value="17.0.9+8-LTS"/>
    <property name="user.name" value="anca"/>
    <property name="path.separator" value=":"/>
    <property name="os.version" value="14.0"/>
    <property name="java.runtime.name" value="OpenJDK Runtime Environment"/>
    <property name="file.encoding" value="UTF-8"/>
    <property name="java.vm.name" value="OpenJDK 64-Bit Server VM"/>
    <property name="java.vendor.version" value="Corretto-17.0.9.8.1"/>
    <property name="localRepository" value="/Users/anca/.m2/repository"/>
    <property name="java.vendor.url.bug" value="https://github.com/corretto/corretto-17/issues/"/>
    <property name="java.io.tmpdir" value="/var/folders/ld/_q8pj4092psd2h7kd69tmx080000gn/T/"/>
    <property name="catalina.home" value="/private/var/folders/ld/_q8pj4092psd2h7kd69tmx080000gn/T/tomcat.8081.14156750511592007860"/>
    <property name="java.version" value="17.0.9"/>
    <property name="user.dir" value="/Users/anca/Desktop/java-meetup/testcontainers-shipment-list-cloud-pods"/>
    <property name="os.arch" value="x86_64"/>
    <property name="java.vm.specification.name" value="Java Virtual Machine Specification"/>
    <property name="PID" value="33069"/>
    <property name="CONSOLE_LOG_CHARSET" value="UTF-8"/>
    <property name="catalina.base" value="/private/var/folders/ld/_q8pj4092psd2h7kd69tmx080000gn/T/tomcat.8081.14156750511592007860"/>
    <property name="native.encoding" value="UTF-8"/>
    <property name="java.library.path" value="/Users/anca/Library/Java/Extensions:/Library/Java/Extensions:/Network/Library/Java/Extensions:/System/Library/Java/Extensions:/usr/lib/java:."/>
    <property name="java.vm.info" value="mixed mode, sharing"/>
    <property name="java.vendor" value="Amazon.com Inc."/>
    <property name="java.vm.version" value="17.0.9+8-LTS"/>
    <property name="sun.io.unicode.encoding" value="UnicodeBig"/>
    <property name="socksNonProxyHosts" value="local|*.local|169.254/16|*.169.254/16"/>
    <property name="java.class.version" value="61.0"/>
  </properties>
  <testcase name="testFileDownloadFromS3FailsOnWrongId" classname="dev.ancaghenade.shipmentlistdemo.integrationtests.ShipmentServiceIntegration" time="1.108">
    <system-out><![CDATA[14:08:54.751 [main] DEBUG org.testcontainers.utility.TestcontainersConfiguration - Testcontainers configuration overrides will be loaded from file:/Users/anca/.testcontainers.properties
14:08:54.760 [main] INFO org.testcontainers.images.PullPolicy - Image pull policy will be performed by: DefaultPullPolicy()
14:08:54.762 [main] INFO org.testcontainers.utility.ImageNameSubstitutor - Image name substitution will be performed by: DefaultImageNameSubstitutor (composite of 'ConfigurationFileImageNameSubstitutor' and 'PrefixingImageNameSubstitutor')
14:08:55.005 [main] INFO org.testcontainers.dockerclient.DockerClientProviderStrategy - Loaded org.testcontainers.dockerclient.UnixSocketClientProviderStrategy from ~/.testcontainers.properties, will try it first
14:08:55.013 [main] DEBUG org.testcontainers.dockerclient.DockerClientProviderStrategy - Trying out strategy: UnixSocketClientProviderStrategy
14:08:55.015 [main] DEBUG org.testcontainers.dockerclient.DockerClientProviderStrategy - UnixSocketClientProviderStrategy: failed with exception InvalidConfigurationException (Could not find unix domain socket). Root cause NoSuchFileException (/var/run/docker.sock)
14:08:55.015 [main] DEBUG org.testcontainers.dockerclient.DockerClientProviderStrategy - Trying out strategy: DockerDesktopClientProviderStrategy
14:08:55.016 [main] DEBUG org.testcontainers.dockerclient.DockerDesktopClientProviderStrategy - '/Users/anca/.docker/desktop' does not exist.
14:08:55.199 [main] DEBUG org.testcontainers.shaded.com.github.dockerjava.core.command.AbstrDockerCmd - Cmd: 
14:08:55.221 [main] DEBUG com.github.dockerjava.zerodep.shaded.org.apache.hc.client5.http.impl.classic.InternalHttpClient - ex-00000001: preparing request execution
14:08:55.225 [main] DEBUG com.github.dockerjava.zerodep.shaded.org.apache.hc.client5.http.protocol.RequestAddCookies - Cookie spec selected: strict
14:08:55.228 [main] DEBUG com.github.dockerjava.zerodep.shaded.org.apache.hc.client5.http.protocol.RequestAuthCache - Auth cache not set in the context
14:08:55.228 [main] DEBUG com.github.dockerjava.zerodep.shaded.org.apache.hc.client5.http.impl.classic.ProtocolExec - ex-00000001: target auth state: UNCHALLENGED
14:08:55.229 [main] DEBUG com.github.dockerjava.zerodep.shaded.org.apache.hc.client5.http.impl.classic.ProtocolExec - ex-00000001: proxy auth state: UNCHALLENGED
14:08:55.229 [main] DEBUG com.github.dockerjava.zerodep.shaded.org.apache.hc.client5.http.impl.classic.ConnectExec - ex-00000001: acquiring connection with route {}->unix://localhost:2375
14:08:55.229 [main] DEBUG com.github.dockerjava.zerodep.shaded.org.apache.hc.client5.http.impl.classic.InternalHttpClient - ex-00000001: acquiring endpoint (3 MINUTES)
14:08:55.231 [main] DEBUG com.github.dockerjava.zerodep.shaded.org.apache.hc.client5.http.impl.io.PoolingHttpClientConnectionManager - ex-00000001: endpoint lease request (3 MINUTES) [route: {}->unix://localhost:2375][total available: 0; route allocated: 0 of 2147483647; total allocated: 0 of 2147483647]
14:08:55.239 [main] DEBUG com.github.dockerjava.zerodep.shaded.org.apache.hc.client5.http.impl.io.PoolingHttpClientConnectionManager - ex-00000001: endpoint leased [route: {}->unix://localhost:2375][total available: 0; route allocated: 1 of 2147483647; total allocated: 1 of 2147483647]
14:08:55.247 [main] DEBUG com.github.dockerjava.zerodep.shaded.org.apache.hc.client5.http.impl.io.PoolingHttpClientConnectionManager - ex-00000001: acquired ep-00000000
14:08:55.247 [main] DEBUG com.github.dockerjava.zerodep.shaded.org.apache.hc.client5.http.impl.classic.InternalHttpClient - ex-00000001: acquired endpoint ep-00000000
14:08:55.248 [main] DEBUG com.github.dockerjava.zerodep.shaded.org.apache.hc.client5.http.impl.classic.ConnectExec - ex-00000001: opening connection {}->unix://localhost:2375
14:08:55.248 [main] DEBUG com.github.dockerjava.zerodep.shaded.org.apache.hc.client5.http.impl.classic.InternalHttpClient - ep-00000000: connecting endpoint (3 MINUTES)
14:08:55.248 [main] DEBUG com.github.dockerjava.zerodep.shaded.org.apache.hc.client5.http.impl.io.PoolingHttpClientConnectionManager - ep-00000000: connecting endpoint to unix://localhost:2375 (3 MINUTES)
14:08:55.255 [main] DEBUG com.github.dockerjava.zerodep.shaded.org.apache.hc.client5.http.impl.io.DefaultHttpClientConnectionOperator - http-outgoing-0: connecting to localhost/127.0.0.1:2375
14:08:55.255 [main] DEBUG com.github.dockerjava.zerodep.shaded.org.apache.hc.client5.http.impl.io.DefaultHttpClientConnectionOperator - http-outgoing-0: connection established /Users/anca/.docker/run/docker.sock<->/Users/anca/.docker/run/docker.sock
14:08:55.256 [main] DEBUG com.github.dockerjava.zerodep.shaded.org.apache.hc.client5.http.impl.io.PoolingHttpClientConnectionManager - ep-00000000: connected http-outgoing-0
14:08:55.256 [main] DEBUG com.github.dockerjava.zerodep.shaded.org.apache.hc.client5.http.impl.classic.InternalHttpClient - ep-00000000: endpoint connected
14:08:55.256 [main] DEBUG com.github.dockerjava.zerodep.shaded.org.apache.hc.client5.http.impl.classic.MainClientExec - ex-00000001: executing GET /v1.32/info HTTP/1.1
14:08:55.257 [main] DEBUG com.github.dockerjava.zerodep.shaded.org.apache.hc.client5.http.impl.classic.InternalHttpClient - ep-00000000: start execution ex-00000001
14:08:55.257 [main] DEBUG com.github.dockerjava.zerodep.shaded.org.apache.hc.client5.http.impl.io.PoolingHttpClientConnectionManager - ep-00000000: executing exchange ex-00000001 over http-outgoing-0
14:08:55.257 [main] DEBUG com.github.dockerjava.zerodep.shaded.org.apache.hc.client5.http.headers - http-outgoing-0 >> GET /v1.32/info HTTP/1.1
14:08:55.258 [main] DEBUG com.github.dockerjava.zerodep.shaded.org.apache.hc.client5.http.headers - http-outgoing-0 >> x-tc-sid: aadbe571-fa34-4edf-a0a5-ddf35f9fb4d8
14:08:55.258 [main] DEBUG com.github.dockerjava.zerodep.shaded.org.apache.hc.client5.http.headers - http-outgoing-0 >> User-Agent: tc-java/1.19.1
14:08:55.258 [main] DEBUG com.github.dockerjava.zerodep.shaded.org.apache.hc.client5.http.headers - http-outgoing-0 >> Accept-Encoding: gzip, x-gzip, deflate
14:08:55.258 [main] DEBUG com.github.dockerjava.zerodep.shaded.org.apache.hc.client5.http.headers - http-outgoing-0 >> Host: localhost:2375
14:08:55.258 [main] DEBUG com.github.dockerjava.zerodep.shaded.org.apache.hc.client5.http.headers - http-outgoing-0 >> Connection: keep-alive
14:08:55.258 [main] DEBUG com.github.dockerjava.zerodep.shaded.org.apache.hc.client5.http.wire - http-outgoing-0 >> "GET /v1.32/info HTTP/1.1[\r][\n]"
14:08:55.258 [main] DEBUG com.github.dockerjava.zerodep.shaded.org.apache.hc.client5.http.wire - http-outgoing-0 >> "x-tc-sid: aadbe571-fa34-4edf-a0a5-ddf35f9fb4d8[\r][\n]"
14:08:55.258 [main] DEBUG com.github.dockerjava.zerodep.shaded.org.apache.hc.client5.http.wire - http-outgoing-0 >> "User-Agent: tc-java/1.19.1[\r][\n]"
14:08:55.258 [main] DEBUG com.github.dockerjava.zerodep.shaded.org.apache.hc.client5.http.wire - http-outgoing-0 >> "Accept-Encoding: gzip, x-gzip, deflate[\r][\n]"
14:08:55.258 [main] DEBUG com.github.dockerjava.zerodep.shaded.org.apache.hc.client5.http.wire - http-outgoing-0 >> "Host: localhost:2375[\r][\n]"
14:08:55.258 [main] DEBUG com.github.dockerjava.zerodep.shaded.org.apache.hc.client5.http.wire - http-outgoing-0 >> "Connection: keep-alive[\r][\n]"
14:08:55.258 [main] DEBUG com.github.dockerjava.zerodep.shaded.org.apache.hc.client5.http.wire - http-outgoing-0 >> "[\r][\n]"
14:08:55.272 [main] DEBUG com.github.dockerjava.zerodep.shaded.org.apache.hc.client5.http.wire - http-outgoing-0 << "HTTP/1.1 200 OK[\r][\n]"
14:08:55.273 [main] DEBUG com.github.dockerjava.zerodep.shaded.org.apache.hc.client5.http.wire - http-outgoing-0 << "Api-Version: 1.41[\r][\n]"
14:08:55.273 [main] DEBUG com.github.dockerjava.zerodep.shaded.org.apache.hc.client5.http.wire - http-outgoing-0 << "Content-Type: application/json[\r][\n]"
14:08:55.273 [main] DEBUG com.github.dockerjava.zerodep.shaded.org.apache.hc.client5.http.wire - http-outgoing-0 << "Date: Mon, 08 Jan 2024 13:08:55 GMT[\r][\n]"
14:08:55.273 [main] DEBUG com.github.dockerjava.zerodep.shaded.org.apache.hc.client5.http.wire - http-outgoing-0 << "Docker-Experimental: false[\r][\n]"
14:08:55.273 [main] DEBUG com.github.dockerjava.zerodep.shaded.org.apache.hc.client5.http.wire - http-outgoing-0 << "Ostype: linux[\r][\n]"
14:08:55.273 [main] DEBUG com.github.dockerjava.zerodep.shaded.org.apache.hc.client5.http.wire - http-outgoing-0 << "Server: Docker/20.10.24 (linux)[\r][\n]"
14:08:55.273 [main] DEBUG com.github.dockerjava.zerodep.shaded.org.apache.hc.client5.http.wire - http-outgoing-0 << "Transfer-Encoding: chunked[\r][\n]"
14:08:55.273 [main] DEBUG com.github.dockerjava.zerodep.shaded.org.apache.hc.client5.http.wire - http-outgoing-0 << "[\r][\n]"
14:08:55.276 [main] DEBUG com.github.dockerjava.zerodep.shaded.org.apache.hc.client5.http.headers - http-outgoing-0 << HTTP/1.1 200 OK
14:08:55.276 [main] DEBUG com.github.dockerjava.zerodep.shaded.org.apache.hc.client5.http.headers - http-outgoing-0 << Api-Version: 1.41
14:08:55.276 [main] DEBUG com.github.dockerjava.zerodep.shaded.org.apache.hc.client5.http.headers - http-outgoing-0 << Content-Type: application/json
14:08:55.276 [main] DEBUG com.github.dockerjava.zerodep.shaded.org.apache.hc.client5.http.headers - http-outgoing-0 << Date: Mon, 08 Jan 2024 13:08:55 GMT
14:08:55.276 [main] DEBUG com.github.dockerjava.zerodep.shaded.org.apache.hc.client5.http.headers - http-outgoing-0 << Docker-Experimental: false
14:08:55.276 [main] DEBUG com.github.dockerjava.zerodep.shaded.org.apache.hc.client5.http.headers - http-outgoing-0 << Ostype: linux
14:08:55.276 [main] DEBUG com.github.dockerjava.zerodep.shaded.org.apache.hc.client5.http.headers - http-outgoing-0 << Server: Docker/20.10.24 (linux)
14:08:55.276 [main] DEBUG com.github.dockerjava.zerodep.shaded.org.apache.hc.client5.http.headers - http-outgoing-0 << Transfer-Encoding: chunked
14:08:55.280 [main] DEBUG com.github.dockerjava.zerodep.shaded.org.apache.hc.client5.http.impl.classic.MainClientExec - ex-00000001: connection can be kept alive for 3 MINUTES
14:08:55.285 [main] DEBUG com.github.dockerjava.zerodep.shaded.org.apache.hc.client5.http.wire - http-outgoing-0 << "9b7[\r][\n]"
14:08:55.285 [main] DEBUG com.github.dockerjava.zerodep.shaded.org.apache.hc.client5.http.wire - http-outgoing-0 << "{"ID":"NSTC:544Q:DOOV:CA7F:TRQ5:LKFT:X6WN:5Q4H:ZKOA:KEUZ:UURT:4RVK","Containers":0,"ContainersRunning":0,"ContainersPaused":0,"ContainersStopped":0,"Images":16,"Driver":"overlay2","DriverStatus":[["Backing Filesystem","extfs"],["Supports d_type","true"],["Native Overlay Diff","true"],["userxattr","false"]],"Plugins":{"Volume":["local"],"Network":["bridge","host","ipvlan","macvlan","null","overlay"],"Authorization":null,"Log":["awslogs","fluentd","gcplogs","gelf","journald","json-file","local","logentries","splunk","syslog"]},"MemoryLimit":true,"SwapLimit":true,"KernelMemory":false,"KernelMemoryTCP":false,"CpuCfsPeriod":true,"CpuCfsQuota":true,"CPUShares":true,"CPUSet":true,"PidsLimit":true,"IPv4Forwarding":true,"BridgeNfIptables":true,"BridgeNfIp6tables":true,"Debug":false,"NFd":71,"OomKillDisable":false,"NGoroutines":113,"SystemTime":"2024-01-08T13:08:55.262272676Z","LoggingDriver":"json-file","CgroupDriver":"cgroupfs","CgroupVersion":"2","NEventsListener":34,"KernelVersion":"5.15.49-linuxkit","OperatingSystem":"Docker Desktop","OSVersion":"","OSType":"linux","Architecture":"x86_64","IndexServerAddress":"https://index.docker.io/v1/","RegistryConfig":{"AllowNondistributableArtifactsCIDRs":[],"AllowNondistributableArtifactsHostnames":[],"InsecureRegistryCIDRs":["127.0.0.0/8"],"IndexConfigs":{"docker.io":{"Name":"docker.io","Mirrors":[],"Secure":true,"Official":true},"hubproxy.docker.internal:5555":{"Name":"hubproxy.docker.internal:5555","Mirrors":[],"Secure":false,"Official":false}},"Mirrors":[]},"NCPU":4,"MemTotal":12561367040,"GenericResources":null,"DockerRootDir":"/var/lib/docker","HttpProxy":"http.docker.internal:3128","HttpsProxy":"http.docker.internal:3128","NoProxy":"hubproxy.docker.internal","Name":"docker-desktop","Labels":[],"ExperimentalBuild":false,"ServerVersion":"20.10.24","Runtimes":{"io.containerd.runc.v2":{"path":"runc"},"io.containerd.runtime.v1.linux":{"path":"runc"},"runc":{"path":"runc"}},"DefaultRuntime":"runc","Swarm":{"NodeID":"","NodeAddr":"","LocalNodeState":"inactive","ControlAvailable":false,"Error":"","RemoteManagers":null},"LiveRestoreEnabled":false,"Isolation":"","InitBinary":"docker-init","ContainerdCommit":{"ID":"2456e983eb9e37e47538f59ea18f2043c9a73640","Expected":"2456e983eb9e37e47538f59ea18f2043c9a73640"},"RuncCommit":{"ID":"v1.1.4-0-g5fd4c4d","Expected":"v1.1.4-0-g5fd4c4d"},"InitCommit":{"ID":"de40ad0","Expected":"de40ad0"},"SecurityOptions":["name=seccomp,profile=default","name=cgroupns"],"Warnings":null}[\n]"
14:08:55.286 [main] DEBUG com.github.dockerjava.zerodep.shaded.org.apache.hc.client5.http.wire - http-outgoing-0 << "[\r][\n]"
14:08:55.286 [main] DEBUG com.github.dockerjava.zerodep.shaded.org.apache.hc.client5.http.wire - http-outgoing-0 << "0[\r][\n]"
14:08:55.286 [main] DEBUG com.github.dockerjava.zerodep.shaded.org.apache.hc.client5.http.wire - http-outgoing-0 << "[\r][\n]"
14:08:55.367 [main] DEBUG com.github.dockerjava.zerodep.shaded.org.apache.hc.client5.http.impl.classic.InternalHttpClient - ep-00000000: releasing valid endpoint
14:08:55.368 [main] DEBUG com.github.dockerjava.zerodep.shaded.org.apache.hc.client5.http.impl.io.PoolingHttpClientConnectionManager - ep-00000000: releasing endpoint
14:08:55.368 [main] DEBUG com.github.dockerjava.zerodep.shaded.org.apache.hc.client5.http.impl.io.PoolingHttpClientConnectionManager - ep-00000000: connection http-outgoing-0 can be kept alive for 3 MINUTES
14:08:55.368 [main] DEBUG com.github.dockerjava.zerodep.shaded.org.apache.hc.client5.http.impl.io.PoolingHttpClientConnectionManager - ep-00000000: connection released [route: {}->unix://localhost:2375][total available: 1; route allocated: 1 of 2147483647; total allocated: 1 of 2147483647]
14:08:55.369 [main] INFO org.testcontainers.dockerclient.DockerClientProviderStrategy - Found Docker environment with Docker accessed via Unix socket (/Users/anca/.docker/run/docker.sock)
14:08:55.369 [main] DEBUG org.testcontainers.dockerclient.DockerClientProviderStrategy - Transport type: 'httpclient5', Docker host: 'unix:///Users/anca/.docker/run/docker.sock'
14:08:55.369 [main] DEBUG org.testcontainers.dockerclient.DockerClientProviderStrategy - Checking Docker OS type for Docker accessed via Unix socket (/Users/anca/.docker/run/docker.sock)
14:08:55.383 [main] INFO org.testcontainers.DockerClientFactory - Docker host IP address is localhost
14:08:55.383 [main] DEBUG org.testcontainers.DockerClientFactory - Docker info: {NGoroutines=113, Name=docker-desktop, Swarm={NodeID=, NodeAddr=, LocalNodeState=inactive, ControlAvailable=false, Error=, RemoteManagers=null}, RuncCommit={ID=v1.1.4-0-g5fd4c4d, Expected=v1.1.4-0-g5fd4c4d}, OSVersion=, Runtimes={io.containerd.runc.v2={path=runc}, io.containerd.runtime.v1.linux={path=runc}, runc={path=runc}}, ID=NSTC:544Q:DOOV:CA7F:TRQ5:LKFT:X6WN:5Q4H:ZKOA:KEUZ:UURT:4RVK, DriverStatus=[[Backing Filesystem, extfs], [Supports d_type, true], [Native Overlay Diff, true], [userxattr, false]], BridgeNfIptables=true, LiveRestoreEnabled=false, SystemTime=2024-01-08T13:08:55.262272676Z, NoProxy=hubproxy.docker.internal, Architecture=x86_64, NEventsListener=34, HttpsProxy=http.docker.internal:3128, Images=16, ContainersRunning=0, Labels=[], InitCommit={ID=de40ad0, Expected=de40ad0}, NFd=71, KernelVersion=5.15.49-linuxkit, LoggingDriver=json-file, OSType=linux, SecurityOptions=[name=seccomp,profile=default, name=cgroupns], ContainerdCommit={ID=2456e983eb9e37e47538f59ea18f2043c9a73640, Expected=2456e983eb9e37e47538f59ea18f2043c9a73640}, GenericResources=null, KernelMemory=false, OperatingSystem=Docker Desktop, RegistryConfig={AllowNondistributableArtifactsCIDRs=[], AllowNondistributableArtifactsHostnames=[], InsecureRegistryCIDRs=[127.0.0.0/8], IndexConfigs={docker.io={Name=docker.io, Mirrors=[], Secure=true, Official=true}, hubproxy.docker.internal:5555={Name=hubproxy.docker.internal:5555, Mirrors=[], Secure=false, Official=false}}, Mirrors=[]}, ServerVersion=20.10.24, OomKillDisable=false, CpuCfsQuota=true, Containers=0, Driver=overlay2, KernelMemoryTCP=false, IPv4Forwarding=true, ExperimentalBuild=false, DockerRootDir=/var/lib/docker, CPUSet=true, CpuCfsPeriod=true, DefaultRuntime=runc, CPUShares=true, Debug=false, NCPU=4, Plugins={Volume=[local], Network=[bridge, host, ipvlan, macvlan, null, overlay], Authorization=null, Log=[awslogs, fluentd, gcplogs, gelf, journald, json-file, local, logentries, splunk, syslog]}, SwapLimit=true, CgroupDriver=cgroupfs, ContainersPaused=0, MemTotal=12561367040, IndexServerAddress=https://index.docker.io/v1/, MemoryLimit=true, HttpProxy=http.docker.internal:3128, InitBinary=docker-init, CgroupVersion=2, PidsLimit=true, Isolation=, BridgeNfIp6tables=true, Warnings=null, ContainersStopped=0}
14:08:55.386 [main] DEBUG org.testcontainers.shaded.com.github.dockerjava.core.command.AbstrDockerCmd - Cmd: 
14:08:55.387 [main] DEBUG com.github.dockerjava.zerodep.shaded.org.apache.hc.client5.http.impl.classic.InternalHttpClient - ex-00000002: preparing request execution
14:08:55.388 [main] DEBUG com.github.dockerjava.zerodep.shaded.org.apache.hc.client5.http.protocol.RequestAddCookies - Cookie spec selected: strict
14:08:55.388 [main] DEBUG com.github.dockerjava.zerodep.shaded.org.apache.hc.client5.http.protocol.RequestAuthCache - Auth cache not set in the context
14:08:55.388 [main] DEBUG com.github.dockerjava.zerodep.shaded.org.apache.hc.client5.http.impl.classic.ProtocolExec - ex-00000002: target auth state: UNCHALLENGED
14:08:55.388 [main] DEBUG com.github.dockerjava.zerodep.shaded.org.apache.hc.client5.http.impl.classic.ProtocolExec - ex-00000002: proxy auth state: UNCHALLENGED
14:08:55.388 [main] DEBUG com.github.dockerjava.zerodep.shaded.org.apache.hc.client5.http.impl.classic.ConnectExec - ex-00000002: acquiring connection with route {}->unix://localhost:2375
14:08:55.388 [main] DEBUG com.github.dockerjava.zerodep.shaded.org.apache.hc.client5.http.impl.classic.InternalHttpClient - ex-00000002: acquiring endpoint (3 MINUTES)
14:08:55.388 [main] DEBUG com.github.dockerjava.zerodep.shaded.org.apache.hc.client5.http.impl.io.PoolingHttpClientConnectionManager - ex-00000002: endpoint lease request (3 MINUTES) [route: {}->unix://localhost:2375][total available: 1; route allocated: 1 of 2147483647; total allocated: 1 of 2147483647]
14:08:55.388 [main] DEBUG com.github.dockerjava.zerodep.shaded.org.apache.hc.client5.http.impl.io.PoolingHttpClientConnectionManager - ex-00000002: endpoint leased [route: {}->unix://localhost:2375][total available: 0; route allocated: 1 of 2147483647; total allocated: 1 of 2147483647]
14:08:55.389 [main] DEBUG com.github.dockerjava.zerodep.shaded.org.apache.hc.client5.http.impl.io.PoolingHttpClientConnectionManager - ex-00000002: acquired ep-00000001
14:08:55.389 [main] DEBUG com.github.dockerjava.zerodep.shaded.org.apache.hc.client5.http.impl.classic.InternalHttpClient - ex-00000002: acquired endpoint ep-00000001
14:08:55.389 [main] DEBUG com.github.dockerjava.zerodep.shaded.org.apache.hc.client5.http.impl.classic.MainClientExec - ex-00000002: executing GET /v1.32/version HTTP/1.1
14:08:55.389 [main] DEBUG com.github.dockerjava.zerodep.shaded.org.apache.hc.client5.http.impl.classic.InternalHttpClient - ep-00000001: start execution ex-00000002
14:08:55.389 [main] DEBUG com.github.dockerjava.zerodep.shaded.org.apache.hc.client5.http.impl.io.PoolingHttpClientConnectionManager - ep-00000001: executing exchange ex-00000002 over http-outgoing-0
14:08:55.389 [main] DEBUG com.github.dockerjava.zerodep.shaded.org.apache.hc.client5.http.headers - http-outgoing-0 >> GET /v1.32/version HTTP/1.1
14:08:55.389 [main] DEBUG com.github.dockerjava.zerodep.shaded.org.apache.hc.client5.http.headers - http-outgoing-0 >> accept: application/json
14:08:55.389 [main] DEBUG com.github.dockerjava.zerodep.shaded.org.apache.hc.client5.http.headers - http-outgoing-0 >> x-tc-sid: aadbe571-fa34-4edf-a0a5-ddf35f9fb4d8
14:08:55.389 [main] DEBUG com.github.dockerjava.zerodep.shaded.org.apache.hc.client5.http.headers - http-outgoing-0 >> User-Agent: tc-java/1.19.1
14:08:55.389 [main] DEBUG com.github.dockerjava.zerodep.shaded.org.apache.hc.client5.http.headers - http-outgoing-0 >> Accept-Encoding: gzip, x-gzip, deflate
14:08:55.389 [main] DEBUG com.github.dockerjava.zerodep.shaded.org.apache.hc.client5.http.headers - http-outgoing-0 >> Host: localhost:2375
14:08:55.389 [main] DEBUG com.github.dockerjava.zerodep.shaded.org.apache.hc.client5.http.headers - http-outgoing-0 >> Connection: keep-alive
14:08:55.390 [main] DEBUG com.github.dockerjava.zerodep.shaded.org.apache.hc.client5.http.wire - http-outgoing-0 >> "GET /v1.32/version HTTP/1.1[\r][\n]"
14:08:55.390 [main] DEBUG com.github.dockerjava.zerodep.shaded.org.apache.hc.client5.http.wire - http-outgoing-0 >> "accept: application/json[\r][\n]"
14:08:55.390 [main] DEBUG com.github.dockerjava.zerodep.shaded.org.apache.hc.client5.http.wire - http-outgoing-0 >> "x-tc-sid: aadbe571-fa34-4edf-a0a5-ddf35f9fb4d8[\r][\n]"
14:08:55.390 [main] DEBUG com.github.dockerjava.zerodep.shaded.org.apache.hc.client5.http.wire - http-outgoing-0 >> "User-Agent: tc-java/1.19.1[\r][\n]"
14:08:55.390 [main] DEBUG com.github.dockerjava.zerodep.shaded.org.apache.hc.client5.http.wire - http-outgoing-0 >> "Accept-Encoding: gzip, x-gzip, deflate[\r][\n]"
14:08:55.390 [main] DEBUG com.github.dockerjava.zerodep.shaded.org.apache.hc.client5.http.wire - http-outgoing-0 >> "Host: localhost:2375[\r][\n]"
14:08:55.390 [main] DEBUG com.github.dockerjava.zerodep.shaded.org.apache.hc.client5.http.wire - http-outgoing-0 >> "Connection: keep-alive[\r][\n]"
14:08:55.390 [main] DEBUG com.github.dockerjava.zerodep.shaded.org.apache.hc.client5.http.wire - http-outgoing-0 >> "[\r][\n]"
14:08:55.404 [main] DEBUG com.github.dockerjava.zerodep.shaded.org.apache.hc.client5.http.wire - http-outgoing-0 << "HTTP/1.1 200 OK[\r][\n]"
14:08:55.404 [main] DEBUG com.github.dockerjava.zerodep.shaded.org.apache.hc.client5.http.wire - http-outgoing-0 << "Api-Version: 1.41[\r][\n]"
14:08:55.404 [main] DEBUG com.github.dockerjava.zerodep.shaded.org.apache.hc.client5.http.wire - http-outgoing-0 << "Content-Type: application/json[\r][\n]"
14:08:55.404 [main] DEBUG com.github.dockerjava.zerodep.shaded.org.apache.hc.client5.http.wire - http-outgoing-0 << "Date: Mon, 08 Jan 2024 13:08:55 GMT[\r][\n]"
14:08:55.404 [main] DEBUG com.github.dockerjava.zerodep.shaded.org.apache.hc.client5.http.wire - http-outgoing-0 << "Docker-Experimental: false[\r][\n]"
14:08:55.405 [main] DEBUG com.github.dockerjava.zerodep.shaded.org.apache.hc.client5.http.wire - http-outgoing-0 << "Ostype: linux[\r][\n]"
14:08:55.405 [main] DEBUG com.github.dockerjava.zerodep.shaded.org.apache.hc.client5.http.wire - http-outgoing-0 << "Server: Docker/20.10.24 (linux)[\r][\n]"
14:08:55.405 [main] DEBUG com.github.dockerjava.zerodep.shaded.org.apache.hc.client5.http.wire - http-outgoing-0 << "Transfer-Encoding: chunked[\r][\n]"
14:08:55.405 [main] DEBUG com.github.dockerjava.zerodep.shaded.org.apache.hc.client5.http.wire - http-outgoing-0 << "[\r][\n]"
14:08:55.406 [main] DEBUG com.github.dockerjava.zerodep.shaded.org.apache.hc.client5.http.headers - http-outgoing-0 << HTTP/1.1 200 OK
14:08:55.406 [main] DEBUG com.github.dockerjava.zerodep.shaded.org.apache.hc.client5.http.headers - http-outgoing-0 << Api-Version: 1.41
14:08:55.406 [main] DEBUG com.github.dockerjava.zerodep.shaded.org.apache.hc.client5.http.headers - http-outgoing-0 << Content-Type: application/json
14:08:55.406 [main] DEBUG com.github.dockerjava.zerodep.shaded.org.apache.hc.client5.http.headers - http-outgoing-0 << Date: Mon, 08 Jan 2024 13:08:55 GMT
14:08:55.406 [main] DEBUG com.github.dockerjava.zerodep.shaded.org.apache.hc.client5.http.headers - http-outgoing-0 << Docker-Experimental: false
14:08:55.406 [main] DEBUG com.github.dockerjava.zerodep.shaded.org.apache.hc.client5.http.headers - http-outgoing-0 << Ostype: linux
14:08:55.406 [main] DEBUG com.github.dockerjava.zerodep.shaded.org.apache.hc.client5.http.headers - http-outgoing-0 << Server: Docker/20.10.24 (linux)
14:08:55.406 [main] DEBUG com.github.dockerjava.zerodep.shaded.org.apache.hc.client5.http.headers - http-outgoing-0 << Transfer-Encoding: chunked
14:08:55.406 [main] DEBUG com.github.dockerjava.zerodep.shaded.org.apache.hc.client5.http.impl.classic.MainClientExec - ex-00000002: connection can be kept alive for 3 MINUTES
14:08:55.406 [main] DEBUG com.github.dockerjava.zerodep.shaded.org.apache.hc.client5.http.wire - http-outgoing-0 << "33d[\r][\n]"
14:08:55.406 [main] DEBUG com.github.dockerjava.zerodep.shaded.org.apache.hc.client5.http.wire - http-outgoing-0 << "{"Platform":{"Name":"Docker Desktop 4.18.0 (104112)"},"Components":[{"Name":"Engine","Version":"20.10.24","Details":{"ApiVersion":"1.41","Arch":"amd64","BuildTime":"2023-04-04T18:18:42.000000000+00:00","Experimental":"false","GitCommit":"5d6db84","GoVersion":"go1.19.7","KernelVersion":"5.15.49-linuxkit","MinAPIVersion":"1.12","Os":"linux"}},{"Name":"containerd","Version":"1.6.18","Details":{"GitCommit":"2456e983eb9e37e47538f59ea18f2043c9a73640"}},{"Name":"runc","Version":"1.1.4","Details":{"GitCommit":"v1.1.4-0-g5fd4c4d"}},{"Name":"docker-init","Version":"0.19.0","Details":{"GitCommit":"de40ad0"}}],"Version":"20.10.24","ApiVersion":"1.41","MinAPIVersion":"1.12","GitCommit":"5d6db84","GoVersion":"go1.19.7","Os":"linux","Arch":"amd64","KernelVersion":"5.15.49-linuxkit","BuildTime":"2023-04-04T18:18:42.000000000+00:00"}[\n]"
14:08:55.407 [main] DEBUG com.github.dockerjava.zerodep.shaded.org.apache.hc.client5.http.wire - http-outgoing-0 << "[\r][\n]"
14:08:55.407 [main] DEBUG com.github.dockerjava.zerodep.shaded.org.apache.hc.client5.http.wire - http-outgoing-0 << "0[\r][\n]"
14:08:55.407 [main] DEBUG com.github.dockerjava.zerodep.shaded.org.apache.hc.client5.http.wire - http-outgoing-0 << "[\r][\n]"
14:08:55.415 [main] DEBUG com.github.dockerjava.zerodep.shaded.org.apache.hc.client5.http.impl.classic.InternalHttpClient - ep-00000001: releasing valid endpoint
14:08:55.416 [main] DEBUG com.github.dockerjava.zerodep.shaded.org.apache.hc.client5.http.impl.io.PoolingHttpClientConnectionManager - ep-00000001: releasing endpoint
14:08:55.416 [main] DEBUG com.github.dockerjava.zerodep.shaded.org.apache.hc.client5.http.impl.io.PoolingHttpClientConnectionManager - ep-00000001: connection http-outgoing-0 can be kept alive for 3 MINUTES
14:08:55.416 [main] DEBUG com.github.dockerjava.zerodep.shaded.org.apache.hc.client5.http.impl.io.PoolingHttpClientConnectionManager - ep-00000001: connection released [route: {}->unix://localhost:2375][total available: 1; route allocated: 1 of 2147483647; total allocated: 1 of 2147483647]
14:08:55.416 [main] DEBUG org.testcontainers.DockerClientFactory - Docker version: {Components=[{Name=Engine, Version=20.10.24, Details={ApiVersion=1.41, Arch=amd64, BuildTime=2023-04-04T18:18:42.000000000+00:00, Experimental=false, GitCommit=5d6db84, GoVersion=go1.19.7, KernelVersion=5.15.49-linuxkit, MinAPIVersion=1.12, Os=linux}}, {Name=containerd, Version=1.6.18, Details={GitCommit=2456e983eb9e37e47538f59ea18f2043c9a73640}}, {Name=runc, Version=1.1.4, Details={GitCommit=v1.1.4-0-g5fd4c4d}}, {Name=docker-init, Version=0.19.0, Details={GitCommit=de40ad0}}], KernelVersion=5.15.49-linuxkit, ApiVersion=1.41, Platform={Name=Docker Desktop 4.18.0 (104112)}, GitCommit=5d6db84, Os=linux, Version=20.10.24, MinAPIVersion=1.12, Arch=amd64, GoVersion=go1.19.7, BuildTime=2023-04-04T18:18:42.000000000+00:00}
14:08:55.416 [main] INFO org.testcontainers.DockerClientFactory - Connected to docker: 
  Server Version: 20.10.24
  API Version: 1.41
  Operating System: Docker Desktop
  Total Memory: 11979 MB
14:08:55.426 [main] DEBUG org.testcontainers.utility.RyukResourceReaper - Ryuk is enabled
14:08:55.431 [main] DEBUG org.testcontainers.utility.PrefixingImageNameSubstitutor - No prefix is configured
14:08:55.431 [main] DEBUG org.testcontainers.utility.ImageNameSubstitutor - Did not find a substitute image for testcontainers/ryuk:0.5.1 (using image substitutor: DefaultImageNameSubstitutor (composite of 'ConfigurationFileImageNameSubstitutor' and 'PrefixingImageNameSubstitutor'))
14:08:55.435 [main] DEBUG org.testcontainers.shaded.com.github.dockerjava.core.command.AbstrDockerCmd - Cmd: ListImagesCmdImpl[filters=org.testcontainers.shaded.com.github.dockerjava.core.util.FiltersBuilder@0,imageNameFilter=<null>,showAll=false]
14:08:55.439 [main] DEBUG com.github.dockerjava.zerodep.shaded.org.apache.hc.client5.http.impl.classic.InternalHttpClient - ex-00000003: preparing request execution
14:08:55.440 [main] DEBUG com.github.dockerjava.zerodep.shaded.org.apache.hc.client5.http.protocol.RequestAddCookies - Cookie spec selected: strict
14:08:55.440 [main] DEBUG com.github.dockerjava.zerodep.shaded.org.apache.hc.client5.http.protocol.RequestAuthCache - Auth cache not set in the context
14:08:55.440 [main] DEBUG com.github.dockerjava.zerodep.shaded.org.apache.hc.client5.http.impl.classic.ProtocolExec - ex-00000003: target auth state: UNCHALLENGED
14:08:55.440 [main] DEBUG com.github.dockerjava.zerodep.shaded.org.apache.hc.client5.http.impl.classic.ProtocolExec - ex-00000003: proxy auth state: UNCHALLENGED
14:08:55.440 [main] DEBUG com.github.dockerjava.zerodep.shaded.org.apache.hc.client5.http.impl.classic.ConnectExec - ex-00000003: acquiring connection with route {}->unix://localhost:2375
14:08:55.440 [main] DEBUG com.github.dockerjava.zerodep.shaded.org.apache.hc.client5.http.impl.classic.InternalHttpClient - ex-00000003: acquiring endpoint (3 MINUTES)
14:08:55.440 [main] DEBUG com.github.dockerjava.zerodep.shaded.org.apache.hc.client5.http.impl.io.PoolingHttpClientConnectionManager - ex-00000003: endpoint lease request (3 MINUTES) [route: {}->unix://localhost:2375][total available: 1; route allocated: 1 of 2147483647; total allocated: 1 of 2147483647]
14:08:55.440 [main] DEBUG com.github.dockerjava.zerodep.shaded.org.apache.hc.client5.http.impl.io.PoolingHttpClientConnectionManager - ex-00000003: endpoint leased [route: {}->unix://localhost:2375][total available: 0; route allocated: 1 of 2147483647; total allocated: 1 of 2147483647]
14:08:55.441 [main] DEBUG com.github.dockerjava.zerodep.shaded.org.apache.hc.client5.http.impl.io.PoolingHttpClientConnectionManager - ex-00000003: acquired ep-00000002
14:08:55.441 [main] DEBUG com.github.dockerjava.zerodep.shaded.org.apache.hc.client5.http.impl.classic.InternalHttpClient - ex-00000003: acquired endpoint ep-00000002
14:08:55.441 [main] DEBUG com.github.dockerjava.zerodep.shaded.org.apache.hc.client5.http.impl.classic.MainClientExec - ex-00000003: executing GET /v1.32/images/json HTTP/1.1
14:08:55.441 [main] DEBUG com.github.dockerjava.zerodep.shaded.org.apache.hc.client5.http.impl.classic.InternalHttpClient - ep-00000002: start execution ex-00000003
14:08:55.441 [main] DEBUG com.github.dockerjava.zerodep.shaded.org.apache.hc.client5.http.impl.io.PoolingHttpClientConnectionManager - ep-00000002: executing exchange ex-00000003 over http-outgoing-0
14:08:55.441 [main] DEBUG com.github.dockerjava.zerodep.shaded.org.apache.hc.client5.http.headers - http-outgoing-0 >> GET /v1.32/images/json HTTP/1.1
14:08:55.441 [main] DEBUG com.github.dockerjava.zerodep.shaded.org.apache.hc.client5.http.headers - http-outgoing-0 >> accept: application/json
14:08:55.441 [main] DEBUG com.github.dockerjava.zerodep.shaded.org.apache.hc.client5.http.headers - http-outgoing-0 >> x-tc-sid: aadbe571-fa34-4edf-a0a5-ddf35f9fb4d8
14:08:55.441 [main] DEBUG com.github.dockerjava.zerodep.shaded.org.apache.hc.client5.http.headers - http-outgoing-0 >> User-Agent: tc-java/1.19.1
14:08:55.441 [main] DEBUG com.github.dockerjava.zerodep.shaded.org.apache.hc.client5.http.headers - http-outgoing-0 >> Accept-Encoding: gzip, x-gzip, deflate
14:08:55.441 [main] DEBUG com.github.dockerjava.zerodep.shaded.org.apache.hc.client5.http.headers - http-outgoing-0 >> Host: localhost:2375
14:08:55.441 [main] DEBUG com.github.dockerjava.zerodep.shaded.org.apache.hc.client5.http.headers - http-outgoing-0 >> Connection: keep-alive
14:08:55.441 [main] DEBUG com.github.dockerjava.zerodep.shaded.org.apache.hc.client5.http.wire - http-outgoing-0 >> "GET /v1.32/images/json HTTP/1.1[\r][\n]"
14:08:55.441 [main] DEBUG com.github.dockerjava.zerodep.shaded.org.apache.hc.client5.http.wire - http-outgoing-0 >> "accept: application/json[\r][\n]"
14:08:55.442 [main] DEBUG com.github.dockerjava.zerodep.shaded.org.apache.hc.client5.http.wire - http-outgoing-0 >> "x-tc-sid: aadbe571-fa34-4edf-a0a5-ddf35f9fb4d8[\r][\n]"
14:08:55.442 [main] DEBUG com.github.dockerjava.zerodep.shaded.org.apache.hc.client5.http.wire - http-outgoing-0 >> "User-Agent: tc-java/1.19.1[\r][\n]"
14:08:55.442 [main] DEBUG com.github.dockerjava.zerodep.shaded.org.apache.hc.client5.http.wire - http-outgoing-0 >> "Accept-Encoding: gzip, x-gzip, deflate[\r][\n]"
14:08:55.442 [main] DEBUG com.github.dockerjava.zerodep.shaded.org.apache.hc.client5.http.wire - http-outgoing-0 >> "Host: localhost:2375[\r][\n]"
14:08:55.442 [main] DEBUG com.github.dockerjava.zerodep.shaded.org.apache.hc.client5.http.wire - http-outgoing-0 >> "Connection: keep-alive[\r][\n]"
14:08:55.442 [main] DEBUG com.github.dockerjava.zerodep.shaded.org.apache.hc.client5.http.wire - http-outgoing-0 >> "[\r][\n]"
14:08:55.460 [main] DEBUG com.github.dockerjava.zerodep.shaded.org.apache.hc.client5.http.wire - http-outgoing-0 << "HTTP/1.1 200 OK[\r][\n]"
14:08:55.460 [main] DEBUG com.github.dockerjava.zerodep.shaded.org.apache.hc.client5.http.wire - http-outgoing-0 << "Api-Version: 1.41[\r][\n]"
14:08:55.460 [main] DEBUG com.github.dockerjava.zerodep.shaded.org.apache.hc.client5.http.wire - http-outgoing-0 << "Content-Type: application/json[\r][\n]"
14:08:55.460 [main] DEBUG com.github.dockerjava.zerodep.shaded.org.apache.hc.client5.http.wire - http-outgoing-0 << "Date: Mon, 08 Jan 2024 13:08:55 GMT[\r][\n]"
14:08:55.461 [main] DEBUG com.github.dockerjava.zerodep.shaded.org.apache.hc.client5.http.wire - http-outgoing-0 << "Docker-Experimental: false[\r][\n]"
14:08:55.461 [main] DEBUG com.github.dockerjava.zerodep.shaded.org.apache.hc.client5.http.wire - http-outgoing-0 << "Ostype: linux[\r][\n]"
14:08:55.461 [main] DEBUG com.github.dockerjava.zerodep.shaded.org.apache.hc.client5.http.wire - http-outgoing-0 << "Server: Docker/20.10.24 (linux)[\r][\n]"
14:08:55.461 [main] DEBUG com.github.dockerjava.zerodep.shaded.org.apache.hc.client5.http.wire - http-outgoing-0 << "Transfer-Encoding: chunked[\r][\n]"
14:08:55.461 [main] DEBUG com.github.dockerjava.zerodep.shaded.org.apache.hc.client5.http.wire - http-outgoing-0 << "[\r][\n]"
14:08:55.461 [main] DEBUG com.github.dockerjava.zerodep.shaded.org.apache.hc.client5.http.headers - http-outgoing-0 << HTTP/1.1 200 OK
14:08:55.462 [main] DEBUG com.github.dockerjava.zerodep.shaded.org.apache.hc.client5.http.headers - http-outgoing-0 << Api-Version: 1.41
14:08:55.462 [main] DEBUG com.github.dockerjava.zerodep.shaded.org.apache.hc.client5.http.headers - http-outgoing-0 << Content-Type: application/json
14:08:55.462 [main] DEBUG com.github.dockerjava.zerodep.shaded.org.apache.hc.client5.http.headers - http-outgoing-0 << Date: Mon, 08 Jan 2024 13:08:55 GMT
14:08:55.462 [main] DEBUG com.github.dockerjava.zerodep.shaded.org.apache.hc.client5.http.headers - http-outgoing-0 << Docker-Experimental: false
14:08:55.462 [main] DEBUG com.github.dockerjava.zerodep.shaded.org.apache.hc.client5.http.headers - http-outgoing-0 << Ostype: linux
14:08:55.462 [main] DEBUG com.github.dockerjava.zerodep.shaded.org.apache.hc.client5.http.headers - http-outgoing-0 << Server: Docker/20.10.24 (linux)
14:08:55.462 [main] DEBUG com.github.dockerjava.zerodep.shaded.org.apache.hc.client5.http.headers - http-outgoing-0 << Transfer-Encoding: chunked
14:08:55.463 [main] DEBUG com.github.dockerjava.zerodep.shaded.org.apache.hc.client5.http.impl.classic.MainClientExec - ex-00000003: connection can be kept alive for 3 MINUTES
14:08:55.463 [main] DEBUG com.github.dockerjava.zerodep.shaded.org.apache.hc.client5.http.wire - http-outgoing-0 << "1b2d[\r][\n]"
14:08:55.463 [main] DEBUG com.github.dockerjava.zerodep.shaded.org.apache.hc.client5.http.wire - http-outgoing-0 << "[{"Containers":-1,"Created":1704494711,"Id":"sha256:ebf8705176cafe02519fcd5f948c7a6fbc945c2d16e5de5f573de13d93a4100a","Labels":{"authors":"LocalStack Contributors","description":"LocalStack Pro Docker image","maintainer":"LocalStack Team (info@localstack.cloud)"},"ParentId":"","RepoDigests":["localstack/localstack-pro@sha256:4ef23b035901156403a25f0e22e4900409a84620bfbef0f3f6dfbc466e5f0494"],"RepoTags":["localstack/localstack-pro:latest"],"SharedSize":-1,"Size":1551882346,"VirtualSize":1551882346},{"Containers":-1,"Created":1704490464,"Id":"sha256:52692bd02b5ae6b2b255e113d6a88e376c0c00e723b4648de911cd307d5a68fb","Labels":{"authors":"LocalStack Contributors","description":"LocalStack Docker image","maintainer":"LocalStack Team (info@localstack.cloud)"},"ParentId":"","RepoDigests":["localstack/localstack@sha256:f33261d0afc496a889f0a133f5577c131efb945bc6f5f8346dda35c95da588a1"],"RepoTags":["localstack/localstack:latest"],"SharedSize":-1,"Size":1091337665,"VirtualSize":1091337665},{"Containers":-1,"Created":1704471188,"Id":"sha256:560956dbaf0f8987d13a54eee96fd6f90ebf9e94ebb2db9d981119ef37a654c7","Labels":{"com.amazonaws.lambda.platform.kernel":"k510ga"},"ParentId":"","RepoDigests":["public.ecr.aws/lambda/java@sha256:0858024471d86a2810f3dd0a2b9211cda920961f9d30b9ed70f8054bf599f6ee"],"RepoTags":["public.ecr.aws/lambda/java:17"],"SharedSize":-1,"Size":491646689,"VirtualSize":491646689},{"Containers":-1,"Created":1704471097,"Id":"sha256:1c9cb4be72bf1012c478d019fe5e85842977c07a5926efb301c15cae85ee3c62","Labels":{"com.amazonaws.lambda.platform.kernel":"k510ga"},"ParentId":"","RepoDigests":["public.ecr.aws/lambda/java@sha256:2064f1a5e44b804285add85b960bc852fb864ef965dfd253a65dfa8d5f247b45"],"RepoTags":["public.ecr.aws/lambda/java:11"],"SharedSize":-1,"Size":505506890,"VirtualSize":505506890},{"Containers":-1,"Created":1701864402,"Id":"sha256:8c71cb3ab8939cdaf0598c17ad7d4fb23ca5c40047e85fd122db3f9dffb1d2e7","Labels":null,"ParentId":"","RepoDigests":["public.ecr.aws/lambda/java@sha256:62b69bf63e0d9c0d591c3ba389fc6d90f8df8a81e0df4f7711f8690c929e2a70"],"RepoTags":null,"SharedSize":-1,"Size":491700425,"VirtualSize":491700425},{"Containers":-1,"Created":1701386585,"Id":"sha256:e525c930fe751104ff24c356a7bcfad66ce4b92797780eb38dc2ff95d7a66fdc","Labels":null,"ParentId":"","RepoDigests":["alpine@sha256:e4cdb7d47b06ba0a062ad2a97a7d154967c8f83934594d9f2bd3efa89292996b"],"RepoTags":["alpine:3.16"],"SharedSize":-1,"Size":5544705,"VirtualSize":5544705},{"Containers":-1,"Created":1701281129,"Id":"sha256:f472671f64dd78ecf332d5ea707bc32392098c180598013e8518a3d4ae7a7f03","Labels":{"authors":"LocalStack Contributors","description":"LocalStack Pro Docker image","maintainer":"LocalStack Team (info@localstack.cloud)"},"ParentId":"","RepoDigests":["localstack/localstack-pro@sha256:cb48e26bbf03bab2441cb5f3c15305c9b1aac88475d7a75c66d3e194f4cd3223"],"RepoTags":["localstack/localstack-pro:3.0.2"],"SharedSize":-1,"Size":1544239104,"VirtualSize":1544239104},{"Containers":-1,"Created":1701280839,"Id":"sha256:e70f6d1f4adc7a132c17a74869a0b25131cc97da2f15aa62976835fd2c5a769f","Labels":{"authors":"LocalStack Contributors","description":"LocalStack Docker image","maintainer":"LocalStack Team (info@localstack.cloud)"},"ParentId":"","RepoDigests":["localstack/localstack@sha256:e606c4421419030b12d63a59f1211f57f5b0fbf7e9ce769e6250ee62ff4f9293"],"RepoTags":["localstack/localstack:3.0.2"],"SharedSize":-1,"Size":1085333858,"VirtualSize":1085333858},{"Containers":-1,"Created":1700826230,"Id":"sha256:6d237bd47442a6e0a5316bceaf48984f89643ce8b345cbb3ef4242e3e03e84b3","Labels":{"authors":"LocalStack Contributors","description":"LocalStack Docker image","maintainer":"LocalStack Team (info@localstack.cloud)"},"ParentId":"","RepoDigests":["localstack/localstack@sha256:b3c812b5146d0a74e3a3325db26e6885f817489fd4b859ece0b5e6285dc4bbec"],"RepoTags":["localstack/localstack:3.0.1"],"SharedSize":-1,"Size":1085246823,"VirtualSize":1085246823},{"Containers":-1,"Created":1700132751,"Id":"sha256:16d2ab293ff629f85efa2fc3dd1bab6e4141844c46c571ae7b765931b8d6bb3c","Labels":{"authors":"LocalStack Contributors","description":"LocalStack Pro Docker image","maintainer":"LocalStack Team (info@localstack.cloud)"},"ParentId":"","RepoDigests":["localstack/localstack-pro@sha256:514d7070f3cd99192f5a128faac811b6fd34a8a6b9722acdbcfa4bc50e0bb91a"],"RepoTags":["localstack/localstack-pro:3.0.0"],"SharedSize":-1,"Size":1607571887,"VirtualSize":1607571887},{"Containers":-1,"Created":1700126226,"Id":"sha256:c31daa9ad74a13a4f17e81c2d90fb641f218ddba9a5a26bf13332574adffcb78","Labels":{"authors":"LocalStack Contributors","description":"LocalStack Docker image","maintainer":"LocalStack Team (info@localstack.cloud)"},"ParentId":"","RepoDigests":["localstack/localstack@sha256:5de790867437f12373316228dd22e920b1e6892ba1c553493a037603e1649df2"],"RepoTags":["localstack/localstack:3.0.0"],"SharedSize":-1,"Size":1148976042,"VirtualSize":1148976042},{"Containers":-1,"Created":1684336262,"Id":"sha256:ec913eeff75a6b5ed284cf17e186213a466ec10a8f471798318ffa0813b5d828","Labels":{"org.testcontainers.ryuk":"true"},"ParentId":"","RepoDigests":["testcontainers/ryuk@sha256:533abc56c07b52a26c955d1e7ae428d810582ab01c156384ae79960eb5fa0775"],"RepoTags":["testcontainers/ryuk:0.5.1"],"SharedSize":-1,"Size":12695732,"VirtualSize":12695732},{"Containers":-1,"Created":1676275184,"Id":"sha256:c14c359954612d631cef7285f9a1787b6f4c21442a080b527f19c9f6295bdcd4","Labels":{"authors":"LocalStack Contributors","description":"LocalStack Docker image","maintainer":"LocalStack Team (info@localstack.cloud)"},"ParentId":"","RepoDigests":["localstack/localstack@sha256:7badf31c550f81151c485980e17542592942d7f05acc09723c5f276d41b5927d"],"RepoTags":["localstack/localstack:1.4.0"],"SharedSize":-1,"Size":1865726055,"VirtualSize":1865726055},{"Containers":-1,"Created":1622576513,"Id":"sha256:5aa995223ca8f9ec5ab5f01e3cdf3fd25dfd758316713cd3c56ff52aeecbe329","Labels":null,"ParentId":"","RepoDigests":["localstack/ecsapi-demo-foodstore@sha256:4f6f874142e539fe814c9e6643cfe6b4d7ad0011738b6294b3a358bd07be395d"],"RepoTags":["localstack/ecsapi-demo-foodstore:latest"],"SharedSize":-1,"Size":842888016,"VirtualSize":842888016},{"Containers":-1,"Created":1622576305,"Id":"sha256:41b817afd1e68a190add91d5668f0b13c32e1c1910f90d2bfdb635dd78df4206","Labels":null,"ParentId":"","RepoDigests":["localstack/ecsapi-demo-petstore@sha256:78cf78d0c3847ff9ec053cea482ca5fb6fecbd714823f0724416f7ebd6c785e2"],"RepoTags":["localstack/ecsapi-demo-petstore:latest"],"SharedSize":-1,"Size":842887945,"VirtualSize":842887945},{"Containers":-1,"Created":1615888238,"Id":"sha256:3f39f5d74e4bd1c2fca39efbcf3c1111334a568e6cca4daf149181de1d845b57","Labels":{"authors":"LocalStack Contributors"},"ParentId":"","RepoDigests":["localstack/localstack@sha256:abc505a451ce1875f4f4dca0adcfc03ad1b9399f4de5c5492145146d701be93f"],"RepoTags":["localstack/localstack:0.12.8"],"SharedSize":-1,"Size":668515028,"VirtualSize":668515028}][\n]"
14:08:55.464 [main] DEBUG com.github.dockerjava.zerodep.shaded.org.apache.hc.client5.http.wire - http-outgoing-0 << "[\r][\n]"
14:08:55.464 [main] DEBUG com.github.dockerjava.zerodep.shaded.org.apache.hc.client5.http.wire - http-outgoing-0 << "0[\r][\n]"
14:08:55.464 [main] DEBUG com.github.dockerjava.zerodep.shaded.org.apache.hc.client5.http.wire - http-outgoing-0 << "[\r][\n]"
14:08:55.472 [main] DEBUG com.github.dockerjava.zerodep.shaded.org.apache.hc.client5.http.impl.classic.InternalHttpClient - ep-00000002: releasing valid endpoint
14:08:55.473 [main] DEBUG com.github.dockerjava.zerodep.shaded.org.apache.hc.client5.http.impl.io.PoolingHttpClientConnectionManager - ep-00000002: releasing endpoint
14:08:55.473 [main] DEBUG com.github.dockerjava.zerodep.shaded.org.apache.hc.client5.http.impl.io.PoolingHttpClientConnectionManager - ep-00000002: connection http-outgoing-0 can be kept alive for 3 MINUTES
14:08:55.473 [main] DEBUG com.github.dockerjava.zerodep.shaded.org.apache.hc.client5.http.impl.io.PoolingHttpClientConnectionManager - ep-00000002: connection released [route: {}->unix://localhost:2375][total available: 1; route allocated: 1 of 2147483647; total allocated: 1 of 2147483647]
14:08:55.477 [main] DEBUG org.testcontainers.images.LocalImagesCache - repoTags is null, skipping image: Image(created=1701864402, id=sha256:8c71cb3ab8939cdaf0598c17ad7d4fb23ca5c40047e85fd122db3f9dffb1d2e7, parentId=, repoTags=null, repoDigests=[public.ecr.aws/lambda/java@sha256:62b69bf63e0d9c0d591c3ba389fc6d90f8df8a81e0df4f7711f8690c929e2a70], size=491700425, virtualSize=491700425, sharedSize=-1, labels=null, containers=-1)
14:08:55.478 [main] DEBUG org.testcontainers.images.AbstractImagePullPolicy - Using locally available and not pulling image: testcontainers/ryuk:0.5.1
14:08:55.478 [main] DEBUG tc.testcontainers/ryuk:0.5.1 - Starting container: testcontainers/ryuk:0.5.1
14:08:55.480 [main] DEBUG tc.testcontainers/ryuk:0.5.1 - Trying to start container: testcontainers/ryuk:0.5.1 (attempt 1/1)
14:08:55.480 [main] DEBUG tc.testcontainers/ryuk:0.5.1 - Starting container: testcontainers/ryuk:0.5.1
14:08:55.480 [main] INFO tc.testcontainers/ryuk:0.5.1 - Creating container for image: testcontainers/ryuk:0.5.1
14:08:55.486 [main] DEBUG org.testcontainers.utility.RegistryAuthLocator - Looking up auth config for image: testcontainers/ryuk:0.5.1 at registry: https://index.docker.io/v1/
14:08:55.486 [main] DEBUG org.testcontainers.utility.RegistryAuthLocator - RegistryAuthLocator has configFile: /Users/anca/.docker/config.json (exists) configEnv: DOCKER_AUTH_CONFIG (does not exist) and commandPathPrefix: 
14:08:55.487 [main] DEBUG org.testcontainers.utility.RegistryAuthLocator - RegistryAuthLocator reading from configFile: /Users/anca/.docker/config.json
14:08:55.487 [main] DEBUG org.testcontainers.utility.RegistryAuthLocator - registryName [https://index.docker.io/v1/] for dockerImageName [testcontainers/ryuk:0.5.1]
14:08:55.487 [main] DEBUG org.testcontainers.utility.RegistryAuthLocator - Executing docker credential provider: docker-credential-desktop to locate auth config for: https://index.docker.io/v1/
14:08:55.496 [main] DEBUG org.testcontainers.shaded.org.zeroturnaround.exec.ProcessExecutor - Executing [docker-credential-desktop, get].
14:08:55.510 [main] DEBUG org.testcontainers.shaded.org.zeroturnaround.exec.ProcessExecutor - Started Process[pid=33070, exitValue="not exited"]
14:08:55.780 [WaitForProcess-Process[pid=33070, exitValue="not exited"]] DEBUG org.testcontainers.shaded.org.zeroturnaround.exec.WaitForProcess - Process[pid=33070, exitValue=1] stopped with exit code 1
14:08:55.781 [main] DEBUG org.testcontainers.shaded.org.zeroturnaround.exec.ProcessExecutor - Executing [docker-credential-desktop, get].
14:08:55.784 [main] DEBUG org.testcontainers.shaded.org.zeroturnaround.exec.ProcessExecutor - Started Process[pid=33077, exitValue="not exited"]
14:08:56.020 [WaitForProcess-Process[pid=33077, exitValue="not exited"]] DEBUG org.testcontainers.shaded.org.zeroturnaround.exec.WaitForProcess - Process[pid=33077, exitValue=1] stopped with exit code 1
14:08:56.021 [main] DEBUG org.testcontainers.utility.RegistryAuthLocator - Got credentials not found error message from docker credential helper - credentials not found in native keychain
14:08:56.021 [main] INFO org.testcontainers.utility.RegistryAuthLocator - Credential helper/store (docker-credential-desktop) does not have credentials for https://index.docker.io/v1/
14:08:56.022 [main] DEBUG org.testcontainers.utility.RegistryAuthLocator - No matching Auth Configs - falling back to defaultAuthConfig [AuthConfig{username=null, password=blank, auth=blank, email=null, registryAddress=https://index.docker.io/v1/, registryToken=blank}]
14:08:56.023 [main] DEBUG org.testcontainers.dockerclient.AuthDelegatingDockerClientConfig - Effective auth config [AuthConfig{username=null, password=blank, auth=blank, email=null, registryAddress=https://index.docker.io/v1/, registryToken=blank}]
14:08:56.031 [main] DEBUG org.testcontainers.shaded.com.github.dockerjava.core.command.AbstrDockerCmd - Cmd: org.testcontainers.shaded.com.github.dockerjava.core.command.CreateContainerCmdImpl@74d7184a[aliases=<null>,argsEscaped=<null>,attachStderr=<null>,attachStdin=<null>,attachStdout=<null>,authConfig=AuthConfig(username=null, email=null, registryAddress=https://index.docker.io/v1/, stackOrchestrator=null),cmd={},domainName=<null>,entrypoint=<null>,env={},exposedPorts=ExposedPorts(exposedPorts=[8080/tcp]),healthcheck=<null>,hostConfig=HostConfig(binds=[/var/run/docker.sock:/var/run/docker.sock:rw], blkioWeight=null, blkioWeightDevice=null, blkioDeviceReadBps=null, blkioDeviceWriteBps=null, blkioDeviceReadIOps=null, blkioDeviceWriteIOps=null, memorySwappiness=null, nanoCPUs=null, capAdd=null, capDrop=null, containerIDFile=null, cpuPeriod=null, cpuRealtimePeriod=null, cpuRealtimeRuntime=null, cpuShares=null, cpuQuota=null, cpusetCpus=null, cpusetMems=null, devices=null, deviceCgroupRules=null, deviceRequests=null, diskQuota=null, dns=null, dnsOptions=null, dnsSearch=null, extraHosts=[], groupAdd=null, ipcMode=null, cgroup=null, links=[], logConfig=LogConfig(type=null, config=null), lxcConf=null, memory=null, memorySwap=null, memoryReservation=null, kernelMemory=null, networkMode=null, oomKillDisable=null, init=null, autoRemove=true, oomScoreAdj=null, portBindings={8080/tcp=[Lcom.github.dockerjava.api.model.Ports$Binding;@323e8306}, privileged=true, publishAllPorts=null, readonlyRootfs=null, restartPolicy=null, ulimits=null, cpuCount=null, cpuPercent=null, ioMaximumIOps=null, ioMaximumBandwidth=null, volumesFrom=[], mounts=null, pidMode=null, isolation=null, securityOpts=null, storageOpt=null, cgroupParent=null, volumeDriver=null, shmSize=null, pidsLimit=null, runtime=null, tmpFs=null, utSMode=null, usernsMode=null, sysctls=null, consoleSize=null, cgroupnsMode=null),hostName=<null>,image=testcontainers/ryuk:0.5.1,ipv4Address=<null>,ipv6Address=<null>,labels={org.testcontainers=true, org.testcontainers.lang=java, org.testcontainers.version=1.19.1},macAddress=<null>,name=testcontainers-ryuk-aadbe571-fa34-4edf-a0a5-ddf35f9fb4d8,networkDisabled=<null>,networkingConfig=<null>,onBuild=<null>,platform=<null>,portSpecs=<null>,shell=<null>,stdInOnce=<null>,stdinOpen=<null>,stopSignal=<null>,stopTimeout=<null>,tty=<null>,user=<null>,volumes=Volumes(volumes=[]),workingDir=<null>]
14:08:56.109 [main] DEBUG com.github.dockerjava.zerodep.shaded.org.apache.hc.client5.http.impl.classic.InternalHttpClient - ex-00000004: preparing request execution
14:08:56.109 [main] DEBUG com.github.dockerjava.zerodep.shaded.org.apache.hc.client5.http.protocol.RequestAddCookies - Cookie spec selected: strict
14:08:56.109 [main] DEBUG com.github.dockerjava.zerodep.shaded.org.apache.hc.client5.http.protocol.RequestAuthCache - Auth cache not set in the context
14:08:56.109 [main] DEBUG com.github.dockerjava.zerodep.shaded.org.apache.hc.client5.http.impl.classic.ProtocolExec - ex-00000004: target auth state: UNCHALLENGED
14:08:56.110 [main] DEBUG com.github.dockerjava.zerodep.shaded.org.apache.hc.client5.http.impl.classic.ProtocolExec - ex-00000004: proxy auth state: UNCHALLENGED
14:08:56.110 [main] DEBUG com.github.dockerjava.zerodep.shaded.org.apache.hc.client5.http.impl.classic.ConnectExec - ex-00000004: acquiring connection with route {}->unix://localhost:2375
14:08:56.110 [main] DEBUG com.github.dockerjava.zerodep.shaded.org.apache.hc.client5.http.impl.classic.InternalHttpClient - ex-00000004: acquiring endpoint (3 MINUTES)
14:08:56.110 [main] DEBUG com.github.dockerjava.zerodep.shaded.org.apache.hc.client5.http.impl.io.PoolingHttpClientConnectionManager - ex-00000004: endpoint lease request (3 MINUTES) [route: {}->unix://localhost:2375][total available: 1; route allocated: 1 of 2147483647; total allocated: 1 of 2147483647]
14:08:56.110 [main] DEBUG com.github.dockerjava.zerodep.shaded.org.apache.hc.client5.http.impl.io.PoolingHttpClientConnectionManager - ex-00000004: endpoint leased [route: {}->unix://localhost:2375][total available: 0; route allocated: 1 of 2147483647; total allocated: 1 of 2147483647]
14:08:56.110 [main] DEBUG com.github.dockerjava.zerodep.shaded.org.apache.hc.client5.http.impl.io.PoolingHttpClientConnectionManager - ex-00000004: acquired ep-00000003
14:08:56.110 [main] DEBUG com.github.dockerjava.zerodep.shaded.org.apache.hc.client5.http.impl.classic.InternalHttpClient - ex-00000004: acquired endpoint ep-00000003
14:08:56.110 [main] DEBUG com.github.dockerjava.zerodep.shaded.org.apache.hc.client5.http.impl.classic.MainClientExec - ex-00000004: executing POST /v1.32/containers/create?name=testcontainers-ryuk-aadbe571-fa34-4edf-a0a5-ddf35f9fb4d8 HTTP/1.1
14:08:56.110 [main] DEBUG com.github.dockerjava.zerodep.shaded.org.apache.hc.client5.http.impl.classic.InternalHttpClient - ep-00000003: start execution ex-00000004
14:08:56.110 [main] DEBUG com.github.dockerjava.zerodep.shaded.org.apache.hc.client5.http.impl.io.PoolingHttpClientConnectionManager - ep-00000003: executing exchange ex-00000004 over http-outgoing-0
14:08:56.110 [main] DEBUG com.github.dockerjava.zerodep.shaded.org.apache.hc.client5.http.headers - http-outgoing-0 >> POST /v1.32/containers/create?name=testcontainers-ryuk-aadbe571-fa34-4edf-a0a5-ddf35f9fb4d8 HTTP/1.1
14:08:56.110 [main] DEBUG com.github.dockerjava.zerodep.shaded.org.apache.hc.client5.http.headers - http-outgoing-0 >> X-Registry-Auth: eyJ1c2VybmFtZSI6bnVsbCwicGFzc3dvcmQiOm51bGwsImVtYWlsIjpudWxsLCJzZXJ2ZXJhZGRyZXNzIjoiaHR0cHM6Ly9pbmRleC5kb2NrZXIuaW8vdjEvIiwiYXV0aCI6bnVsbCwicmVnaXN0cnl0b2tlbiI6bnVsbCwiaWRlbnRpdHl0b2tlbiI6bnVsbCwic3RhY2tPcmNoZXN0cmF0b3IiOm51bGx9
14:08:56.110 [main] DEBUG com.github.dockerjava.zerodep.shaded.org.apache.hc.client5.http.headers - http-outgoing-0 >> accept: application/json
14:08:56.111 [main] DEBUG com.github.dockerjava.zerodep.shaded.org.apache.hc.client5.http.headers - http-outgoing-0 >> content-type: application/json
14:08:56.111 [main] DEBUG com.github.dockerjava.zerodep.shaded.org.apache.hc.client5.http.headers - http-outgoing-0 >> x-tc-sid: aadbe571-fa34-4edf-a0a5-ddf35f9fb4d8
14:08:56.111 [main] DEBUG com.github.dockerjava.zerodep.shaded.org.apache.hc.client5.http.headers - http-outgoing-0 >> User-Agent: tc-java/1.19.1
14:08:56.111 [main] DEBUG com.github.dockerjava.zerodep.shaded.org.apache.hc.client5.http.headers - http-outgoing-0 >> Accept-Encoding: gzip, x-gzip, deflate
14:08:56.111 [main] DEBUG com.github.dockerjava.zerodep.shaded.org.apache.hc.client5.http.headers - http-outgoing-0 >> Content-Length: 1954
14:08:56.111 [main] DEBUG com.github.dockerjava.zerodep.shaded.org.apache.hc.client5.http.headers - http-outgoing-0 >> Host: localhost:2375
14:08:56.111 [main] DEBUG com.github.dockerjava.zerodep.shaded.org.apache.hc.client5.http.headers - http-outgoing-0 >> Connection: keep-alive
14:08:56.111 [main] DEBUG com.github.dockerjava.zerodep.shaded.org.apache.hc.client5.http.wire - http-outgoing-0 >> "POST /v1.32/containers/create?name=testcontainers-ryuk-aadbe571-fa34-4edf-a0a5-ddf35f9fb4d8 HTTP/1.1[\r][\n]"
14:08:56.111 [main] DEBUG com.github.dockerjava.zerodep.shaded.org.apache.hc.client5.http.wire - http-outgoing-0 >> "X-Registry-Auth: eyJ1c2VybmFtZSI6bnVsbCwicGFzc3dvcmQiOm51bGwsImVtYWlsIjpudWxsLCJzZXJ2ZXJhZGRyZXNzIjoiaHR0cHM6Ly9pbmRleC5kb2NrZXIuaW8vdjEvIiwiYXV0aCI6bnVsbCwicmVnaXN0cnl0b2tlbiI6bnVsbCwiaWRlbnRpdHl0b2tlbiI6bnVsbCwic3RhY2tPcmNoZXN0cmF0b3IiOm51bGx9[\r][\n]"
14:08:56.111 [main] DEBUG com.github.dockerjava.zerodep.shaded.org.apache.hc.client5.http.wire - http-outgoing-0 >> "accept: application/json[\r][\n]"
14:08:56.111 [main] DEBUG com.github.dockerjava.zerodep.shaded.org.apache.hc.client5.http.wire - http-outgoing-0 >> "content-type: application/json[\r][\n]"
14:08:56.111 [main] DEBUG com.github.dockerjava.zerodep.shaded.org.apache.hc.client5.http.wire - http-outgoing-0 >> "x-tc-sid: aadbe571-fa34-4edf-a0a5-ddf35f9fb4d8[\r][\n]"
14:08:56.111 [main] DEBUG com.github.dockerjava.zerodep.shaded.org.apache.hc.client5.http.wire - http-outgoing-0 >> "User-Agent: tc-java/1.19.1[\r][\n]"
14:08:56.111 [main] DEBUG com.github.dockerjava.zerodep.shaded.org.apache.hc.client5.http.wire - http-outgoing-0 >> "Accept-Encoding: gzip, x-gzip, deflate[\r][\n]"
14:08:56.111 [main] DEBUG com.github.dockerjava.zerodep.shaded.org.apache.hc.client5.http.wire - http-outgoing-0 >> "Content-Length: 1954[\r][\n]"
14:08:56.111 [main] DEBUG com.github.dockerjava.zerodep.shaded.org.apache.hc.client5.http.wire - http-outgoing-0 >> "Host: localhost:2375[\r][\n]"
14:08:56.111 [main] DEBUG com.github.dockerjava.zerodep.shaded.org.apache.hc.client5.http.wire - http-outgoing-0 >> "Connection: keep-alive[\r][\n]"
14:08:56.111 [main] DEBUG com.github.dockerjava.zerodep.shaded.org.apache.hc.client5.http.wire - http-outgoing-0 >> "[\r][\n]"
14:08:56.111 [main] DEBUG com.github.dockerjava.zerodep.shaded.org.apache.hc.client5.http.wire - http-outgoing-0 >> "{"Hostname":null,"Domainname":null,"User":null,"AttachStdin":null,"AttachStdout":null,"AttachStderr":null,"PortSpecs":null,"Tty":null,"OpenStdin":null,"StdinOnce":null,"Env":[],"Cmd":[],"Healthcheck":null,"ArgsEscaped":null,"Entrypoint":null,"Image":"testcontainers/ryuk:0.5.1","Volumes":{},"WorkingDir":null,"MacAddress":null,"OnBuild":null,"NetworkDisabled":null,"ExposedPorts":{"8080/tcp":{}},"StopSignal":null,"StopTimeout":null,"HostConfig":{"Binds":["/var/run/docker.sock:/var/run/docker.sock:rw"],"BlkioWeight":null,"BlkioWeightDevice":null,"BlkioDeviceReadBps":null,"BlkioDeviceWriteBps":null,"BlkioDeviceReadIOps":null,"BlkioDeviceWriteIOps":null,"MemorySwappiness":null,"NanoCpus":null,"CapAdd":null,"CapDrop":null,"ContainerIDFile":null,"CpuPeriod":null,"CpuRealtimePeriod":null,"CpuRealtimeRuntime":null,"CpuShares":null,"CpuQuota":null,"CpusetCpus":null,"CpusetMems":null,"Devices":null,"DeviceCgroupRules":null,"DeviceRequests":null,"DiskQuota":null,"Dns":null,"DnsOptions":null,"DnsSearch":null,"ExtraHosts":[],"GroupAdd":null,"IpcMode":null,"Cgroup":null,"Links":[],"LogConfig":null,"LxcConf":null,"Memory":null,"MemorySwap":null,"MemoryReservation":null,"KernelMemory":null,"NetworkMode":null,"OomKillDisable":null,"Init":null,"AutoRemove":true,"OomScoreAdj":null,"PortBindings":{"8080/tcp":[{"HostIp":"","HostPort":""}]},"Privileged":true,"PublishAllPorts":null,"ReadonlyRootfs":null,"RestartPolicy":null,"Ulimits":null,"CpuCount":null,"CpuPercent":null,"IOMaximumIOps":null,"IOMaximumBandwidth":null,"VolumesFrom":[],"Mounts":null,"PidMode":null,"Isolation":null,"SecurityOpt":null,"StorageOpt":null,"CgroupParent":null,"VolumeDriver":null,"ShmSize":null,"PidsLimit":null,"Runtime":null,"Tmpfs":null,"UTSMode":null,"UsernsMode":null,"Sysctls":null,"ConsoleSize":null,"CgroupnsMode":null},"Labels":{"org.testcontainers":"true","org.testcontainers.lang":"java","org.testcontainers.version":"1.19.1"},"Shell":null,"NetworkingConfig":null}"
14:08:56.151 [main] DEBUG com.github.dockerjava.zerodep.shaded.org.apache.hc.client5.http.wire - http-outgoing-0 << "HTTP/1.1 201 Created[\r][\n]"
14:08:56.151 [main] DEBUG com.github.dockerjava.zerodep.shaded.org.apache.hc.client5.http.wire - http-outgoing-0 << "Api-Version: 1.41[\r][\n]"
14:08:56.151 [main] DEBUG com.github.dockerjava.zerodep.shaded.org.apache.hc.client5.http.wire - http-outgoing-0 << "Content-Type: application/json[\r][\n]"
14:08:56.151 [main] DEBUG com.github.dockerjava.zerodep.shaded.org.apache.hc.client5.http.wire - http-outgoing-0 << "Date: Mon, 08 Jan 2024 13:08:56 GMT[\r][\n]"
14:08:56.152 [main] DEBUG com.github.dockerjava.zerodep.shaded.org.apache.hc.client5.http.wire - http-outgoing-0 << "Docker-Experimental: false[\r][\n]"
14:08:56.152 [main] DEBUG com.github.dockerjava.zerodep.shaded.org.apache.hc.client5.http.wire - http-outgoing-0 << "Ostype: linux[\r][\n]"
14:08:56.152 [main] DEBUG com.github.dockerjava.zerodep.shaded.org.apache.hc.client5.http.wire - http-outgoing-0 << "Server: Docker/20.10.24 (linux)[\r][\n]"
14:08:56.152 [main] DEBUG com.github.dockerjava.zerodep.shaded.org.apache.hc.client5.http.wire - http-outgoing-0 << "Transfer-Encoding: chunked[\r][\n]"
14:08:56.152 [main] DEBUG com.github.dockerjava.zerodep.shaded.org.apache.hc.client5.http.wire - http-outgoing-0 << "[\r][\n]"
14:08:56.152 [main] DEBUG com.github.dockerjava.zerodep.shaded.org.apache.hc.client5.http.headers - http-outgoing-0 << HTTP/1.1 201 Created
14:08:56.152 [main] DEBUG com.github.dockerjava.zerodep.shaded.org.apache.hc.client5.http.headers - http-outgoing-0 << Api-Version: 1.41
14:08:56.152 [main] DEBUG com.github.dockerjava.zerodep.shaded.org.apache.hc.client5.http.headers - http-outgoing-0 << Content-Type: application/json
14:08:56.152 [main] DEBUG com.github.dockerjava.zerodep.shaded.org.apache.hc.client5.http.headers - http-outgoing-0 << Date: Mon, 08 Jan 2024 13:08:56 GMT
14:08:56.152 [main] DEBUG com.github.dockerjava.zerodep.shaded.org.apache.hc.client5.http.headers - http-outgoing-0 << Docker-Experimental: false
14:08:56.153 [main] DEBUG com.github.dockerjava.zerodep.shaded.org.apache.hc.client5.http.headers - http-outgoing-0 << Ostype: linux
14:08:56.153 [main] DEBUG com.github.dockerjava.zerodep.shaded.org.apache.hc.client5.http.headers - http-outgoing-0 << Server: Docker/20.10.24 (linux)
14:08:56.153 [main] DEBUG com.github.dockerjava.zerodep.shaded.org.apache.hc.client5.http.headers - http-outgoing-0 << Transfer-Encoding: chunked
14:08:56.153 [main] DEBUG com.github.dockerjava.zerodep.shaded.org.apache.hc.client5.http.impl.classic.MainClientExec - ex-00000004: connection can be kept alive for 3 MINUTES
14:08:56.153 [main] DEBUG com.github.dockerjava.zerodep.shaded.org.apache.hc.client5.http.wire - http-outgoing-0 << "58[\r][\n]"
14:08:56.153 [main] DEBUG com.github.dockerjava.zerodep.shaded.org.apache.hc.client5.http.wire - http-outgoing-0 << "{"Id":"8420459959ac655cfcf1fcda65af19f41a710f449359966b16a054a74c3e7ff7","Warnings":[]}[\n]"
14:08:56.153 [main] DEBUG com.github.dockerjava.zerodep.shaded.org.apache.hc.client5.http.wire - http-outgoing-0 << "[\r][\n]"
14:08:56.154 [main] DEBUG com.github.dockerjava.zerodep.shaded.org.apache.hc.client5.http.wire - http-outgoing-0 << "0[\r][\n]"
14:08:56.154 [main] DEBUG com.github.dockerjava.zerodep.shaded.org.apache.hc.client5.http.wire - http-outgoing-0 << "[\r][\n]"
14:08:56.156 [main] DEBUG com.github.dockerjava.zerodep.shaded.org.apache.hc.client5.http.impl.classic.InternalHttpClient - ep-00000003: releasing valid endpoint
14:08:56.156 [main] DEBUG com.github.dockerjava.zerodep.shaded.org.apache.hc.client5.http.impl.io.PoolingHttpClientConnectionManager - ep-00000003: releasing endpoint
14:08:56.156 [main] DEBUG com.github.dockerjava.zerodep.shaded.org.apache.hc.client5.http.impl.io.PoolingHttpClientConnectionManager - ep-00000003: connection http-outgoing-0 can be kept alive for 3 MINUTES
14:08:56.156 [main] DEBUG com.github.dockerjava.zerodep.shaded.org.apache.hc.client5.http.impl.io.PoolingHttpClientConnectionManager - ep-00000003: connection released [route: {}->unix://localhost:2375][total available: 1; route allocated: 1 of 2147483647; total allocated: 1 of 2147483647]
14:08:56.159 [main] INFO tc.testcontainers/ryuk:0.5.1 - Container testcontainers/ryuk:0.5.1 is starting: 8420459959ac655cfcf1fcda65af19f41a710f449359966b16a054a74c3e7ff7
14:08:56.161 [main] DEBUG org.testcontainers.shaded.com.github.dockerjava.core.command.AbstrDockerCmd - Cmd: 8420459959ac655cfcf1fcda65af19f41a710f449359966b16a054a74c3e7ff7
14:08:56.162 [main] DEBUG com.github.dockerjava.zerodep.shaded.org.apache.hc.client5.http.impl.classic.InternalHttpClient - ex-00000005: preparing request execution
14:08:56.162 [main] DEBUG com.github.dockerjava.zerodep.shaded.org.apache.hc.client5.http.protocol.RequestAddCookies - Cookie spec selected: strict
14:08:56.162 [main] DEBUG com.github.dockerjava.zerodep.shaded.org.apache.hc.client5.http.protocol.RequestAuthCache - Auth cache not set in the context
14:08:56.162 [main] DEBUG com.github.dockerjava.zerodep.shaded.org.apache.hc.client5.http.impl.classic.ProtocolExec - ex-00000005: target auth state: UNCHALLENGED
14:08:56.162 [main] DEBUG com.github.dockerjava.zerodep.shaded.org.apache.hc.client5.http.impl.classic.ProtocolExec - ex-00000005: proxy auth state: UNCHALLENGED
14:08:56.162 [main] DEBUG com.github.dockerjava.zerodep.shaded.org.apache.hc.client5.http.impl.classic.ConnectExec - ex-00000005: acquiring connection with route {}->unix://localhost:2375
14:08:56.162 [main] DEBUG com.github.dockerjava.zerodep.shaded.org.apache.hc.client5.http.impl.classic.InternalHttpClient - ex-00000005: acquiring endpoint (3 MINUTES)
14:08:56.163 [main] DEBUG com.github.dockerjava.zerodep.shaded.org.apache.hc.client5.http.impl.io.PoolingHttpClientConnectionManager - ex-00000005: endpoint lease request (3 MINUTES) [route: {}->unix://localhost:2375][total available: 1; route allocated: 1 of 2147483647; total allocated: 1 of 2147483647]
14:08:56.163 [main] DEBUG com.github.dockerjava.zerodep.shaded.org.apache.hc.client5.http.impl.io.PoolingHttpClientConnectionManager - ex-00000005: endpoint leased [route: {}->unix://localhost:2375][total available: 0; route allocated: 1 of 2147483647; total allocated: 1 of 2147483647]
14:08:56.163 [main] DEBUG com.github.dockerjava.zerodep.shaded.org.apache.hc.client5.http.impl.io.PoolingHttpClientConnectionManager - ex-00000005: acquired ep-00000004
14:08:56.163 [main] DEBUG com.github.dockerjava.zerodep.shaded.org.apache.hc.client5.http.impl.classic.InternalHttpClient - ex-00000005: acquired endpoint ep-00000004
14:08:56.163 [main] DEBUG com.github.dockerjava.zerodep.shaded.org.apache.hc.client5.http.impl.classic.MainClientExec - ex-00000005: executing POST /v1.32/containers/8420459959ac655cfcf1fcda65af19f41a710f449359966b16a054a74c3e7ff7/start HTTP/1.1
14:08:56.163 [main] DEBUG com.github.dockerjava.zerodep.shaded.org.apache.hc.client5.http.impl.classic.InternalHttpClient - ep-00000004: start execution ex-00000005
14:08:56.163 [main] DEBUG com.github.dockerjava.zerodep.shaded.org.apache.hc.client5.http.impl.io.PoolingHttpClientConnectionManager - ep-00000004: executing exchange ex-00000005 over http-outgoing-0
14:08:56.163 [main] DEBUG com.github.dockerjava.zerodep.shaded.org.apache.hc.client5.http.headers - http-outgoing-0 >> POST /v1.32/containers/8420459959ac655cfcf1fcda65af19f41a710f449359966b16a054a74c3e7ff7/start HTTP/1.1
14:08:56.163 [main] DEBUG com.github.dockerjava.zerodep.shaded.org.apache.hc.client5.http.headers - http-outgoing-0 >> accept: application/json
14:08:56.163 [main] DEBUG com.github.dockerjava.zerodep.shaded.org.apache.hc.client5.http.headers - http-outgoing-0 >> content-type: application/json
14:08:56.163 [main] DEBUG com.github.dockerjava.zerodep.shaded.org.apache.hc.client5.http.headers - http-outgoing-0 >> x-tc-sid: aadbe571-fa34-4edf-a0a5-ddf35f9fb4d8
14:08:56.163 [main] DEBUG com.github.dockerjava.zerodep.shaded.org.apache.hc.client5.http.headers - http-outgoing-0 >> User-Agent: tc-java/1.19.1
14:08:56.164 [main] DEBUG com.github.dockerjava.zerodep.shaded.org.apache.hc.client5.http.headers - http-outgoing-0 >> Accept-Encoding: gzip, x-gzip, deflate
14:08:56.164 [main] DEBUG com.github.dockerjava.zerodep.shaded.org.apache.hc.client5.http.headers - http-outgoing-0 >> Host: localhost:2375
14:08:56.164 [main] DEBUG com.github.dockerjava.zerodep.shaded.org.apache.hc.client5.http.headers - http-outgoing-0 >> Connection: keep-alive
14:08:56.164 [main] DEBUG com.github.dockerjava.zerodep.shaded.org.apache.hc.client5.http.wire - http-outgoing-0 >> "POST /v1.32/containers/8420459959ac655cfcf1fcda65af19f41a710f449359966b16a054a74c3e7ff7/start HTTP/1.1[\r][\n]"
14:08:56.164 [main] DEBUG com.github.dockerjava.zerodep.shaded.org.apache.hc.client5.http.wire - http-outgoing-0 >> "accept: application/json[\r][\n]"
14:08:56.164 [main] DEBUG com.github.dockerjava.zerodep.shaded.org.apache.hc.client5.http.wire - http-outgoing-0 >> "content-type: application/json[\r][\n]"
14:08:56.164 [main] DEBUG com.github.dockerjava.zerodep.shaded.org.apache.hc.client5.http.wire - http-outgoing-0 >> "x-tc-sid: aadbe571-fa34-4edf-a0a5-ddf35f9fb4d8[\r][\n]"
14:08:56.164 [main] DEBUG com.github.dockerjava.zerodep.shaded.org.apache.hc.client5.http.wire - http-outgoing-0 >> "User-Agent: tc-java/1.19.1[\r][\n]"
14:08:56.164 [main] DEBUG com.github.dockerjava.zerodep.shaded.org.apache.hc.client5.http.wire - http-outgoing-0 >> "Accept-Encoding: gzip, x-gzip, deflate[\r][\n]"
14:08:56.164 [main] DEBUG com.github.dockerjava.zerodep.shaded.org.apache.hc.client5.http.wire - http-outgoing-0 >> "Host: localhost:2375[\r][\n]"
14:08:56.164 [main] DEBUG com.github.dockerjava.zerodep.shaded.org.apache.hc.client5.http.wire - http-outgoing-0 >> "Connection: keep-alive[\r][\n]"
14:08:56.164 [main] DEBUG com.github.dockerjava.zerodep.shaded.org.apache.hc.client5.http.wire - http-outgoing-0 >> "[\r][\n]"
14:08:56.461 [main] DEBUG com.github.dockerjava.zerodep.shaded.org.apache.hc.client5.http.wire - http-outgoing-0 << "HTTP/1.1 204 No Content[\r][\n]"
14:08:56.461 [main] DEBUG com.github.dockerjava.zerodep.shaded.org.apache.hc.client5.http.wire - http-outgoing-0 << "Api-Version: 1.41[\r][\n]"
14:08:56.461 [main] DEBUG com.github.dockerjava.zerodep.shaded.org.apache.hc.client5.http.wire - http-outgoing-0 << "Date: Mon, 08 Jan 2024 13:08:56 GMT[\r][\n]"
14:08:56.461 [main] DEBUG com.github.dockerjava.zerodep.shaded.org.apache.hc.client5.http.wire - http-outgoing-0 << "Docker-Experimental: false[\r][\n]"
14:08:56.461 [main] DEBUG com.github.dockerjava.zerodep.shaded.org.apache.hc.client5.http.wire - http-outgoing-0 << "Ostype: linux[\r][\n]"
14:08:56.461 [main] DEBUG com.github.dockerjava.zerodep.shaded.org.apache.hc.client5.http.wire - http-outgoing-0 << "Server: Docker/20.10.24 (linux)[\r][\n]"
14:08:56.461 [main] DEBUG com.github.dockerjava.zerodep.shaded.org.apache.hc.client5.http.wire - http-outgoing-0 << "[\r][\n]"
14:08:56.462 [main] DEBUG com.github.dockerjava.zerodep.shaded.org.apache.hc.client5.http.headers - http-outgoing-0 << HTTP/1.1 204 No Content
14:08:56.462 [main] DEBUG com.github.dockerjava.zerodep.shaded.org.apache.hc.client5.http.headers - http-outgoing-0 << Api-Version: 1.41
14:08:56.462 [main] DEBUG com.github.dockerjava.zerodep.shaded.org.apache.hc.client5.http.headers - http-outgoing-0 << Date: Mon, 08 Jan 2024 13:08:56 GMT
14:08:56.462 [main] DEBUG com.github.dockerjava.zerodep.shaded.org.apache.hc.client5.http.headers - http-outgoing-0 << Docker-Experimental: false
14:08:56.462 [main] DEBUG com.github.dockerjava.zerodep.shaded.org.apache.hc.client5.http.headers - http-outgoing-0 << Ostype: linux
14:08:56.462 [main] DEBUG com.github.dockerjava.zerodep.shaded.org.apache.hc.client5.http.headers - http-outgoing-0 << Server: Docker/20.10.24 (linux)
14:08:56.462 [main] DEBUG com.github.dockerjava.zerodep.shaded.org.apache.hc.client5.http.impl.classic.MainClientExec - ex-00000005: connection can be kept alive for 3 MINUTES
14:08:56.462 [main] DEBUG com.github.dockerjava.zerodep.shaded.org.apache.hc.client5.http.impl.classic.InternalHttpClient - ep-00000004: releasing valid endpoint
14:08:56.463 [main] DEBUG com.github.dockerjava.zerodep.shaded.org.apache.hc.client5.http.impl.io.PoolingHttpClientConnectionManager - ep-00000004: releasing endpoint
14:08:56.463 [main] DEBUG com.github.dockerjava.zerodep.shaded.org.apache.hc.client5.http.impl.io.PoolingHttpClientConnectionManager - ep-00000004: connection http-outgoing-0 can be kept alive for 3 MINUTES
14:08:56.463 [main] DEBUG com.github.dockerjava.zerodep.shaded.org.apache.hc.client5.http.impl.io.PoolingHttpClientConnectionManager - ep-00000004: connection released [route: {}->unix://localhost:2375][total available: 1; route allocated: 1 of 2147483647; total allocated: 1 of 2147483647]
14:08:56.473 [main] DEBUG org.testcontainers.shaded.com.github.dockerjava.core.command.AbstrDockerCmd - Cmd: 8420459959ac655cfcf1fcda65af19f41a710f449359966b16a054a74c3e7ff7,false
14:08:56.474 [main] DEBUG org.testcontainers.shaded.com.github.dockerjava.core.exec.InspectContainerCmdExec - GET: DefaultWebTarget{path=[/containers/8420459959ac655cfcf1fcda65af19f41a710f449359966b16a054a74c3e7ff7/json], queryParams={}}
14:08:56.474 [main] DEBUG com.github.dockerjava.zerodep.shaded.org.apache.hc.client5.http.impl.classic.InternalHttpClient - ex-00000006: preparing request execution
14:08:56.475 [main] DEBUG com.github.dockerjava.zerodep.shaded.org.apache.hc.client5.http.protocol.RequestAddCookies - Cookie spec selected: strict
14:08:56.475 [main] DEBUG com.github.dockerjava.zerodep.shaded.org.apache.hc.client5.http.protocol.RequestAuthCache - Auth cache not set in the context
14:08:56.475 [main] DEBUG com.github.dockerjava.zerodep.shaded.org.apache.hc.client5.http.impl.classic.ProtocolExec - ex-00000006: target auth state: UNCHALLENGED
14:08:56.475 [main] DEBUG com.github.dockerjava.zerodep.shaded.org.apache.hc.client5.http.impl.classic.ProtocolExec - ex-00000006: proxy auth state: UNCHALLENGED
14:08:56.475 [main] DEBUG com.github.dockerjava.zerodep.shaded.org.apache.hc.client5.http.impl.classic.ConnectExec - ex-00000006: acquiring connection with route {}->unix://localhost:2375
14:08:56.475 [main] DEBUG com.github.dockerjava.zerodep.shaded.org.apache.hc.client5.http.impl.classic.InternalHttpClient - ex-00000006: acquiring endpoint (3 MINUTES)
14:08:56.475 [main] DEBUG com.github.dockerjava.zerodep.shaded.org.apache.hc.client5.http.impl.io.PoolingHttpClientConnectionManager - ex-00000006: endpoint lease request (3 MINUTES) [route: {}->unix://localhost:2375][total available: 1; route allocated: 1 of 2147483647; total allocated: 1 of 2147483647]
14:08:56.475 [main] DEBUG com.github.dockerjava.zerodep.shaded.org.apache.hc.client5.http.impl.io.PoolingHttpClientConnectionManager - ex-00000006: endpoint leased [route: {}->unix://localhost:2375][total available: 0; route allocated: 1 of 2147483647; total allocated: 1 of 2147483647]
14:08:56.476 [main] DEBUG com.github.dockerjava.zerodep.shaded.org.apache.hc.client5.http.impl.io.PoolingHttpClientConnectionManager - ex-00000006: acquired ep-00000005
14:08:56.476 [main] DEBUG com.github.dockerjava.zerodep.shaded.org.apache.hc.client5.http.impl.classic.InternalHttpClient - ex-00000006: acquired endpoint ep-00000005
14:08:56.476 [main] DEBUG com.github.dockerjava.zerodep.shaded.org.apache.hc.client5.http.impl.classic.MainClientExec - ex-00000006: executing GET /v1.32/containers/8420459959ac655cfcf1fcda65af19f41a710f449359966b16a054a74c3e7ff7/json HTTP/1.1
14:08:56.476 [main] DEBUG com.github.dockerjava.zerodep.shaded.org.apache.hc.client5.http.impl.classic.InternalHttpClient - ep-00000005: start execution ex-00000006
14:08:56.476 [main] DEBUG com.github.dockerjava.zerodep.shaded.org.apache.hc.client5.http.impl.io.PoolingHttpClientConnectionManager - ep-00000005: executing exchange ex-00000006 over http-outgoing-0
14:08:56.476 [main] DEBUG com.github.dockerjava.zerodep.shaded.org.apache.hc.client5.http.headers - http-outgoing-0 >> GET /v1.32/containers/8420459959ac655cfcf1fcda65af19f41a710f449359966b16a054a74c3e7ff7/json HTTP/1.1
14:08:56.476 [main] DEBUG com.github.dockerjava.zerodep.shaded.org.apache.hc.client5.http.headers - http-outgoing-0 >> accept: application/json
14:08:56.476 [main] DEBUG com.github.dockerjava.zerodep.shaded.org.apache.hc.client5.http.headers - http-outgoing-0 >> x-tc-sid: aadbe571-fa34-4edf-a0a5-ddf35f9fb4d8
14:08:56.476 [main] DEBUG com.github.dockerjava.zerodep.shaded.org.apache.hc.client5.http.headers - http-outgoing-0 >> User-Agent: tc-java/1.19.1
14:08:56.476 [main] DEBUG com.github.dockerjava.zerodep.shaded.org.apache.hc.client5.http.headers - http-outgoing-0 >> Accept-Encoding: gzip, x-gzip, deflate
14:08:56.476 [main] DEBUG com.github.dockerjava.zerodep.shaded.org.apache.hc.client5.http.headers - http-outgoing-0 >> Host: localhost:2375
14:08:56.476 [main] DEBUG com.github.dockerjava.zerodep.shaded.org.apache.hc.client5.http.headers - http-outgoing-0 >> Connection: keep-alive
14:08:56.476 [main] DEBUG com.github.dockerjava.zerodep.shaded.org.apache.hc.client5.http.wire - http-outgoing-0 >> "GET /v1.32/containers/8420459959ac655cfcf1fcda65af19f41a710f449359966b16a054a74c3e7ff7/json HTTP/1.1[\r][\n]"
14:08:56.476 [main] DEBUG com.github.dockerjava.zerodep.shaded.org.apache.hc.client5.http.wire - http-outgoing-0 >> "accept: application/json[\r][\n]"
14:08:56.476 [main] DEBUG com.github.dockerjava.zerodep.shaded.org.apache.hc.client5.http.wire - http-outgoing-0 >> "x-tc-sid: aadbe571-fa34-4edf-a0a5-ddf35f9fb4d8[\r][\n]"
14:08:56.476 [main] DEBUG com.github.dockerjava.zerodep.shaded.org.apache.hc.client5.http.wire - http-outgoing-0 >> "User-Agent: tc-java/1.19.1[\r][\n]"
14:08:56.476 [main] DEBUG com.github.dockerjava.zerodep.shaded.org.apache.hc.client5.http.wire - http-outgoing-0 >> "Accept-Encoding: gzip, x-gzip, deflate[\r][\n]"
14:08:56.476 [main] DEBUG com.github.dockerjava.zerodep.shaded.org.apache.hc.client5.http.wire - http-outgoing-0 >> "Host: localhost:2375[\r][\n]"
14:08:56.477 [main] DEBUG com.github.dockerjava.zerodep.shaded.org.apache.hc.client5.http.wire - http-outgoing-0 >> "Connection: keep-alive[\r][\n]"
14:08:56.477 [main] DEBUG com.github.dockerjava.zerodep.shaded.org.apache.hc.client5.http.wire - http-outgoing-0 >> "[\r][\n]"
14:08:56.480 [main] DEBUG com.github.dockerjava.zerodep.shaded.org.apache.hc.client5.http.wire - http-outgoing-0 << "HTTP/1.1 200 OK[\r][\n]"
14:08:56.481 [main] DEBUG com.github.dockerjava.zerodep.shaded.org.apache.hc.client5.http.wire - http-outgoing-0 << "Api-Version: 1.41[\r][\n]"
14:08:56.481 [main] DEBUG com.github.dockerjava.zerodep.shaded.org.apache.hc.client5.http.wire - http-outgoing-0 << "Content-Type: application/json[\r][\n]"
14:08:56.481 [main] DEBUG com.github.dockerjava.zerodep.shaded.org.apache.hc.client5.http.wire - http-outgoing-0 << "Date: Mon, 08 Jan 2024 13:08:56 GMT[\r][\n]"
14:08:56.481 [main] DEBUG com.github.dockerjava.zerodep.shaded.org.apache.hc.client5.http.wire - http-outgoing-0 << "Docker-Experimental: false[\r][\n]"
14:08:56.481 [main] DEBUG com.github.dockerjava.zerodep.shaded.org.apache.hc.client5.http.wire - http-outgoing-0 << "Ostype: linux[\r][\n]"
14:08:56.481 [main] DEBUG com.github.dockerjava.zerodep.shaded.org.apache.hc.client5.http.wire - http-outgoing-0 << "Server: Docker/20.10.24 (linux)[\r][\n]"
14:08:56.481 [main] DEBUG com.github.dockerjava.zerodep.shaded.org.apache.hc.client5.http.wire - http-outgoing-0 << "Transfer-Encoding: chunked[\r][\n]"
14:08:56.481 [main] DEBUG com.github.dockerjava.zerodep.shaded.org.apache.hc.client5.http.wire - http-outgoing-0 << "[\r][\n]"
14:08:56.481 [main] DEBUG com.github.dockerjava.zerodep.shaded.org.apache.hc.client5.http.headers - http-outgoing-0 << HTTP/1.1 200 OK
14:08:56.481 [main] DEBUG com.github.dockerjava.zerodep.shaded.org.apache.hc.client5.http.headers - http-outgoing-0 << Api-Version: 1.41
14:08:56.481 [main] DEBUG com.github.dockerjava.zerodep.shaded.org.apache.hc.client5.http.headers - http-outgoing-0 << Content-Type: application/json
14:08:56.482 [main] DEBUG com.github.dockerjava.zerodep.shaded.org.apache.hc.client5.http.headers - http-outgoing-0 << Date: Mon, 08 Jan 2024 13:08:56 GMT
14:08:56.482 [main] DEBUG com.github.dockerjava.zerodep.shaded.org.apache.hc.client5.http.headers - http-outgoing-0 << Docker-Experimental: false
14:08:56.482 [main] DEBUG com.github.dockerjava.zerodep.shaded.org.apache.hc.client5.http.headers - http-outgoing-0 << Ostype: linux
14:08:56.482 [main] DEBUG com.github.dockerjava.zerodep.shaded.org.apache.hc.client5.http.headers - http-outgoing-0 << Server: Docker/20.10.24 (linux)
14:08:56.482 [main] DEBUG com.github.dockerjava.zerodep.shaded.org.apache.hc.client5.http.headers - http-outgoing-0 << Transfer-Encoding: chunked
14:08:56.482 [main] DEBUG com.github.dockerjava.zerodep.shaded.org.apache.hc.client5.http.impl.classic.MainClientExec - ex-00000006: connection can be kept alive for 3 MINUTES
14:08:56.483 [main] DEBUG com.github.dockerjava.zerodep.shaded.org.apache.hc.client5.http.wire - http-outgoing-0 << "138d[\r][\n]"
14:08:56.483 [main] DEBUG com.github.dockerjava.zerodep.shaded.org.apache.hc.client5.http.wire - http-outgoing-0 << "{"Id":"8420459959ac655cfcf1fcda65af19f41a710f449359966b16a054a74c3e7ff7","Created":"2024-01-08T13:08:56.125320067Z","Path":"/bin/ryuk","Args":[],"State":{"Status":"running","Running":true,"Paused":false,"Restarting":false,"OOMKilled":false,"Dead":false,"Pid":82473,"ExitCode":0,"Error":"","StartedAt":"2024-01-08T13:08:56.454025775Z","FinishedAt":"0001-01-01T00:00:00Z"},"Image":"sha256:ec913eeff75a6b5ed284cf17e186213a466ec10a8f471798318ffa0813b5d828","ResolvConfPath":"/var/lib/docker/containers/8420459959ac655cfcf1fcda65af19f41a710f449359966b16a054a74c3e7ff7/resolv.conf","HostnamePath":"/var/lib/docker/containers/8420459959ac655cfcf1fcda65af19f41a710f449359966b16a054a74c3e7ff7/hostname","HostsPath":"/var/lib/docker/containers/8420459959ac655cfcf1fcda65af19f41a710f449359966b16a054a74c3e7ff7/hosts","LogPath":"/var/lib/docker/containers/8420459959ac655cfcf1fcda65af19f41a710f449359966b16a054a74c3e7ff7/8420459959ac655cfcf1fcda65af19f41a710f449359966b16a054a74c3e7ff7-json.log","Name":"/testcontainers-ryuk-aadbe571-fa34-4edf-a0a5-ddf35f9fb4d8","RestartCount":0,"Driver":"overlay2","Platform":"linux","MountLabel":"","ProcessLabel":"","AppArmorProfile":"","ExecIDs":null,"HostConfig":{"Binds":["/var/run/docker.sock:/var/run/docker.sock:rw"],"ContainerIDFile":"","LogConfig":{"Type":"json-file","Config":{}},"NetworkMode":"default","PortBindings":{"8080/tcp":[{"HostIp":"0.0.0.0","HostPort":"0"}]},"RestartPolicy":{"Name":"","MaximumRetryCount":0},"AutoRemove":true,"VolumeDriver":"","VolumesFrom":[],"CapAdd":null,"CapDrop":null,"CgroupnsMode":"private","Dns":null,"DnsOptions":null,"DnsSearch":null,"ExtraHosts":[],"GroupAdd":null,"IpcMode":"shareable","Cgroup":"","Links":null,"OomScoreAdj":0,"PidMode":"","Privileged":true,"PublishAllPorts":false,"ReadonlyRootfs":false,"SecurityOpt":["label=disable"],"UTSMode":"","UsernsMode":"","ShmSize":67108864,"Runtime":"runc","ConsoleSize":[0,0],"Isolation":"","CpuShares":0,"Memory":0,"NanoCpus":0,"CgroupParent":"","BlkioWeight":0,"BlkioWeightDevice":null,"BlkioDeviceReadBps":null,"BlkioDeviceWriteBps":null,"BlkioDeviceReadIOps":null,"BlkioDeviceWriteIOps":null,"CpuPeriod":0,"CpuQuota":0,"CpuRealtimePeriod":0,"CpuRealtimeRuntime":0,"CpusetCpus":"","CpusetMems":"","Devices":null,"DeviceCgroupRules":null,"DeviceRequests":null,"KernelMemory":0,"KernelMemoryTCP":0,"MemoryReservation":0,"MemorySwap":0,"MemorySwappiness":null,"OomKillDisable":null,"PidsLimit":null,"Ulimits":null,"CpuCount":0,"CpuPercent":0,"IOMaximumIOps":0,"IOMaximumBandwidth":0,"MaskedPaths":null,"ReadonlyPaths":null},"GraphDriver":{"Data":{"LowerDir":"/var/lib/docker/overlay2/07d50752812bb9435600903e780f3967c6c09021dd0d665c2d41802b12d3df61-init/diff:/var/lib/docker/overlay2/da3d5d2f10521c92f4be52aa6ee768a70ee230915c4b9a59503df15c548cbf6a/diff:/var/lib/docker/overlay2/9b001f430e361dc920c3ef82b73e57fc55e1f79475134dfc0b5393828666bbf5/diff:/var/lib/docker/overlay2/c932c10c5ede374e35b0cc0269b39bf65b24c11feccf1385d4166bda8f4c7123/diff","MergedDir":"/var/lib/docker/overlay2/07d50752812bb9435600903e780f3967c6c09021dd0d665c2d41802b12d3df61/merged","UpperDir":"/var/lib/docker/overlay2/07d50752812bb9435600903e780f3967c6c09021dd0d665c2d41802b12d3df61/diff","WorkDir":"/var/lib/docker/overlay2/07d50752812bb9435600903e780f3967c6c09021dd0d665c2d41802b12d3df61/work"},"Name":"overlay2"},"Mounts":[{"Type":"bind","Source":"/var/run/docker.sock","Destination":"/var/run/docker.sock","Mode":"rw","RW":true,"Propagation":"rprivate"}],"Config":{"Hostname":"8420459959ac","Domainname":"","User":"","AttachStdin":false,"AttachStdout":false,"AttachStderr":false,"ExposedPorts":{"8080/tcp":{}},"Tty":false,"OpenStdin":false,"StdinOnce":false,"Env":["PATH=/usr/local/sbin:/usr/local/bin:/usr/sbin:/usr/bin:/sbin:/bin"],"Cmd":["/bin/ryuk"],"Image":"testcontainers/ryuk:0.5.1","Volumes":null,"WorkingDir":"","Entrypoint":null,"OnBuild":null,"Labels":{"org.testcontainers":"true","org.testcontainers.lang":"java","org.testcontainers.ryuk":"true","org.testcontainers.version":"1.19.1"}},"NetworkSettings":{"Bridge":"","SandboxID":"4f60cabf88d9b3591dbc9fe422e883f8f0429934ab8c383d14e202a926c1126e","HairpinMode":false,"LinkLocalIPv6Address":"","LinkLocalIPv6PrefixLen":0,"Ports":{"8080/tcp":[{"HostIp":"0.0.0.0","HostPort":"63480"}]},"SandboxKey":"/var/run/docker/netns/4f60cabf88d9","SecondaryIPAddresses":null,"SecondaryIPv6Addresses":null,"EndpointID":"d43ea8d0f78fe9c7088f3f63db8de6c36843ac962445a090c6d8d753854034c2","Gateway":"172.17.0.1","GlobalIPv6Address":"","GlobalIPv6PrefixLen":0,"IPAddress":"172.17.0.2","IPPrefixLen":16,"IPv6Gateway":"","MacAddress":"02:42:ac:11:00:02","Networks":{"bridge":{"IPAMConfig":null,"Links":null,"Aliases":null,"NetworkID":"da0d54e9f2ce5a140e73ce9ad3b66479200f15c03d68cee1f32f0939bdb1af69","EndpointID":"d43ea8d0f78fe9c7088f3f63db8de6c36843ac962445a090c6d8d753854034c2","Gateway":"172.17.0.1","IPAddress":"172.17.0.2","IPPrefixLen":16,"IPv6Gateway":"","GlobalIPv6Address":"","GlobalIPv6PrefixLen":0,"MacAddress":"02:42:ac:11:00:02","DriverOpts":null}}}}[\n]"
14:08:56.484 [main] DEBUG com.github.dockerjava.zerodep.shaded.org.apache.hc.client5.http.wire - http-outgoing-0 << "[\r][\n]"
14:08:56.587 [main] DEBUG com.github.dockerjava.zerodep.shaded.org.apache.hc.client5.http.wire - http-outgoing-0 << "0[\r][\n]"
14:08:56.587 [main] DEBUG com.github.dockerjava.zerodep.shaded.org.apache.hc.client5.http.wire - http-outgoing-0 << "[\r][\n]"
14:08:56.588 [main] DEBUG com.github.dockerjava.zerodep.shaded.org.apache.hc.client5.http.impl.classic.InternalHttpClient - ep-00000005: releasing valid endpoint
14:08:56.588 [main] DEBUG com.github.dockerjava.zerodep.shaded.org.apache.hc.client5.http.impl.io.PoolingHttpClientConnectionManager - ep-00000005: releasing endpoint
14:08:56.588 [main] DEBUG com.github.dockerjava.zerodep.shaded.org.apache.hc.client5.http.impl.io.PoolingHttpClientConnectionManager - ep-00000005: connection http-outgoing-0 can be kept alive for 3 MINUTES
14:08:56.588 [main] DEBUG com.github.dockerjava.zerodep.shaded.org.apache.hc.client5.http.impl.io.PoolingHttpClientConnectionManager - ep-00000005: connection released [route: {}->unix://localhost:2375][total available: 1; route allocated: 1 of 2147483647; total allocated: 1 of 2147483647]
14:08:56.592 [main] DEBUG org.testcontainers.shaded.com.github.dockerjava.core.command.AbstrDockerCmd - Cmd: sha256:ec913eeff75a6b5ed284cf17e186213a466ec10a8f471798318ffa0813b5d828
14:08:56.593 [main] DEBUG com.github.dockerjava.zerodep.shaded.org.apache.hc.client5.http.impl.classic.InternalHttpClient - ex-00000007: preparing request execution
14:08:56.593 [main] DEBUG com.github.dockerjava.zerodep.shaded.org.apache.hc.client5.http.protocol.RequestAddCookies - Cookie spec selected: strict
14:08:56.593 [main] DEBUG com.github.dockerjava.zerodep.shaded.org.apache.hc.client5.http.protocol.RequestAuthCache - Auth cache not set in the context
14:08:56.593 [main] DEBUG com.github.dockerjava.zerodep.shaded.org.apache.hc.client5.http.impl.classic.ProtocolExec - ex-00000007: target auth state: UNCHALLENGED
14:08:56.593 [main] DEBUG com.github.dockerjava.zerodep.shaded.org.apache.hc.client5.http.impl.classic.ProtocolExec - ex-00000007: proxy auth state: UNCHALLENGED
14:08:56.593 [main] DEBUG com.github.dockerjava.zerodep.shaded.org.apache.hc.client5.http.impl.classic.ConnectExec - ex-00000007: acquiring connection with route {}->unix://localhost:2375
14:08:56.593 [main] DEBUG com.github.dockerjava.zerodep.shaded.org.apache.hc.client5.http.impl.classic.InternalHttpClient - ex-00000007: acquiring endpoint (3 MINUTES)
14:08:56.593 [main] DEBUG com.github.dockerjava.zerodep.shaded.org.apache.hc.client5.http.impl.io.PoolingHttpClientConnectionManager - ex-00000007: endpoint lease request (3 MINUTES) [route: {}->unix://localhost:2375][total available: 1; route allocated: 1 of 2147483647; total allocated: 1 of 2147483647]
14:08:56.593 [main] DEBUG com.github.dockerjava.zerodep.shaded.org.apache.hc.client5.http.impl.io.PoolingHttpClientConnectionManager - ex-00000007: endpoint leased [route: {}->unix://localhost:2375][total available: 0; route allocated: 1 of 2147483647; total allocated: 1 of 2147483647]
14:08:56.593 [main] DEBUG com.github.dockerjava.zerodep.shaded.org.apache.hc.client5.http.impl.io.PoolingHttpClientConnectionManager - ex-00000007: acquired ep-00000006
14:08:56.593 [main] DEBUG com.github.dockerjava.zerodep.shaded.org.apache.hc.client5.http.impl.classic.InternalHttpClient - ex-00000007: acquired endpoint ep-00000006
14:08:56.594 [main] DEBUG com.github.dockerjava.zerodep.shaded.org.apache.hc.client5.http.impl.classic.MainClientExec - ex-00000007: executing GET /v1.32/images/sha256:ec913eeff75a6b5ed284cf17e186213a466ec10a8f471798318ffa0813b5d828/json HTTP/1.1
14:08:56.594 [main] DEBUG com.github.dockerjava.zerodep.shaded.org.apache.hc.client5.http.impl.classic.InternalHttpClient - ep-00000006: start execution ex-00000007
14:08:56.594 [main] DEBUG com.github.dockerjava.zerodep.shaded.org.apache.hc.client5.http.impl.io.PoolingHttpClientConnectionManager - ep-00000006: executing exchange ex-00000007 over http-outgoing-0
14:08:56.594 [main] DEBUG com.github.dockerjava.zerodep.shaded.org.apache.hc.client5.http.headers - http-outgoing-0 >> GET /v1.32/images/sha256:ec913eeff75a6b5ed284cf17e186213a466ec10a8f471798318ffa0813b5d828/json HTTP/1.1
14:08:56.594 [main] DEBUG com.github.dockerjava.zerodep.shaded.org.apache.hc.client5.http.headers - http-outgoing-0 >> accept: application/json
14:08:56.594 [main] DEBUG com.github.dockerjava.zerodep.shaded.org.apache.hc.client5.http.headers - http-outgoing-0 >> x-tc-sid: aadbe571-fa34-4edf-a0a5-ddf35f9fb4d8
14:08:56.594 [main] DEBUG com.github.dockerjava.zerodep.shaded.org.apache.hc.client5.http.headers - http-outgoing-0 >> User-Agent: tc-java/1.19.1
14:08:56.594 [main] DEBUG com.github.dockerjava.zerodep.shaded.org.apache.hc.client5.http.headers - http-outgoing-0 >> Accept-Encoding: gzip, x-gzip, deflate
14:08:56.594 [main] DEBUG com.github.dockerjava.zerodep.shaded.org.apache.hc.client5.http.headers - http-outgoing-0 >> Host: localhost:2375
14:08:56.594 [main] DEBUG com.github.dockerjava.zerodep.shaded.org.apache.hc.client5.http.headers - http-outgoing-0 >> Connection: keep-alive
14:08:56.594 [main] DEBUG com.github.dockerjava.zerodep.shaded.org.apache.hc.client5.http.wire - http-outgoing-0 >> "GET /v1.32/images/sha256:ec913eeff75a6b5ed284cf17e186213a466ec10a8f471798318ffa0813b5d828/json HTTP/1.1[\r][\n]"
14:08:56.594 [main] DEBUG com.github.dockerjava.zerodep.shaded.org.apache.hc.client5.http.wire - http-outgoing-0 >> "accept: application/json[\r][\n]"
14:08:56.595 [main] DEBUG com.github.dockerjava.zerodep.shaded.org.apache.hc.client5.http.wire - http-outgoing-0 >> "x-tc-sid: aadbe571-fa34-4edf-a0a5-ddf35f9fb4d8[\r][\n]"
14:08:56.595 [main] DEBUG com.github.dockerjava.zerodep.shaded.org.apache.hc.client5.http.wire - http-outgoing-0 >> "User-Agent: tc-java/1.19.1[\r][\n]"
14:08:56.595 [main] DEBUG com.github.dockerjava.zerodep.shaded.org.apache.hc.client5.http.wire - http-outgoing-0 >> "Accept-Encoding: gzip, x-gzip, deflate[\r][\n]"
14:08:56.595 [main] DEBUG com.github.dockerjava.zerodep.shaded.org.apache.hc.client5.http.wire - http-outgoing-0 >> "Host: localhost:2375[\r][\n]"
14:08:56.595 [main] DEBUG com.github.dockerjava.zerodep.shaded.org.apache.hc.client5.http.wire - http-outgoing-0 >> "Connection: keep-alive[\r][\n]"
14:08:56.595 [main] DEBUG com.github.dockerjava.zerodep.shaded.org.apache.hc.client5.http.wire - http-outgoing-0 >> "[\r][\n]"
14:08:56.600 [main] DEBUG com.github.dockerjava.zerodep.shaded.org.apache.hc.client5.http.wire - http-outgoing-0 << "HTTP/1.1 200 OK[\r][\n]"
14:08:56.601 [main] DEBUG com.github.dockerjava.zerodep.shaded.org.apache.hc.client5.http.wire - http-outgoing-0 << "Api-Version: 1.41[\r][\n]"
14:08:56.601 [main] DEBUG com.github.dockerjava.zerodep.shaded.org.apache.hc.client5.http.wire - http-outgoing-0 << "Content-Type: application/json[\r][\n]"
14:08:56.601 [main] DEBUG com.github.dockerjava.zerodep.shaded.org.apache.hc.client5.http.wire - http-outgoing-0 << "Date: Mon, 08 Jan 2024 13:08:56 GMT[\r][\n]"
14:08:56.601 [main] DEBUG com.github.dockerjava.zerodep.shaded.org.apache.hc.client5.http.wire - http-outgoing-0 << "Docker-Experimental: false[\r][\n]"
14:08:56.601 [main] DEBUG com.github.dockerjava.zerodep.shaded.org.apache.hc.client5.http.wire - http-outgoing-0 << "Ostype: linux[\r][\n]"
14:08:56.601 [main] DEBUG com.github.dockerjava.zerodep.shaded.org.apache.hc.client5.http.wire - http-outgoing-0 << "Server: Docker/20.10.24 (linux)[\r][\n]"
14:08:56.601 [main] DEBUG com.github.dockerjava.zerodep.shaded.org.apache.hc.client5.http.wire - http-outgoing-0 << "Transfer-Encoding: chunked[\r][\n]"
14:08:56.601 [main] DEBUG com.github.dockerjava.zerodep.shaded.org.apache.hc.client5.http.wire - http-outgoing-0 << "[\r][\n]"
14:08:56.601 [main] DEBUG com.github.dockerjava.zerodep.shaded.org.apache.hc.client5.http.headers - http-outgoing-0 << HTTP/1.1 200 OK
14:08:56.601 [main] DEBUG com.github.dockerjava.zerodep.shaded.org.apache.hc.client5.http.headers - http-outgoing-0 << Api-Version: 1.41
14:08:56.601 [main] DEBUG com.github.dockerjava.zerodep.shaded.org.apache.hc.client5.http.headers - http-outgoing-0 << Content-Type: application/json
14:08:56.601 [main] DEBUG com.github.dockerjava.zerodep.shaded.org.apache.hc.client5.http.headers - http-outgoing-0 << Date: Mon, 08 Jan 2024 13:08:56 GMT
14:08:56.601 [main] DEBUG com.github.dockerjava.zerodep.shaded.org.apache.hc.client5.http.headers - http-outgoing-0 << Docker-Experimental: false
14:08:56.601 [main] DEBUG com.github.dockerjava.zerodep.shaded.org.apache.hc.client5.http.headers - http-outgoing-0 << Ostype: linux
14:08:56.601 [main] DEBUG com.github.dockerjava.zerodep.shaded.org.apache.hc.client5.http.headers - http-outgoing-0 << Server: Docker/20.10.24 (linux)
14:08:56.602 [main] DEBUG com.github.dockerjava.zerodep.shaded.org.apache.hc.client5.http.headers - http-outgoing-0 << Transfer-Encoding: chunked
14:08:56.602 [main] DEBUG com.github.dockerjava.zerodep.shaded.org.apache.hc.client5.http.impl.classic.MainClientExec - ex-00000007: connection can be kept alive for 3 MINUTES
14:08:56.602 [main] DEBUG com.github.dockerjava.zerodep.shaded.org.apache.hc.client5.http.wire - http-outgoing-0 << "7d1[\r][\n]"
14:08:56.602 [main] DEBUG com.github.dockerjava.zerodep.shaded.org.apache.hc.client5.http.wire - http-outgoing-0 << "{"Id":"sha256:ec913eeff75a6b5ed284cf17e186213a466ec10a8f471798318ffa0813b5d828","RepoTags":["testcontainers/ryuk:0.5.1"],"RepoDigests":["testcontainers/ryuk@sha256:533abc56c07b52a26c955d1e7ae428d810582ab01c156384ae79960eb5fa0775"],"Parent":"","Comment":"buildkit.dockerfile.v0","Created":"2023-05-17T15:11:02.784684507Z","Container":"","ContainerConfig":{"Hostname":"","Domainname":"","User":"","AttachStdin":false,"AttachStdout":false,"AttachStderr":false,"Tty":false,"OpenStdin":false,"StdinOnce":false,"Env":null,"Cmd":null,"Image":"","Volumes":null,"WorkingDir":"","Entrypoint":null,"OnBuild":null,"Labels":null},"DockerVersion":"","Author":"","Config":{"Hostname":"","Domainname":"","User":"","AttachStdin":false,"AttachStdout":false,"AttachStderr":false,"Tty":false,"OpenStdin":false,"StdinOnce":false,"Env":["PATH=/usr/local/sbin:/usr/local/bin:/usr/sbin:/usr/bin:/sbin:/bin"],"Cmd":["/bin/ryuk"],"ArgsEscaped":true,"Image":"","Volumes":null,"WorkingDir":"","Entrypoint":null,"OnBuild":null,"Labels":{"org.testcontainers.ryuk":"true"}},"Architecture":"amd64","Os":"linux","Size":12695732,"VirtualSize":12695732,"GraphDriver":{"Data":{"LowerDir":"/var/lib/docker/overlay2/9b001f430e361dc920c3ef82b73e57fc55e1f79475134dfc0b5393828666bbf5/diff:/var/lib/docker/overlay2/c932c10c5ede374e35b0cc0269b39bf65b24c11feccf1385d4166bda8f4c7123/diff","MergedDir":"/var/lib/docker/overlay2/da3d5d2f10521c92f4be52aa6ee768a70ee230915c4b9a59503df15c548cbf6a/merged","UpperDir":"/var/lib/docker/overlay2/da3d5d2f10521c92f4be52aa6ee768a70ee230915c4b9a59503df15c548cbf6a/diff","WorkDir":"/var/lib/docker/overlay2/da3d5d2f10521c92f4be52aa6ee768a70ee230915c4b9a59503df15c548cbf6a/work"},"Name":"overlay2"},"RootFS":{"Type":"layers","Layers":["sha256:5bc340f6d4f5a3bc999dfbc790a0bdf0920b9103ef794645034de4260ee4e9c8","sha256:399f3aa1fc62064e0be857829b8e7284408be4b60db81996e105a78e2059e5c9","sha256:2ad1a08beb0cf8625d0ffd3d2847150709df6fdb34c6a2ef514106ad08c5d785"]},"Metadata":{"LastTagTime":"0001-01-01T00:00:00Z"}}[\n]"
14:08:56.602 [main] DEBUG com.github.dockerjava.zerodep.shaded.org.apache.hc.client5.http.wire - http-outgoing-0 << "[\r][\n]"
14:08:56.602 [main] DEBUG com.github.dockerjava.zerodep.shaded.org.apache.hc.client5.http.wire - http-outgoing-0 << "0[\r][\n]"
14:08:56.602 [main] DEBUG com.github.dockerjava.zerodep.shaded.org.apache.hc.client5.http.wire - http-outgoing-0 << "[\r][\n]"
14:08:56.610 [main] DEBUG com.github.dockerjava.zerodep.shaded.org.apache.hc.client5.http.impl.classic.InternalHttpClient - ep-00000006: releasing valid endpoint
14:08:56.610 [main] DEBUG com.github.dockerjava.zerodep.shaded.org.apache.hc.client5.http.impl.io.PoolingHttpClientConnectionManager - ep-00000006: releasing endpoint
14:08:56.610 [main] DEBUG com.github.dockerjava.zerodep.shaded.org.apache.hc.client5.http.impl.io.PoolingHttpClientConnectionManager - ep-00000006: connection http-outgoing-0 can be kept alive for 3 MINUTES
14:08:56.610 [main] DEBUG com.github.dockerjava.zerodep.shaded.org.apache.hc.client5.http.impl.io.PoolingHttpClientConnectionManager - ep-00000006: connection released [route: {}->unix://localhost:2375][total available: 1; route allocated: 1 of 2147483647; total allocated: 1 of 2147483647]
14:08:56.611 [main] DEBUG org.testcontainers.shaded.com.github.dockerjava.core.command.AbstrDockerCmd - Cmd: 
14:08:56.611 [main] DEBUG com.github.dockerjava.zerodep.shaded.org.apache.hc.client5.http.impl.classic.InternalHttpClient - ex-00000008: preparing request execution
14:08:56.611 [main] DEBUG com.github.dockerjava.zerodep.shaded.org.apache.hc.client5.http.protocol.RequestAddCookies - Cookie spec selected: strict
14:08:56.611 [main] DEBUG com.github.dockerjava.zerodep.shaded.org.apache.hc.client5.http.protocol.RequestAuthCache - Auth cache not set in the context
14:08:56.611 [main] DEBUG com.github.dockerjava.zerodep.shaded.org.apache.hc.client5.http.impl.classic.ProtocolExec - ex-00000008: target auth state: UNCHALLENGED
14:08:56.611 [main] DEBUG com.github.dockerjava.zerodep.shaded.org.apache.hc.client5.http.impl.classic.ProtocolExec - ex-00000008: proxy auth state: UNCHALLENGED
14:08:56.611 [main] DEBUG com.github.dockerjava.zerodep.shaded.org.apache.hc.client5.http.impl.classic.ConnectExec - ex-00000008: acquiring connection with route {}->unix://localhost:2375
14:08:56.611 [main] DEBUG com.github.dockerjava.zerodep.shaded.org.apache.hc.client5.http.impl.classic.InternalHttpClient - ex-00000008: acquiring endpoint (3 MINUTES)
14:08:56.612 [main] DEBUG com.github.dockerjava.zerodep.shaded.org.apache.hc.client5.http.impl.io.PoolingHttpClientConnectionManager - ex-00000008: endpoint lease request (3 MINUTES) [route: {}->unix://localhost:2375][total available: 1; route allocated: 1 of 2147483647; total allocated: 1 of 2147483647]
14:08:56.612 [main] DEBUG com.github.dockerjava.zerodep.shaded.org.apache.hc.client5.http.impl.io.PoolingHttpClientConnectionManager - ex-00000008: endpoint leased [route: {}->unix://localhost:2375][total available: 0; route allocated: 1 of 2147483647; total allocated: 1 of 2147483647]
14:08:56.612 [main] DEBUG com.github.dockerjava.zerodep.shaded.org.apache.hc.client5.http.impl.io.PoolingHttpClientConnectionManager - ex-00000008: acquired ep-00000007
14:08:56.612 [main] DEBUG com.github.dockerjava.zerodep.shaded.org.apache.hc.client5.http.impl.classic.InternalHttpClient - ex-00000008: acquired endpoint ep-00000007
14:08:56.612 [main] DEBUG com.github.dockerjava.zerodep.shaded.org.apache.hc.client5.http.impl.classic.MainClientExec - ex-00000008: executing GET /v1.32/version HTTP/1.1
14:08:56.612 [main] DEBUG com.github.dockerjava.zerodep.shaded.org.apache.hc.client5.http.impl.classic.InternalHttpClient - ep-00000007: start execution ex-00000008
14:08:56.612 [main] DEBUG com.github.dockerjava.zerodep.shaded.org.apache.hc.client5.http.impl.io.PoolingHttpClientConnectionManager - ep-00000007: executing exchange ex-00000008 over http-outgoing-0
14:08:56.613 [main] DEBUG com.github.dockerjava.zerodep.shaded.org.apache.hc.client5.http.headers - http-outgoing-0 >> GET /v1.32/version HTTP/1.1
14:08:56.613 [main] DEBUG com.github.dockerjava.zerodep.shaded.org.apache.hc.client5.http.headers - http-outgoing-0 >> accept: application/json
14:08:56.613 [main] DEBUG com.github.dockerjava.zerodep.shaded.org.apache.hc.client5.http.headers - http-outgoing-0 >> x-tc-sid: aadbe571-fa34-4edf-a0a5-ddf35f9fb4d8
14:08:56.613 [main] DEBUG com.github.dockerjava.zerodep.shaded.org.apache.hc.client5.http.headers - http-outgoing-0 >> User-Agent: tc-java/1.19.1
14:08:56.613 [main] DEBUG com.github.dockerjava.zerodep.shaded.org.apache.hc.client5.http.headers - http-outgoing-0 >> Accept-Encoding: gzip, x-gzip, deflate
14:08:56.613 [main] DEBUG com.github.dockerjava.zerodep.shaded.org.apache.hc.client5.http.headers - http-outgoing-0 >> Host: localhost:2375
14:08:56.613 [main] DEBUG com.github.dockerjava.zerodep.shaded.org.apache.hc.client5.http.headers - http-outgoing-0 >> Connection: keep-alive
14:08:56.614 [main] DEBUG com.github.dockerjava.zerodep.shaded.org.apache.hc.client5.http.wire - http-outgoing-0 >> "GET /v1.32/version HTTP/1.1[\r][\n]"
14:08:56.614 [main] DEBUG com.github.dockerjava.zerodep.shaded.org.apache.hc.client5.http.wire - http-outgoing-0 >> "accept: application/json[\r][\n]"
14:08:56.614 [main] DEBUG com.github.dockerjava.zerodep.shaded.org.apache.hc.client5.http.wire - http-outgoing-0 >> "x-tc-sid: aadbe571-fa34-4edf-a0a5-ddf35f9fb4d8[\r][\n]"
14:08:56.614 [main] DEBUG com.github.dockerjava.zerodep.shaded.org.apache.hc.client5.http.wire - http-outgoing-0 >> "User-Agent: tc-java/1.19.1[\r][\n]"
14:08:56.614 [main] DEBUG com.github.dockerjava.zerodep.shaded.org.apache.hc.client5.http.wire - http-outgoing-0 >> "Accept-Encoding: gzip, x-gzip, deflate[\r][\n]"
14:08:56.614 [main] DEBUG com.github.dockerjava.zerodep.shaded.org.apache.hc.client5.http.wire - http-outgoing-0 >> "Host: localhost:2375[\r][\n]"
14:08:56.614 [main] DEBUG com.github.dockerjava.zerodep.shaded.org.apache.hc.client5.http.wire - http-outgoing-0 >> "Connection: keep-alive[\r][\n]"
14:08:56.614 [main] DEBUG com.github.dockerjava.zerodep.shaded.org.apache.hc.client5.http.wire - http-outgoing-0 >> "[\r][\n]"
14:08:56.627 [main] DEBUG com.github.dockerjava.zerodep.shaded.org.apache.hc.client5.http.wire - http-outgoing-0 << "HTTP/1.1 200 OK[\r][\n]"
14:08:56.627 [main] DEBUG com.github.dockerjava.zerodep.shaded.org.apache.hc.client5.http.wire - http-outgoing-0 << "Api-Version: 1.41[\r][\n]"
14:08:56.627 [main] DEBUG com.github.dockerjava.zerodep.shaded.org.apache.hc.client5.http.wire - http-outgoing-0 << "Content-Type: application/json[\r][\n]"
14:08:56.627 [main] DEBUG com.github.dockerjava.zerodep.shaded.org.apache.hc.client5.http.wire - http-outgoing-0 << "Date: Mon, 08 Jan 2024 13:08:56 GMT[\r][\n]"
14:08:56.627 [main] DEBUG com.github.dockerjava.zerodep.shaded.org.apache.hc.client5.http.wire - http-outgoing-0 << "Docker-Experimental: false[\r][\n]"
14:08:56.627 [main] DEBUG com.github.dockerjava.zerodep.shaded.org.apache.hc.client5.http.wire - http-outgoing-0 << "Ostype: linux[\r][\n]"
14:08:56.627 [main] DEBUG com.github.dockerjava.zerodep.shaded.org.apache.hc.client5.http.wire - http-outgoing-0 << "Server: Docker/20.10.24 (linux)[\r][\n]"
14:08:56.627 [main] DEBUG com.github.dockerjava.zerodep.shaded.org.apache.hc.client5.http.wire - http-outgoing-0 << "Transfer-Encoding: chunked[\r][\n]"
14:08:56.627 [main] DEBUG com.github.dockerjava.zerodep.shaded.org.apache.hc.client5.http.wire - http-outgoing-0 << "[\r][\n]"
14:08:56.628 [main] DEBUG com.github.dockerjava.zerodep.shaded.org.apache.hc.client5.http.headers - http-outgoing-0 << HTTP/1.1 200 OK
14:08:56.628 [main] DEBUG com.github.dockerjava.zerodep.shaded.org.apache.hc.client5.http.headers - http-outgoing-0 << Api-Version: 1.41
14:08:56.628 [main] DEBUG com.github.dockerjava.zerodep.shaded.org.apache.hc.client5.http.headers - http-outgoing-0 << Content-Type: application/json
14:08:56.628 [main] DEBUG com.github.dockerjava.zerodep.shaded.org.apache.hc.client5.http.headers - http-outgoing-0 << Date: Mon, 08 Jan 2024 13:08:56 GMT
14:08:56.628 [main] DEBUG com.github.dockerjava.zerodep.shaded.org.apache.hc.client5.http.headers - http-outgoing-0 << Docker-Experimental: false
14:08:56.628 [main] DEBUG com.github.dockerjava.zerodep.shaded.org.apache.hc.client5.http.headers - http-outgoing-0 << Ostype: linux
14:08:56.628 [main] DEBUG com.github.dockerjava.zerodep.shaded.org.apache.hc.client5.http.headers - http-outgoing-0 << Server: Docker/20.10.24 (linux)
14:08:56.628 [main] DEBUG com.github.dockerjava.zerodep.shaded.org.apache.hc.client5.http.headers - http-outgoing-0 << Transfer-Encoding: chunked
14:08:56.628 [main] DEBUG com.github.dockerjava.zerodep.shaded.org.apache.hc.client5.http.impl.classic.MainClientExec - ex-00000008: connection can be kept alive for 3 MINUTES
14:08:56.628 [main] DEBUG com.github.dockerjava.zerodep.shaded.org.apache.hc.client5.http.wire - http-outgoing-0 << "33d[\r][\n]"
14:08:56.628 [main] DEBUG com.github.dockerjava.zerodep.shaded.org.apache.hc.client5.http.wire - http-outgoing-0 << "{"Platform":{"Name":"Docker Desktop 4.18.0 (104112)"},"Components":[{"Name":"Engine","Version":"20.10.24","Details":{"ApiVersion":"1.41","Arch":"amd64","BuildTime":"2023-04-04T18:18:42.000000000+00:00","Experimental":"false","GitCommit":"5d6db84","GoVersion":"go1.19.7","KernelVersion":"5.15.49-linuxkit","MinAPIVersion":"1.12","Os":"linux"}},{"Name":"containerd","Version":"1.6.18","Details":{"GitCommit":"2456e983eb9e37e47538f59ea18f2043c9a73640"}},{"Name":"runc","Version":"1.1.4","Details":{"GitCommit":"v1.1.4-0-g5fd4c4d"}},{"Name":"docker-init","Version":"0.19.0","Details":{"GitCommit":"de40ad0"}}],"Version":"20.10.24","ApiVersion":"1.41","MinAPIVersion":"1.12","GitCommit":"5d6db84","GoVersion":"go1.19.7","Os":"linux","Arch":"amd64","KernelVersion":"5.15.49-linuxkit","BuildTime":"2023-04-04T18:18:42.000000000+00:00"}[\n]"
14:08:56.628 [main] DEBUG com.github.dockerjava.zerodep.shaded.org.apache.hc.client5.http.wire - http-outgoing-0 << "[\r][\n]"
14:08:56.628 [main] DEBUG com.github.dockerjava.zerodep.shaded.org.apache.hc.client5.http.wire - http-outgoing-0 << "0[\r][\n]"
14:08:56.629 [main] DEBUG com.github.dockerjava.zerodep.shaded.org.apache.hc.client5.http.wire - http-outgoing-0 << "[\r][\n]"
14:08:56.630 [main] DEBUG com.github.dockerjava.zerodep.shaded.org.apache.hc.client5.http.impl.classic.InternalHttpClient - ep-00000007: releasing valid endpoint
14:08:56.630 [main] DEBUG com.github.dockerjava.zerodep.shaded.org.apache.hc.client5.http.impl.io.PoolingHttpClientConnectionManager - ep-00000007: releasing endpoint
14:08:56.630 [main] DEBUG com.github.dockerjava.zerodep.shaded.org.apache.hc.client5.http.impl.io.PoolingHttpClientConnectionManager - ep-00000007: connection http-outgoing-0 can be kept alive for 3 MINUTES
14:08:56.630 [main] DEBUG com.github.dockerjava.zerodep.shaded.org.apache.hc.client5.http.impl.io.PoolingHttpClientConnectionManager - ep-00000007: connection released [route: {}->unix://localhost:2375][total available: 1; route allocated: 1 of 2147483647; total allocated: 1 of 2147483647]
14:08:56.636 [docker-java-stream-418038700] DEBUG com.github.dockerjava.zerodep.shaded.org.apache.hc.client5.http.impl.classic.InternalHttpClient - ex-00000009: preparing request execution
14:08:56.636 [docker-java-stream-418038700] DEBUG com.github.dockerjava.zerodep.shaded.org.apache.hc.client5.http.protocol.RequestAddCookies - Cookie spec selected: strict
14:08:56.636 [docker-java-stream-418038700] DEBUG com.github.dockerjava.zerodep.shaded.org.apache.hc.client5.http.protocol.RequestAuthCache - Auth cache not set in the context
14:08:56.636 [docker-java-stream-418038700] DEBUG com.github.dockerjava.zerodep.shaded.org.apache.hc.client5.http.impl.classic.ProtocolExec - ex-00000009: target auth state: UNCHALLENGED
14:08:56.636 [docker-java-stream-418038700] DEBUG com.github.dockerjava.zerodep.shaded.org.apache.hc.client5.http.impl.classic.ProtocolExec - ex-00000009: proxy auth state: UNCHALLENGED
14:08:56.636 [docker-java-stream-418038700] DEBUG com.github.dockerjava.zerodep.shaded.org.apache.hc.client5.http.impl.classic.ConnectExec - ex-00000009: acquiring connection with route {}->unix://localhost:2375
14:08:56.636 [docker-java-stream-418038700] DEBUG com.github.dockerjava.zerodep.shaded.org.apache.hc.client5.http.impl.classic.InternalHttpClient - ex-00000009: acquiring endpoint (3 MINUTES)
14:08:56.636 [docker-java-stream-418038700] DEBUG com.github.dockerjava.zerodep.shaded.org.apache.hc.client5.http.impl.io.PoolingHttpClientConnectionManager - ex-00000009: endpoint lease request (3 MINUTES) [route: {}->unix://localhost:2375][total available: 1; route allocated: 1 of 2147483647; total allocated: 1 of 2147483647]
14:08:56.637 [docker-java-stream-418038700] DEBUG com.github.dockerjava.zerodep.shaded.org.apache.hc.client5.http.impl.io.PoolingHttpClientConnectionManager - ex-00000009: endpoint leased [route: {}->unix://localhost:2375][total available: 0; route allocated: 1 of 2147483647; total allocated: 1 of 2147483647]
14:08:56.637 [docker-java-stream-418038700] DEBUG com.github.dockerjava.zerodep.shaded.org.apache.hc.client5.http.impl.io.PoolingHttpClientConnectionManager - ex-00000009: acquired ep-00000008
14:08:56.637 [docker-java-stream-418038700] DEBUG com.github.dockerjava.zerodep.shaded.org.apache.hc.client5.http.impl.classic.InternalHttpClient - ex-00000009: acquired endpoint ep-00000008
14:08:56.637 [docker-java-stream-418038700] DEBUG com.github.dockerjava.zerodep.shaded.org.apache.hc.client5.http.impl.classic.MainClientExec - ex-00000009: executing GET /v1.32/containers/8420459959ac655cfcf1fcda65af19f41a710f449359966b16a054a74c3e7ff7/logs?stdout=true&stderr=true&follow=true&since=0 HTTP/1.1
14:08:56.637 [docker-java-stream-418038700] DEBUG com.github.dockerjava.zerodep.shaded.org.apache.hc.client5.http.impl.classic.InternalHttpClient - ep-00000008: start execution ex-00000009
14:08:56.637 [docker-java-stream-418038700] DEBUG com.github.dockerjava.zerodep.shaded.org.apache.hc.client5.http.impl.io.PoolingHttpClientConnectionManager - ep-00000008: executing exchange ex-00000009 over http-outgoing-0
14:08:56.637 [docker-java-stream-418038700] DEBUG com.github.dockerjava.zerodep.shaded.org.apache.hc.client5.http.headers - http-outgoing-0 >> GET /v1.32/containers/8420459959ac655cfcf1fcda65af19f41a710f449359966b16a054a74c3e7ff7/logs?stdout=true&stderr=true&follow=true&since=0 HTTP/1.1
14:08:56.637 [docker-java-stream-418038700] DEBUG com.github.dockerjava.zerodep.shaded.org.apache.hc.client5.http.headers - http-outgoing-0 >> x-tc-sid: aadbe571-fa34-4edf-a0a5-ddf35f9fb4d8
14:08:56.637 [docker-java-stream-418038700] DEBUG com.github.dockerjava.zerodep.shaded.org.apache.hc.client5.http.headers - http-outgoing-0 >> User-Agent: tc-java/1.19.1
14:08:56.637 [docker-java-stream-418038700] DEBUG com.github.dockerjava.zerodep.shaded.org.apache.hc.client5.http.headers - http-outgoing-0 >> Accept-Encoding: gzip, x-gzip, deflate
14:08:56.637 [docker-java-stream-418038700] DEBUG com.github.dockerjava.zerodep.shaded.org.apache.hc.client5.http.headers - http-outgoing-0 >> Host: localhost:2375
14:08:56.637 [docker-java-stream-418038700] DEBUG com.github.dockerjava.zerodep.shaded.org.apache.hc.client5.http.headers - http-outgoing-0 >> Connection: keep-alive
14:08:56.637 [docker-java-stream-418038700] DEBUG com.github.dockerjava.zerodep.shaded.org.apache.hc.client5.http.wire - http-outgoing-0 >> "GET /v1.32/containers/8420459959ac655cfcf1fcda65af19f41a710f449359966b16a054a74c3e7ff7/logs?stdout=true&stderr=true&follow=true&since=0 HTTP/1.1[\r][\n]"
14:08:56.637 [docker-java-stream-418038700] DEBUG com.github.dockerjava.zerodep.shaded.org.apache.hc.client5.http.wire - http-outgoing-0 >> "x-tc-sid: aadbe571-fa34-4edf-a0a5-ddf35f9fb4d8[\r][\n]"
14:08:56.637 [docker-java-stream-418038700] DEBUG com.github.dockerjava.zerodep.shaded.org.apache.hc.client5.http.wire - http-outgoing-0 >> "User-Agent: tc-java/1.19.1[\r][\n]"
14:08:56.637 [docker-java-stream-418038700] DEBUG com.github.dockerjava.zerodep.shaded.org.apache.hc.client5.http.wire - http-outgoing-0 >> "Accept-Encoding: gzip, x-gzip, deflate[\r][\n]"
14:08:56.637 [docker-java-stream-418038700] DEBUG com.github.dockerjava.zerodep.shaded.org.apache.hc.client5.http.wire - http-outgoing-0 >> "Host: localhost:2375[\r][\n]"
14:08:56.637 [docker-java-stream-418038700] DEBUG com.github.dockerjava.zerodep.shaded.org.apache.hc.client5.http.wire - http-outgoing-0 >> "Connection: keep-alive[\r][\n]"
14:08:56.637 [docker-java-stream-418038700] DEBUG com.github.dockerjava.zerodep.shaded.org.apache.hc.client5.http.wire - http-outgoing-0 >> "[\r][\n]"
14:08:56.641 [docker-java-stream-418038700] DEBUG com.github.dockerjava.zerodep.shaded.org.apache.hc.client5.http.wire - http-outgoing-0 << "HTTP/1.1 200 OK[\r][\n]"
14:08:56.641 [docker-java-stream-418038700] DEBUG com.github.dockerjava.zerodep.shaded.org.apache.hc.client5.http.wire - http-outgoing-0 << "Api-Version: 1.41[\r][\n]"
14:08:56.641 [docker-java-stream-418038700] DEBUG com.github.dockerjava.zerodep.shaded.org.apache.hc.client5.http.wire - http-outgoing-0 << "Date: Mon, 08 Jan 2024 13:08:56 GMT[\r][\n]"
14:08:56.641 [docker-java-stream-418038700] DEBUG com.github.dockerjava.zerodep.shaded.org.apache.hc.client5.http.wire - http-outgoing-0 << "Docker-Experimental: false[\r][\n]"
14:08:56.641 [docker-java-stream-418038700] DEBUG com.github.dockerjava.zerodep.shaded.org.apache.hc.client5.http.wire - http-outgoing-0 << "Ostype: linux[\r][\n]"
14:08:56.641 [docker-java-stream-418038700] DEBUG com.github.dockerjava.zerodep.shaded.org.apache.hc.client5.http.wire - http-outgoing-0 << "Server: Docker/20.10.24 (linux)[\r][\n]"
14:08:56.641 [docker-java-stream-418038700] DEBUG com.github.dockerjava.zerodep.shaded.org.apache.hc.client5.http.wire - http-outgoing-0 << "Transfer-Encoding: chunked[\r][\n]"
14:08:56.641 [docker-java-stream-418038700] DEBUG com.github.dockerjava.zerodep.shaded.org.apache.hc.client5.http.wire - http-outgoing-0 << "[\r][\n]"
14:08:56.641 [docker-java-stream-418038700] DEBUG com.github.dockerjava.zerodep.shaded.org.apache.hc.client5.http.wire - http-outgoing-0 << "c0[\r][\n]"
14:08:56.642 [docker-java-stream-418038700] DEBUG com.github.dockerjava.zerodep.shaded.org.apache.hc.client5.http.wire - http-outgoing-0 << "[0x2][0x0][0x0][0x0][0x0][0x0][0x0]&2024/01/08 13:08:56 Pinging Docker...[\n]"
14:08:56.642 [docker-java-stream-418038700] DEBUG com.github.dockerjava.zerodep.shaded.org.apache.hc.client5.http.wire - http-outgoing-0 << "[0x2][0x0][0x0][0x0][0x0][0x0][0x0]02024/01/08 13:08:56 Docker daemon is available![\n]"
14:08:56.642 [docker-java-stream-418038700] DEBUG com.github.dockerjava.zerodep.shaded.org.apache.hc.client5.http.wire - http-outgoing-0 << "[0x2][0x0][0x0][0x0][0x0][0x0][0x0]-2024/01/08 13:08:56 Starting on port 8080...[\n]"
14:08:56.642 [docker-java-stream-418038700] DEBUG com.github.dockerjava.zerodep.shaded.org.apache.hc.client5.http.wire - http-outgoing-0 << "[0x2][0x0][0x0][0x0][0x0][0x0][0x0][0x1d]2024/01/08 13:08:56 Started![\n]"
14:08:56.642 [docker-java-stream-418038700] DEBUG com.github.dockerjava.zerodep.shaded.org.apache.hc.client5.http.wire - http-outgoing-0 << "[\r][\n]"
14:08:56.642 [docker-java-stream-418038700] DEBUG com.github.dockerjava.zerodep.shaded.org.apache.hc.client5.http.headers - http-outgoing-0 << HTTP/1.1 200 OK
14:08:56.642 [docker-java-stream-418038700] DEBUG com.github.dockerjava.zerodep.shaded.org.apache.hc.client5.http.headers - http-outgoing-0 << Api-Version: 1.41
14:08:56.642 [docker-java-stream-418038700] DEBUG com.github.dockerjava.zerodep.shaded.org.apache.hc.client5.http.headers - http-outgoing-0 << Date: Mon, 08 Jan 2024 13:08:56 GMT
14:08:56.642 [docker-java-stream-418038700] DEBUG com.github.dockerjava.zerodep.shaded.org.apache.hc.client5.http.headers - http-outgoing-0 << Docker-Experimental: false
14:08:56.642 [docker-java-stream-418038700] DEBUG com.github.dockerjava.zerodep.shaded.org.apache.hc.client5.http.headers - http-outgoing-0 << Ostype: linux
14:08:56.642 [docker-java-stream-418038700] DEBUG com.github.dockerjava.zerodep.shaded.org.apache.hc.client5.http.headers - http-outgoing-0 << Server: Docker/20.10.24 (linux)
14:08:56.642 [docker-java-stream-418038700] DEBUG com.github.dockerjava.zerodep.shaded.org.apache.hc.client5.http.headers - http-outgoing-0 << Transfer-Encoding: chunked
14:08:56.642 [docker-java-stream-418038700] DEBUG com.github.dockerjava.zerodep.shaded.org.apache.hc.client5.http.impl.classic.MainClientExec - ex-00000009: connection can be kept alive for 3 MINUTES
14:08:56.644 [main] DEBUG org.testcontainers.containers.output.WaitingConsumer - STDERR: 2024/01/08 13:08:56 Pinging Docker...
14:08:56.644 [main] DEBUG org.testcontainers.containers.output.WaitingConsumer - STDERR: 2024/01/08 13:08:56 Started!
14:08:56.646 [main] DEBUG com.github.dockerjava.zerodep.shaded.org.apache.hc.client5.http.impl.classic.InternalHttpClient - ep-00000008: cancel
14:08:56.646 [docker-java-stream-418038700] DEBUG com.github.dockerjava.zerodep.shaded.org.apache.hc.client5.http.wire - http-outgoing-0 << "[read] I/O error: null"
14:08:56.647 [docker-java-stream-418038700] DEBUG com.github.dockerjava.zerodep.shaded.org.apache.hc.client5.http.wire - http-outgoing-0 << "[read] I/O error: null"
14:08:56.647 [main] DEBUG com.github.dockerjava.zerodep.shaded.org.apache.hc.client5.http.impl.io.DefaultManagedHttpClientConnection - http-outgoing-0: close connection IMMEDIATE
14:08:56.648 [main] DEBUG com.github.dockerjava.zerodep.shaded.org.apache.hc.client5.http.impl.classic.InternalHttpClient - ep-00000008: endpoint closed
14:08:56.648 [main] DEBUG com.github.dockerjava.zerodep.shaded.org.apache.hc.client5.http.impl.classic.InternalHttpClient - ep-00000008: discarding endpoint
14:08:56.648 [main] DEBUG com.github.dockerjava.zerodep.shaded.org.apache.hc.client5.http.impl.io.PoolingHttpClientConnectionManager - ep-00000008: releasing endpoint
14:08:56.648 [main] DEBUG com.github.dockerjava.zerodep.shaded.org.apache.hc.client5.http.impl.io.PoolingHttpClientConnectionManager - ep-00000008: connection is not kept alive
14:08:56.648 [main] DEBUG com.github.dockerjava.zerodep.shaded.org.apache.hc.client5.http.impl.io.PoolingHttpClientConnectionManager - ep-00000008: connection released [route: {}->unix://localhost:2375][total available: 0; route allocated: 0 of 2147483647; total allocated: 0 of 2147483647]
14:08:56.648 [main] INFO tc.testcontainers/ryuk:0.5.1 - Container testcontainers/ryuk:0.5.1 started in PT1.168199S
14:08:56.647 [docker-java-stream-418038700] DEBUG com.github.dockerjava.zerodep.ApacheDockerHttpClientImpl$ApacheResponse - Failed to close the response
java.nio.channels.ClosedChannelException: null
	at java.base/sun.nio.ch.SocketChannelImpl.ensureOpenAndConnected(SocketChannelImpl.java:215)
	at java.base/sun.nio.ch.SocketChannelImpl.read(SocketChannelImpl.java:403)
	at java.base/sun.nio.ch.ChannelInputStream.read(ChannelInputStream.java:59)
	at java.base/sun.nio.ch.ChannelInputStream.read(ChannelInputStream.java:107)
	at java.base/sun.nio.ch.ChannelInputStream.read(ChannelInputStream.java:101)
	at com.github.dockerjava.zerodep.shaded.org.apache.hc.client5.http.impl.io.LoggingInputStream.read(LoggingInputStream.java:81)
	at com.github.dockerjava.zerodep.shaded.org.apache.hc.core5.http.impl.io.SessionInputBufferImpl.fillBuffer(SessionInputBufferImpl.java:149)
	at com.github.dockerjava.zerodep.shaded.org.apache.hc.core5.http.impl.io.SessionInputBufferImpl.readLine(SessionInputBufferImpl.java:280)
	at com.github.dockerjava.zerodep.shaded.org.apache.hc.core5.http.impl.io.ChunkedInputStream.getChunkSize(ChunkedInputStream.java:261)
	at com.github.dockerjava.zerodep.shaded.org.apache.hc.core5.http.impl.io.ChunkedInputStream.nextChunk(ChunkedInputStream.java:222)
	at com.github.dockerjava.zerodep.shaded.org.apache.hc.core5.http.impl.io.ChunkedInputStream.read(ChunkedInputStream.java:147)
	at com.github.dockerjava.zerodep.shaded.org.apache.hc.core5.http.impl.io.ChunkedInputStream.close(ChunkedInputStream.java:314)
	at com.github.dockerjava.zerodep.shaded.org.apache.hc.core5.io.Closer.close(Closer.java:48)
	at com.github.dockerjava.zerodep.shaded.org.apache.hc.core5.http.impl.io.IncomingHttpEntity.close(IncomingHttpEntity.java:111)
	at com.github.dockerjava.zerodep.shaded.org.apache.hc.core5.http.io.entity.HttpEntityWrapper.close(HttpEntityWrapper.java:120)
	at com.github.dockerjava.zerodep.shaded.org.apache.hc.core5.io.Closer.close(Closer.java:48)
	at com.github.dockerjava.zerodep.shaded.org.apache.hc.core5.http.message.BasicClassicHttpResponse.close(BasicClassicHttpResponse.java:93)
	at com.github.dockerjava.zerodep.shaded.org.apache.hc.client5.http.impl.classic.CloseableHttpResponse.close(CloseableHttpResponse.java:200)
	at com.github.dockerjava.zerodep.ApacheDockerHttpClientImpl$ApacheResponse.close(ApacheDockerHttpClientImpl.java:256)
	at org.testcontainers.shaded.com.github.dockerjava.core.DefaultInvocationBuilder.lambda$executeAndStream$1(DefaultInvocationBuilder.java:277)
	at java.base/java.lang.Thread.run(Thread.java:840)
14:08:56.655 [testcontainers-ryuk] DEBUG org.testcontainers.utility.ResourceReaper - Sending 'label=org.testcontainers%3Dtrue&label=org.testcontainers.lang%3Djava&label=org.testcontainers.version%3D1.19.1&label=org.testcontainers.sessionId%3Daadbe571-fa34-4edf-a0a5-ddf35f9fb4d8' to Ryuk
14:08:56.658 [testcontainers-ryuk] DEBUG org.testcontainers.utility.RyukResourceReaper - Received 'ACK' from Ryuk
14:08:56.658 [main] INFO org.testcontainers.utility.RyukResourceReaper - Ryuk started - will monitor and terminate Testcontainers containers on JVM exit
14:08:56.659 [main] DEBUG org.testcontainers.DockerClientFactory - Checks are enabled
14:08:56.659 [main] INFO org.testcontainers.DockerClientFactory - Checking the system...
14:08:56.659 [main] INFO org.testcontainers.DockerClientFactory - ✔︎ Docker server version should be at least 1.6.0
14:08:56.660 [main] DEBUG org.testcontainers.utility.PrefixingImageNameSubstitutor - No prefix is configured
14:08:56.660 [main] DEBUG org.testcontainers.utility.ImageNameSubstitutor - Did not find a substitute image for localstack/localstack-pro:latest (using image substitutor: DefaultImageNameSubstitutor (composite of 'ConfigurationFileImageNameSubstitutor' and 'PrefixingImageNameSubstitutor'))
14:08:56.660 [main] DEBUG org.testcontainers.images.AbstractImagePullPolicy - Using locally available and not pulling image: localstack/localstack-pro:latest
14:08:56.660 [main] INFO tc.localstack/localstack-pro:latest - LOCALSTACK_HOST environment variable set to localhost (to match host-routable address for container)
14:08:56.660 [main] DEBUG tc.localstack/localstack-pro:latest - Starting container: localstack/localstack-pro:latest
14:08:56.660 [main] DEBUG tc.localstack/localstack-pro:latest - Trying to start container: localstack/localstack-pro:latest (attempt 1/1)
14:08:56.660 [main] DEBUG tc.localstack/localstack-pro:latest - Starting container: localstack/localstack-pro:latest
14:08:56.660 [main] INFO tc.localstack/localstack-pro:latest - Creating container for image: localstack/localstack-pro:latest
14:08:56.661 [main] DEBUG org.testcontainers.utility.RegistryAuthLocator - Looking up auth config for image: localstack/localstack-pro:latest at registry: https://index.docker.io/v1/
14:08:56.661 [main] DEBUG org.testcontainers.utility.RegistryAuthLocator - No matching Auth Configs - falling back to defaultAuthConfig [AuthConfig{username=null, password=blank, auth=blank, email=null, registryAddress=https://index.docker.io/v1/, registryToken=blank}]
14:08:56.661 [main] DEBUG org.testcontainers.dockerclient.AuthDelegatingDockerClientConfig - Effective auth config [AuthConfig{username=null, password=blank, auth=blank, email=null, registryAddress=https://index.docker.io/v1/, registryToken=blank}]
14:08:56.662 [main] DEBUG org.testcontainers.utility.PrefixingImageNameSubstitutor - No prefix is configured
14:08:56.662 [main] DEBUG org.testcontainers.utility.ImageNameSubstitutor - Did not find a substitute image for alpine:3.16 (using image substitutor: DefaultImageNameSubstitutor (composite of 'ConfigurationFileImageNameSubstitutor' and 'PrefixingImageNameSubstitutor'))
14:08:56.662 [main] DEBUG org.testcontainers.images.AbstractImagePullPolicy - Using locally available and not pulling image: alpine:3.16
14:08:56.662 [main] DEBUG org.testcontainers.utility.RegistryAuthLocator - Looking up auth config for image: alpine:3.16 at registry: https://index.docker.io/v1/
14:08:56.663 [main] DEBUG org.testcontainers.utility.RegistryAuthLocator - No matching Auth Configs - falling back to defaultAuthConfig [AuthConfig{username=null, password=blank, auth=blank, email=null, registryAddress=https://index.docker.io/v1/, registryToken=blank}]
14:08:56.663 [main] DEBUG org.testcontainers.dockerclient.AuthDelegatingDockerClientConfig - Effective auth config [AuthConfig{username=null, password=blank, auth=blank, email=null, registryAddress=https://index.docker.io/v1/, registryToken=blank}]
14:08:56.665 [main] DEBUG org.testcontainers.utility.MountableFile - Copying classpath resource(s) from jar:file:/Users/anca/.m2/repository/org/testcontainers/testcontainers/1.19.1/testcontainers-1.19.1.jar!/org/testcontainers/utility/ResourceReaper.class to /tmp/.testcontainers-tmp-16781690867614490955 to permit Docker to bind
14:08:56.665 [main] DEBUG org.testcontainers.utility.MountableFile - Copying resource org/testcontainers/utility/ResourceReaper.class from JAR file /Users/anca/.m2/repository/org/testcontainers/testcontainers/1.19.1/testcontainers-1.19.1.jar
14:08:56.677 [main] DEBUG org.testcontainers.shaded.com.github.dockerjava.core.command.AbstrDockerCmd - Cmd: org.testcontainers.shaded.com.github.dockerjava.core.command.CreateContainerCmdImpl@99a65d3[aliases=<null>,argsEscaped=<null>,attachStderr=<null>,attachStdin=<null>,attachStdout=<null>,authConfig=AuthConfig(username=null, email=null, registryAddress=https://index.docker.io/v1/, stackOrchestrator=null),cmd=<null>,domainName=<null>,entrypoint=<null>,env=<null>,exposedPorts=ExposedPorts(exposedPorts=[]),healthcheck=<null>,hostConfig=HostConfig(binds=[/private/tmp/.testcontainers-tmp-16781690867614490955:/dummy:ro], blkioWeight=null, blkioWeightDevice=null, blkioDeviceReadBps=null, blkioDeviceWriteBps=null, blkioDeviceReadIOps=null, blkioDeviceWriteIOps=null, memorySwappiness=null, nanoCPUs=null, capAdd=null, capDrop=null, containerIDFile=null, cpuPeriod=null, cpuRealtimePeriod=null, cpuRealtimeRuntime=null, cpuShares=null, cpuQuota=null, cpusetCpus=null, cpusetMems=null, devices=null, deviceCgroupRules=null, deviceRequests=null, diskQuota=null, dns=null, dnsOptions=null, dnsSearch=null, extraHosts=null, groupAdd=null, ipcMode=null, cgroup=null, links=[], logConfig=LogConfig(type=null, config=null), lxcConf=null, memory=null, memorySwap=null, memoryReservation=null, kernelMemory=null, networkMode=null, oomKillDisable=null, init=null, autoRemove=null, oomScoreAdj=null, portBindings=null, privileged=null, publishAllPorts=null, readonlyRootfs=null, restartPolicy=null, ulimits=null, cpuCount=null, cpuPercent=null, ioMaximumIOps=null, ioMaximumBandwidth=null, volumesFrom=null, mounts=null, pidMode=null, isolation=null, securityOpts=null, storageOpt=null, cgroupParent=null, volumeDriver=null, shmSize=null, pidsLimit=null, runtime=null, tmpFs=null, utSMode=null, usernsMode=null, sysctls=null, consoleSize=null, cgroupnsMode=null),hostName=<null>,image=alpine:3.16,ipv4Address=<null>,ipv6Address=<null>,labels={org.testcontainers=true, org.testcontainers.lang=java, org.testcontainers.version=1.19.1, org.testcontainers.sessionId=aadbe571-fa34-4edf-a0a5-ddf35f9fb4d8},macAddress=<null>,name=<null>,networkDisabled=<null>,networkingConfig=<null>,onBuild=<null>,platform=<null>,portSpecs=<null>,shell=<null>,stdInOnce=<null>,stdinOpen=<null>,stopSignal=<null>,stopTimeout=<null>,tty=<null>,user=<null>,volumes=Volumes(volumes=[]),workingDir=<null>]
14:08:56.680 [main] DEBUG com.github.dockerjava.zerodep.shaded.org.apache.hc.client5.http.impl.classic.InternalHttpClient - ex-0000000A: preparing request execution
14:08:56.680 [main] DEBUG com.github.dockerjava.zerodep.shaded.org.apache.hc.client5.http.protocol.RequestAddCookies - Cookie spec selected: strict
14:08:56.681 [main] DEBUG com.github.dockerjava.zerodep.shaded.org.apache.hc.client5.http.protocol.RequestAuthCache - Auth cache not set in the context
14:08:56.681 [main] DEBUG com.github.dockerjava.zerodep.shaded.org.apache.hc.client5.http.impl.classic.ProtocolExec - ex-0000000A: target auth state: UNCHALLENGED
14:08:56.681 [main] DEBUG com.github.dockerjava.zerodep.shaded.org.apache.hc.client5.http.impl.classic.ProtocolExec - ex-0000000A: proxy auth state: UNCHALLENGED
14:08:56.681 [main] DEBUG com.github.dockerjava.zerodep.shaded.org.apache.hc.client5.http.impl.classic.ConnectExec - ex-0000000A: acquiring connection with route {}->unix://localhost:2375
14:08:56.681 [main] DEBUG com.github.dockerjava.zerodep.shaded.org.apache.hc.client5.http.impl.classic.InternalHttpClient - ex-0000000A: acquiring endpoint (3 MINUTES)
14:08:56.681 [main] DEBUG com.github.dockerjava.zerodep.shaded.org.apache.hc.client5.http.impl.io.PoolingHttpClientConnectionManager - ex-0000000A: endpoint lease request (3 MINUTES) [route: {}->unix://localhost:2375][total available: 0; route allocated: 0 of 2147483647; total allocated: 0 of 2147483647]
14:08:56.681 [main] DEBUG com.github.dockerjava.zerodep.shaded.org.apache.hc.client5.http.impl.io.PoolingHttpClientConnectionManager - ex-0000000A: endpoint leased [route: {}->unix://localhost:2375][total available: 0; route allocated: 1 of 2147483647; total allocated: 1 of 2147483647]
14:08:56.681 [main] DEBUG com.github.dockerjava.zerodep.shaded.org.apache.hc.client5.http.impl.io.PoolingHttpClientConnectionManager - ex-0000000A: acquired ep-00000009
14:08:56.681 [main] DEBUG com.github.dockerjava.zerodep.shaded.org.apache.hc.client5.http.impl.classic.InternalHttpClient - ex-0000000A: acquired endpoint ep-00000009
14:08:56.681 [main] DEBUG com.github.dockerjava.zerodep.shaded.org.apache.hc.client5.http.impl.classic.ConnectExec - ex-0000000A: opening connection {}->unix://localhost:2375
14:08:56.681 [main] DEBUG com.github.dockerjava.zerodep.shaded.org.apache.hc.client5.http.impl.classic.InternalHttpClient - ep-00000009: connecting endpoint (3 MINUTES)
14:08:56.681 [main] DEBUG com.github.dockerjava.zerodep.shaded.org.apache.hc.client5.http.impl.io.PoolingHttpClientConnectionManager - ep-00000009: connecting endpoint to unix://localhost:2375 (3 MINUTES)
14:08:56.681 [main] DEBUG com.github.dockerjava.zerodep.shaded.org.apache.hc.client5.http.impl.io.DefaultHttpClientConnectionOperator - http-outgoing-1: connecting to localhost/127.0.0.1:2375
14:08:56.682 [main] DEBUG com.github.dockerjava.zerodep.shaded.org.apache.hc.client5.http.impl.io.DefaultHttpClientConnectionOperator - http-outgoing-1: connection established /Users/anca/.docker/run/docker.sock<->/Users/anca/.docker/run/docker.sock
14:08:56.682 [main] DEBUG com.github.dockerjava.zerodep.shaded.org.apache.hc.client5.http.impl.io.PoolingHttpClientConnectionManager - ep-00000009: connected http-outgoing-1
14:08:56.682 [main] DEBUG com.github.dockerjava.zerodep.shaded.org.apache.hc.client5.http.impl.classic.InternalHttpClient - ep-00000009: endpoint connected
14:08:56.682 [main] DEBUG com.github.dockerjava.zerodep.shaded.org.apache.hc.client5.http.impl.classic.MainClientExec - ex-0000000A: executing POST /v1.32/containers/create HTTP/1.1
14:08:56.682 [main] DEBUG com.github.dockerjava.zerodep.shaded.org.apache.hc.client5.http.impl.classic.InternalHttpClient - ep-00000009: start execution ex-0000000A
14:08:56.682 [main] DEBUG com.github.dockerjava.zerodep.shaded.org.apache.hc.client5.http.impl.io.PoolingHttpClientConnectionManager - ep-00000009: executing exchange ex-0000000A over http-outgoing-1
14:08:56.682 [main] DEBUG com.github.dockerjava.zerodep.shaded.org.apache.hc.client5.http.headers - http-outgoing-1 >> POST /v1.32/containers/create HTTP/1.1
14:08:56.682 [main] DEBUG com.github.dockerjava.zerodep.shaded.org.apache.hc.client5.http.headers - http-outgoing-1 >> X-Registry-Auth: eyJ1c2VybmFtZSI6bnVsbCwicGFzc3dvcmQiOm51bGwsImVtYWlsIjpudWxsLCJzZXJ2ZXJhZGRyZXNzIjoiaHR0cHM6Ly9pbmRleC5kb2NrZXIuaW8vdjEvIiwiYXV0aCI6bnVsbCwicmVnaXN0cnl0b2tlbiI6bnVsbCwiaWRlbnRpdHl0b2tlbiI6bnVsbCwic3RhY2tPcmNoZXN0cmF0b3IiOm51bGx9
14:08:56.682 [main] DEBUG com.github.dockerjava.zerodep.shaded.org.apache.hc.client5.http.headers - http-outgoing-1 >> accept: application/json
14:08:56.682 [main] DEBUG com.github.dockerjava.zerodep.shaded.org.apache.hc.client5.http.headers - http-outgoing-1 >> content-type: application/json
14:08:56.682 [main] DEBUG com.github.dockerjava.zerodep.shaded.org.apache.hc.client5.http.headers - http-outgoing-1 >> x-tc-sid: aadbe571-fa34-4edf-a0a5-ddf35f9fb4d8
14:08:56.682 [main] DEBUG com.github.dockerjava.zerodep.shaded.org.apache.hc.client5.http.headers - http-outgoing-1 >> User-Agent: tc-java/1.19.1
14:08:56.682 [main] DEBUG com.github.dockerjava.zerodep.shaded.org.apache.hc.client5.http.headers - http-outgoing-1 >> Accept-Encoding: gzip, x-gzip, deflate
14:08:56.682 [main] DEBUG com.github.dockerjava.zerodep.shaded.org.apache.hc.client5.http.headers - http-outgoing-1 >> Content-Length: 1988
14:08:56.682 [main] DEBUG com.github.dockerjava.zerodep.shaded.org.apache.hc.client5.http.headers - http-outgoing-1 >> Host: localhost:2375
14:08:56.682 [main] DEBUG com.github.dockerjava.zerodep.shaded.org.apache.hc.client5.http.headers - http-outgoing-1 >> Connection: keep-alive
14:08:56.682 [main] DEBUG com.github.dockerjava.zerodep.shaded.org.apache.hc.client5.http.wire - http-outgoing-1 >> "POST /v1.32/containers/create HTTP/1.1[\r][\n]"
14:08:56.682 [main] DEBUG com.github.dockerjava.zerodep.shaded.org.apache.hc.client5.http.wire - http-outgoing-1 >> "X-Registry-Auth: eyJ1c2VybmFtZSI6bnVsbCwicGFzc3dvcmQiOm51bGwsImVtYWlsIjpudWxsLCJzZXJ2ZXJhZGRyZXNzIjoiaHR0cHM6Ly9pbmRleC5kb2NrZXIuaW8vdjEvIiwiYXV0aCI6bnVsbCwicmVnaXN0cnl0b2tlbiI6bnVsbCwiaWRlbnRpdHl0b2tlbiI6bnVsbCwic3RhY2tPcmNoZXN0cmF0b3IiOm51bGx9[\r][\n]"
14:08:56.682 [main] DEBUG com.github.dockerjava.zerodep.shaded.org.apache.hc.client5.http.wire - http-outgoing-1 >> "accept: application/json[\r][\n]"
14:08:56.682 [main] DEBUG com.github.dockerjava.zerodep.shaded.org.apache.hc.client5.http.wire - http-outgoing-1 >> "content-type: application/json[\r][\n]"
14:08:56.682 [main] DEBUG com.github.dockerjava.zerodep.shaded.org.apache.hc.client5.http.wire - http-outgoing-1 >> "x-tc-sid: aadbe571-fa34-4edf-a0a5-ddf35f9fb4d8[\r][\n]"
14:08:56.682 [main] DEBUG com.github.dockerjava.zerodep.shaded.org.apache.hc.client5.http.wire - http-outgoing-1 >> "User-Agent: tc-java/1.19.1[\r][\n]"
14:08:56.682 [main] DEBUG com.github.dockerjava.zerodep.shaded.org.apache.hc.client5.http.wire - http-outgoing-1 >> "Accept-Encoding: gzip, x-gzip, deflate[\r][\n]"
14:08:56.682 [main] DEBUG com.github.dockerjava.zerodep.shaded.org.apache.hc.client5.http.wire - http-outgoing-1 >> "Content-Length: 1988[\r][\n]"
14:08:56.682 [main] DEBUG com.github.dockerjava.zerodep.shaded.org.apache.hc.client5.http.wire - http-outgoing-1 >> "Host: localhost:2375[\r][\n]"
14:08:56.682 [main] DEBUG com.github.dockerjava.zerodep.shaded.org.apache.hc.client5.http.wire - http-outgoing-1 >> "Connection: keep-alive[\r][\n]"
14:08:56.682 [main] DEBUG com.github.dockerjava.zerodep.shaded.org.apache.hc.client5.http.wire - http-outgoing-1 >> "[\r][\n]"
14:08:56.683 [main] DEBUG com.github.dockerjava.zerodep.shaded.org.apache.hc.client5.http.wire - http-outgoing-1 >> "{"Hostname":null,"Domainname":null,"User":null,"AttachStdin":null,"AttachStdout":null,"AttachStderr":null,"PortSpecs":null,"Tty":null,"OpenStdin":null,"StdinOnce":null,"Env":null,"Cmd":null,"Healthcheck":null,"ArgsEscaped":null,"Entrypoint":null,"Image":"alpine:3.16","Volumes":{},"WorkingDir":null,"MacAddress":null,"OnBuild":null,"NetworkDisabled":null,"ExposedPorts":{},"StopSignal":null,"StopTimeout":null,"HostConfig":{"Binds":["/private/tmp/.testcontainers-tmp-16781690867614490955:/dummy:ro"],"BlkioWeight":null,"BlkioWeightDevice":null,"BlkioDeviceReadBps":null,"BlkioDeviceWriteBps":null,"BlkioDeviceReadIOps":null,"BlkioDeviceWriteIOps":null,"MemorySwappiness":null,"NanoCpus":null,"CapAdd":null,"CapDrop":null,"ContainerIDFile":null,"CpuPeriod":null,"CpuRealtimePeriod":null,"CpuRealtimeRuntime":null,"CpuShares":null,"CpuQuota":null,"CpusetCpus":null,"CpusetMems":null,"Devices":null,"DeviceCgroupRules":null,"DeviceRequests":null,"DiskQuota":null,"Dns":null,"DnsOptions":null,"DnsSearch":null,"ExtraHosts":null,"GroupAdd":null,"IpcMode":null,"Cgroup":null,"Links":null,"LogConfig":null,"LxcConf":null,"Memory":null,"MemorySwap":null,"MemoryReservation":null,"KernelMemory":null,"NetworkMode":null,"OomKillDisable":null,"Init":null,"AutoRemove":null,"OomScoreAdj":null,"PortBindings":null,"Privileged":null,"PublishAllPorts":null,"ReadonlyRootfs":null,"RestartPolicy":null,"Ulimits":null,"CpuCount":null,"CpuPercent":null,"IOMaximumIOps":null,"IOMaximumBandwidth":null,"VolumesFrom":null,"Mounts":null,"PidMode":null,"Isolation":null,"SecurityOpt":null,"StorageOpt":null,"CgroupParent":null,"VolumeDriver":null,"ShmSize":null,"PidsLimit":null,"Runtime":null,"Tmpfs":null,"UTSMode":null,"UsernsMode":null,"Sysctls":null,"ConsoleSize":null,"CgroupnsMode":null},"Labels":{"org.testcontainers":"true","org.testcontainers.lang":"java","org.testcontainers.version":"1.19.1","org.testcontainers.sessionId":"aadbe571-fa34-4edf-a0a5-ddf35f9fb4d8"},"Shell":null,"NetworkingConfig":null}"
14:08:56.752 [main] DEBUG com.github.dockerjava.zerodep.shaded.org.apache.hc.client5.http.wire - http-outgoing-1 << "HTTP/1.1 201 Created[\r][\n]"
14:08:56.753 [main] DEBUG com.github.dockerjava.zerodep.shaded.org.apache.hc.client5.http.wire - http-outgoing-1 << "Api-Version: 1.41[\r][\n]"
14:08:56.753 [main] DEBUG com.github.dockerjava.zerodep.shaded.org.apache.hc.client5.http.wire - http-outgoing-1 << "Content-Type: application/json[\r][\n]"
14:08:56.753 [main] DEBUG com.github.dockerjava.zerodep.shaded.org.apache.hc.client5.http.wire - http-outgoing-1 << "Date: Mon, 08 Jan 2024 13:08:56 GMT[\r][\n]"
14:08:56.753 [main] DEBUG com.github.dockerjava.zerodep.shaded.org.apache.hc.client5.http.wire - http-outgoing-1 << "Docker-Experimental: false[\r][\n]"
14:08:56.753 [main] DEBUG com.github.dockerjava.zerodep.shaded.org.apache.hc.client5.http.wire - http-outgoing-1 << "Ostype: linux[\r][\n]"
14:08:56.753 [main] DEBUG com.github.dockerjava.zerodep.shaded.org.apache.hc.client5.http.wire - http-outgoing-1 << "Server: Docker/20.10.24 (linux)[\r][\n]"
14:08:56.753 [main] DEBUG com.github.dockerjava.zerodep.shaded.org.apache.hc.client5.http.wire - http-outgoing-1 << "Transfer-Encoding: chunked[\r][\n]"
14:08:56.753 [main] DEBUG com.github.dockerjava.zerodep.shaded.org.apache.hc.client5.http.wire - http-outgoing-1 << "[\r][\n]"
14:08:56.753 [main] DEBUG com.github.dockerjava.zerodep.shaded.org.apache.hc.client5.http.wire - http-outgoing-1 << "58[\r][\n]"
14:08:56.753 [main] DEBUG com.github.dockerjava.zerodep.shaded.org.apache.hc.client5.http.wire - http-outgoing-1 << "{"Id":"c711b761ea1f3befaaba30e28c6ce5a36fdec4e34750c7e61aeb0f00970c4d15","Warnings":[]}[\n]"
14:08:56.753 [main] DEBUG com.github.dockerjava.zerodep.shaded.org.apache.hc.client5.http.wire - http-outgoing-1 << "[\r][\n]"
14:08:56.754 [main] DEBUG com.github.dockerjava.zerodep.shaded.org.apache.hc.client5.http.headers - http-outgoing-1 << HTTP/1.1 201 Created
14:08:56.754 [main] DEBUG com.github.dockerjava.zerodep.shaded.org.apache.hc.client5.http.headers - http-outgoing-1 << Api-Version: 1.41
14:08:56.754 [main] DEBUG com.github.dockerjava.zerodep.shaded.org.apache.hc.client5.http.headers - http-outgoing-1 << Content-Type: application/json
14:08:56.754 [main] DEBUG com.github.dockerjava.zerodep.shaded.org.apache.hc.client5.http.headers - http-outgoing-1 << Date: Mon, 08 Jan 2024 13:08:56 GMT
14:08:56.754 [main] DEBUG com.github.dockerjava.zerodep.shaded.org.apache.hc.client5.http.headers - http-outgoing-1 << Docker-Experimental: false
14:08:56.754 [main] DEBUG com.github.dockerjava.zerodep.shaded.org.apache.hc.client5.http.headers - http-outgoing-1 << Ostype: linux
14:08:56.754 [main] DEBUG com.github.dockerjava.zerodep.shaded.org.apache.hc.client5.http.headers - http-outgoing-1 << Server: Docker/20.10.24 (linux)
14:08:56.754 [main] DEBUG com.github.dockerjava.zerodep.shaded.org.apache.hc.client5.http.headers - http-outgoing-1 << Transfer-Encoding: chunked
14:08:56.754 [main] DEBUG com.github.dockerjava.zerodep.shaded.org.apache.hc.client5.http.impl.classic.MainClientExec - ex-0000000A: connection can be kept alive for 3 MINUTES
14:08:56.754 [main] DEBUG com.github.dockerjava.zerodep.shaded.org.apache.hc.client5.http.wire - http-outgoing-1 << "0[\r][\n]"
14:08:56.755 [main] DEBUG com.github.dockerjava.zerodep.shaded.org.apache.hc.client5.http.wire - http-outgoing-1 << "[\r][\n]"
14:08:56.755 [main] DEBUG com.github.dockerjava.zerodep.shaded.org.apache.hc.client5.http.impl.classic.InternalHttpClient - ep-00000009: releasing valid endpoint
14:08:56.755 [main] DEBUG com.github.dockerjava.zerodep.shaded.org.apache.hc.client5.http.impl.io.PoolingHttpClientConnectionManager - ep-00000009: releasing endpoint
14:08:56.755 [main] DEBUG com.github.dockerjava.zerodep.shaded.org.apache.hc.client5.http.impl.io.PoolingHttpClientConnectionManager - ep-00000009: connection http-outgoing-1 can be kept alive for 3 MINUTES
14:08:56.756 [main] DEBUG com.github.dockerjava.zerodep.shaded.org.apache.hc.client5.http.impl.io.PoolingHttpClientConnectionManager - ep-00000009: connection released [route: {}->unix://localhost:2375][total available: 1; route allocated: 1 of 2147483647; total allocated: 1 of 2147483647]
14:08:56.756 [main] DEBUG org.testcontainers.shaded.com.github.dockerjava.core.command.AbstrDockerCmd - Cmd: c711b761ea1f3befaaba30e28c6ce5a36fdec4e34750c7e61aeb0f00970c4d15
14:08:56.756 [main] DEBUG com.github.dockerjava.zerodep.shaded.org.apache.hc.client5.http.impl.classic.InternalHttpClient - ex-0000000B: preparing request execution
14:08:56.757 [main] DEBUG com.github.dockerjava.zerodep.shaded.org.apache.hc.client5.http.protocol.RequestAddCookies - Cookie spec selected: strict
14:08:56.757 [main] DEBUG com.github.dockerjava.zerodep.shaded.org.apache.hc.client5.http.protocol.RequestAuthCache - Auth cache not set in the context
14:08:56.757 [main] DEBUG com.github.dockerjava.zerodep.shaded.org.apache.hc.client5.http.impl.classic.ProtocolExec - ex-0000000B: target auth state: UNCHALLENGED
14:08:56.757 [main] DEBUG com.github.dockerjava.zerodep.shaded.org.apache.hc.client5.http.impl.classic.ProtocolExec - ex-0000000B: proxy auth state: UNCHALLENGED
14:08:56.757 [main] DEBUG com.github.dockerjava.zerodep.shaded.org.apache.hc.client5.http.impl.classic.ConnectExec - ex-0000000B: acquiring connection with route {}->unix://localhost:2375
14:08:56.757 [main] DEBUG com.github.dockerjava.zerodep.shaded.org.apache.hc.client5.http.impl.classic.InternalHttpClient - ex-0000000B: acquiring endpoint (3 MINUTES)
14:08:56.758 [main] DEBUG com.github.dockerjava.zerodep.shaded.org.apache.hc.client5.http.impl.io.PoolingHttpClientConnectionManager - ex-0000000B: endpoint lease request (3 MINUTES) [route: {}->unix://localhost:2375][total available: 1; route allocated: 1 of 2147483647; total allocated: 1 of 2147483647]
14:08:56.758 [main] DEBUG com.github.dockerjava.zerodep.shaded.org.apache.hc.client5.http.impl.io.PoolingHttpClientConnectionManager - ex-0000000B: endpoint leased [route: {}->unix://localhost:2375][total available: 0; route allocated: 1 of 2147483647; total allocated: 1 of 2147483647]
14:08:56.758 [main] DEBUG com.github.dockerjava.zerodep.shaded.org.apache.hc.client5.http.impl.io.PoolingHttpClientConnectionManager - ex-0000000B: acquired ep-0000000A
14:08:56.758 [main] DEBUG com.github.dockerjava.zerodep.shaded.org.apache.hc.client5.http.impl.classic.InternalHttpClient - ex-0000000B: acquired endpoint ep-0000000A
14:08:56.758 [main] DEBUG com.github.dockerjava.zerodep.shaded.org.apache.hc.client5.http.impl.classic.MainClientExec - ex-0000000B: executing POST /v1.32/containers/c711b761ea1f3befaaba30e28c6ce5a36fdec4e34750c7e61aeb0f00970c4d15/start HTTP/1.1
14:08:56.758 [main] DEBUG com.github.dockerjava.zerodep.shaded.org.apache.hc.client5.http.impl.classic.InternalHttpClient - ep-0000000A: start execution ex-0000000B
14:08:56.758 [main] DEBUG com.github.dockerjava.zerodep.shaded.org.apache.hc.client5.http.impl.io.PoolingHttpClientConnectionManager - ep-0000000A: executing exchange ex-0000000B over http-outgoing-1
14:08:56.758 [main] DEBUG com.github.dockerjava.zerodep.shaded.org.apache.hc.client5.http.headers - http-outgoing-1 >> POST /v1.32/containers/c711b761ea1f3befaaba30e28c6ce5a36fdec4e34750c7e61aeb0f00970c4d15/start HTTP/1.1
14:08:56.758 [main] DEBUG com.github.dockerjava.zerodep.shaded.org.apache.hc.client5.http.headers - http-outgoing-1 >> accept: application/json
14:08:56.759 [main] DEBUG com.github.dockerjava.zerodep.shaded.org.apache.hc.client5.http.headers - http-outgoing-1 >> content-type: application/json
14:08:56.759 [main] DEBUG com.github.dockerjava.zerodep.shaded.org.apache.hc.client5.http.headers - http-outgoing-1 >> x-tc-sid: aadbe571-fa34-4edf-a0a5-ddf35f9fb4d8
14:08:56.759 [main] DEBUG com.github.dockerjava.zerodep.shaded.org.apache.hc.client5.http.headers - http-outgoing-1 >> User-Agent: tc-java/1.19.1
14:08:56.759 [main] DEBUG com.github.dockerjava.zerodep.shaded.org.apache.hc.client5.http.headers - http-outgoing-1 >> Accept-Encoding: gzip, x-gzip, deflate
14:08:56.759 [main] DEBUG com.github.dockerjava.zerodep.shaded.org.apache.hc.client5.http.headers - http-outgoing-1 >> Host: localhost:2375
14:08:56.759 [main] DEBUG com.github.dockerjava.zerodep.shaded.org.apache.hc.client5.http.headers - http-outgoing-1 >> Connection: keep-alive
14:08:56.759 [main] DEBUG com.github.dockerjava.zerodep.shaded.org.apache.hc.client5.http.wire - http-outgoing-1 >> "POST /v1.32/containers/c711b761ea1f3befaaba30e28c6ce5a36fdec4e34750c7e61aeb0f00970c4d15/start HTTP/1.1[\r][\n]"
14:08:56.759 [main] DEBUG com.github.dockerjava.zerodep.shaded.org.apache.hc.client5.http.wire - http-outgoing-1 >> "accept: application/json[\r][\n]"
14:08:56.759 [main] DEBUG com.github.dockerjava.zerodep.shaded.org.apache.hc.client5.http.wire - http-outgoing-1 >> "content-type: application/json[\r][\n]"
14:08:56.759 [main] DEBUG com.github.dockerjava.zerodep.shaded.org.apache.hc.client5.http.wire - http-outgoing-1 >> "x-tc-sid: aadbe571-fa34-4edf-a0a5-ddf35f9fb4d8[\r][\n]"
14:08:56.759 [main] DEBUG com.github.dockerjava.zerodep.shaded.org.apache.hc.client5.http.wire - http-outgoing-1 >> "User-Agent: tc-java/1.19.1[\r][\n]"
14:08:56.759 [main] DEBUG com.github.dockerjava.zerodep.shaded.org.apache.hc.client5.http.wire - http-outgoing-1 >> "Accept-Encoding: gzip, x-gzip, deflate[\r][\n]"
14:08:56.759 [main] DEBUG com.github.dockerjava.zerodep.shaded.org.apache.hc.client5.http.wire - http-outgoing-1 >> "Host: localhost:2375[\r][\n]"
14:08:56.759 [main] DEBUG com.github.dockerjava.zerodep.shaded.org.apache.hc.client5.http.wire - http-outgoing-1 >> "Connection: keep-alive[\r][\n]"
14:08:56.759 [main] DEBUG com.github.dockerjava.zerodep.shaded.org.apache.hc.client5.http.wire - http-outgoing-1 >> "[\r][\n]"
14:08:57.100 [main] DEBUG com.github.dockerjava.zerodep.shaded.org.apache.hc.client5.http.wire - http-outgoing-1 << "HTTP/1.1 204 No Content[\r][\n]"
14:08:57.101 [main] DEBUG com.github.dockerjava.zerodep.shaded.org.apache.hc.client5.http.wire - http-outgoing-1 << "Api-Version: 1.41[\r][\n]"
14:08:57.101 [main] DEBUG com.github.dockerjava.zerodep.shaded.org.apache.hc.client5.http.wire - http-outgoing-1 << "Date: Mon, 08 Jan 2024 13:08:57 GMT[\r][\n]"
14:08:57.101 [main] DEBUG com.github.dockerjava.zerodep.shaded.org.apache.hc.client5.http.wire - http-outgoing-1 << "Docker-Experimental: false[\r][\n]"
14:08:57.101 [main] DEBUG com.github.dockerjava.zerodep.shaded.org.apache.hc.client5.http.wire - http-outgoing-1 << "Ostype: linux[\r][\n]"
14:08:57.101 [main] DEBUG com.github.dockerjava.zerodep.shaded.org.apache.hc.client5.http.wire - http-outgoing-1 << "Server: Docker/20.10.24 (linux)[\r][\n]"
14:08:57.101 [main] DEBUG com.github.dockerjava.zerodep.shaded.org.apache.hc.client5.http.wire - http-outgoing-1 << "[\r][\n]"
14:08:57.101 [main] DEBUG com.github.dockerjava.zerodep.shaded.org.apache.hc.client5.http.headers - http-outgoing-1 << HTTP/1.1 204 No Content
14:08:57.101 [main] DEBUG com.github.dockerjava.zerodep.shaded.org.apache.hc.client5.http.headers - http-outgoing-1 << Api-Version: 1.41
14:08:57.101 [main] DEBUG com.github.dockerjava.zerodep.shaded.org.apache.hc.client5.http.headers - http-outgoing-1 << Date: Mon, 08 Jan 2024 13:08:57 GMT
14:08:57.101 [main] DEBUG com.github.dockerjava.zerodep.shaded.org.apache.hc.client5.http.headers - http-outgoing-1 << Docker-Experimental: false
14:08:57.101 [main] DEBUG com.github.dockerjava.zerodep.shaded.org.apache.hc.client5.http.headers - http-outgoing-1 << Ostype: linux
14:08:57.101 [main] DEBUG com.github.dockerjava.zerodep.shaded.org.apache.hc.client5.http.headers - http-outgoing-1 << Server: Docker/20.10.24 (linux)
14:08:57.101 [main] DEBUG com.github.dockerjava.zerodep.shaded.org.apache.hc.client5.http.impl.classic.MainClientExec - ex-0000000B: connection can be kept alive for 3 MINUTES
14:08:57.101 [main] DEBUG com.github.dockerjava.zerodep.shaded.org.apache.hc.client5.http.impl.classic.InternalHttpClient - ep-0000000A: releasing valid endpoint
14:08:57.101 [main] DEBUG com.github.dockerjava.zerodep.shaded.org.apache.hc.client5.http.impl.io.PoolingHttpClientConnectionManager - ep-0000000A: releasing endpoint
14:08:57.101 [main] DEBUG com.github.dockerjava.zerodep.shaded.org.apache.hc.client5.http.impl.io.PoolingHttpClientConnectionManager - ep-0000000A: connection http-outgoing-1 can be kept alive for 3 MINUTES
14:08:57.101 [main] DEBUG com.github.dockerjava.zerodep.shaded.org.apache.hc.client5.http.impl.io.PoolingHttpClientConnectionManager - ep-0000000A: connection released [route: {}->unix://localhost:2375][total available: 1; route allocated: 1 of 2147483647; total allocated: 1 of 2147483647]
14:08:57.103 [main] DEBUG org.testcontainers.shaded.com.github.dockerjava.core.command.AbstrDockerCmd - Cmd: c711b761ea1f3befaaba30e28c6ce5a36fdec4e34750c7e61aeb0f00970c4d15,.,/dummy
14:08:57.104 [main] DEBUG com.github.dockerjava.zerodep.shaded.org.apache.hc.client5.http.impl.classic.InternalHttpClient - ex-0000000C: preparing request execution
14:08:57.104 [main] DEBUG com.github.dockerjava.zerodep.shaded.org.apache.hc.client5.http.protocol.RequestAddCookies - Cookie spec selected: strict
14:08:57.105 [main] DEBUG com.github.dockerjava.zerodep.shaded.org.apache.hc.client5.http.protocol.RequestAuthCache - Auth cache not set in the context
14:08:57.105 [main] DEBUG com.github.dockerjava.zerodep.shaded.org.apache.hc.client5.http.impl.classic.ProtocolExec - ex-0000000C: target auth state: UNCHALLENGED
14:08:57.105 [main] DEBUG com.github.dockerjava.zerodep.shaded.org.apache.hc.client5.http.impl.classic.ProtocolExec - ex-0000000C: proxy auth state: UNCHALLENGED
14:08:57.105 [main] DEBUG com.github.dockerjava.zerodep.shaded.org.apache.hc.client5.http.impl.classic.ConnectExec - ex-0000000C: acquiring connection with route {}->unix://localhost:2375
14:08:57.105 [main] DEBUG com.github.dockerjava.zerodep.shaded.org.apache.hc.client5.http.impl.classic.InternalHttpClient - ex-0000000C: acquiring endpoint (3 MINUTES)
14:08:57.105 [main] DEBUG com.github.dockerjava.zerodep.shaded.org.apache.hc.client5.http.impl.io.PoolingHttpClientConnectionManager - ex-0000000C: endpoint lease request (3 MINUTES) [route: {}->unix://localhost:2375][total available: 1; route allocated: 1 of 2147483647; total allocated: 1 of 2147483647]
14:08:57.105 [main] DEBUG com.github.dockerjava.zerodep.shaded.org.apache.hc.client5.http.impl.io.PoolingHttpClientConnectionManager - ex-0000000C: endpoint leased [route: {}->unix://localhost:2375][total available: 0; route allocated: 1 of 2147483647; total allocated: 1 of 2147483647]
14:08:57.105 [main] DEBUG com.github.dockerjava.zerodep.shaded.org.apache.hc.client5.http.impl.io.PoolingHttpClientConnectionManager - ex-0000000C: acquired ep-0000000B
14:08:57.105 [main] DEBUG com.github.dockerjava.zerodep.shaded.org.apache.hc.client5.http.impl.classic.InternalHttpClient - ex-0000000C: acquired endpoint ep-0000000B
14:08:57.105 [main] DEBUG com.github.dockerjava.zerodep.shaded.org.apache.hc.client5.http.impl.classic.MainClientExec - ex-0000000C: executing GET /v1.32/containers/c711b761ea1f3befaaba30e28c6ce5a36fdec4e34750c7e61aeb0f00970c4d15/archive?path=%2Fdummy HTTP/1.1
14:08:57.105 [main] DEBUG com.github.dockerjava.zerodep.shaded.org.apache.hc.client5.http.impl.classic.InternalHttpClient - ep-0000000B: start execution ex-0000000C
14:08:57.105 [main] DEBUG com.github.dockerjava.zerodep.shaded.org.apache.hc.client5.http.impl.io.PoolingHttpClientConnectionManager - ep-0000000B: executing exchange ex-0000000C over http-outgoing-1
14:08:57.105 [main] DEBUG com.github.dockerjava.zerodep.shaded.org.apache.hc.client5.http.headers - http-outgoing-1 >> GET /v1.32/containers/c711b761ea1f3befaaba30e28c6ce5a36fdec4e34750c7e61aeb0f00970c4d15/archive?path=%2Fdummy HTTP/1.1
14:08:57.105 [main] DEBUG com.github.dockerjava.zerodep.shaded.org.apache.hc.client5.http.headers - http-outgoing-1 >> accept: application/x-tar
14:08:57.105 [main] DEBUG com.github.dockerjava.zerodep.shaded.org.apache.hc.client5.http.headers - http-outgoing-1 >> x-tc-sid: aadbe571-fa34-4edf-a0a5-ddf35f9fb4d8
14:08:57.105 [main] DEBUG com.github.dockerjava.zerodep.shaded.org.apache.hc.client5.http.headers - http-outgoing-1 >> User-Agent: tc-java/1.19.1
14:08:57.105 [main] DEBUG com.github.dockerjava.zerodep.shaded.org.apache.hc.client5.http.headers - http-outgoing-1 >> Accept-Encoding: gzip, x-gzip, deflate
14:08:57.105 [main] DEBUG com.github.dockerjava.zerodep.shaded.org.apache.hc.client5.http.headers - http-outgoing-1 >> Host: localhost:2375
14:08:57.105 [main] DEBUG com.github.dockerjava.zerodep.shaded.org.apache.hc.client5.http.headers - http-outgoing-1 >> Connection: keep-alive
14:08:57.105 [main] DEBUG com.github.dockerjava.zerodep.shaded.org.apache.hc.client5.http.wire - http-outgoing-1 >> "GET /v1.32/containers/c711b761ea1f3befaaba30e28c6ce5a36fdec4e34750c7e61aeb0f00970c4d15/archive?path=%2Fdummy HTTP/1.1[\r][\n]"
14:08:57.105 [main] DEBUG com.github.dockerjava.zerodep.shaded.org.apache.hc.client5.http.wire - http-outgoing-1 >> "accept: application/x-tar[\r][\n]"
14:08:57.105 [main] DEBUG com.github.dockerjava.zerodep.shaded.org.apache.hc.client5.http.wire - http-outgoing-1 >> "x-tc-sid: aadbe571-fa34-4edf-a0a5-ddf35f9fb4d8[\r][\n]"
14:08:57.106 [main] DEBUG com.github.dockerjava.zerodep.shaded.org.apache.hc.client5.http.wire - http-outgoing-1 >> "User-Agent: tc-java/1.19.1[\r][\n]"
14:08:57.106 [main] DEBUG com.github.dockerjava.zerodep.shaded.org.apache.hc.client5.http.wire - http-outgoing-1 >> "Accept-Encoding: gzip, x-gzip, deflate[\r][\n]"
14:08:57.106 [main] DEBUG com.github.dockerjava.zerodep.shaded.org.apache.hc.client5.http.wire - http-outgoing-1 >> "Host: localhost:2375[\r][\n]"
14:08:57.106 [main] DEBUG com.github.dockerjava.zerodep.shaded.org.apache.hc.client5.http.wire - http-outgoing-1 >> "Connection: keep-alive[\r][\n]"
14:08:57.106 [main] DEBUG com.github.dockerjava.zerodep.shaded.org.apache.hc.client5.http.wire - http-outgoing-1 >> "[\r][\n]"
14:08:57.263 [main] DEBUG com.github.dockerjava.zerodep.shaded.org.apache.hc.client5.http.wire - http-outgoing-1 << "HTTP/1.1 200 OK[\r][\n]"
14:08:57.263 [main] DEBUG com.github.dockerjava.zerodep.shaded.org.apache.hc.client5.http.wire - http-outgoing-1 << "Api-Version: 1.41[\r][\n]"
14:08:57.263 [main] DEBUG com.github.dockerjava.zerodep.shaded.org.apache.hc.client5.http.wire - http-outgoing-1 << "Content-Encoding: gzip[\r][\n]"
14:08:57.263 [main] DEBUG com.github.dockerjava.zerodep.shaded.org.apache.hc.client5.http.wire - http-outgoing-1 << "Content-Type: application/x-tar[\r][\n]"
14:08:57.263 [main] DEBUG com.github.dockerjava.zerodep.shaded.org.apache.hc.client5.http.wire - http-outgoing-1 << "Date: Mon, 08 Jan 2024 13:08:57 GMT[\r][\n]"
14:08:57.263 [main] DEBUG com.github.dockerjava.zerodep.shaded.org.apache.hc.client5.http.wire - http-outgoing-1 << "Docker-Experimental: false[\r][\n]"
14:08:57.263 [main] DEBUG com.github.dockerjava.zerodep.shaded.org.apache.hc.client5.http.wire - http-outgoing-1 << "Ostype: linux[\r][\n]"
14:08:57.263 [main] DEBUG com.github.dockerjava.zerodep.shaded.org.apache.hc.client5.http.wire - http-outgoing-1 << "Server: Docker/20.10.24 (linux)[\r][\n]"
14:08:57.263 [main] DEBUG com.github.dockerjava.zerodep.shaded.org.apache.hc.client5.http.wire - http-outgoing-1 << "X-Docker-Container-Path-Stat: eyJuYW1lIjoiZHVtbXkiLCJzaXplIjoxNDM4OSwibW9kZSI6NDIwLCJtdGltZSI6IjIwMjQtMDEtMDhUMTM6MDg6NTYuNjY2NDc4Nzk0WiIsImxpbmtUYXJnZXQiOiIifQ==[\r][\n]"
14:08:57.263 [main] DEBUG com.github.dockerjava.zerodep.shaded.org.apache.hc.client5.http.wire - http-outgoing-1 << "Transfer-Encoding: chunked[\r][\n]"
14:08:57.263 [main] DEBUG com.github.dockerjava.zerodep.shaded.org.apache.hc.client5.http.wire - http-outgoing-1 << "[\r][\n]"
14:08:57.263 [main] DEBUG com.github.dockerjava.zerodep.shaded.org.apache.hc.client5.http.headers - http-outgoing-1 << HTTP/1.1 200 OK
14:08:57.263 [main] DEBUG com.github.dockerjava.zerodep.shaded.org.apache.hc.client5.http.headers - http-outgoing-1 << Api-Version: 1.41
14:08:57.263 [main] DEBUG com.github.dockerjava.zerodep.shaded.org.apache.hc.client5.http.headers - http-outgoing-1 << Content-Encoding: gzip
14:08:57.263 [main] DEBUG com.github.dockerjava.zerodep.shaded.org.apache.hc.client5.http.headers - http-outgoing-1 << Content-Type: application/x-tar
14:08:57.263 [main] DEBUG com.github.dockerjava.zerodep.shaded.org.apache.hc.client5.http.headers - http-outgoing-1 << Date: Mon, 08 Jan 2024 13:08:57 GMT
14:08:57.263 [main] DEBUG com.github.dockerjava.zerodep.shaded.org.apache.hc.client5.http.headers - http-outgoing-1 << Docker-Experimental: false
14:08:57.263 [main] DEBUG com.github.dockerjava.zerodep.shaded.org.apache.hc.client5.http.headers - http-outgoing-1 << Ostype: linux
14:08:57.263 [main] DEBUG com.github.dockerjava.zerodep.shaded.org.apache.hc.client5.http.headers - http-outgoing-1 << Server: Docker/20.10.24 (linux)
14:08:57.263 [main] DEBUG com.github.dockerjava.zerodep.shaded.org.apache.hc.client5.http.headers - http-outgoing-1 << X-Docker-Container-Path-Stat: eyJuYW1lIjoiZHVtbXkiLCJzaXplIjoxNDM4OSwibW9kZSI6NDIwLCJtdGltZSI6IjIwMjQtMDEtMDhUMTM6MDg6NTYuNjY2NDc4Nzk0WiIsImxpbmtUYXJnZXQiOiIifQ==
14:08:57.263 [main] DEBUG com.github.dockerjava.zerodep.shaded.org.apache.hc.client5.http.headers - http-outgoing-1 << Transfer-Encoding: chunked
14:08:57.264 [main] DEBUG com.github.dockerjava.zerodep.shaded.org.apache.hc.client5.http.impl.classic.MainClientExec - ex-0000000C: connection can be kept alive for 3 MINUTES
14:08:57.268 [main] DEBUG com.github.dockerjava.zerodep.shaded.org.apache.hc.client5.http.wire - http-outgoing-1 << "16b3[\r][\n]"
14:08:57.268 [main] DEBUG com.github.dockerjava.zerodep.shaded.org.apache.hc.client5.http.wire - http-outgoing-1 << "[0x1f][0xffffff8b][0x8][0x0][0x0][0x0][0x0][0x0][0x0][0xffffffff][0xffffffec]{yx[0x14][0xfffffff5][0xfffffffd][0xffffffff][0xffffffeb]=[0xffffffbb][0xffffffd9]Iv[0x7]rA  [0xffffffb0]@[0xffffff80][0xffffffcd]&[0xffffff90] [0xffffff97][0xffffffb2][0xffffffc8][0xffffffd7][0xffffff90][0x4][0xffffff88]$[0xffffffc1]o[0x12][0xffffff82][0xffffffc1][0xffffffaf][0xffffffc5][0xffffffc9][0xffffffee]'[0xffffffc9][0xffffff98][0xffffffdd][0xffffff99][0xffffffed][0xffffffce],[0xffffff90]z[0xffffffb4][0xffffffd6][0xffffffda][0xffffffaa][0xffffffbd][0xffffffab][0xffffffb6][0xffffffc5]V[k[,[0xffffffe2]A[0xffffff90][0xffffff90][0x5][0xffffffaf]j[0xffffffd5][0xffffffda][0xffffffda][0xffffffcb][0xffffffd6]^[0xffffffd6][0x1e][0xfffffff6][0xffffffbe][0xffffffac][0xffffffb5][0x7][0xffffff95]j[0xfffffff9]=[0xffffff9f][0xffffff99][0xffffffd9]3[0xffffff9b][0x18]@[0xfffffffb]<[0xffffffbf][0xffffffe7]q[0xfffffffe][0xffffffc8][0xffffffcc]|[0xffffff8e][0xfffffff7]}~f[0x13][0xffffff8a]G"Cxs[0xffffffaf][0xfffffffa][0xffffffe5][0xfffffff5][0xfffffff5][0xffffffab]W[0xffffffae]D[0xffffffbd]u[0xffffffe5][0xffffffdc]W[0xffffffac][0xffffffac]_[0xffffffbd][\n]"
14:08:57.268 [main] DEBUG com.github.dockerjava.zerodep.shaded.org.apache.hc.client5.http.wire - http-outgoing-1 << "[0xffffffcb]W[0xffffffae]Z[0xffffffb9]z[0xffffffcd][0xffffff9a][0xffffffe5]kV[0xffffffd5][0xfffffff3][0xfffffff5]+V[0xffffffad][0xffffff80][0xffffffb7][0xfffffffe]M[0xffffffa6][0xffffffcb][0xffffffbc][0xffffffe2][0xffffffba]![0xffffffc7]P[0x7f][0xffffffc6][0xffffffb8]r[0xffffff99][0xfffffffb][0xffffffff][0xffffffe4][0xfffffffa][0xffffffda][0x7f][0xffffff8e]>[0x4]`[0xffffffa5]PO[0xffffffa8][0xffffffd6]b[0xfffffffd]u[0x6][0xffffffd3][0xffffff8d][0xffffffa0][0xffffffa6][0x1a][0xffffffb2][0xffffffa2][0xffffffb2][0xffffff98]^[0x17]7[0xffffff94][0xffffffb0]b[0xc][0xffffffd5]u0][0xffffff8b][0xffffffc7][0xffffff82][0xffffffac][0xffffff83][0xffffffc9]Q[0x16][0x13]A[0xffffff84][0xffffff92][0xffffffcb][0xffffffe4]]r]XV[0xfffffffb][0xffffffeb][0xffffffb6][0xfffffff6]^[0xffffffc6][0xffffff82][0xffffff86][0x8][0x7][0xffffffa1]<{[0xffffffe5]2[0xffffffbe][0xffffff88]p[0xffffffce][0xffffffa4]AWmT[0xffffffc2][0x6][0xffffff8b]u[0xffffffb0]~E7bC"\[0xffffff84][0xffffffa9][0xffffffd9]c[0xffffff84]r[0x13]5[0x7]P[0xffffffd7]&G[0xffffffab][0xffffff9a]Use[0x11]aJ[0xffffffd6][0xffffff84][0x8][0xf][0xffffffa1][0xffffffc0][0xffffff9c]%[0xffffffcc]OO5[0xfffffff4][0xffffffea]FL[0xe][0x1a]|o[0xffffffa7][0x12][0xffffff89][0xffffff86][0xffffff99][\r]a*az[0xffffffde]e"J[0x8][0xffffff9e][0xffffff8c][0xffffffb5][0xffffff84][0xffffff96][0xffffffa0][0x16][0xffffffa9][0xffffffeb]W[0xffffff8c][0xffffff81]xo]H[0xb][0xe][0xffffffb2][0xffffff98][0xffffffb9]S[0xffffff8e]*uA-[0x12][0xffffff91][0xffffffd5]P][0xffffff8b][0xffffffaa]GY[0xffffffd0]hL[0xfffffff2][0xffffffdc][0xffffffc1][0xfffffff4][0xffffffa8][0xffffffa6][0xffffffea][0xffffffac]*5[0xffffffd2]i[0xffffffc8][0x6][0x13]QNX{[0xfffffffa][0xffffffe0]DL'L[0xffffffcd][0xffffff86]IX[0xffffff94]V[0xffffff8f][0xffffffa2][0xffffffee][0xffffffd2][0x6]Y][0x1b]3[0x6][0xffffffb4][0xffffffd0]fY[\r][0xffffff85][0xffffff99]^[0xffffffd5][0xffffffaa]i[0xffffff83][0xfffffff1][0xffffffa8][0xffffff88][0xffffff99][0xffffff84][0xffffffb9][0x13]/[0x15]1[0xffffff8b][0xffffffe0][0xffffffb2][0xffffffd6][0x13][0x1c]a[0xffffffad][0xffffff9f]P[0xffffffd6][0xffffffca]5[0xffffffaa][0xffffff87][0xfffffffb]V^V[0xffffffd7][0xffffffaa][0xfffffff5][0xfffffff7][0xffffffb3]X[0xffffff80][0xffffffaf][0xffffffd9][0xffffffba]iSs[0x7]aJ[C[0xffffffc7][0xffffff96][0xffffffe6][0xffffff8e][0xffffff9d][0xffffffad][\r][0x1b][0xffffff9a][;[0x9][0xffffffc5][0xffffffad]Yz[0x9][0x10]Ve[0xffffff8f][0xffffffac]kM[0xffffff93][0xffffffd0]i[0xffffffc4][0x14][0xffffffb5]?0vd}[0xffffff80][0xffffffe0]njn[0xffffffe8][0xffffffda][0xffffffbc][0xffffffb3]}kW3[0xffffffa1]$[0x3]H[0xffffffab][0xffffffa2][0x1b][0x1][0xffffffc2][0xffffffce][0xffffff9c][0xffffffa1]u[0x13][0xffffffbc][0xffffffa7]Lg[0xffffff92][0xffffffd8][0xffffffd7][0xffffff9b][0x14][0x14]*[0xffffffaa]n[0xffffffc8]j[0xffffff90][0x11]jZ'm[0xffffffd6][0x1][0xffffff82]d[0xffffffa9][0xffffffb5]1[0xffffffac]0[0xffffffd5] [0xfffffff8]Z[0xffffffc7][0xffffffd7]xS[0xffffffc6][0xffffffca][0x0]aZ[0xffffffcc][0xffffffb4]|[0x16]c[0xffffffa1][0xffffff94][0xffffff96]uBYz[0xffffffb8][0xffffff9d][0x19][0xffffffbb][0xffffffb5][0xffffffd8][0xffffffa0][0xffffff9e]-[0xffffffea]N[0xffffffc6]w/[0xffffffcc][0x1e][0xffffffc9][0xffffffc3],g[0xffffffab]$[\r][0xffffffac]%"[0xfffffff7]3[0xffffff9d]P4[0xffffffa0]i[0xffffff83]-z'38[0xffffffab]i AM[\r][0xffffffc6]c1[0xffffffa6][0x1a]u[0xffffffb2][0xffffffa1]E[0xffffff94]`][0xffffff83]y[0xffffffdb][0xffffffa0]ia&[0xffffffab][0xffffffdc][0x10][0xffffffd6])[0xffffffaa]b[0xffffffac]'8|[0xffffffd5][0xffffffdd][0x12][0xffffff96][0xffffffe3]l7[0xffffff9c]XAX[0xffffff9c]G`[0xffffff99][0xffffffcc]n[0xffffff94][0xffffff83][0xffffff86][0xffffffc6]=q[0x15][0xffffffc1][0x1d][0xffffff96][0xffffffdf]1[0xffffff94][0xffffff94][0xffffff96][0xffffffdf]W=YyIX[0xffffff83]s[0xffffffdc]X[0xffffff8d]s%[0xfffffff8]P][0x4][0x1][0x1][0xffffffc2][0xffffffe2][0xffffffbc][0xfffffff4]7[0xffffffa6][0x1e]7[0xffffffcb][0xfffffffa][0xffffff80][0xffffffe9][0xffffffe8][0xffffffe7][0xffffffb9][0xffffffb1][0x1e]+$[0xfffffff8]1[0xffffff9f]o=?[0x7f][0xfffffff0][0xffffffd2][0x7][0xffffffe4][0x10][0xb][0xffffffd5][0xffffff99]$iZ[0x7f][0xffffff98][0xffffff99]^[0xffffffaa][0xffffffa9]uA-[0x1c]fA[0xffffff83]KZ[0x17][0xffffffb1][0xffffff81]0Me[0xffffffbb][0xffffffb3][0xffffffd1][0xffffff98][0x2]-[0xfffffff5]U[0xffffffe7]hJB[0x13][0xffffff9a][0xffffffdd]h[0xffffffc4]F[0x9]5[0xffffffa8][0xffffffe5][0xffffffc8]7KXf=]@[0xffffffa8][0xffffff9e][0xffffffb4][0x6]D[0xffffffb4][0x12][0xffffff9c][0xffffffbe][0x1d][0xffffff96][0xffffffec][0xffffffdb][0xffffffdd]h[0xffffffc3]V[0x9]u[0xffffffa8][0xffffffe7][0xffffff90][0xfffffffe][0xffffff97][0xffffffe0]4[0x6][0x14][0xffffff9d][0xffffffb0][0xffffffd4]W}[\n]"
14:08:57.269 [main] DEBUG com.github.dockerjava.zerodep.shaded.org.apache.hc.client5.http.wire - http-outgoing-1 << "[0x6],a1[0xffffff96]p[0x0][0xffffffdb][0x8]gu5wv5nm[0xffffffef]jhio[0xffffffee][0xffffffe8][0xffffffdc][0xffffffd9][0xffffffd1][0xffffffb3]m[0xffffffcb][0xffffffce][0xffffffa6][0xffffff96][0xffffffce][0xffffff86][\r][0xffffffad][0xffffffcd]M[0xffffff85][0xffffffd8][0xffffff9e][0xffffff95][0x1c]:[0xffffff87]t[0xffffff83]ED[0xfffffff4][0x10]\[0xfffffffd][0xffffffcc]`[0xffffffea].[0xffffffc2]b[0xffffffdf]X+[0xffffffac][0x1e];$[0xffffffe1]b[0xfffffffc][0xffffff9f][0x1b];p[0x9][0xffffffa1]4=[0xffffff9b]bs'A[0xffffff8a][0xffffffca]1[0xffffff9d][0xffffffd9]#[0xffffff84][0xffffffe9][0xfffffff9][0x0][0xffffffef][0xffffff90] [0xffffffa3][0xffffffd7][0xffffff8d]K[0x11]$,[0xffffff9d][0xffffff88][0xffffffe5][0xffffffa1][0xfffffff8]`n[0xffffffa6]cn[0xfffffff4]q[0xffffffd3]}[0xffffffd9][0xffffffed][0x7f][0xffffff83]/7G[0xffffffe7][0x1d][0xffffff90]uo/c[0xffffffaa]7[0xffffffa4][0xffffffe8]ro[0xffffff98][0xffffff85][0xffffff96]y[0xffffffbb][0x6][0x14][0xffffffdd][0x1b][0xffffff94]UoP[0xffffff8e][0xffffffeb][0xffffffcc][0x1b]W[0xffffffd9][0x1e][0x1e][0xfffffff8]Y[0xffffffc8][0xffffffdb][0xffffffcb][0x6][0xffffffe4]][0xffffff8a][0x16][0xfffffff3]*[0xffffffaa]wH[0xffffff8b][0xffffffc7][0xffffffbc]L[0xffffffdd][0xffffffa5][0xffffffc4]45[0xffffffc2]Tc[0xffffffd9][0x1b]N`![0x6]$[0xffffffcc][0xffffffc3]\[0xffffffae][0xfffffff5][0xffffffcb][0x8]%[0xffffffb9]!_D[0xffffff98][0xffffffe0][0xffffffdc]-[0xffffffc7][0xffffffc6][0x13]|[0xffffffb7][0x4][0x15][0xffffff9a][0x7][0x11]D[0x9][0xfffffff5][0x13][0x8][0xfffffffe][0xffffff82][0xffffffee][0xffffffb6][0xffffffcd][0xffffff9a]6F[0xfffffff6]17t.[0xfffffffb][0xfffffff2][0xffffffd8]P|[0xffffffb0][0xffffffc9][0xffffff96]O[0x1b][0xffffffd3]u[0xffffffb9][0xffffff9f][0xfffffff1][0x1c]4[0x6]#A[0xffffff8c][0xffffffeb][0xffffff8c][0xffffffcb][0xffffff95]@;[0x8]S[0xffffffa3],[0xffffffd6][0xffffffa7][0xffffffc5]"[0xffffff8d][0xffffffdc]:x[0xfffffff6][0xffffffaa][0xffffffc8][0xffffffd8][0xffffffd3][0xffffffc4][0xffffffa2]1[0x16][0xffffff94][\r][0x16][\n]"
14:08:57.269 [main] DEBUG com.github.dockerjava.zerodep.shaded.org.apache.hc.client5.http.wire - http-outgoing-1 << "[0x10][0xffffff96]d[0xffffffd2]o[0xffffffd5]3[0xffffff81][0xffffffb1]#[0xffffffd5][0xffffffdd]%[0xffffffb8][0xffffff9c]P[0x1c]c[0x11]m[0x17]K[0x5][0xffffffe3][0xffffff9c][0xffffffed][0xffffffe3][0xffffffe6][0x10].[0xffffff90]+q[0xffffff95][0x1b][0x2][0xffffffde]Y,[0xffffffe2]]%[0xffffffb8][0xffffff8a][0xffffffb0]`L[0xfffffff6]m[0xffffff95]#[0xffffffbd]![0xffffffb9][0xffffff8d][0x19]r_2[0x1e]^C[0xfffffff0]D[0xffffffd2][0x3][0xffffff84][0xffffffa7]3[0x11]N[0xffffff90][0xffffffe0][0xfffffff3]P1[0xffffffde][0xffffffc6][0xffffffae][0xffffffa1](;[0xffffffbd]I[0xb][0xffffffe5][0xffffffc4]{[0xffffffab][0xffffffc7][0xffffffce]6[0xffffffca][0xffffffe1]p[0xffffffa7]b[0xffffffb0][0xffffff80][0xffffff84]k[0xfffffff1]^7[0xffffffde][0xffffff83][0xfffffff7][0x15][0xffffffbb]p[0x1d][0xffffffc1]%[0x7][0xffffff83],j[0x10]Z}[0xffffffa7][0x10][0xffffffa1]2[0x3]j_\[\r][0x1a][0xffffff8a][0xffffffa6][0xffffffd6]mP[0x1a]5U[0xffffff8f]G[0xffffffcc][0x8]v[0x3][0xffffffde]_[0x6][0xffffffe0][0x3][0x4][0xffffffb1]O[0xffffff8b]5[0xffffffcb][0xffffffc1][0x1][0xffffffc2][0x2][0xffffffdf][0xffffffeb]l[0xffffffe3]J[0xfffffffb][0x10]>[0xffffffec][0xffffff81][0xffffff84][0xffffff8f][0xffffffe4][0xffffffd8]y[0xffffff86]U|[0xffffff8c]0[0xffffffc5][0xffffffb2][\n]"
14:08:57.269 [main] DEBUG com.github.dockerjava.zerodep.shaded.org.apache.hc.client5.http.wire - http-outgoing-1 << ";[0x17]K[0xffffffb8][0x9][0x1a][0xffffffd7][0xfffffff4][0xffffffcd][0xffffffc5]">^[0x2][0xffffff8d]p[0xffffffc1][0x19]s[0xffffff93][0xffffffc5][0xffffffcb][0xffffffde]2[0x10]n[0xffffffc9]*z;[0xffffff99]![0xffffffe2][0xffffffd3][0x4]o^[0xffffffa6]rX[0xffffffba][0xffffffcd][0xffffff83][[0xfffffff1][0x19][0xffffff82][0xffffffc7][0xffffffa2][0xffffffdb]L[0xfffffffb][0x12]n[0xffffffb7][0xffffffa8][0xfffffffe]\[0xffffffb1][0xffffff88];[0xffffffca] p[0x4]3[0xffffff93][0xffffffb5][0xffffff81]U[0xffffff87]o[0xffffffd4]b)[0x7f]*[0xfffffff7][0xffffffe5][0xffffffd6]`[0xffffffd5][0xffffffdd][0xffffff84][0xb]sG[0xffffffcf][0xffffffac][0xffffffec][0xffffffe2][0xffffffe4].D[0x15][0xf]C_"L[0xffffffcd][0x6]-[0xffffffe2].[0xffffff82]C[0xe][0xffffff85][0xffffffc6][0xffffffd1][0xffffffcd][0xe][0x9]w[0xffffffe3][0x1e][0xf][0xe][0xffffffe0]^B[0xffffff91][0xffffffaa][0x19]J[0xffffffdf]PC8,[0xffffffe1][0xffffffa0]U[0xffffff95][0xc]'[0xffffffdb][0x9]sW[0xffffffd7]@L[0xffffffdb][0xffffffcd][0xffffffc3][0xffffff8c][0xffffff88][0xfffffffb][0x9][0xffffffae]>[0xffffff93]aB[0xffffffdb][0x1b][0xffffffca][0xf]anR[0xffffffa2][0xffffffad]r/[0xb][0xffffffeb]c[0xffffffe5]Z[0xffffffe6][0xffffffcb])[0xffffff99][0xffffffb9]X[0xffffffcf][0xfffffff1][0xffffff9d]V[0xffffffd5][0xffffffcc][0xffffffb7][0x16]2Na'3$[0x1c]C3[0xffffffb7][0xffffffe5][0x7][0x8].[0xffffffdd][0xffffff88]19B[0xffffff98][0xffffff9d]U[0xffffff8c]X[0xffffffa3]|?[0xffffff93]#[0x1][0x9][0xf][0xffffffe1]an)[0xffffff8f][0xffffffe4][0xffffffa4][0xffffffed][0xffffffa4][0xffffff80][0xffffffc7][0xe][0xffffff95][0xffffffe0]Q[0xffffffc2][0xffffff92][0xffffffb0][0x19][0xffffffc5][0xffffffaa]&[0xffffffe6][0xffffffb4]j9a[0xffffffad]/[0xffffff9f]4[0xffffffb3][0x1c]`[0xffffff9c][0xffffff8e]- [0xffffffe1]+x[0xffffff9c][0xffffff9b][0xffffffeb][0x13][0xffffffc5].<Y[0xffffff82][0xffffffc7][0x9][0x5]r4[0x1a][0x1e]"[0xffffffcc][0xfffffff3][0xffffffe5][0xfffffff5][0xffffffa0][0xffffff8d][0xfffffff6]C@[0xffffffc2][0xffffffd7][0xfffffff0][0xfffffff5]28[0xfffffff0]4a[0xffffffc6]8[0xffffffcc][0xffffff8b][0xfffffff8]&[0xffffffc1][0x11][0xffffff91][0xffffffa3]9[0xffffffb2][0x1f][0xb]m"[0xfffffff9]}[0x1b][0xffffffdf][0xfffffff1][0xffffffe0][x[0xffffff86]0{[0xffffffcc][0xffffffa2]F[0xffffffab]\[0xffffffd4]b[0xffffffba][0xffffff88][0xffffffef][0x11]\[0xffffff86][0xffffffc6][0xffffffcd][0xffffff8b]07[0xffffff9f]FR[0xffffff8b][0x3][0x12][0xffffffbe][0xffffff8f][0x1f][0xffffffb8][0xfffffff1],~H[0x10][0xffffffed][0xffffff92][0xffffff93]P[0xffffffef][0xffffff9b]hO[0x1e]EI[0xfffffff8]1[0xffffff9e][0xffffffe3][0xffffffb4][0xfffffffd]D[0xffffffc2][0x17][0xffffffb1][0xffffff8f][0xb][0xfffffff2][0xffffffa7][0x4]W[0xffffffd8]T[0x15]avRw[0xffffffa9]D[0xffffff97]i[0xffffffa2][0xffffffa2][0xffffffce][0xc][0xffffff9e][0xffffffb4]%[0xffffffbc][0xffffffc0]=I[0xffffffc0]/[0x9][0xffffff8e]h[0xffffffdc]H[0xffffffcb][0xffffffea]uri>z~[0xffffff8d][0xffffffdf]p[0xffffffe3][0xfffffffc]-[0xffffffc1][0xffffff93][\n]"
14:08:57.269 [main] DEBUG com.github.dockerjava.zerodep.shaded.org.apache.hc.client5.http.wire - http-outgoing-1 << "[0xffffff91]-!B[0xffffff91][0xffffffc2][0xffffffa3]S[0xffffffbb][0x1c]a[0xffffff84][\n]"
14:08:57.269 [main] DEBUG com.github.dockerjava.zerodep.shaded.org.apache.hc.client5.http.wire - http-outgoing-1 << "[0xffffffdd][0xffffffd0][0xffffffa2][\r]j[0xffffffa8]#7[0x9];[0xfffffffa][0xffffffb9]}[0xffffffff][0x9][0xffffff8f]r[0x10][0x7f][0xffffffce].BMg[0x10][0xfffffff1][0x17][0xffffff82][0xffffffcb][\n]"
14:08:57.269 [main] DEBUG com.github.dockerjava.zerodep.shaded.org.apache.hc.client5.http.wire - http-outgoing-1 << "w[0x12][0xfffffffe]j-|[0xffffff99][0xffffffb0]j[0xfffffffc][0xffffffd6][0xffffff82][0xffffffed][0xffffffe1][0xffffff99][0xffffff88][0xffffffeb][0xffffffba]]36jq5[0xffffffd4][0xffffff9c][0x1c][0x11][0xfffffff1][0xfffffff7][0xffffffac][0xffffffd8][0xffffff91]1[0xfffffff1]O[0xffffffc2][0xffffffe2][0xffffffc9][0xffffffb5]+"[0xfffffffe]E(WrZ[0xfffffffb][0xffffffc6]H[0xffffff88][0xffffffb0]%o[0xffffff91]|[0xffffffea][0xffffffe7][0x4][0xffffff8d][0xffffff91]P@[0xffffffc2][0x9][0xfffffffc][0xffffffdb][0xffffff83]W[0xfffffff0][0xffffffea][0xffffff84][0xffffffdc]N[0x0]B[0xffffffc4][0x7f][0x8]N[0xffffffb6][0xffffff87][0x5][0x9][0xffffffeb]'[0xffffffec][0xffffffc6]^[0xffffffef][0xffffffbc]" [0x11][0xffffff88]<8I[0x2][0xffffffa1][0xffffffb0][0xffffff9f][0x19][0xfffffff6][0xffffff89]E[0xffffffdb][0x19]A[0xffffffcd]9T[0x9]H[0xffffffe4][0xffffffa4][0x2]7*[0xffffffc8]Epvulk&[0xffffff94][0xffffffb7][0xffffff8e][0xffffffe9]![0x2][0x12][0x15]RQ[0x11].%7[0xffffffc1][0xffffffdd][0xffffffcf][0xffffff8c][0xffffff8e][0xffffffb8][0xffffffaa]*j?O&[0xffffffd5]y[0xffffff97]K4[0xffffffc5][0xffffff8d]i4[0xffffff95][0xffffffe0]bo[0xffffff8f][0xffffffcb]a][0xffffffa2][0x12][0xffffffdc][0xffffffe3][0xffffffc6][0xffffffa5]TJ[0xffffffd8][0xffffffb0]][0xffffffd6][0xffffffbd][0xfffffffd][0xffffff9a][0xffffffa2][0xfffffff6]{[\r][0xffffffcd][0xffffffcb][0xffffffed][0xffffffd4][0xffffff9b]2coo[0xffffffdc][0xfffffff0]*[0xffffff86]W[0xffffff8e]Fe[0xffffffde][0xffffffba][0xffffff85][0xffffff87][0xffffffbc][0xffffffaa][0xffffffe6][\r]kj?[0xffffff8b]y[0xffffffd9][0x1e]E7[0xfffffff4][0xffffffb5][0xffffffde][0xffffffcb][0xffffffaf],[0xffffffa4]rB[0x1][0xffffff8f]v[0xffffffec]u[0xffffffcb][0xffffffca]T[0xfffffffd]![0xffffffd1]t[0xffffffaa][0xfffffff0] B3[0x8][0xffffffd7]7[0xffffffc7]b[0x1a][0xffffffef][0xc][0xffffff82]Z\5[0x1b]z[0xffffffef][0xffffffee][0x1][0xffffffa6]z[0xffffff83][0x3],8[0xffffffc8])KS[0xffffffd4][0xffffffa7][0xffffffc5][0xffffffbc][0xfffffffa]@[0xffffffdc][0x8]i[0xffffffbb]U[0xffffffaf][0xffffffaf][0xffffffa5][0xffffff89][0xffffffe3][0xffffffaf][0xfffffff6].[0xffffffe5]TFdN[0xffffff9e][0xffffffe1][0x1d][0xffffff90]w1[0xffffffab]?[0xffffffe1][0xffffffdc]DY[0xffffffa8][0xffffffd6][0xffffffab][0xffffffc5][0xffffffcc]Y9[0x1c]crh[0xffffffc8][0xffffffdb][0xffffffcb][0xffffff92]S[0xffffffcb][0xffffffbc][0x1d][0xffffff9a]fX][0xffffff8b][0xffffffc5]J%!p*[0xffffffdd]s[0xffffffaf][0xffffffac][0xffffffb3]t[0xe][0xffffffd6]E[0xffffff9a]M[0xffffff90][0xffffffb8]V4[0xffffffcd]h[0xffffffe4]`[0x9][0xffffffb5][0xffffff99]"I-[0xffffffcd][0xffffff8a]&[0xffffffe9]Q[0xffffff89][0xffffffe6][0xffffffd0]\7[0xffffff9d]E[0xfffffff3],[0xffffffed][0xffffffa6]z[0xffffff87]i[0xffffffbe]|[0xffffffed]&[0xffffffcd][0xffffffa7][0x5]n[0x1c][0xffffffa6][0xffffff85][0xffffff84]s'%[0xfffffff9][0xfffffff1]t[0xffffffb1][0xffffff88][0xffffffeb]b1[0xffffffa1][0xffffffa2][0xffffff93]K&K[0xffffffe8][0xffffff96]`|[0xffffff84][0xffffff92]A%[0x1c][0xffffffce][0xfffffff6][0xfffffff8][0xffffffcd][0xffffffa7][0xffffffe9][0xfffffff1][r [0x5]$[0xfffffff2]S[0xffffff8d][0x7][0xffffffaf]P-[0xffffffe1][0xffffffec]S[0xffffffdf]/[0xffffffd2]2^[0xffffff82]d[0xffffff8a][0xffffffa8][SB[0xffffffa6][0xffffffe3][0xffffffd6]{[0xffffffa8][0xffffff8e][0xffffff96][0x13][0xffffffa6]wZJ[0xffffffcf][0xffffffe5]l[0x5][0xffffffe1][0xffffff8a][0xffffffb1][0x16][0xffffffc8][0xffffffad][0xffffffcc][0xffffffe0]r0M-m[0xffffff81]o[0xffffff86][0xffffffd1][0xffffffad]"4e[0xfffffff9][0xffffffa1][0x15][0xfffffff0]O[0xffffffc3][0x13][0xffffffd7][0x10]*[0xffffffcc],[0xffffff93]G[0xffffff83][0xffffffe7][0xffffff9a][0x7]pY[0x19][0xffffffc8][0xffffffd4][0xffffffe1][0x5][0xffffffa7][0xffffffa9][0xffffffc3][0xffffff8e]1[0xffffffb0][0x2][0x12][0x5]h[0x1d][0xffffffd7][0xffffffe2]y[0x4]q[0xffffff97][0x1c][0xffffff8e][0xffffffb3][0xffffffad]}[0xffffff84][\n]"
14:08:57.269 [main] DEBUG com.github.dockerjava.zerodep.shaded.org.apache.hc.client5.http.wire - http-outgoing-1 << "[0xffffffdf][0xffffff8e][0xfffffffc][0xffffff91][0xffffffe9][0x7f][0xffffffe8]|[0x1e][0xffffff86][0x1a][0x8]+O[0x7][0xffffff9d]H[0xffffff8d][0xffffff84][0xffffffd2][0xffffffdd][0xffffff8a]1`[0xffffffcd]uk[0xffffffe1]x[0xffffff84][0xffffffe9]9y([0xffffff89][0xffffffee][0xffffffb4]Yj[0xffffffa6][0xffffff8d][0x1e]j[0xffffffa2]M[0xffffff84]"[0xffffff8e]k[0xffffffa3][0x16][0xb]2[0xffffff89]Z[0xffffffac][0xffffffd1][0xb][0xfffffff8][0xffffff9f][0xffffffe5][0xffffff84]e[0xffffffd6][0xffffffd6][0xc][0xffffffe3][0xfffffff2][0xffffffca]j[0xffffffc8]+[0xffffffeb][0xffffffba][0x16]Tx[0xffffffc7][0xffffffee][0xffffffdd]eR[0xffffffe7][0xffffffd3][0xffffffab]-m[0xffffffb4][0x11][\n]"
14:08:57.269 [main] DEBUG com.github.dockerjava.zerodep.shaded.org.apache.hc.client5.http.wire - http-outgoing-1 << "B[0xffffffac]7[0xffffffde]/[0xffffffd1]V+[0x12]^H[0xffffff98][0xffffff92].![0xffffffd4]>[0xffffff8d][0xffffffb0][0xffffffee]L[0xffffff92][0x16]A[0xffffff8c]%s[0x3]1[0xffffffc2][0xffffff9a][0x9][0xffffff80]MP4[0x4][0x8][0xffffffd3][[0xfffffff3][0xffffffd4][0xc][0xffffff81][0xffffff8c]r[0xffffffcb][0xffffffee] [B[0xffffffe9]r[0xffffff8b][0x17][0xffffffe0][0xfffffff7][0x12][0x4]%D([0xffffffcd][0xffffffea]37[0xc][0xfffffff1][0xfffffffa][0xffffffa8]8[0xffffffac][0xffffffe8]F[0xfffffff2][0x14][0xffffffd8][0xffffffb4][0xffffffc3]U[0xffffff93][0xffffffca][0xffffffa6][0xffffffad][0xffffffd9][0xffffffdb][0x2][0x12][0xfffffffd][0x1f]][0xffffffc2]M[0xffffffee]m[0xffffff84][0xffffffe5][0xffffffa7][0xffffffbc]][0xffffffa4]K[0x9][0x12]WkKh[0xffffffa3][0xffffffdd]:m[0xfffffff6]]|z[0xe]1[0xffffff96][0xffffffb4]^[\n]"
14:08:57.269 [main] DEBUG com.github.dockerjava.zerodep.shaded.org.apache.hc.client5.http.wire - http-outgoing-1 << "zH[0xffffffa6]Pn[0xfffffff8]NV[0xffffff8f][0x4][0xffffffea][0xffffffe3][0xb][0xfffffffa][0x9];[0xffffffc7]I[0xffffff82]aM3s`<[0xffffffea]U-[0xffffffd8]f[0x12]4%*[0xffffff87][0xffffffbd]>U[0xffffff8e][0xffffffb0][0x9][0x3][0xffffff92]%[0xfffffffb]P!)[0xffffffbc][0xffffff80][0xffffffbc][0xffffffc7][0xffffff83][i[0xffffff90]P[0xffffffa8][0x18],&[0x1b]Z[0xffffff8c][0xffffffbb]gf[0xffffffe5][0xffffffde]b[0xffffff8f][0x7]$[0xffffff8a][0xffffff90][0xffffffea][0xffffffc1][0x1][0xffffffd2][0x8]ec[0xffffffe7]Ez;A[0x1c][0xffffff90][0xfffffff5]v[0xffffffb6][0xffffffc7]0[0xffffffcf][0xffffffcd]wH[0xffffffa4][0xffffff93][0xffffffe1][0xffffffa1][0x18][0xffffffc5][0x9]N[0xffffff95][0xffffffed]1$[0xffffffda][0xffffffcd][0xfffffff9][0xffffff8b][0xffffffd1][0x1e][0xffffffc2][0xffffff92][0xfffffff1][0xffffffe5][0x17][0xffffffd1]B,\gKN[0xffffffa4]w[0x10][\n]"
14:08:57.269 [main] DEBUG com.github.dockerjava.zerodep.shaded.org.apache.hc.client5.http.wire - http-outgoing-1 << "[0xfffffffa][0xffffff99][0xffffffd1][0x12][0xffffff92][0xffffffe8][\n]"
14:08:57.269 [main] DEBUG com.github.dockerjava.zerodep.shaded.org.apache.hc.client5.http.wire - http-outgoing-1 << "Z[0xffffffe0][0xffffffa6][0xffffffcb][0xffffffe9]J[0xfffffff3][0xffffffb4]?[0xffffffc3][0xffffff84][0xffffffce]([0xfffffff7]t[0xffffffe4]@[\n]"
14:08:57.270 [main] DEBUG com.github.dockerjava.zerodep.shaded.org.apache.hc.client5.http.wire - http-outgoing-1 << "H[0xfffffff4]Nz[0x17]7[0xffffffa1][0xffffffab]'[0xffffff95]{r[0xfffffff7][0xffffff8b]t[0xffffff8d][0xffffff87][0xffffffde][0xffffffc3][0xffffff83]@y2[0x8][0xffffffd8][0xffffff9a][0xffffffb2]<[0xfffffffd][0xffffffbd][0xffffff84][0xffffffd6][0xffffffb1][0xffffffca][0xffffff8d]%[0xffffffa3]tR[0xffffffab][0xffffffa7][0xffffffa0][0xffffffc9][0xffffffeb][0x8]b?3xs![0xffffffd1][\r][0xffffff96][0xffffff8c][0xffffffde]O(TS[0x1f]U[0x2]c[0xffffffda][0xffffffff]I[0xffffff8a][0xffffffdf]l[0xfffffff6]E[0x1b][0x10]a"yf[0xffffffef]#[0xffffff94][0xffffffc6][0xffffffd5][0xffffff9c]x@p+![0xffffffa6][0x1a]J[0xffffff9f][0xffffffc2][0x1d][0xffffffab]<[0xffffffbd] [0xffffffa3][0x7][0xffffff9a][0xffffff91][0x1c]3[0xffffff8f]s2[0xfffffffb][0xffffffb5]b[0xb]aK[0xffffffba][0xffffff91][0xffffff9a][0xffffff99][0xffffffca]mfw[0xffffffe5]5[0xffffffe4][0xfffffffe]~[0x16]2[0xffffffa5][0xfffffffc]q[0xffffffc2][0xffffffd4][0xffffff8c]c![0xffffffd3]B6[0xffffff9e][0xffffff91][0xffffff85]$[0xffffffe1][0x4]$[0xfffffffa]$[0xffffffed][0xffffffe5][0xfffffff6]q[0xb][0xffffffa1][0xfffffffe]Tw[0xffffff8b][0xfffffff4]i[0xffffffc2][0xffffffa6]3KH[0x19][0xffffff94][0xffffffb4][0xffffffd0]m[0x1e][0xffffffba][0xffffff95]>[0xffffffc3][0xffffffff],O[0xffffff9e][0x3]d[0xfffffff0][0xffffffb7]![0xffffffae][0xffffff84]C,&[0xffffffd2][0xffffffe7][0xffffffdc]t[0x7]V[0x10]flSya[0xffffffc9][0xffffffab][0xffffff8a][0x10][0xb]3[0xffffff83][0xffffffd9][0xffffffa2]+[0xffffffa4]/[0x10]\r4[0xffffffca][0xffffffd4][0x10]a[0xffffffe9][0xffffffa4]>o[0xffffffd8][0xffffffc0][0x3][0x12][0xffffffed][0xffffffa3];[0xffffffdd]t[0x7]}[0xffffff89]Phh[0xffffffd6][0xffffffa4]DwqK[0xffffffbc][0xffffff83][0xe][0x10][0xfffffffc][0x13][0xffffffd7][0xffffffa2][0x19]Ep[0xffffffb7][0x4][0xffffff95][0xffffffee][0xffffffe1][0xffffffe9][0xffffffef][0xffffffde][0xffffffec]<[0xffffff93]^c[0xffffffa6][0xffffffc5][0x8]/|[0x1a][0xffffffd4][0xffffff90][0xfffffff9])[0xffffffaa][0xffffffc0][0xffffffb7]c[0x7][0xf]7[0xffffffc3]t[0xffffffc8][0xffffff8d]6[0xffffffba]?[0xffffffeb][KG\5[0xffffff94][0x8][0x13]i$[0xffffffd5][0x1f][0xfffffff1][0xfffffff7][0xffffffdc][0xfffffffe][0xffffffc8][0x1e][0xe]H4J[0x9]7[0x1d][0xffffffa1][0xffffffa3]Y[0xffffffed]w[0xffffffd7][0x0]/[0xffffffdb]Dz[0xffffff80]0;[0xffffffe7][0xffffffdb]Q[0xffffffd7][0xffffffe6][0xffffff8e][0xffffffe6][0xffffff86][0xffffffa6][0xffffff9d][0xffffff9b]:[0xffffffb6]n[0xffffffbb][0xffffff90]0[0xffffffa3]5w[0xffffffd3][0xffffffa6][0xffffff98][0x16][0xffffff8f][0x6]$z[0xffffff88][0x1e].[0xffffffc2]jz[0xffffffa4][0x4]gK[0x18]2O[0x1c][0xffffffe8][0xffffffb1][0xffffffe2][0x2][0xfffffffa][\n]"
14:08:57.270 [main] DEBUG com.github.dockerjava.zerodep.shaded.org.apache.hc.client5.http.wire - http-outgoing-1 << "[0xffffffc1][0x11][0xffffff8b][0xffffffab][0xffffff84][0xffffff86][0xffffffd3]8]M[0xffffffd2][0xffffffae][0xffffffda][0xffffffdd][0xffffffc2][0x13][0xfffffff4]d[0x19][0xffffff9c][0xfffffff4]U[0xffffffc2]2[0xffffffdf]8[0xffffff94][0xffffffe4][0xffffffdb]h~h[0xffffffa3][0xffffffaf][0xffffffb9][0xffffffe9]A[0xfffffffa]:[0xffffffa1]X[0xe][0xffffff85]:[0xffffffed][0xffffffae]j[0xffffffb3][0xffffffa6][\r][0xffffffe6][0x1c]LZ[0xffffffc0][0xffffffcc]F[0xffffffe1][0x1b][0xfffffff4]M.[0xffffffab]o[0x11][0xffffff8a][0xfffffffa][0xffffff99][0xffffffd1]j[0x1f][0xffffffbb]d[0x7f][0x1a][0xffffffb4][0xffffffbe][0xffffff97][0xffffffaf][0xffffffc9][0x1d][0xffffff9b][0xffffffe4][0xffffffd9][0xffffff9f][0x4][0xffffffaf][0xfffffff9][0x1d][0xffffff93][0xffffffbe]G(L[0xffffff86][0x6][0xffffffc2]mye[0xffffff95][0xfffffff1][0xffffffb8][0xffffff89][0xffffffa9],[0xffffffa6][0x4]S[0xffffff81]%0[0x9][0xffffffef]j[0xffffff8c]1[0xffffffd9][0xffffffc8].[0xfffffff7]&[0xffffffe3][0xffffff94]y[0xffffffb6][0x11]n?U[0x2][0xffffffd7][0xfffffff9][0xffffffd7][0xffffffff][0xffffffb7]i[0xffffff9c]D[0xffffff95]=v[0xffffff9f]H?[0xffffff92][0xffffffe8];[0xfffffff4][0xffffff8c][0xffffff87]~L[0xffffffcf]q[0x1b]~[0xffffff8e][0xffffffe0][0xffffff8a][0xffffffc6][0xffffff8d][0xffffff86]pX[0xffffffa2][0xffffff9f]"[0xffffffe1][0xffffff81]D?#[0x14][0x5][0xffffffd3]!}[0xffffffc5]i[0xffffff88][0xffffff82]P[0x7f][0xffffffaa][0x1a]&8[0xffffff82]<[0xffffffcc][0xffffffaf]>]y8[0x15]U[0xffffffe1][0xffffffe1][0xffffffc4]<>,[0xffffffa4][0xffffffdf]Z[0xffffffdf]{[0xffffffb7][0xffffffb0]![0xffffff89]~O}[0x1e][0xffffffb8][0xffffffe9][0xf][0x4]:[0xffffffaf][0xffffff90][0xfffffffe]d[0x1d][0xfffffffb]t[0xfffffff3][0xffffff8e]F[0xffffffa2][0x17][0xffffffad][0xffffffb9][0xffffffbf]HX[0xffffff8e][0xffffffcb][0xffffffdd]([0xffffffa6][0xffffffbf][0xfffffff2]:[0xffffffd7]H[0xffffffc5][0xffffffaf][0xffffff9c]ca^[0xffffffeb]Z'[0xffffffcb][0xffffffba]![0x1b]J[0xffffffb0][0xffffffaa]>}&0[0xffffffc1][0x9]r&[0x0][0xffffffb7][0x1c][0xc]2][0xffffffaf][0xffffffaa][0xffffffaf][0xffffffaf][0xffffffb7]J[0xffffffc9]1[0xffffffbf]e[0xffffff91]0[0xffffffc7][0xfffffffc][0xffffffec]I[0xffffffaf][0x10][\n]"
14:08:57.270 [main] DEBUG com.github.dockerjava.zerodep.shaded.org.apache.hc.client5.http.wire - http-outgoing-1 << "[0xffffffd7][0x5][0xffffffc3][0xfffffff6][0xffffffcf][0x19]f[0xffffffe4].L[0xfffffffe]^[0xffffff81]^[0xffffffb5]][0xffffffd8][0x1c]%,[0xffffffca]t[0xfffffff8][0xffffffc6][0xffffffb0][0xffffffac][0xffffffeb][0xffffff81]|X[0xffffffe8]?t[0xffffffd2]M[0xffffffaf][0x9] [0xffffffcc][0xffffffcb][0x9][0xffffff8b][0xffffff9d][0xffffffcd][0xffffff9d][0xffffff9d]-[[0xffffffdb]w[0xffffffb6]4Y[0xffffffbf][0xffffffa2][0xffffff91][0x4][0x1][0xffffffbb][0xffffff8a][0xffffffb0]Zp[0x10][0xffffffdc][0xffffffe9]II([0xffffffb0][0xffffff86]]Y?][0xffffffb2]O}[0x15]M[0xffffffd5]E[0xffffffa1][0xffffff90] [0xffffffe9][0xffffff8a][0xffffffda][0x1f]f[0xffffff86][0xffffffa6][0xffffffb6][0xffffffc9]Q[0xffffffde][0x1b][0xffffff9c][0xffffffc2][0x1]m*[\n]"
14:08:57.270 [main] DEBUG com.github.dockerjava.zerodep.shaded.org.apache.hc.client5.http.wire - http-outgoing-1 << "I[0xffffff82][[0xfffffff0][0xffffffb8][0xffffff85]"A[0xffffffca][0xfffffffa][0x5]VC,&[0xf][0xffffff99]_b[0xffffff84][0xffffffa9][0xffffff84][0xffffffa9]M[0xffffffcd][0x1b][0x1b][0xffffffb6][0xffffffb5]v[0xffffffd9][0xffffffbf][0xfffffffd][0xffffff91][0xffffff84][0x12][0x1e][0x7f]V[0xb][0xffffffa5][0x4]WPS[0xffffff83][0xffffffb2]Ah[0xffffffcb]sNm[0xffffff9f][0xffffff96][0xffffff8f];1[0xffffffc1][0x1][0xffffffbb]P.L[0xfffffff3][0xffffffe0][[0xffffffc2]t[0xffffff89][0xfffffffe]A[0xffffffff]tC[0x10]f[0x14][0xffffffbb][0xffffff84][0xffffff99]%[0xfffffff4][0xffffffcf]2[0x14][0xffffffe0][0xffffffe9]d"J[0x13][0xffffffab][0xffffff8b][0xffffffc2]Y<[[0xffffffeb][0xffffffd6]Y[0xfffffffb][0xffffffa2][0xffffffac][0xe]%[0xf][0xfffffff3][0xffffffe6]w-I[0xffffff98]+[0xffffffcc]s[0xb]s[0x4]/[0xffffffa1]2[0xffffff93][0xffffff81][0xffffffb4][0xffffffac][0xffffffad]< ,p[0xb][0xffffffc5][0xffffffc2]BBQ[0xffffffa7][0xffffffd2][0xffffffaf][0xffffffca]F<[0xffffffc6][0x8][0xffffffce]F-[0xffffffc4][0x8][0xffffffc5][0xffffffad][0xffffff8a][0xffffffca][0xffffffda][0xffffffe3][0xffffff91]^[0x16][0xffffffeb][0xffffffe2][0xffffff99][0xffffffc3][0xfffffffc]!UP[0xe]w[0xffffffcb]1[0xffffff85][0xffffffbf][0xffffffdb][0xffffff83]S:[\r]98[0xffffffd8]&G[0xffffffed]ww[0xfffffffa]S5[0xffffffa1][0xffffffd2][0xffffffce][0xffffffb5][0xffffffdd][0xffffff8a][0xffffffae][0xfffffff4][0xffffff86]Y[0xffffff83][0xffffffaa]j[0xffffffdc][0x11]4U'TdC[0x1b][0xffffff8a]&!J-*[0xfffffff7]Sn[0xffffff89][0xffffffbc][0xffffffa5]ww[0xffffff9a][0xffffffc9]p[0xffffffa3][0xffffffc2][0xffffffe7]J6h[0xffffff9a][0xffffffa1][0x1b]19j}[0xffffffae][0xffffffd5]1[0x1f][0x2][0xffffff9c][0x0][0xffffffdc][0xffffff98][0xffffffc5][0x1d][0x1][0xffffffc0],[0xffffffcc][0xffffffb3][0xffffffef]^[0xffffffcc][0x7][0x9][0xffffff8b][0x0][0x8]X[0xffffff80][0xffffff99]X[0xffffff88][0xffffffaa][0xffffffd4][0xfffffffb]"[0xffffffb8][0xffffffb1][0x18]K[0x0][0xffffff94][0xffffffc0][0xffffff87]js[0xffffffcc][0xffffff9f][0xffffffb5]^@[\r]jS[0xffffffef]K!`Y[0xffffffce]{[0x1d][0xffffffea][0x1][0xffffffcc][0x4][0xffffffb0][0x1c]g[0xffffff83][0xffffff84][0xffffffc5][0x0]t8A|[0xffffffc4][0x7f][0x4]+[0xfffffffd][0xffffffa3]X{[0x18][0xffffffeb][0xfffffffc][0xffffffc7][0xffffffb0][0xffffffbe][0xffffffe7][0x8][0xfffffffe][0xffffffe7]0[0x1a][0xfffffffc][0xffffffa3][0xffffffd8]t[0x18]-[0xffffffd6]m[0xffffff8b][0xffffffff][0x18][0xffffffda]z[0x1c]Gp[0xffffffe1]at[0x1c][0xffffffe4]`[0x5]N[0xffffffd0]\[0xffffff88][0x0]Z[0xffffffe0][0xffffffc4]:x[0xffffffb0][0x1e][0x15]8[0x1f]s[0xffffffb0][0x1]UhB=Z[0x4][0x1f][0x0][0xffffffc9]B[0xffffff82]N[0xffffff93][0xffffff85]j,F[0xffffff97]M[0xffffffc0][0xffffffe7]!@[0x0][0xffffffb0]a[0x18][0xffffffdd]O"Pv[0xffffffd1]([0xffffffde]6[0xffffff8a][0xffffffd0]-[0x10][0xffffff9d][0xfffffffb][0xffffffe0]t[0x4]f[0xffffffed]E[0xffffffc9]1[0xfffffff4][0xfffffff5][0x1c]A[0xffffffff]!t[0xffffffef]Ce[0xffffff99][0xffffffd2]:[0xffffff8c][0xffffffc1][0xffffff9a][0x4][0xffffffde].[0xffffffe0][0x18][0xfffffff4][0xffffff9e]#0[0xe][0xffffffa1]{[0x18][0xffffffdd][0xfffffff7][0x1]p[0x8][0xffffffd5]&6[0xffffffe7][0xfffffff4][0xfffffff3][0xffffffe9]U[0xffffff94][0xffffffd2][0x9]L7i\[0xffffff80]B[0x0][0xffffffad]p[0xffffffa1][\r]3[0xffffffd0][0xffffff8e][0xffffffd9][0xffffffb8][0x10]>t[0xffffffa0][0x6]=X[0xffffff89][0xffffff8b][0xffffffb1][0x1e];M:+L1[0xffffff96]#[0xffffff8e]] [0xffffffcc][0xffffffc0][0x12][0xffffffec][0xffffffc6][0x1e][0x0][0xffffffc4][0xffffffeb]"8L[0xffffff8a]C[0x10]Ln[0xffffff96][0xfffffff9][0xffffffef]G[0xffffff83][0xffffffff](>[0x8]$[0xfffffff0]Q[0x1][0xfffffffe][0xfffffffb][0xffffffd1][0xffffffe2]?[0xffffff8a]O[0xfffffff1][0xffffffd7][0xffffffcf][0xffffff9a][0xffffffaf][[0xfffffffc]G[0xfffffff1][0x5][0xfffffffb]5-[0xffffffaf]2[0xffffffd3][0x0][0x6]P[0xc][0x5]sq[0x19][0xffffff96]b0CF[0xffffffcb],[0x19][0x9]~[0xfffffff0][\r]5[0x0]\ [0xffffffbc][0xffffffc3][0xffffffa4][0xffffffe1][0xffffff8b][0xffffffd8][0x7][0xffffffa7]I[0xffffffc3][0x17]l3[0xffffff9a]?[0xffffff8c][0xfffffffd]=m[0xffffff8f][0xe]c[0x7f]M[0x2][0xfffffff7][0x9][0xffffffd8]>[0xffffff8c][0xfffffffd]#8T[0xfffffffb][0xffffffd8]>[0x14][0xffffffb6][0xffffffd7]>[0xffffffb6][0xfffffff4][0xffffffe1][0xffffff83][0x10][0xffffffe0][0xffffffc2]L[0xffffffcc][0x6]0[0x1b]s[0xffffffcd][0xffffffbb][0xffffffd3][0x14][0xffffffd2]L[0x8]'1[0x1b][0xe][0x11][0xffffff82][0xffffff88][0x3]"[0xffffffb7][0x3][0x11][0xffffff87]O[0xffffffc0]i[0x12]Y[0xffffff81][0x2][0x0]q[0xffffffb8][0xffffffb0][0xb]%[0xffffffd8][0xffffff8d][\n]"
14:08:57.270 [main] DEBUG com.github.dockerjava.zerodep.shaded.org.apache.hc.client5.http.wire - http-outgoing-1 << "[0xffffffec][0xffffff81][0x17]C)![0x1][0xfffffff3]me[0xfffffff2][0xffffffa7][0x11][0xffffffd3]RkSL[0xfffffff0][0xffffff91]#)[0xffffffdb][0xffffffbb]3/3[0xffffffa3]H@0[0xffffff99][0xffffffb9][0x6][0xe][0x13][0xffffffe2]"[0x7f]M[0x2][0xf][0x12][0x12][0xfffffff8]2[0xffffffe1]([0xffffffbe][0xffffffc1]%[0xfffffff7]][0x1][0xffffffa3][0xfffffff8]Q[0x2][0xffffffcf][0xb]x[0x4][0x7]F[0xfffffff0][0xffffffb3][0xffffff83][0xffffffa6][0xffffff96][0xffffffd3]vw5[0x4]\[0x3][0x11][0xffffffef]A)[0xffffffae]E[0x5][0xffffffde][0xffffff8b][0xfffffff9][0xffffffb8][0x1a]U[0xffffffb8].[0xffffff83][0xffffffd4]E)R[0x17][0xffffffe1][0xffffffe7][0xffffffa6][0xffffffd3][0xffffffa4]I[0xffffffe5]#[0xb]R[0xffffffa4][0x1e][0x5][0xffffffe1][0x17][0xffffffb8][0xffffffca][0xffffffd6][0xfffffff4]v8[0xffffffe0][0x0]P[0xffffffea][0x1f][0xffffffc1][0xffffffaf][0xffffffb8][0xffffffb6]kj[0x13][0xfffffff8][0xffffff9d][0x3][0xffffffdb][0xffffffd3][0xffffffca][0xffffff9c]j.[0xffffffb8][0x11]N[0xffffffdc][0xffffff84][0x12][0xffffffdc]l"[0xfffffff5]Z[0xffffff9b]RHK[0xfffffff1]{[0xffffffd3][0xffffff9c][0xfffffff8][0xffffffd3][0x1f][0xffffffb0][0xb]B^y[0xfffffffc][0x11][0xffffff9a][0xffffff8d]v[0x7][0xffffff9c]&[0xffffffd9]s[0xfffffffd]5&[0xffffffd2][0x4]^[0xffffffe4][0xffffffdc][0xffffffbf]t[0x4][0xffffffef][0xffffffb2][0xffffffdf][0xffffffff]&[0xffffff8c][0xffffffa5][0xffffffe1]3([0xffffffc3][0xffffffed][0xffffff98][0xffffff83][0xffffffcf]e0>7E[0xffffffc3]\[0xffffff8b][0xffffff86]q0'[0x19][0xffffffbe][0xffffffc8]f[0xffffffb8][0xffffffcc]_S;1[0xffffffb6][0xffffffbb][0xffffffe1][0xffffffc2][0xffffffbd]([0xffffffc5]}[0x19][0x1c][0xffffff97][0xffffffa5][0xffffffb0][0xffffff95][0xffffffa5]8.[0x1b][0xffffff97]c[0x1]W[0xffffffe2]*+[0x8][0x8][0xffffffd7][0xffffffc3][0xffffffc9][0xffffffed][0xffffff8d][0xffffffa6][0xfffffff9][0xffffffef][0xffffffc7][0xffffffba][0xffffff9a][0x4]^[0x13][0xffffff90] [0x7]a[0xffffffad][0xffffffb3][0xffffffd2]9B[0xffffffe2][0x13][0xffffff98]9L[0x1e][0xfffffff3]q[0xffffff84][0xffffff8a]G[0xffffffa8]l[0xffffffaf][0x1d][0x1d][0xffffffd6][0xffffffef]C[0xfffffff5]Z[0xffffffe7]0[0x6][0xffffffcb]iZM[0xffffff82]f:p[0xffffffd0]~[0xffffff9d]US[0xffffffe9][0x1c]%[0xffffffef][0x8]U%h[0xffffff89][0x13][0x7][0xffffffe7][0xffffffec]E[0xffffff93]9Qm[0xffffffad][0xffffffb3][0x10][0xffffffd1]R[0xffffff8e][0xffffffe8]l[0xffffffe2]~3XN+k[0xffffffcd][0xffffffb9]}[0xffffffa8][0xffffffb4][0xffffffa1][0xffffffac][0xffffffce][0xffffff86][0xffffff92]C[0xffffffdd][0xfffffff6]}([0xffffffb3][0x17][0xffffff9e]cc7_[0xffffffd6]f[0xffffffa1]X/[0xffffffc0]9J[0x1b][0x12][0xffffffb4]9[0xfffffff9][0xffffffb0][0xffffff85][0xffffffef]oM"m[0xffffffaf]M[0xffffffd0][0xffffffff]N[0xffffff80][0xfffffff4][0xffffffa0][0xffffffe9][0xffffff89][0xfffffff5]X[0xffffff81][0x7f][0xffffff98][0xfffffff7][\r]8[0xffffff8e]Kp-[0xffffffae][0xffffffc3]q[0xffffffdc][0xffffff86]{p[0x10][0xffffffc7][0xfffffff1][0x8]N[0xffffffe0]5[0x1c][0xffffffb7][0xffffffc3][0xffffffdf]*x^[0xffffffc3]2[0xffffff88][0xffffffa8]8[0xffffff9f]Nr[0xffffff8d][0xffffff9a].[0xfffffffe][0xffffff92][0xffffff88][0xffffff97][0xffffffb8][0xffffff8b][0xffffffff][0xffffffa3]][0xffffffc4][0xfffffff1]WQA[0xffffffaa][0xffffff88][0xffffffe3][0xffffffd3];D[0x1c][0xffffff9f]z[0x5][0x7f]2[0xffffff95]{[0x3][0x16][0x0]8[0xffffff8c]R[0xffffff8c][0xffffffa0][0x1e]_[0xffffffc6][\n]"
14:08:57.270 [main] DEBUG com.github.dockerjava.zerodep.shaded.org.apache.hc.client5.http.wire - http-outgoing-1 << "[0x1c][0xffffffc1]*[0xffffff8c][0xffffffa2][0x1][0x9]l[0xffffffc0]Q4[0xffffffe1][0x18][0xffffffda][0xfffffff0][0x10]:q[0xc][0x17][0xffffffe1][0x11][0xfffffff4][0xffffffe0]1\[0xffffff82][0xffffffc7][0xffffffa1][0xffffffe0][0x9][0xc][0xffffffe1]I\[0xffffff8b]o[0xffffffe2]:|[0x15]7[0xffffffe0])[0xffffffdc][0xffffff88][0xffffffa7][0xffffffb1][0x17]O[0xffffffe1]6<[0xffffff83]{[0xfffffff0]}[0x1c][0xffffffc4]wq[0x8][0xffffffdf][0xffffffc3][0xffffffc3]x[0x16][0xffffff8f][0xffffffe0]Gx[0x1a]?[0xffffffc6][0xffffff8b]x[0xe]'[0xfffffff0][0x2]^[0xffffffc3]Op[0x12][0xffffffcf]S!~NS[0xfffffff1]<[0xffffff95][0xffffffe3][0xffffff97][0xffffffa6]aE[0xffffffe1]A)[0xffffffe6]Q[0x7]u[0xffffffc2][0xffffff89]z8[0xffffffa8][0xb]{[0xffffffe0][0xffffffc0]*L[0xffffffa1]m[0xffffffd4][\r]'[0xffffff9a]0[0xffffff9d][0xffffffb6][0xffffffd1]v8q[0x3][0xffffffa6][0xffffffd9]O[0xffffff87][0xffffffcc]Y[0xfffffffe]t25[0x6][0xffffff9a][0xffffff96]4O[0xffffff9a][0xffffff96]4O[0xffffff9a]f[0xffffff99]'zp[0xffffffcc][0xffffff86]LtQ[0xffffffca][0x11][[0xffffffed][0xffffffdc]Tb[0xfffffffb][0x7f]KM[0xffffff82]z[0xfffffff2]8[0xffffffc3][0xffffff9f][0xffffffe1][0xffffffc4][0xffffff8b]([0xffffffc6]_2\[0xffffffaf]$[0xffffffe5][0xc]%[0xffffffb4]c<[0xffffffd7][0xffffffa3][0xffffff8b]S[0xffffffb8][0xffffffd6][0xffffffdb][0xffffffb8]\[0xfffffffe][0xffffff9a]#[0xfffffff8]x[0x1a][0xffffff83][0xffffffdb][0x1c][0xfffffffd][0x17][\n]"
14:08:57.270 [main] DEBUG com.github.dockerjava.zerodep.shaded.org.apache.hc.client5.http.wire - http-outgoing-1 << "[0xfffffff0]J[0x6]tW[\n]"
14:08:57.270 [main] DEBUG com.github.dockerjava.zerodep.shaded.org.apache.hc.client5.http.wire - http-outgoing-1 << "[0xffffffba]k\[0xffffffe8][0x2]n[0xffffff82]f9[0x18][0xffffffbd][0xffffff8c][0x2]3Z>[0xffffffc0][0xffffff8d]2A;[0x9][0xffffffce][0x7][0xfffffff1]R[0xffffff8f][0xffffffa3][0xffffffa6]3A[0xffffff8c][0xffffff9b][0xffffffe3][0x0][0xfffffff1][0xfffffff8][0xffffffda][0xffffffb6][0xf]g[0xffffffb5][0xffffff9b]FxY[0xffffffca][0xffffff86]9[0xffffffd3]a[0xffffffce]tm[0xffffff82][0xffffffa2][0xffffff84][0xfffffff6][0xffffffa5][0x9][0xffffffda]E[0xffffffd8][0xffffff8b]mK[0x13]4Dx[0xffffff84]._[0xffffffeb][0xffffffe4]P[0xffffffb9]{^[0xffffff95][0xffffffa0]wsh[0xffffffd7][0x12][0xffffffb6][0xfffffff3][0xffffffad][0xfffffff6]XX[0xffffffb0]m[0xfffffffd]}5[0xffffffb6][0xffffffad]O_[`[0xe]\[0xffffffcf]W|[0xffffffc0][0xfffffff2][0xffffffba][0xffffff93]wf`[0xffffffdb][0xffffff87][0xfffffff2][0xffffffb5][0xffffffae][0xffffff8c][0xfffffff7]J[0xffffffd7][0xffffffc3][0xffffff96]#[0xffffffcc][0xffffffc3][0x2][0x1c]G[0xffffffb7][0xffffffed][0x0]@[0x1d][0xffffffee][0x2][0x10][0xffffffc0][0xffffffad][0xffffffe6][0xfffffffd].[0xffffffdc]m[0xffffffde][0xffffffad][0x14][0xffffffb7][0x1a][0xffffff85][0xffffffbd][0xffffffa6][0xffffffb1][0xffffffcf][0x14]q[0xffffffe0]U[0xffffffb8]D[0xffffff8a][0xffffff9d]D3[\n]"
14:08:57.270 [main] DEBUG com.github.dockerjava.zerodep.shaded.org.apache.hc.client5.http.wire - http-outgoing-1 << "[0xffffff92][0xfffffffe]p@[0xffffffa4][0xffffff98]H[0xffffff97]s[0xffffffaf]8~[0x2][0xffffffa5][0xffffffaf]@h[0x13]q[0xffffffb8][0xffffffd8][0xffffff94]{7[0xffffffa6]s[0x5]a[0x1e][0x15]b[0x1][0x9]XH[0xe][0xffffffd4]Q%[0xffffffd6][0xffffff92][0xffffff88][0x0]I[0xffffffe8][0xffffffa6][0xffffffa9][0xffffffb8][0xffffff8c][0xffffff8a]1D%[0xffffffb8][0xffffff96]*p[0x1d][0xffffff95][0xffffffe2][0x6]*[0xffffffc3][0xffffffc7]h[0x1a]n[0xffffffa6]2[0xffffffdc]B3p+U[0xffffffe2]N[0xffffff9a][0xffffff85][0xffffffbb][0xffffffa8][0x12][0xffffffa3]4[0xb][0xffffffc7]h[0xffffffb6][0xffffffa9][0xffffffc3][0xffffffcd][0x10]1[0xf][0xe][0xfffffffa] [0xffffffaa] `!f[0xffffff9a]6[0xffffffea][0xffffffc0][\r](1[0xffffff9f][\n]"
14:08:57.270 [main] DEBUG com.github.dockerjava.zerodep.shaded.org.apache.hc.client5.http.wire - http-outgoing-1 << "[0xffffffd0][0xffffff8d]&[0xfffffffa]0}[0x4]N[0x4][0xffffffd0]k[0xffffffaf][0x3][0x1e]Hi[0xfffffffd][0x1][[0xffffffeb][0xffffffb5][0xffffffb6]E[0xffffff98][0xffffffd0][0xffffffe8]C[0x10][0xffffffac][0xfffffff5][0xffffffe6][0x13][0xffffffd1]GS[0xffffffd6][0xffffffd5]d[[0xffffff97][0xffffff94][0xffffffa9][0xffffffd0]l[0x1b][0xffffffa3][0x5][0xfffffff0][0xffffffd0][0xffffffc2][0xc][0x1b][0xffffff93]R[0xffffffd8]$[0xfffffffa][0xffffffd8][0xffffffb8][0x16]|c^[0x1c]c[0xffffffd3][0xffffff86][0xffffff85][0xffffffc3][0xf][0xf][0xffffffd5][0xffffff9c]2[0xffffff8e][0xffffff9b][0xffffffc6][0xfffffff5][0xffffffc8]-[0xfffffff9]=[0xffffff92][0xffffffce][0xffffff86][0xffffff93]V[0xffffffa0][0xffffff98]V[0xffffff8e][0xffffffe3][0xffffff91]7[0xffffff8f][0xffffffeb]3[0xffffffb7]'}[0x6][0xfffffff7][0xffffffd8][0xffffffc9]p[0xffffff93]i[0xffffffa9][0xffffff9f][0xffffffc8][\n]"
14:08:57.271 [main] DEBUG com.github.dockerjava.zerodep.shaded.org.apache.hc.client5.http.wire - http-outgoing-1 << "[0xffffffea][0xffffff9f]J[0xffffffc6][0xfffffff2][0xffffffcf]rs[0xffffffbf][0xffffffdd][0xffffffcc][0x5][0xfffffff3][0xffffffdb][0xffffff86]1x[0xffffff8c][0xffffffee][0xffffffe8]9B[0xffffff9f]/[0xffffffa7]/[0xffffff8e][0xffffffd0][0xfffffffe][0xffffff9a][0x11][0xffffffda]?Bw[0xffffffd7]&[0xffffffe8]>[0x7][0xe][0xffffff82] a[0x11]|8l[0xffffffc7]i[0x11][0xffffffc2][0xffffff80][0xffffff88][0xffffffc3]sL[0xffffffba]g[0xffffffc1][0x5][0xffffffd0][0x1a]Ht.[0x16][0xffffffd1]:[0xfffffff8]h-[0xffffffaa])[0xffffff80][0xffffff8d]t^*[0xffffffc5]Vc[0xe]m[0xffffffa3][0xffffff83]&7[0xffffff9b]R[0xffffffdc]l[0xffffffb2][0xffffffb8][0x1][0xfffffff0]B[0xffffffaa][0xffffffac][0xffffffef]E[0xffffff81]9[0xffffffb2][0xffffffd0][0x7f]?:[0x1c][0xffffffce][0x11]:[0xffffffbc][0x17][0xffffff95][0xffffffa3]t[0xffffffec][0x18]=[0xffffffd8]3L_[0xfffffff6][0x1f][0xffffffa5][0xffffffa7][0xffffff80]#[0xfffffff4][0xfffffff4][0x8]}[0xfffffffb]`[0xffffffaa]lv[0xffffff80][0x16][0xffffffa4]+T:[0x1f][0x12]5b[0x1e]5a[0x1]m[0xffffffcc][0xffffffa8]P[0x17][0xffffffda][0xffffff98][0xffffff89][0xffffffbe]C[0xffffffcf][0xffffffd8][0xfffffff5][0xffffffe8]2[0xffffff90]9[0xffffffe7][0x1c][0xffffffa6]g[0xffffffef]K[0xffffffe9][0xffffffc2]e[0xffffffc6][0xffffffd8][0xfffffff6][0xffffff8c][0xffffffbd]N[0xffffffbb][0xffffffba]5[0xffffffab]-[0xfffffffa]n^m[0x7f][0xffffff9f]~`Ce[0x10][0xffffffac]R[0xffffffaa]6A?![0xfffffff8]G[0xffffffe8][0xfffffff9][0x4][0xfffffffd]\@[0xffffffed]}[0xffffffa9]"[0xffffffd0]2[0xffffffab][0xffffffed]([0xffffffa6][0xffffff8b][0xfffffff2][0xffffffd7]^[0xfffffff4][0xb][0xfffffffa][0xffffffa5]U{[0xffffffd1][0xffffffaf][0xffffffe8][0xffffffd7][0x10]2J?>[0xfffffff7]B[0xffffffb2][0xfffffff4][0xffffffa3][0x1f][0xffffffe6]%[0xffffffe6]7[0xffffffa9][0xffffffb2][0xffffffbf][0xffffffc6][0xffffffac][0xffffff95][0x0]:[0xffffff98][0xffffffc3][0xffffffdf][0xffffffce][0xc][0xfffffffe]h[0xffffffbc][0xffffffea][0xffffffbd][0xffffffc4][0xffffff8d][0xffffffaf][0xffffffe0]q[;[0xffffff97][0xffffffd8][0xffffffda]Yq[0xc][0xffffffc5]=[0xffffffe5][0xfffffff4];[0xffffffdb]h[0xfffffffc][0x9][0xfffffffa]#[0xf][0xffffffc3]/[0xffffff8d][0xffffffd0][0xfffffffe]r[0xfffffffa][0xfffffff3][0x8][0xffffffed][0xfffffff7]'[0xffffffe8][0xffffffa5][0xffffffe4][0xffffffc8][0x8][0xffffffdd]}[0xffffff84]^[0xffffffce][0x11].[0xffffffae][0xffffffcd]@[0xffffffbe][0xffffff82][0xfffffffe]F[0x7f][0xffffffe7][0xffffffa8]x[0xffffffb3][0xfffffffe][0xffffffc6][0xffffffa3]Z[0xffffff95][0x7]U![0x1d][0xffffffa7][0x7f][0xffffffd9][0xffffffa8][0xffffffce]2gL[0x1b]8[0xffffffc1][0xfffffff7]R[0xffffffc6]^[0x1f][\n]"
14:08:57.271 [main] DEBUG com.github.dockerjava.zerodep.shaded.org.apache.hc.client5.http.wire - http-outgoing-1 << "[0xffffffe9][0xffffffdf])[0xffffffeb][0xfffffffc][0xffffff94][0xffffff99][0xffffff8b][0xffffff80]`[0xffffff99]0*[0xffffffd0]!:a[0xffffffdd]18,8[0xffffff87][0x5]qT[0xffffff98]r[0xffffff88][0xffffff9e]=&[0x14][0xfffffff7]8[0x1f][0xffffffc4][0xffffff81][0x1e][0xffffffc7][0xffffffb0]P[0xffffff96][0xffffffee][0xb][0xffffff86][0xffffffe9][0xffffffd9][0xfffffff4][0xffffffcb][0xffffffa8]PqT[0xffffff98]=[0xffffffb6]O[0xffffffe8][0x1c][0x15][0xffffffe6][0x1f][0x11][0xffffffaa][0xe]a[0xffffffff][0xffffffc1][0x14]![0xffffff8b]Q[0x4]`[0x9][\n]"
14:08:57.271 [main] DEBUG com.github.dockerjava.zerodep.shaded.org.apache.hc.client5.http.wire - http-outgoing-1 << "[0xffffffe1]G[0x9]jq[0x16][0xffffff96][0xffffffa3][0x1a]+[0xffffffb1][0x19][0xffffffab][0xffffffd0][0xffffff86][0xffffffd5][0xffffffe8][0xffffffc1][0xffffffd9][0xffffffe8][0xffffffc5]r8[0xffffff84][0xffffffa5][0x0][0xfffffffc]f[0xffffffc2][0x14]P[0xffffff88]B[0xffffffb8]!a[0xffffff8a][0xffffffab][0x8][0xffffffc5](E[0x19][0xffffff8a]0[\r][0x15][0xffffff98][0x1]B%f[0xffffffe3],T[\n]"
14:08:57.271 [main] DEBUG com.github.dockerjava.zerodep.shaded.org.apache.hc.client5.http.wire - http-outgoing-1 << "[0xffffffcb][0xffffffcc][0xffffffc0]Q [0xffffffd4][0xffffff99]i[0xffffffdc][0xffffff85][0xffffffeb][0xffffffe1][0xffffffc0][0x15][0xffffffb8][0x1a][0xffffffef]6[0xffffff9f]n[0xffffffc4]'[0xfffffff0]I[0xfffffffb][0xffffffe9][0xfffffff3][0xfffffff6][0xffffffd3]c[0xfffffff8]*[0xffffff9e][0xffffffe2]O[0xfffffff4](=N[0xffffff8f]ZcB[0xffffffa5]0[0xffffffeb]M[0xfffffffa]_[0xffffffc4][0xffffffb7][0xffffffae][0xffffffb7][0xffffffae][0xffffffb7][0xffffffae][0xffffffb7][0xffffffae][0xffffffb7][0xffffffae][0xffffffff][0xffffffde][0xfffffff5][0xffffffff][0x2][0x0][0x0][0xffffffff][0xffffffff][0xffffffe1][0xffffff89]+[0xffffffe8][0x0]@[0x0][0x0][\r][\n]"
14:08:57.275 [main] DEBUG com.github.dockerjava.zerodep.shaded.org.apache.hc.client5.http.wire - http-outgoing-1 << "0[\r][\n]"
14:08:57.275 [main] DEBUG com.github.dockerjava.zerodep.shaded.org.apache.hc.client5.http.wire - http-outgoing-1 << "[\r][\n]"
14:08:57.275 [main] DEBUG com.github.dockerjava.zerodep.shaded.org.apache.hc.client5.http.impl.classic.InternalHttpClient - ep-0000000B: releasing valid endpoint
14:08:57.275 [main] DEBUG com.github.dockerjava.zerodep.shaded.org.apache.hc.client5.http.impl.io.PoolingHttpClientConnectionManager - ep-0000000B: releasing endpoint
14:08:57.276 [main] DEBUG com.github.dockerjava.zerodep.shaded.org.apache.hc.client5.http.impl.io.PoolingHttpClientConnectionManager - ep-0000000B: connection http-outgoing-1 can be kept alive for 3 MINUTES
14:08:57.276 [main] DEBUG com.github.dockerjava.zerodep.shaded.org.apache.hc.client5.http.impl.io.PoolingHttpClientConnectionManager - ep-0000000B: connection released [route: {}->unix://localhost:2375][total available: 1; route allocated: 1 of 2147483647; total allocated: 1 of 2147483647]
14:08:57.277 [main] DEBUG org.testcontainers.shaded.com.github.dockerjava.core.command.AbstrDockerCmd - Cmd: c711b761ea1f3befaaba30e28c6ce5a36fdec4e34750c7e61aeb0f00970c4d15,true,true
14:08:57.278 [main] DEBUG com.github.dockerjava.zerodep.shaded.org.apache.hc.client5.http.impl.classic.InternalHttpClient - ex-0000000D: preparing request execution
14:08:57.278 [main] DEBUG com.github.dockerjava.zerodep.shaded.org.apache.hc.client5.http.protocol.RequestAddCookies - Cookie spec selected: strict
14:08:57.278 [main] DEBUG com.github.dockerjava.zerodep.shaded.org.apache.hc.client5.http.protocol.RequestAuthCache - Auth cache not set in the context
14:08:57.279 [main] DEBUG com.github.dockerjava.zerodep.shaded.org.apache.hc.client5.http.impl.classic.ProtocolExec - ex-0000000D: target auth state: UNCHALLENGED
14:08:57.279 [main] DEBUG com.github.dockerjava.zerodep.shaded.org.apache.hc.client5.http.impl.classic.ProtocolExec - ex-0000000D: proxy auth state: UNCHALLENGED
14:08:57.279 [main] DEBUG com.github.dockerjava.zerodep.shaded.org.apache.hc.client5.http.impl.classic.ConnectExec - ex-0000000D: acquiring connection with route {}->unix://localhost:2375
14:08:57.279 [main] DEBUG com.github.dockerjava.zerodep.shaded.org.apache.hc.client5.http.impl.classic.InternalHttpClient - ex-0000000D: acquiring endpoint (3 MINUTES)
14:08:57.279 [main] DEBUG com.github.dockerjava.zerodep.shaded.org.apache.hc.client5.http.impl.io.PoolingHttpClientConnectionManager - ex-0000000D: endpoint lease request (3 MINUTES) [route: {}->unix://localhost:2375][total available: 1; route allocated: 1 of 2147483647; total allocated: 1 of 2147483647]
14:08:57.279 [main] DEBUG com.github.dockerjava.zerodep.shaded.org.apache.hc.client5.http.impl.io.PoolingHttpClientConnectionManager - ex-0000000D: endpoint leased [route: {}->unix://localhost:2375][total available: 0; route allocated: 1 of 2147483647; total allocated: 1 of 2147483647]
14:08:57.279 [main] DEBUG com.github.dockerjava.zerodep.shaded.org.apache.hc.client5.http.impl.io.PoolingHttpClientConnectionManager - ex-0000000D: acquired ep-0000000C
14:08:57.279 [main] DEBUG com.github.dockerjava.zerodep.shaded.org.apache.hc.client5.http.impl.classic.InternalHttpClient - ex-0000000D: acquired endpoint ep-0000000C
14:08:57.279 [main] DEBUG com.github.dockerjava.zerodep.shaded.org.apache.hc.client5.http.impl.classic.MainClientExec - ex-0000000D: executing DELETE /v1.32/containers/c711b761ea1f3befaaba30e28c6ce5a36fdec4e34750c7e61aeb0f00970c4d15?v=true&force=true HTTP/1.1
14:08:57.279 [main] DEBUG com.github.dockerjava.zerodep.shaded.org.apache.hc.client5.http.impl.classic.InternalHttpClient - ep-0000000C: start execution ex-0000000D
14:08:57.279 [main] DEBUG com.github.dockerjava.zerodep.shaded.org.apache.hc.client5.http.impl.io.PoolingHttpClientConnectionManager - ep-0000000C: executing exchange ex-0000000D over http-outgoing-1
14:08:57.279 [main] DEBUG com.github.dockerjava.zerodep.shaded.org.apache.hc.client5.http.headers - http-outgoing-1 >> DELETE /v1.32/containers/c711b761ea1f3befaaba30e28c6ce5a36fdec4e34750c7e61aeb0f00970c4d15?v=true&force=true HTTP/1.1
14:08:57.280 [main] DEBUG com.github.dockerjava.zerodep.shaded.org.apache.hc.client5.http.headers - http-outgoing-1 >> accept: application/json
14:08:57.280 [main] DEBUG com.github.dockerjava.zerodep.shaded.org.apache.hc.client5.http.headers - http-outgoing-1 >> x-tc-sid: aadbe571-fa34-4edf-a0a5-ddf35f9fb4d8
14:08:57.280 [main] DEBUG com.github.dockerjava.zerodep.shaded.org.apache.hc.client5.http.headers - http-outgoing-1 >> User-Agent: tc-java/1.19.1
14:08:57.280 [main] DEBUG com.github.dockerjava.zerodep.shaded.org.apache.hc.client5.http.headers - http-outgoing-1 >> Accept-Encoding: gzip, x-gzip, deflate
14:08:57.280 [main] DEBUG com.github.dockerjava.zerodep.shaded.org.apache.hc.client5.http.headers - http-outgoing-1 >> Host: localhost:2375
14:08:57.280 [main] DEBUG com.github.dockerjava.zerodep.shaded.org.apache.hc.client5.http.headers - http-outgoing-1 >> Connection: keep-alive
14:08:57.280 [main] DEBUG com.github.dockerjava.zerodep.shaded.org.apache.hc.client5.http.wire - http-outgoing-1 >> "DELETE /v1.32/containers/c711b761ea1f3befaaba30e28c6ce5a36fdec4e34750c7e61aeb0f00970c4d15?v=true&force=true HTTP/1.1[\r][\n]"
14:08:57.280 [main] DEBUG com.github.dockerjava.zerodep.shaded.org.apache.hc.client5.http.wire - http-outgoing-1 >> "accept: application/json[\r][\n]"
14:08:57.280 [main] DEBUG com.github.dockerjava.zerodep.shaded.org.apache.hc.client5.http.wire - http-outgoing-1 >> "x-tc-sid: aadbe571-fa34-4edf-a0a5-ddf35f9fb4d8[\r][\n]"
14:08:57.280 [main] DEBUG com.github.dockerjava.zerodep.shaded.org.apache.hc.client5.http.wire - http-outgoing-1 >> "User-Agent: tc-java/1.19.1[\r][\n]"
14:08:57.280 [main] DEBUG com.github.dockerjava.zerodep.shaded.org.apache.hc.client5.http.wire - http-outgoing-1 >> "Accept-Encoding: gzip, x-gzip, deflate[\r][\n]"
14:08:57.280 [main] DEBUG com.github.dockerjava.zerodep.shaded.org.apache.hc.client5.http.wire - http-outgoing-1 >> "Host: localhost:2375[\r][\n]"
14:08:57.280 [main] DEBUG com.github.dockerjava.zerodep.shaded.org.apache.hc.client5.http.wire - http-outgoing-1 >> "Connection: keep-alive[\r][\n]"
14:08:57.280 [main] DEBUG com.github.dockerjava.zerodep.shaded.org.apache.hc.client5.http.wire - http-outgoing-1 >> "[\r][\n]"
14:08:57.295 [main] DEBUG com.github.dockerjava.zerodep.shaded.org.apache.hc.client5.http.wire - http-outgoing-1 << "HTTP/1.1 204 No Content[\r][\n]"
14:08:57.295 [main] DEBUG com.github.dockerjava.zerodep.shaded.org.apache.hc.client5.http.wire - http-outgoing-1 << "Api-Version: 1.41[\r][\n]"
14:08:57.295 [main] DEBUG com.github.dockerjava.zerodep.shaded.org.apache.hc.client5.http.wire - http-outgoing-1 << "Date: Mon, 08 Jan 2024 13:08:57 GMT[\r][\n]"
14:08:57.295 [main] DEBUG com.github.dockerjava.zerodep.shaded.org.apache.hc.client5.http.wire - http-outgoing-1 << "Docker-Experimental: false[\r][\n]"
14:08:57.295 [main] DEBUG com.github.dockerjava.zerodep.shaded.org.apache.hc.client5.http.wire - http-outgoing-1 << "Ostype: linux[\r][\n]"
14:08:57.295 [main] DEBUG com.github.dockerjava.zerodep.shaded.org.apache.hc.client5.http.wire - http-outgoing-1 << "Server: Docker/20.10.24 (linux)[\r][\n]"
14:08:57.295 [main] DEBUG com.github.dockerjava.zerodep.shaded.org.apache.hc.client5.http.wire - http-outgoing-1 << "[\r][\n]"
14:08:57.295 [main] DEBUG com.github.dockerjava.zerodep.shaded.org.apache.hc.client5.http.headers - http-outgoing-1 << HTTP/1.1 204 No Content
14:08:57.295 [main] DEBUG com.github.dockerjava.zerodep.shaded.org.apache.hc.client5.http.headers - http-outgoing-1 << Api-Version: 1.41
14:08:57.295 [main] DEBUG com.github.dockerjava.zerodep.shaded.org.apache.hc.client5.http.headers - http-outgoing-1 << Date: Mon, 08 Jan 2024 13:08:57 GMT
14:08:57.295 [main] DEBUG com.github.dockerjava.zerodep.shaded.org.apache.hc.client5.http.headers - http-outgoing-1 << Docker-Experimental: false
14:08:57.295 [main] DEBUG com.github.dockerjava.zerodep.shaded.org.apache.hc.client5.http.headers - http-outgoing-1 << Ostype: linux
14:08:57.295 [main] DEBUG com.github.dockerjava.zerodep.shaded.org.apache.hc.client5.http.headers - http-outgoing-1 << Server: Docker/20.10.24 (linux)
14:08:57.295 [main] DEBUG com.github.dockerjava.zerodep.shaded.org.apache.hc.client5.http.impl.classic.MainClientExec - ex-0000000D: connection can be kept alive for 3 MINUTES
14:08:57.295 [main] DEBUG com.github.dockerjava.zerodep.shaded.org.apache.hc.client5.http.impl.classic.InternalHttpClient - ep-0000000C: releasing valid endpoint
14:08:57.295 [main] DEBUG com.github.dockerjava.zerodep.shaded.org.apache.hc.client5.http.impl.io.PoolingHttpClientConnectionManager - ep-0000000C: releasing endpoint
14:08:57.296 [main] DEBUG com.github.dockerjava.zerodep.shaded.org.apache.hc.client5.http.impl.io.PoolingHttpClientConnectionManager - ep-0000000C: connection http-outgoing-1 can be kept alive for 3 MINUTES
14:08:57.296 [main] DEBUG com.github.dockerjava.zerodep.shaded.org.apache.hc.client5.http.impl.io.PoolingHttpClientConnectionManager - ep-0000000C: connection released [route: {}->unix://localhost:2375][total available: 1; route allocated: 1 of 2147483647; total allocated: 1 of 2147483647]
14:08:57.296 [main] DEBUG org.testcontainers.shaded.com.github.dockerjava.core.command.AbstrDockerCmd - Cmd: org.testcontainers.shaded.com.github.dockerjava.core.command.CreateContainerCmdImpl@48b0e701[aliases=<null>,argsEscaped=<null>,attachStderr=<null>,attachStdin=<null>,attachStdout=<null>,authConfig=AuthConfig(username=null, email=null, registryAddress=https://index.docker.io/v1/, stackOrchestrator=null),cmd={},domainName=<null>,entrypoint=<null>,env={LOCALSTACK_HOST=localhost,DEBUG=1,LOCALSTACK_AUTH_TOKEN=ls-yukAXuCA-wEBo-dICI-0022-saBocITubf90},exposedPorts=ExposedPorts(exposedPorts=[4566/tcp]),healthcheck=<null>,hostConfig=HostConfig(binds=[/Users/anca/.docker/run/docker.sock:/var/run/docker.sock:rw,z, /Users/anca/Desktop/java-meetup/testcontainers-shipment-list-cloud-pods/src/test/java/resources/shipment-list-demo-cloud-pod:/etc/localstack/init-pods.d/shipment-list-demo-cloud-pod:rw,z], blkioWeight=null, blkioWeightDevice=null, blkioDeviceReadBps=null, blkioDeviceWriteBps=null, blkioDeviceReadIOps=null, blkioDeviceWriteIOps=null, memorySwappiness=null, nanoCPUs=null, capAdd=null, capDrop=null, containerIDFile=null, cpuPeriod=null, cpuRealtimePeriod=null, cpuRealtimeRuntime=null, cpuShares=null, cpuQuota=null, cpusetCpus=null, cpusetMems=null, devices=null, deviceCgroupRules=null, deviceRequests=null, diskQuota=null, dns=null, dnsOptions=null, dnsSearch=null, extraHosts=[], groupAdd=null, ipcMode=null, cgroup=null, links=[], logConfig=LogConfig(type=null, config=null), lxcConf=null, memory=null, memorySwap=null, memoryReservation=null, kernelMemory=null, networkMode=null, oomKillDisable=null, init=null, autoRemove=null, oomScoreAdj=null, portBindings={4566/tcp=[Lcom.github.dockerjava.api.model.Ports$Binding;@4f7c0be3}, privileged=null, publishAllPorts=null, readonlyRootfs=null, restartPolicy=null, ulimits=null, cpuCount=null, cpuPercent=null, ioMaximumIOps=null, ioMaximumBandwidth=null, volumesFrom=[], mounts=null, pidMode=null, isolation=null, securityOpts=null, storageOpt=null, cgroupParent=null, volumeDriver=null, shmSize=null, pidsLimit=null, runtime=null, tmpFs=null, utSMode=null, usernsMode=null, sysctls=null, consoleSize=null, cgroupnsMode=null),hostName=<null>,image=localstack/localstack-pro:latest,ipv4Address=<null>,ipv6Address=<null>,labels={org.testcontainers=true, org.testcontainers.lang=java, org.testcontainers.version=1.19.1, org.testcontainers.sessionId=aadbe571-fa34-4edf-a0a5-ddf35f9fb4d8},macAddress=<null>,name=<null>,networkDisabled=<null>,networkingConfig=<null>,onBuild=<null>,platform=<null>,portSpecs=<null>,shell=<null>,stdInOnce=<null>,stdinOpen=<null>,stopSignal=<null>,stopTimeout=<null>,tty=<null>,user=<null>,volumes=Volumes(volumes=[]),workingDir=<null>]
14:08:57.299 [main] DEBUG com.github.dockerjava.zerodep.shaded.org.apache.hc.client5.http.impl.classic.InternalHttpClient - ex-0000000E: preparing request execution
14:08:57.299 [main] DEBUG com.github.dockerjava.zerodep.shaded.org.apache.hc.client5.http.protocol.RequestAddCookies - Cookie spec selected: strict
14:08:57.299 [main] DEBUG com.github.dockerjava.zerodep.shaded.org.apache.hc.client5.http.protocol.RequestAuthCache - Auth cache not set in the context
14:08:57.299 [main] DEBUG com.github.dockerjava.zerodep.shaded.org.apache.hc.client5.http.impl.classic.ProtocolExec - ex-0000000E: target auth state: UNCHALLENGED
14:08:57.299 [main] DEBUG com.github.dockerjava.zerodep.shaded.org.apache.hc.client5.http.impl.classic.ProtocolExec - ex-0000000E: proxy auth state: UNCHALLENGED
14:08:57.299 [main] DEBUG com.github.dockerjava.zerodep.shaded.org.apache.hc.client5.http.impl.classic.ConnectExec - ex-0000000E: acquiring connection with route {}->unix://localhost:2375
14:08:57.299 [main] DEBUG com.github.dockerjava.zerodep.shaded.org.apache.hc.client5.http.impl.classic.InternalHttpClient - ex-0000000E: acquiring endpoint (3 MINUTES)
14:08:57.299 [main] DEBUG com.github.dockerjava.zerodep.shaded.org.apache.hc.client5.http.impl.io.PoolingHttpClientConnectionManager - ex-0000000E: endpoint lease request (3 MINUTES) [route: {}->unix://localhost:2375][total available: 1; route allocated: 1 of 2147483647; total allocated: 1 of 2147483647]
14:08:57.300 [main] DEBUG com.github.dockerjava.zerodep.shaded.org.apache.hc.client5.http.impl.io.PoolingHttpClientConnectionManager - ex-0000000E: endpoint leased [route: {}->unix://localhost:2375][total available: 0; route allocated: 1 of 2147483647; total allocated: 1 of 2147483647]
14:08:57.300 [main] DEBUG com.github.dockerjava.zerodep.shaded.org.apache.hc.client5.http.impl.io.PoolingHttpClientConnectionManager - ex-0000000E: acquired ep-0000000D
14:08:57.300 [main] DEBUG com.github.dockerjava.zerodep.shaded.org.apache.hc.client5.http.impl.classic.InternalHttpClient - ex-0000000E: acquired endpoint ep-0000000D
14:08:57.300 [main] DEBUG com.github.dockerjava.zerodep.shaded.org.apache.hc.client5.http.impl.classic.MainClientExec - ex-0000000E: executing POST /v1.32/containers/create HTTP/1.1
14:08:57.300 [main] DEBUG com.github.dockerjava.zerodep.shaded.org.apache.hc.client5.http.impl.classic.InternalHttpClient - ep-0000000D: start execution ex-0000000E
14:08:57.300 [main] DEBUG com.github.dockerjava.zerodep.shaded.org.apache.hc.client5.http.impl.io.PoolingHttpClientConnectionManager - ep-0000000D: executing exchange ex-0000000E over http-outgoing-1
14:08:57.300 [main] DEBUG com.github.dockerjava.zerodep.shaded.org.apache.hc.client5.http.headers - http-outgoing-1 >> POST /v1.32/containers/create HTTP/1.1
14:08:57.300 [main] DEBUG com.github.dockerjava.zerodep.shaded.org.apache.hc.client5.http.headers - http-outgoing-1 >> X-Registry-Auth: eyJ1c2VybmFtZSI6bnVsbCwicGFzc3dvcmQiOm51bGwsImVtYWlsIjpudWxsLCJzZXJ2ZXJhZGRyZXNzIjoiaHR0cHM6Ly9pbmRleC5kb2NrZXIuaW8vdjEvIiwiYXV0aCI6bnVsbCwicmVnaXN0cnl0b2tlbiI6bnVsbCwiaWRlbnRpdHl0b2tlbiI6bnVsbCwic3RhY2tPcmNoZXN0cmF0b3IiOm51bGx9
14:08:57.300 [main] DEBUG com.github.dockerjava.zerodep.shaded.org.apache.hc.client5.http.headers - http-outgoing-1 >> accept: application/json
14:08:57.300 [main] DEBUG com.github.dockerjava.zerodep.shaded.org.apache.hc.client5.http.headers - http-outgoing-1 >> content-type: application/json
14:08:57.300 [main] DEBUG com.github.dockerjava.zerodep.shaded.org.apache.hc.client5.http.headers - http-outgoing-1 >> x-tc-sid: aadbe571-fa34-4edf-a0a5-ddf35f9fb4d8
14:08:57.300 [main] DEBUG com.github.dockerjava.zerodep.shaded.org.apache.hc.client5.http.headers - http-outgoing-1 >> User-Agent: tc-java/1.19.1
14:08:57.300 [main] DEBUG com.github.dockerjava.zerodep.shaded.org.apache.hc.client5.http.headers - http-outgoing-1 >> Accept-Encoding: gzip, x-gzip, deflate
14:08:57.300 [main] DEBUG com.github.dockerjava.zerodep.shaded.org.apache.hc.client5.http.headers - http-outgoing-1 >> Content-Length: 2338
14:08:57.300 [main] DEBUG com.github.dockerjava.zerodep.shaded.org.apache.hc.client5.http.headers - http-outgoing-1 >> Host: localhost:2375
14:08:57.300 [main] DEBUG com.github.dockerjava.zerodep.shaded.org.apache.hc.client5.http.headers - http-outgoing-1 >> Connection: keep-alive
14:08:57.300 [main] DEBUG com.github.dockerjava.zerodep.shaded.org.apache.hc.client5.http.wire - http-outgoing-1 >> "POST /v1.32/containers/create HTTP/1.1[\r][\n]"
14:08:57.300 [main] DEBUG com.github.dockerjava.zerodep.shaded.org.apache.hc.client5.http.wire - http-outgoing-1 >> "X-Registry-Auth: eyJ1c2VybmFtZSI6bnVsbCwicGFzc3dvcmQiOm51bGwsImVtYWlsIjpudWxsLCJzZXJ2ZXJhZGRyZXNzIjoiaHR0cHM6Ly9pbmRleC5kb2NrZXIuaW8vdjEvIiwiYXV0aCI6bnVsbCwicmVnaXN0cnl0b2tlbiI6bnVsbCwiaWRlbnRpdHl0b2tlbiI6bnVsbCwic3RhY2tPcmNoZXN0cmF0b3IiOm51bGx9[\r][\n]"
14:08:57.300 [main] DEBUG com.github.dockerjava.zerodep.shaded.org.apache.hc.client5.http.wire - http-outgoing-1 >> "accept: application/json[\r][\n]"
14:08:57.300 [main] DEBUG com.github.dockerjava.zerodep.shaded.org.apache.hc.client5.http.wire - http-outgoing-1 >> "content-type: application/json[\r][\n]"
14:08:57.300 [main] DEBUG com.github.dockerjava.zerodep.shaded.org.apache.hc.client5.http.wire - http-outgoing-1 >> "x-tc-sid: aadbe571-fa34-4edf-a0a5-ddf35f9fb4d8[\r][\n]"
14:08:57.300 [main] DEBUG com.github.dockerjava.zerodep.shaded.org.apache.hc.client5.http.wire - http-outgoing-1 >> "User-Agent: tc-java/1.19.1[\r][\n]"
14:08:57.300 [main] DEBUG com.github.dockerjava.zerodep.shaded.org.apache.hc.client5.http.wire - http-outgoing-1 >> "Accept-Encoding: gzip, x-gzip, deflate[\r][\n]"
14:08:57.300 [main] DEBUG com.github.dockerjava.zerodep.shaded.org.apache.hc.client5.http.wire - http-outgoing-1 >> "Content-Length: 2338[\r][\n]"
14:08:57.300 [main] DEBUG com.github.dockerjava.zerodep.shaded.org.apache.hc.client5.http.wire - http-outgoing-1 >> "Host: localhost:2375[\r][\n]"
14:08:57.300 [main] DEBUG com.github.dockerjava.zerodep.shaded.org.apache.hc.client5.http.wire - http-outgoing-1 >> "Connection: keep-alive[\r][\n]"
14:08:57.300 [main] DEBUG com.github.dockerjava.zerodep.shaded.org.apache.hc.client5.http.wire - http-outgoing-1 >> "[\r][\n]"
14:08:57.300 [main] DEBUG com.github.dockerjava.zerodep.shaded.org.apache.hc.client5.http.wire - http-outgoing-1 >> "{"Hostname":null,"Domainname":null,"User":null,"AttachStdin":null,"AttachStdout":null,"AttachStderr":null,"PortSpecs":null,"Tty":null,"OpenStdin":null,"StdinOnce":null,"Env":["LOCALSTACK_HOST=localhost","DEBUG=1","LOCALSTACK_AUTH_TOKEN=ls-yukAXuCA-wEBo-dICI-0022-saBocITubf90"],"Cmd":[],"Healthcheck":null,"ArgsEscaped":null,"Entrypoint":null,"Image":"localstack/localstack-pro:latest","Volumes":{},"WorkingDir":null,"MacAddress":null,"OnBuild":null,"NetworkDisabled":null,"ExposedPorts":{"4566/tcp":{}},"StopSignal":null,"StopTimeout":null,"HostConfig":{"Binds":["/Users/anca/.docker/run/docker.sock:/var/run/docker.sock:rw,z","/Users/anca/Desktop/java-meetup/testcontainers-shipment-list-cloud-pods/src/test/java/resources/shipment-list-demo-cloud-pod:/etc/localstack/init-pods.d/shipment-list-demo-cloud-pod:rw,z"],"BlkioWeight":null,"BlkioWeightDevice":null,"BlkioDeviceReadBps":null,"BlkioDeviceWriteBps":null,"BlkioDeviceReadIOps":null,"BlkioDeviceWriteIOps":null,"MemorySwappiness":null,"NanoCpus":null,"CapAdd":null,"CapDrop":null,"ContainerIDFile":null,"CpuPeriod":null,"CpuRealtimePeriod":null,"CpuRealtimeRuntime":null,"CpuShares":null,"CpuQuota":null,"CpusetCpus":null,"CpusetMems":null,"Devices":null,"DeviceCgroupRules":null,"DeviceRequests":null,"DiskQuota":null,"Dns":null,"DnsOptions":null,"DnsSearch":null,"ExtraHosts":[],"GroupAdd":null,"IpcMode":null,"Cgroup":null,"Links":[],"LogConfig":null,"LxcConf":null,"Memory":null,"MemorySwap":null,"MemoryReservation":null,"KernelMemory":null,"NetworkMode":null,"OomKillDisable":null,"Init":null,"AutoRemove":null,"OomScoreAdj":null,"PortBindings":{"4566/tcp":[{"HostIp":"","HostPort":""}]},"Privileged":null,"PublishAllPorts":null,"ReadonlyRootfs":null,"RestartPolicy":null,"Ulimits":null,"CpuCount":null,"CpuPercent":null,"IOMaximumIOps":null,"IOMaximumBandwidth":null,"VolumesFrom":[],"Mounts":null,"PidMode":null,"Isolation":null,"SecurityOpt":null,"StorageOpt":null,"CgroupParent":null,"VolumeDriver":null,"ShmSize":null,"PidsLimit":null,"Runtime":null,"Tmpfs":null,"UTSMode":null,"UsernsMode":null,"Sysctls":null,"ConsoleSize":null,"CgroupnsMode":null},"Labels":{"org.testcontainers":"true","org.testcontainers.lang":"java","org.testcontainers.version":"1.19.1","org.testcontainers.sessionId":"aadbe571-fa34-4edf-a0a5-ddf35f9fb4d8"},"Shell":null,"NetworkingConfig":null}"
14:08:57.431 [main] DEBUG com.github.dockerjava.zerodep.shaded.org.apache.hc.client5.http.wire - http-outgoing-1 << "HTTP/1.1 201 Created[\r][\n]"
14:08:57.431 [main] DEBUG com.github.dockerjava.zerodep.shaded.org.apache.hc.client5.http.wire - http-outgoing-1 << "Api-Version: 1.41[\r][\n]"
14:08:57.431 [main] DEBUG com.github.dockerjava.zerodep.shaded.org.apache.hc.client5.http.wire - http-outgoing-1 << "Content-Type: application/json[\r][\n]"
14:08:57.431 [main] DEBUG com.github.dockerjava.zerodep.shaded.org.apache.hc.client5.http.wire - http-outgoing-1 << "Date: Mon, 08 Jan 2024 13:08:57 GMT[\r][\n]"
14:08:57.431 [main] DEBUG com.github.dockerjava.zerodep.shaded.org.apache.hc.client5.http.wire - http-outgoing-1 << "Docker-Experimental: false[\r][\n]"
14:08:57.431 [main] DEBUG com.github.dockerjava.zerodep.shaded.org.apache.hc.client5.http.wire - http-outgoing-1 << "Ostype: linux[\r][\n]"
14:08:57.431 [main] DEBUG com.github.dockerjava.zerodep.shaded.org.apache.hc.client5.http.wire - http-outgoing-1 << "Server: Docker/20.10.24 (linux)[\r][\n]"
14:08:57.431 [main] DEBUG com.github.dockerjava.zerodep.shaded.org.apache.hc.client5.http.wire - http-outgoing-1 << "Transfer-Encoding: chunked[\r][\n]"
14:08:57.431 [main] DEBUG com.github.dockerjava.zerodep.shaded.org.apache.hc.client5.http.wire - http-outgoing-1 << "[\r][\n]"
14:08:57.431 [main] DEBUG com.github.dockerjava.zerodep.shaded.org.apache.hc.client5.http.wire - http-outgoing-1 << "58[\r][\n]"
14:08:57.431 [main] DEBUG com.github.dockerjava.zerodep.shaded.org.apache.hc.client5.http.wire - http-outgoing-1 << "{"Id":"483d7f66b4b84943ca69c154413ee0bbe9de0db468172389f31ffd8da5c84438","Warnings":[]}[\n]"
14:08:57.431 [main] DEBUG com.github.dockerjava.zerodep.shaded.org.apache.hc.client5.http.wire - http-outgoing-1 << "[\r][\n]"
14:08:57.431 [main] DEBUG com.github.dockerjava.zerodep.shaded.org.apache.hc.client5.http.wire - http-outgoing-1 << "0[\r][\n]"
14:08:57.431 [main] DEBUG com.github.dockerjava.zerodep.shaded.org.apache.hc.client5.http.wire - http-outgoing-1 << "[\r][\n]"
14:08:57.431 [main] DEBUG com.github.dockerjava.zerodep.shaded.org.apache.hc.client5.http.headers - http-outgoing-1 << HTTP/1.1 201 Created
14:08:57.431 [main] DEBUG com.github.dockerjava.zerodep.shaded.org.apache.hc.client5.http.headers - http-outgoing-1 << Api-Version: 1.41
14:08:57.432 [main] DEBUG com.github.dockerjava.zerodep.shaded.org.apache.hc.client5.http.headers - http-outgoing-1 << Content-Type: application/json
14:08:57.432 [main] DEBUG com.github.dockerjava.zerodep.shaded.org.apache.hc.client5.http.headers - http-outgoing-1 << Date: Mon, 08 Jan 2024 13:08:57 GMT
14:08:57.432 [main] DEBUG com.github.dockerjava.zerodep.shaded.org.apache.hc.client5.http.headers - http-outgoing-1 << Docker-Experimental: false
14:08:57.432 [main] DEBUG com.github.dockerjava.zerodep.shaded.org.apache.hc.client5.http.headers - http-outgoing-1 << Ostype: linux
14:08:57.432 [main] DEBUG com.github.dockerjava.zerodep.shaded.org.apache.hc.client5.http.headers - http-outgoing-1 << Server: Docker/20.10.24 (linux)
14:08:57.432 [main] DEBUG com.github.dockerjava.zerodep.shaded.org.apache.hc.client5.http.headers - http-outgoing-1 << Transfer-Encoding: chunked
14:08:57.432 [main] DEBUG com.github.dockerjava.zerodep.shaded.org.apache.hc.client5.http.impl.classic.MainClientExec - ex-0000000E: connection can be kept alive for 3 MINUTES
14:08:57.432 [main] DEBUG com.github.dockerjava.zerodep.shaded.org.apache.hc.client5.http.impl.classic.InternalHttpClient - ep-0000000D: releasing valid endpoint
14:08:57.432 [main] DEBUG com.github.dockerjava.zerodep.shaded.org.apache.hc.client5.http.impl.io.PoolingHttpClientConnectionManager - ep-0000000D: releasing endpoint
14:08:57.432 [main] DEBUG com.github.dockerjava.zerodep.shaded.org.apache.hc.client5.http.impl.io.PoolingHttpClientConnectionManager - ep-0000000D: connection http-outgoing-1 can be kept alive for 3 MINUTES
14:08:57.432 [main] DEBUG com.github.dockerjava.zerodep.shaded.org.apache.hc.client5.http.impl.io.PoolingHttpClientConnectionManager - ep-0000000D: connection released [route: {}->unix://localhost:2375][total available: 1; route allocated: 1 of 2147483647; total allocated: 1 of 2147483647]
14:08:57.433 [main] INFO tc.localstack/localstack-pro:latest - Container localstack/localstack-pro:latest is starting: 483d7f66b4b84943ca69c154413ee0bbe9de0db468172389f31ffd8da5c84438
14:08:57.433 [main] DEBUG org.testcontainers.shaded.com.github.dockerjava.core.command.AbstrDockerCmd - Cmd: 483d7f66b4b84943ca69c154413ee0bbe9de0db468172389f31ffd8da5c84438
14:08:57.433 [main] DEBUG com.github.dockerjava.zerodep.shaded.org.apache.hc.client5.http.impl.classic.InternalHttpClient - ex-0000000F: preparing request execution
14:08:57.433 [main] DEBUG com.github.dockerjava.zerodep.shaded.org.apache.hc.client5.http.protocol.RequestAddCookies - Cookie spec selected: strict
14:08:57.433 [main] DEBUG com.github.dockerjava.zerodep.shaded.org.apache.hc.client5.http.protocol.RequestAuthCache - Auth cache not set in the context
14:08:57.433 [main] DEBUG com.github.dockerjava.zerodep.shaded.org.apache.hc.client5.http.impl.classic.ProtocolExec - ex-0000000F: target auth state: UNCHALLENGED
14:08:57.433 [main] DEBUG com.github.dockerjava.zerodep.shaded.org.apache.hc.client5.http.impl.classic.ProtocolExec - ex-0000000F: proxy auth state: UNCHALLENGED
14:08:57.433 [main] DEBUG com.github.dockerjava.zerodep.shaded.org.apache.hc.client5.http.impl.classic.ConnectExec - ex-0000000F: acquiring connection with route {}->unix://localhost:2375
14:08:57.433 [main] DEBUG com.github.dockerjava.zerodep.shaded.org.apache.hc.client5.http.impl.classic.InternalHttpClient - ex-0000000F: acquiring endpoint (3 MINUTES)
14:08:57.433 [main] DEBUG com.github.dockerjava.zerodep.shaded.org.apache.hc.client5.http.impl.io.PoolingHttpClientConnectionManager - ex-0000000F: endpoint lease request (3 MINUTES) [route: {}->unix://localhost:2375][total available: 1; route allocated: 1 of 2147483647; total allocated: 1 of 2147483647]
14:08:57.433 [main] DEBUG com.github.dockerjava.zerodep.shaded.org.apache.hc.client5.http.impl.io.PoolingHttpClientConnectionManager - ex-0000000F: endpoint leased [route: {}->unix://localhost:2375][total available: 0; route allocated: 1 of 2147483647; total allocated: 1 of 2147483647]
14:08:57.433 [main] DEBUG com.github.dockerjava.zerodep.shaded.org.apache.hc.client5.http.impl.io.PoolingHttpClientConnectionManager - ex-0000000F: acquired ep-0000000E
14:08:57.433 [main] DEBUG com.github.dockerjava.zerodep.shaded.org.apache.hc.client5.http.impl.classic.InternalHttpClient - ex-0000000F: acquired endpoint ep-0000000E
14:08:57.433 [main] DEBUG com.github.dockerjava.zerodep.shaded.org.apache.hc.client5.http.impl.classic.MainClientExec - ex-0000000F: executing POST /v1.32/containers/483d7f66b4b84943ca69c154413ee0bbe9de0db468172389f31ffd8da5c84438/start HTTP/1.1
14:08:57.433 [main] DEBUG com.github.dockerjava.zerodep.shaded.org.apache.hc.client5.http.impl.classic.InternalHttpClient - ep-0000000E: start execution ex-0000000F
14:08:57.433 [main] DEBUG com.github.dockerjava.zerodep.shaded.org.apache.hc.client5.http.impl.io.PoolingHttpClientConnectionManager - ep-0000000E: executing exchange ex-0000000F over http-outgoing-1
14:08:57.434 [main] DEBUG com.github.dockerjava.zerodep.shaded.org.apache.hc.client5.http.headers - http-outgoing-1 >> POST /v1.32/containers/483d7f66b4b84943ca69c154413ee0bbe9de0db468172389f31ffd8da5c84438/start HTTP/1.1
14:08:57.434 [main] DEBUG com.github.dockerjava.zerodep.shaded.org.apache.hc.client5.http.headers - http-outgoing-1 >> accept: application/json
14:08:57.434 [main] DEBUG com.github.dockerjava.zerodep.shaded.org.apache.hc.client5.http.headers - http-outgoing-1 >> content-type: application/json
14:08:57.434 [main] DEBUG com.github.dockerjava.zerodep.shaded.org.apache.hc.client5.http.headers - http-outgoing-1 >> x-tc-sid: aadbe571-fa34-4edf-a0a5-ddf35f9fb4d8
14:08:57.434 [main] DEBUG com.github.dockerjava.zerodep.shaded.org.apache.hc.client5.http.headers - http-outgoing-1 >> User-Agent: tc-java/1.19.1
14:08:57.434 [main] DEBUG com.github.dockerjava.zerodep.shaded.org.apache.hc.client5.http.headers - http-outgoing-1 >> Accept-Encoding: gzip, x-gzip, deflate
14:08:57.434 [main] DEBUG com.github.dockerjava.zerodep.shaded.org.apache.hc.client5.http.headers - http-outgoing-1 >> Host: localhost:2375
14:08:57.434 [main] DEBUG com.github.dockerjava.zerodep.shaded.org.apache.hc.client5.http.headers - http-outgoing-1 >> Connection: keep-alive
14:08:57.434 [main] DEBUG com.github.dockerjava.zerodep.shaded.org.apache.hc.client5.http.wire - http-outgoing-1 >> "POST /v1.32/containers/483d7f66b4b84943ca69c154413ee0bbe9de0db468172389f31ffd8da5c84438/start HTTP/1.1[\r][\n]"
14:08:57.434 [main] DEBUG com.github.dockerjava.zerodep.shaded.org.apache.hc.client5.http.wire - http-outgoing-1 >> "accept: application/json[\r][\n]"
14:08:57.434 [main] DEBUG com.github.dockerjava.zerodep.shaded.org.apache.hc.client5.http.wire - http-outgoing-1 >> "content-type: application/json[\r][\n]"
14:08:57.434 [main] DEBUG com.github.dockerjava.zerodep.shaded.org.apache.hc.client5.http.wire - http-outgoing-1 >> "x-tc-sid: aadbe571-fa34-4edf-a0a5-ddf35f9fb4d8[\r][\n]"
14:08:57.434 [main] DEBUG com.github.dockerjava.zerodep.shaded.org.apache.hc.client5.http.wire - http-outgoing-1 >> "User-Agent: tc-java/1.19.1[\r][\n]"
14:08:57.434 [main] DEBUG com.github.dockerjava.zerodep.shaded.org.apache.hc.client5.http.wire - http-outgoing-1 >> "Accept-Encoding: gzip, x-gzip, deflate[\r][\n]"
14:08:57.434 [main] DEBUG com.github.dockerjava.zerodep.shaded.org.apache.hc.client5.http.wire - http-outgoing-1 >> "Host: localhost:2375[\r][\n]"
14:08:57.434 [main] DEBUG com.github.dockerjava.zerodep.shaded.org.apache.hc.client5.http.wire - http-outgoing-1 >> "Connection: keep-alive[\r][\n]"
14:08:57.434 [main] DEBUG com.github.dockerjava.zerodep.shaded.org.apache.hc.client5.http.wire - http-outgoing-1 >> "[\r][\n]"
14:08:57.853 [main] DEBUG com.github.dockerjava.zerodep.shaded.org.apache.hc.client5.http.wire - http-outgoing-1 << "HTTP/1.1 204 No Content[\r][\n]"
14:08:57.853 [main] DEBUG com.github.dockerjava.zerodep.shaded.org.apache.hc.client5.http.wire - http-outgoing-1 << "Api-Version: 1.41[\r][\n]"
14:08:57.853 [main] DEBUG com.github.dockerjava.zerodep.shaded.org.apache.hc.client5.http.wire - http-outgoing-1 << "Date: Mon, 08 Jan 2024 13:08:57 GMT[\r][\n]"
14:08:57.853 [main] DEBUG com.github.dockerjava.zerodep.shaded.org.apache.hc.client5.http.wire - http-outgoing-1 << "Docker-Experimental: false[\r][\n]"
14:08:57.853 [main] DEBUG com.github.dockerjava.zerodep.shaded.org.apache.hc.client5.http.wire - http-outgoing-1 << "Ostype: linux[\r][\n]"
14:08:57.853 [main] DEBUG com.github.dockerjava.zerodep.shaded.org.apache.hc.client5.http.wire - http-outgoing-1 << "Server: Docker/20.10.24 (linux)[\r][\n]"
14:08:57.853 [main] DEBUG com.github.dockerjava.zerodep.shaded.org.apache.hc.client5.http.wire - http-outgoing-1 << "[\r][\n]"
14:08:57.853 [main] DEBUG com.github.dockerjava.zerodep.shaded.org.apache.hc.client5.http.headers - http-outgoing-1 << HTTP/1.1 204 No Content
14:08:57.853 [main] DEBUG com.github.dockerjava.zerodep.shaded.org.apache.hc.client5.http.headers - http-outgoing-1 << Api-Version: 1.41
14:08:57.853 [main] DEBUG com.github.dockerjava.zerodep.shaded.org.apache.hc.client5.http.headers - http-outgoing-1 << Date: Mon, 08 Jan 2024 13:08:57 GMT
14:08:57.853 [main] DEBUG com.github.dockerjava.zerodep.shaded.org.apache.hc.client5.http.headers - http-outgoing-1 << Docker-Experimental: false
14:08:57.853 [main] DEBUG com.github.dockerjava.zerodep.shaded.org.apache.hc.client5.http.headers - http-outgoing-1 << Ostype: linux
14:08:57.853 [main] DEBUG com.github.dockerjava.zerodep.shaded.org.apache.hc.client5.http.headers - http-outgoing-1 << Server: Docker/20.10.24 (linux)
14:08:57.853 [main] DEBUG com.github.dockerjava.zerodep.shaded.org.apache.hc.client5.http.impl.classic.MainClientExec - ex-0000000F: connection can be kept alive for 3 MINUTES
14:08:57.854 [main] DEBUG com.github.dockerjava.zerodep.shaded.org.apache.hc.client5.http.impl.classic.InternalHttpClient - ep-0000000E: releasing valid endpoint
14:08:57.854 [main] DEBUG com.github.dockerjava.zerodep.shaded.org.apache.hc.client5.http.impl.io.PoolingHttpClientConnectionManager - ep-0000000E: releasing endpoint
14:08:57.854 [main] DEBUG com.github.dockerjava.zerodep.shaded.org.apache.hc.client5.http.impl.io.PoolingHttpClientConnectionManager - ep-0000000E: connection http-outgoing-1 can be kept alive for 3 MINUTES
14:08:57.854 [main] DEBUG com.github.dockerjava.zerodep.shaded.org.apache.hc.client5.http.impl.io.PoolingHttpClientConnectionManager - ep-0000000E: connection released [route: {}->unix://localhost:2375][total available: 1; route allocated: 1 of 2147483647; total allocated: 1 of 2147483647]
14:08:57.854 [main] DEBUG org.testcontainers.shaded.com.github.dockerjava.core.command.AbstrDockerCmd - Cmd: 483d7f66b4b84943ca69c154413ee0bbe9de0db468172389f31ffd8da5c84438,false
14:08:57.855 [main] DEBUG org.testcontainers.shaded.com.github.dockerjava.core.exec.InspectContainerCmdExec - GET: DefaultWebTarget{path=[/containers/483d7f66b4b84943ca69c154413ee0bbe9de0db468172389f31ffd8da5c84438/json], queryParams={}}
14:08:57.855 [main] DEBUG com.github.dockerjava.zerodep.shaded.org.apache.hc.client5.http.impl.classic.InternalHttpClient - ex-00000010: preparing request execution
14:08:57.855 [main] DEBUG com.github.dockerjava.zerodep.shaded.org.apache.hc.client5.http.protocol.RequestAddCookies - Cookie spec selected: strict
14:08:57.855 [main] DEBUG com.github.dockerjava.zerodep.shaded.org.apache.hc.client5.http.protocol.RequestAuthCache - Auth cache not set in the context
14:08:57.855 [main] DEBUG com.github.dockerjava.zerodep.shaded.org.apache.hc.client5.http.impl.classic.ProtocolExec - ex-00000010: target auth state: UNCHALLENGED
14:08:57.855 [main] DEBUG com.github.dockerjava.zerodep.shaded.org.apache.hc.client5.http.impl.classic.ProtocolExec - ex-00000010: proxy auth state: UNCHALLENGED
14:08:57.855 [main] DEBUG com.github.dockerjava.zerodep.shaded.org.apache.hc.client5.http.impl.classic.ConnectExec - ex-00000010: acquiring connection with route {}->unix://localhost:2375
14:08:57.855 [main] DEBUG com.github.dockerjava.zerodep.shaded.org.apache.hc.client5.http.impl.classic.InternalHttpClient - ex-00000010: acquiring endpoint (3 MINUTES)
14:08:57.856 [main] DEBUG com.github.dockerjava.zerodep.shaded.org.apache.hc.client5.http.impl.io.PoolingHttpClientConnectionManager - ex-00000010: endpoint lease request (3 MINUTES) [route: {}->unix://localhost:2375][total available: 1; route allocated: 1 of 2147483647; total allocated: 1 of 2147483647]
14:08:57.856 [main] DEBUG com.github.dockerjava.zerodep.shaded.org.apache.hc.client5.http.impl.io.PoolingHttpClientConnectionManager - ex-00000010: endpoint leased [route: {}->unix://localhost:2375][total available: 0; route allocated: 1 of 2147483647; total allocated: 1 of 2147483647]
14:08:57.856 [main] DEBUG com.github.dockerjava.zerodep.shaded.org.apache.hc.client5.http.impl.io.PoolingHttpClientConnectionManager - ex-00000010: acquired ep-0000000F
14:08:57.856 [main] DEBUG com.github.dockerjava.zerodep.shaded.org.apache.hc.client5.http.impl.classic.InternalHttpClient - ex-00000010: acquired endpoint ep-0000000F
14:08:57.856 [main] DEBUG com.github.dockerjava.zerodep.shaded.org.apache.hc.client5.http.impl.classic.MainClientExec - ex-00000010: executing GET /v1.32/containers/483d7f66b4b84943ca69c154413ee0bbe9de0db468172389f31ffd8da5c84438/json HTTP/1.1
14:08:57.856 [main] DEBUG com.github.dockerjava.zerodep.shaded.org.apache.hc.client5.http.impl.classic.InternalHttpClient - ep-0000000F: start execution ex-00000010
14:08:57.856 [main] DEBUG com.github.dockerjava.zerodep.shaded.org.apache.hc.client5.http.impl.io.PoolingHttpClientConnectionManager - ep-0000000F: executing exchange ex-00000010 over http-outgoing-1
14:08:57.856 [main] DEBUG com.github.dockerjava.zerodep.shaded.org.apache.hc.client5.http.headers - http-outgoing-1 >> GET /v1.32/containers/483d7f66b4b84943ca69c154413ee0bbe9de0db468172389f31ffd8da5c84438/json HTTP/1.1
14:08:57.856 [main] DEBUG com.github.dockerjava.zerodep.shaded.org.apache.hc.client5.http.headers - http-outgoing-1 >> accept: application/json
14:08:57.856 [main] DEBUG com.github.dockerjava.zerodep.shaded.org.apache.hc.client5.http.headers - http-outgoing-1 >> x-tc-sid: aadbe571-fa34-4edf-a0a5-ddf35f9fb4d8
14:08:57.856 [main] DEBUG com.github.dockerjava.zerodep.shaded.org.apache.hc.client5.http.headers - http-outgoing-1 >> User-Agent: tc-java/1.19.1
14:08:57.856 [main] DEBUG com.github.dockerjava.zerodep.shaded.org.apache.hc.client5.http.headers - http-outgoing-1 >> Accept-Encoding: gzip, x-gzip, deflate
14:08:57.856 [main] DEBUG com.github.dockerjava.zerodep.shaded.org.apache.hc.client5.http.headers - http-outgoing-1 >> Host: localhost:2375
14:08:57.856 [main] DEBUG com.github.dockerjava.zerodep.shaded.org.apache.hc.client5.http.headers - http-outgoing-1 >> Connection: keep-alive
14:08:57.856 [main] DEBUG com.github.dockerjava.zerodep.shaded.org.apache.hc.client5.http.wire - http-outgoing-1 >> "GET /v1.32/containers/483d7f66b4b84943ca69c154413ee0bbe9de0db468172389f31ffd8da5c84438/json HTTP/1.1[\r][\n]"
14:08:57.856 [main] DEBUG com.github.dockerjava.zerodep.shaded.org.apache.hc.client5.http.wire - http-outgoing-1 >> "accept: application/json[\r][\n]"
14:08:57.856 [main] DEBUG com.github.dockerjava.zerodep.shaded.org.apache.hc.client5.http.wire - http-outgoing-1 >> "x-tc-sid: aadbe571-fa34-4edf-a0a5-ddf35f9fb4d8[\r][\n]"
14:08:57.856 [main] DEBUG com.github.dockerjava.zerodep.shaded.org.apache.hc.client5.http.wire - http-outgoing-1 >> "User-Agent: tc-java/1.19.1[\r][\n]"
14:08:57.856 [main] DEBUG com.github.dockerjava.zerodep.shaded.org.apache.hc.client5.http.wire - http-outgoing-1 >> "Accept-Encoding: gzip, x-gzip, deflate[\r][\n]"
14:08:57.856 [main] DEBUG com.github.dockerjava.zerodep.shaded.org.apache.hc.client5.http.wire - http-outgoing-1 >> "Host: localhost:2375[\r][\n]"
14:08:57.856 [main] DEBUG com.github.dockerjava.zerodep.shaded.org.apache.hc.client5.http.wire - http-outgoing-1 >> "Connection: keep-alive[\r][\n]"
14:08:57.856 [main] DEBUG com.github.dockerjava.zerodep.shaded.org.apache.hc.client5.http.wire - http-outgoing-1 >> "[\r][\n]"
14:08:57.867 [main] DEBUG com.github.dockerjava.zerodep.shaded.org.apache.hc.client5.http.wire - http-outgoing-1 << "HTTP/1.1 200 OK[\r][\n]"
14:08:57.868 [main] DEBUG com.github.dockerjava.zerodep.shaded.org.apache.hc.client5.http.wire - http-outgoing-1 << "Api-Version: 1.41[\r][\n]"
14:08:57.868 [main] DEBUG com.github.dockerjava.zerodep.shaded.org.apache.hc.client5.http.wire - http-outgoing-1 << "Content-Type: application/json[\r][\n]"
14:08:57.868 [main] DEBUG com.github.dockerjava.zerodep.shaded.org.apache.hc.client5.http.wire - http-outgoing-1 << "Date: Mon, 08 Jan 2024 13:08:57 GMT[\r][\n]"
14:08:57.868 [main] DEBUG com.github.dockerjava.zerodep.shaded.org.apache.hc.client5.http.wire - http-outgoing-1 << "Docker-Experimental: false[\r][\n]"
14:08:57.868 [main] DEBUG com.github.dockerjava.zerodep.shaded.org.apache.hc.client5.http.wire - http-outgoing-1 << "Ostype: linux[\r][\n]"
14:08:57.868 [main] DEBUG com.github.dockerjava.zerodep.shaded.org.apache.hc.client5.http.wire - http-outgoing-1 << "Server: Docker/20.10.24 (linux)[\r][\n]"
14:08:57.868 [main] DEBUG com.github.dockerjava.zerodep.shaded.org.apache.hc.client5.http.wire - http-outgoing-1 << "Transfer-Encoding: chunked[\r][\n]"
14:08:57.868 [main] DEBUG com.github.dockerjava.zerodep.shaded.org.apache.hc.client5.http.wire - http-outgoing-1 << "[\r][\n]"
14:08:57.868 [main] DEBUG com.github.dockerjava.zerodep.shaded.org.apache.hc.client5.http.headers - http-outgoing-1 << HTTP/1.1 200 OK
14:08:57.868 [main] DEBUG com.github.dockerjava.zerodep.shaded.org.apache.hc.client5.http.headers - http-outgoing-1 << Api-Version: 1.41
14:08:57.868 [main] DEBUG com.github.dockerjava.zerodep.shaded.org.apache.hc.client5.http.headers - http-outgoing-1 << Content-Type: application/json
14:08:57.868 [main] DEBUG com.github.dockerjava.zerodep.shaded.org.apache.hc.client5.http.headers - http-outgoing-1 << Date: Mon, 08 Jan 2024 13:08:57 GMT
14:08:57.868 [main] DEBUG com.github.dockerjava.zerodep.shaded.org.apache.hc.client5.http.headers - http-outgoing-1 << Docker-Experimental: false
14:08:57.868 [main] DEBUG com.github.dockerjava.zerodep.shaded.org.apache.hc.client5.http.headers - http-outgoing-1 << Ostype: linux
14:08:57.868 [main] DEBUG com.github.dockerjava.zerodep.shaded.org.apache.hc.client5.http.headers - http-outgoing-1 << Server: Docker/20.10.24 (linux)
14:08:57.868 [main] DEBUG com.github.dockerjava.zerodep.shaded.org.apache.hc.client5.http.headers - http-outgoing-1 << Transfer-Encoding: chunked
14:08:57.869 [main] DEBUG com.github.dockerjava.zerodep.shaded.org.apache.hc.client5.http.impl.classic.MainClientExec - ex-00000010: connection can be kept alive for 3 MINUTES
14:08:57.870 [main] DEBUG com.github.dockerjava.zerodep.shaded.org.apache.hc.client5.http.wire - http-outgoing-1 << "2a95[\r][\n]"
14:08:57.871 [main] DEBUG com.github.dockerjava.zerodep.shaded.org.apache.hc.client5.http.wire - http-outgoing-1 << "{"Id":"483d7f66b4b84943ca69c154413ee0bbe9de0db468172389f31ffd8da5c84438","Created":"2024-01-08T13:08:57.342333252Z","Path":"docker-entrypoint.sh","Args":[],"State":{"Status":"running","Running":true,"Paused":false,"Restarting":false,"OOMKilled":false,"Dead":false,"Pid":82715,"ExitCode":0,"Error":"","StartedAt":"2024-01-08T13:08:57.842067171Z","FinishedAt":"0001-01-01T00:00:00Z","Health":{"Status":"starting","FailingStreak":0,"Log":[]}},"Image":"sha256:ebf8705176cafe02519fcd5f948c7a6fbc945c2d16e5de5f573de13d93a4100a","ResolvConfPath":"/var/lib/docker/containers/483d7f66b4b84943ca69c154413ee0bbe9de0db468172389f31ffd8da5c84438/resolv.conf","HostnamePath":"/var/lib/docker/containers/483d7f66b4b84943ca69c154413ee0bbe9de0db468172389f31ffd8da5c84438/hostname","HostsPath":"/var/lib/docker/containers/483d7f66b4b84943ca69c154413ee0bbe9de0db468172389f31ffd8da5c84438/hosts","LogPath":"/var/lib/docker/containers/483d7f66b4b84943ca69c154413ee0bbe9de0db468172389f31ffd8da5c84438/483d7f66b4b84943ca69c154413ee0bbe9de0db468172389f31ffd8da5c84438-json.log","Name":"/musing_fermi","RestartCount":0,"Driver":"overlay2","Platform":"linux","MountLabel":"","ProcessLabel":"","AppArmorProfile":"","ExecIDs":null,"HostConfig":{"Binds":["/Users/anca/.docker/run/docker.sock:/var/run/docker.sock:rw,z","/Users/anca/Desktop/java-meetup/testcontainers-shipment-list-cloud-pods/src/test/java/resources/shipment-list-demo-cloud-pod:/etc/localstack/init-pods.d/shipment-list-demo-cloud-pod:rw,z"],"ContainerIDFile":"","LogConfig":{"Type":"json-file","Config":{}},"NetworkMode":"default","PortBindings":{"4566/tcp":[{"HostIp":"0.0.0.0","HostPort":"0"}]},"RestartPolicy":{"Name":"","MaximumRetryCount":0},"AutoRemove":false,"VolumeDriver":"","VolumesFrom":[],"CapAdd":null,"CapDrop":null,"CgroupnsMode":"private","Dns":null,"DnsOptions":null,"DnsSearch":null,"ExtraHosts":[],"GroupAdd":null,"IpcMode":"shareable","Cgroup":"","Links":null,"OomScoreAdj":0,"PidMode":"","Privileged":false,"PublishAllPorts":false,"ReadonlyRootfs":false,"SecurityOpt":null,"UTSMode":"","UsernsMode":"","ShmSize":67108864,"Runtime":"runc","ConsoleSize":[0,0],"Isolation":"","CpuShares":0,"Memory":0,"NanoCpus":0,"CgroupParent":"","BlkioWeight":0,"BlkioWeightDevice":null,"BlkioDeviceReadBps":null,"BlkioDeviceWriteBps":null,"BlkioDeviceReadIOps":null,"BlkioDeviceWriteIOps":null,"CpuPeriod":0,"CpuQuota":0,"CpuRealtimePeriod":0,"CpuRealtimeRuntime":0,"CpusetCpus":"","CpusetMems":"","Devices":null,"DeviceCgroupRules":null,"DeviceRequests":null,"KernelMemory":0,"KernelMemoryTCP":0,"MemoryReservation":0,"MemorySwap":0,"MemorySwappiness":null,"OomKillDisable":null,"PidsLimit":null,"Ulimits":null,"CpuCount":0,"CpuPercent":0,"IOMaximumIOps":0,"IOMaximumBandwidth":0,"MaskedPaths":["/proc/asound","/proc/acpi","/proc/kcore","/proc/keys","/proc/latency_stats","/proc/timer_list","/proc/timer_stats","/proc/sched_debug","/proc/scsi","/sys/firmware"],"ReadonlyPaths":["/proc/bus","/proc/fs","/proc/irq","/proc/sys","/proc/sysrq-trigger"]},"GraphDriver":{"Data":{"LowerDir":"/var/lib/docker/overlay2/856c07ec4ca11ee81bf03d79c50f651301738c32706d39595d4966b4864e60a7-init/diff:/var/lib/docker/overlay2/c85fbd5982ebd02c4e0c638448df51dbed489f407c761ced38369c97f26dab65/diff:/var/lib/docker/overlay2/d6116bd7cdefd3957fb97bc0b1105e79da05326f49a86db31b81fa012d0b699c/diff:/var/lib/docker/overlay2/04bdb620085b412eb8fbfdbef1ae543b9b234d7b6546db539941e43303772682/diff:/var/lib/docker/overlay2/f793da7fdfe4b03a8140256a643a732777d87fb1173e316789f74547bf375759/diff:/var/lib/docker/overlay2/e290ff6faad5427b25542145e58dd86df00f53b674a65064557767eb8d7896d8/diff:/var/lib/docker/overlay2/5870e99983b0f5f3a22d588a39f93056bcbaa2de05b8b065cb52ee58627ac1db/diff:/var/lib/docker/overlay2/709e67e2ac802a20ceb43f74cfc6ad356d6dbfec5bd40d9fb335e04039c621df/diff:/var/lib/docker/overlay2/ab4abdb1667474843a9ab1148f894af7db25d1734b2be18cf26e4aa9f7a247f1/diff:/var/lib/docker/overlay2/a59eef205d88dfefec2f63210fd8ec7ee05eae4158d1a2a223c64e6d8ea95fc5/diff:/var/lib/docker/overlay2/251804ed592673a86f0fa789dd980bc09a7a8a00a2e0557382de9a69c8a7d7b5/diff:/var/lib/docker/overlay2/46033a3108dc85951964e3663ccf71bec5e217458e1f1af77754554e24721307/diff:/var/lib/docker/overlay2/e217f7aa45ab6f73fe108a9b541fa93f038c045a030228cf2853f659782f6d00/diff:/var/lib/docker/overlay2/2a23efcb684d529dc59b1fccb7ad988b5984badaffa2038e175de5266057332e/diff:/var/lib/docker/overlay2/ca38f993cc96a3a921df500bc997b19f4f62a8f28bf24672b21628b4387e309b/diff:/var/lib/docker/overlay2/a58906d3cc0bc6f9e6acc951eef5e2bba3fe878660a6f64a08d9e84961b2e7d6/diff:/var/lib/docker/overlay2/2f71b7c657715434cf30cac5cfc55bc4d036cef40fb15950f5165300f54b81ac/diff:/var/lib/docker/overlay2/6c581348d627850643563a119bad62f795547daacb901cfe1fe819608c38437a/diff:/var/lib/docker/overlay2/a02eb8c708179c6d39fe938febf8940ac1ce175ab9c21807b51f904d37944960/diff:/var/lib/docker/overlay2/8973a75dd67aa3c99e9302a4dc868030076a13e125fddaf48986a9788371db87/diff:/var/lib/docker/overlay2/f3438382e24c58bcda37769659b916df6c6266975d9719a456c9f49b5c9abf1a/diff:/var/lib/docker/overlay2/45642428a26c0d282aeb3fea5773523ce2cadda959b027e9a85300e6d1400946/diff:/var/lib/docker/overlay2/aed86418d8c0a8e0c66757b219f10af44ed1905d35c6f86a8a9f2c379f4e3d3f/diff:/var/lib/docker/overlay2/e78310c8dab5112dd5933bc7607bdba97639ae3feb0f10e6f0cbd8098df681a1/diff:/var/lib/docker/overlay2/2e6cd406c848ac902d1186180f08268349b3122125548cbfabccb094435da073/diff:/var/lib/docker/overlay2/c00d79c231d596d2cffa691df603f3d1c2c7a000a9648e0449d67127330320b7/diff","MergedDir":"/var/lib/docker/overlay2/856c07ec4ca11ee81bf03d79c50f651301738c32706d39595d4966b4864e60a7/merged","UpperDir":"/var/lib/docker/overlay2/856c07ec4ca11ee81bf03d79c50f651301738c32706d39595d4966b4864e60a7/diff","WorkDir":"/var/lib/docker/overlay2/856c07ec4ca11ee81bf03d79c50f651301738c32706d39595d4966b4864e60a7/work"},"Name":"overlay2"},"Mounts":[{"Type":"bind","Source":"/Users/anca/.docker/run/docker.sock","Destination":"/var/run/docker.sock","Mode":"rw,z","RW":true,"Propagation":"rprivate"},{"Type":"bind","Source":"/Users/anca/Desktop/java-meetup/testcontainers-shipment-list-cloud-pods/src/test/java/resources/shipment-list-demo-cloud-pod","Destination":"/etc/localstack/init-pods.d/shipment-list-demo-cloud-pod","Mode":"rw,z","RW":true,"Propagation":"rprivate"},{"Type":"volume","Name":"23c3dd6f66843aa9d4d42682f71e2c10b10136749384158f0c39ccbade7daad4","Source":"/var/lib/docker/volumes/23c3dd6f66843aa9d4d42682f71e2c10b10136749384158f0c39ccbade7daad4/_data","Destination":"/var/lib/localstack","Driver":"local","Mode":"","RW":true,"Propagation":""}],"Config":{"Hostname":"483d7f66b4b8","Domainname":"","User":"","AttachStdin":false,"AttachStdout":false,"AttachStderr":false,"ExposedPorts":{"443/tcp":{},"4510/tcp":{},"4511/tcp":{},"4512/tcp":{},"4513/tcp":{},"4514/tcp":{},"4515/tcp":{},"4516/tcp":{},"4517/tcp":{},"4518/tcp":{},"4519/tcp":{},"4520/tcp":{},"4521/tcp":{},"4522/tcp":{},"4523/tcp":{},"4524/tcp":{},"4525/tcp":{},"4526/tcp":{},"4527/tcp":{},"4528/tcp":{},"4529/tcp":{},"4530/tcp":{},"4531/tcp":{},"4532/tcp":{},"4533/tcp":{},"4534/tcp":{},"4535/tcp":{},"4536/tcp":{},"4537/tcp":{},"4538/tcp":{},"4539/tcp":{},"4540/tcp":{},"4541/tcp":{},"4542/tcp":{},"4543/tcp":{},"4544/tcp":{},"4545/tcp":{},"4546/tcp":{},"4547/tcp":{},"4548/tcp":{},"4549/tcp":{},"4550/tcp":{},"4551/tcp":{},"4552/tcp":{},"4553/tcp":{},"4554/tcp":{},"4555/tcp":{},"4556/tcp":{},"4557/tcp":{},"4558/tcp":{},"4559/tcp":{},"4566/tcp":{},"53/tcp":{},"5678/tcp":{}},"Tty":false,"OpenStdin":false,"StdinOnce":false,"Env":["LOCALSTACK_HOST=localhost","DEBUG=1","LOCALSTACK_AUTH_TOKEN=ls-yukAXuCA-wEBo-dICI-0022-saBocITubf90","PATH=/usr/local/bin:/usr/local/sbin:/usr/local/bin:/usr/sbin:/usr/bin:/sbin:/bin:/usr/lib/jvm/java-11/bin","LANG=C.UTF-8","GPG_KEY=A035C8C19219BA821ECEA86B64E628F8D684696D","PYTHON_VERSION=3.11.7","PYTHON_PIP_VERSION=23.2.1","PYTHON_SETUPTOOLS_VERSION=65.5.1","PYTHON_GET_PIP_URL=https://github.com/pypa/get-pip/raw/4cfa4081d27285bda1220a62a5ebf5b4bd749cdb/public/get-pip.py","PYTHON_GET_PIP_SHA256=9cc01665956d22b3bf057ae8287b035827bfd895da235bcea200ab3b811790b6","JAVA_HOME=/usr/lib/jvm/java-11","LD_LIBRARY_PATH=/usr/lib/jvm/java-11/lib:/usr/lib/jvm/java-11/l"
14:08:57.872 [main] DEBUG com.github.dockerjava.zerodep.shaded.org.apache.hc.client5.http.wire - http-outgoing-1 << "ib/server","USER=localstack","PYTHONUNBUFFERED=1","LOCALSTACK_BUILD_DATE=2024-01-05","LOCALSTACK_BUILD_GIT_HASH=ba992b1","LOCALSTACK_BUILD_VERSION=3.0.3.dev"],"Cmd":null,"Healthcheck":{"Test":["CMD-SHELL","bash -c \". .venv/bin/activate \u0026\u0026 localstack status services --format=json\""],"Interval":10000000000,"Timeout":5000000000,"StartPeriod":15000000000,"Retries":5},"Image":"localstack/localstack-pro:latest","Volumes":{"/var/lib/localstack":{}},"WorkingDir":"/opt/code/localstack","Entrypoint":["docker-entrypoint.sh"],"OnBuild":null,"Labels":{"authors":"LocalStack Contributors","description":"LocalStack Pro Docker image","maintainer":"LocalStack Team (info@localstack.cloud)","org.testcontainers":"true","org.testcontainers.lang":"java","org.testcontainers.sessionId":"aadbe571-fa34-4edf-a0a5-ddf35f9fb4d8","org.testcontainers.version":"1.19.1"}},"NetworkSettings":{"Bridge":"","SandboxID":"f65ff7550ba006a02d4a8734f1e9eec734b9b066ba6087fe59576e1f23b42930","HairpinMode":false,"LinkLocalIPv6Address":"","LinkLocalIPv6PrefixLen":0,"Ports":{"443/tcp":null,"4510/tcp":null,"4511/tcp":null,"4512/tcp":null,"4513/tcp":null,"4514/tcp":null,"4515/tcp":null,"4516/tcp":null,"4517/tcp":null,"4518/tcp":null,"4519/tcp":null,"4520/tcp":null,"4521/tcp":null,"4522/tcp":null,"4523/tcp":null,"4524/tcp":null,"4525/tcp":null,"4526/tcp":null,"4527/tcp":null,"4528/tcp":null,"4529/tcp":null,"4530/tcp":null,"4531/tcp":null,"4532/tcp":null,"4533/tcp":null,"4534/tcp":null,"4535/tcp":null,"4536/tcp":null,"4537/tcp":null,"4538/tcp":null,"4539/tcp":null,"4540/tcp":null,"4541/tcp":null,"4542/tcp":null,"4543/tcp":null,"4544/tcp":null,"4545/tcp":null,"4546/tcp":null,"4547/tcp":null,"4548/tcp":null,"4549/tcp":null,"4550/tcp":null,"4551/tcp":null,"4552/tcp":null,"4553/tcp":null,"4554/tcp":null,"4555/tcp":null,"4556/tcp":null,"4557/tcp":null,"4558/tcp":null,"4559/tcp":null,"4566/tcp":[{"HostIp":"0.0.0.0","HostPort":"63482"}],"53/tcp":null,"5678/tcp":null},"SandboxKey":"/var/run/docker/netns/f65ff7550ba0","SecondaryIPAddresses":null,"SecondaryIPv6Addresses":null,"EndpointID":"cb7bf08ce6ab86089f1446acbde8cbe60494224c65ed75fd9f25cc0085fd4d43","Gateway":"172.17.0.1","GlobalIPv6Address":"","GlobalIPv6PrefixLen":0,"IPAddress":"172.17.0.3","IPPrefixLen":16,"IPv6Gateway":"","MacAddress":"02:42:ac:11:00:03","Networks":{"bridge":{"IPAMConfig":null,"Links":null,"Aliases":null,"NetworkID":"da0d54e9f2ce5a140e73ce9ad3b66479200f15c03d68cee1f32f0939bdb1af69","EndpointID":"cb7bf08ce6ab86089f1446acbde8cbe60494224c65ed75fd9f25cc0085fd4d43","Gateway":"172.17.0.1","IPAddress":"172.17.0.3","IPPrefixLen":16,"IPv6Gateway":"","GlobalIPv6Address":"","GlobalIPv6PrefixLen":0,"MacAddress":"02:42:ac:11:00:03","DriverOpts":null}}}}[\n]"
14:08:57.876 [main] DEBUG com.github.dockerjava.zerodep.shaded.org.apache.hc.client5.http.wire - http-outgoing-1 << "[\r][\n]"
14:08:57.876 [main] DEBUG com.github.dockerjava.zerodep.shaded.org.apache.hc.client5.http.wire - http-outgoing-1 << "0[\r][\n]"
14:08:57.876 [main] DEBUG com.github.dockerjava.zerodep.shaded.org.apache.hc.client5.http.wire - http-outgoing-1 << "[\r][\n]"
14:08:57.876 [main] DEBUG com.github.dockerjava.zerodep.shaded.org.apache.hc.client5.http.impl.classic.InternalHttpClient - ep-0000000F: releasing valid endpoint
14:08:57.876 [main] DEBUG com.github.dockerjava.zerodep.shaded.org.apache.hc.client5.http.impl.io.PoolingHttpClientConnectionManager - ep-0000000F: releasing endpoint
14:08:57.877 [main] DEBUG com.github.dockerjava.zerodep.shaded.org.apache.hc.client5.http.impl.io.PoolingHttpClientConnectionManager - ep-0000000F: connection http-outgoing-1 can be kept alive for 3 MINUTES
14:08:57.877 [main] DEBUG com.github.dockerjava.zerodep.shaded.org.apache.hc.client5.http.impl.io.PoolingHttpClientConnectionManager - ep-0000000F: connection released [route: {}->unix://localhost:2375][total available: 1; route allocated: 1 of 2147483647; total allocated: 1 of 2147483647]
14:08:57.877 [main] DEBUG org.testcontainers.shaded.com.github.dockerjava.core.command.AbstrDockerCmd - Cmd: sha256:ebf8705176cafe02519fcd5f948c7a6fbc945c2d16e5de5f573de13d93a4100a
14:08:57.878 [main] DEBUG com.github.dockerjava.zerodep.shaded.org.apache.hc.client5.http.impl.classic.InternalHttpClient - ex-00000011: preparing request execution
14:08:57.878 [main] DEBUG com.github.dockerjava.zerodep.shaded.org.apache.hc.client5.http.protocol.RequestAddCookies - Cookie spec selected: strict
14:08:57.878 [main] DEBUG com.github.dockerjava.zerodep.shaded.org.apache.hc.client5.http.protocol.RequestAuthCache - Auth cache not set in the context
14:08:57.878 [main] DEBUG com.github.dockerjava.zerodep.shaded.org.apache.hc.client5.http.impl.classic.ProtocolExec - ex-00000011: target auth state: UNCHALLENGED
14:08:57.878 [main] DEBUG com.github.dockerjava.zerodep.shaded.org.apache.hc.client5.http.impl.classic.ProtocolExec - ex-00000011: proxy auth state: UNCHALLENGED
14:08:57.878 [main] DEBUG com.github.dockerjava.zerodep.shaded.org.apache.hc.client5.http.impl.classic.ConnectExec - ex-00000011: acquiring connection with route {}->unix://localhost:2375
14:08:57.878 [main] DEBUG com.github.dockerjava.zerodep.shaded.org.apache.hc.client5.http.impl.classic.InternalHttpClient - ex-00000011: acquiring endpoint (3 MINUTES)
14:08:57.878 [main] DEBUG com.github.dockerjava.zerodep.shaded.org.apache.hc.client5.http.impl.io.PoolingHttpClientConnectionManager - ex-00000011: endpoint lease request (3 MINUTES) [route: {}->unix://localhost:2375][total available: 1; route allocated: 1 of 2147483647; total allocated: 1 of 2147483647]
14:08:57.878 [main] DEBUG com.github.dockerjava.zerodep.shaded.org.apache.hc.client5.http.impl.io.PoolingHttpClientConnectionManager - ex-00000011: endpoint leased [route: {}->unix://localhost:2375][total available: 0; route allocated: 1 of 2147483647; total allocated: 1 of 2147483647]
14:08:57.878 [main] DEBUG com.github.dockerjava.zerodep.shaded.org.apache.hc.client5.http.impl.io.PoolingHttpClientConnectionManager - ex-00000011: acquired ep-00000010
14:08:57.878 [main] DEBUG com.github.dockerjava.zerodep.shaded.org.apache.hc.client5.http.impl.classic.InternalHttpClient - ex-00000011: acquired endpoint ep-00000010
14:08:57.878 [main] DEBUG com.github.dockerjava.zerodep.shaded.org.apache.hc.client5.http.impl.classic.MainClientExec - ex-00000011: executing GET /v1.32/images/sha256:ebf8705176cafe02519fcd5f948c7a6fbc945c2d16e5de5f573de13d93a4100a/json HTTP/1.1
14:08:57.878 [main] DEBUG com.github.dockerjava.zerodep.shaded.org.apache.hc.client5.http.impl.classic.InternalHttpClient - ep-00000010: start execution ex-00000011
14:08:57.878 [main] DEBUG com.github.dockerjava.zerodep.shaded.org.apache.hc.client5.http.impl.io.PoolingHttpClientConnectionManager - ep-00000010: executing exchange ex-00000011 over http-outgoing-1
14:08:57.878 [main] DEBUG com.github.dockerjava.zerodep.shaded.org.apache.hc.client5.http.headers - http-outgoing-1 >> GET /v1.32/images/sha256:ebf8705176cafe02519fcd5f948c7a6fbc945c2d16e5de5f573de13d93a4100a/json HTTP/1.1
14:08:57.878 [main] DEBUG com.github.dockerjava.zerodep.shaded.org.apache.hc.client5.http.headers - http-outgoing-1 >> accept: application/json
14:08:57.878 [main] DEBUG com.github.dockerjava.zerodep.shaded.org.apache.hc.client5.http.headers - http-outgoing-1 >> x-tc-sid: aadbe571-fa34-4edf-a0a5-ddf35f9fb4d8
14:08:57.878 [main] DEBUG com.github.dockerjava.zerodep.shaded.org.apache.hc.client5.http.headers - http-outgoing-1 >> User-Agent: tc-java/1.19.1
14:08:57.878 [main] DEBUG com.github.dockerjava.zerodep.shaded.org.apache.hc.client5.http.headers - http-outgoing-1 >> Accept-Encoding: gzip, x-gzip, deflate
14:08:57.878 [main] DEBUG com.github.dockerjava.zerodep.shaded.org.apache.hc.client5.http.headers - http-outgoing-1 >> Host: localhost:2375
14:08:57.878 [main] DEBUG com.github.dockerjava.zerodep.shaded.org.apache.hc.client5.http.headers - http-outgoing-1 >> Connection: keep-alive
14:08:57.879 [main] DEBUG com.github.dockerjava.zerodep.shaded.org.apache.hc.client5.http.wire - http-outgoing-1 >> "GET /v1.32/images/sha256:ebf8705176cafe02519fcd5f948c7a6fbc945c2d16e5de5f573de13d93a4100a/json HTTP/1.1[\r][\n]"
14:08:57.879 [main] DEBUG com.github.dockerjava.zerodep.shaded.org.apache.hc.client5.http.wire - http-outgoing-1 >> "accept: application/json[\r][\n]"
14:08:57.879 [main] DEBUG com.github.dockerjava.zerodep.shaded.org.apache.hc.client5.http.wire - http-outgoing-1 >> "x-tc-sid: aadbe571-fa34-4edf-a0a5-ddf35f9fb4d8[\r][\n]"
14:08:57.879 [main] DEBUG com.github.dockerjava.zerodep.shaded.org.apache.hc.client5.http.wire - http-outgoing-1 >> "User-Agent: tc-java/1.19.1[\r][\n]"
14:08:57.879 [main] DEBUG com.github.dockerjava.zerodep.shaded.org.apache.hc.client5.http.wire - http-outgoing-1 >> "Accept-Encoding: gzip, x-gzip, deflate[\r][\n]"
14:08:57.879 [main] DEBUG com.github.dockerjava.zerodep.shaded.org.apache.hc.client5.http.wire - http-outgoing-1 >> "Host: localhost:2375[\r][\n]"
14:08:57.879 [main] DEBUG com.github.dockerjava.zerodep.shaded.org.apache.hc.client5.http.wire - http-outgoing-1 >> "Connection: keep-alive[\r][\n]"
14:08:57.879 [main] DEBUG com.github.dockerjava.zerodep.shaded.org.apache.hc.client5.http.wire - http-outgoing-1 >> "[\r][\n]"
14:08:57.888 [main] DEBUG com.github.dockerjava.zerodep.shaded.org.apache.hc.client5.http.wire - http-outgoing-1 << "HTTP/1.1 200 OK[\r][\n]"
14:08:57.888 [main] DEBUG com.github.dockerjava.zerodep.shaded.org.apache.hc.client5.http.wire - http-outgoing-1 << "Api-Version: 1.41[\r][\n]"
14:08:57.888 [main] DEBUG com.github.dockerjava.zerodep.shaded.org.apache.hc.client5.http.wire - http-outgoing-1 << "Content-Type: application/json[\r][\n]"
14:08:57.888 [main] DEBUG com.github.dockerjava.zerodep.shaded.org.apache.hc.client5.http.wire - http-outgoing-1 << "Date: Mon, 08 Jan 2024 13:08:57 GMT[\r][\n]"
14:08:57.888 [main] DEBUG com.github.dockerjava.zerodep.shaded.org.apache.hc.client5.http.wire - http-outgoing-1 << "Docker-Experimental: false[\r][\n]"
14:08:57.888 [main] DEBUG com.github.dockerjava.zerodep.shaded.org.apache.hc.client5.http.wire - http-outgoing-1 << "Ostype: linux[\r][\n]"
14:08:57.888 [main] DEBUG com.github.dockerjava.zerodep.shaded.org.apache.hc.client5.http.wire - http-outgoing-1 << "Server: Docker/20.10.24 (linux)[\r][\n]"
14:08:57.888 [main] DEBUG com.github.dockerjava.zerodep.shaded.org.apache.hc.client5.http.wire - http-outgoing-1 << "Transfer-Encoding: chunked[\r][\n]"
14:08:57.888 [main] DEBUG com.github.dockerjava.zerodep.shaded.org.apache.hc.client5.http.wire - http-outgoing-1 << "[\r][\n]"
14:08:57.888 [main] DEBUG com.github.dockerjava.zerodep.shaded.org.apache.hc.client5.http.headers - http-outgoing-1 << HTTP/1.1 200 OK
14:08:57.888 [main] DEBUG com.github.dockerjava.zerodep.shaded.org.apache.hc.client5.http.headers - http-outgoing-1 << Api-Version: 1.41
14:08:57.888 [main] DEBUG com.github.dockerjava.zerodep.shaded.org.apache.hc.client5.http.headers - http-outgoing-1 << Content-Type: application/json
14:08:57.888 [main] DEBUG com.github.dockerjava.zerodep.shaded.org.apache.hc.client5.http.headers - http-outgoing-1 << Date: Mon, 08 Jan 2024 13:08:57 GMT
14:08:57.888 [main] DEBUG com.github.dockerjava.zerodep.shaded.org.apache.hc.client5.http.headers - http-outgoing-1 << Docker-Experimental: false
14:08:57.888 [main] DEBUG com.github.dockerjava.zerodep.shaded.org.apache.hc.client5.http.headers - http-outgoing-1 << Ostype: linux
14:08:57.888 [main] DEBUG com.github.dockerjava.zerodep.shaded.org.apache.hc.client5.http.headers - http-outgoing-1 << Server: Docker/20.10.24 (linux)
14:08:57.888 [main] DEBUG com.github.dockerjava.zerodep.shaded.org.apache.hc.client5.http.headers - http-outgoing-1 << Transfer-Encoding: chunked
14:08:57.888 [main] DEBUG com.github.dockerjava.zerodep.shaded.org.apache.hc.client5.http.impl.classic.MainClientExec - ex-00000011: connection can be kept alive for 3 MINUTES
14:08:57.888 [main] DEBUG com.github.dockerjava.zerodep.shaded.org.apache.hc.client5.http.wire - http-outgoing-1 << "1d74[\r][\n]"
14:08:57.889 [main] DEBUG com.github.dockerjava.zerodep.shaded.org.apache.hc.client5.http.wire - http-outgoing-1 << "{"Id":"sha256:ebf8705176cafe02519fcd5f948c7a6fbc945c2d16e5de5f573de13d93a4100a","RepoTags":["localstack/localstack-pro:latest"],"RepoDigests":["localstack/localstack-pro@sha256:4ef23b035901156403a25f0e22e4900409a84620bfbef0f3f6dfbc466e5f0494"],"Parent":"","Comment":"buildkit.dockerfile.v0","Created":"2024-01-05T22:45:11.397675729Z","Container":"","ContainerConfig":{"Hostname":"","Domainname":"","User":"","AttachStdin":false,"AttachStdout":false,"AttachStderr":false,"Tty":false,"OpenStdin":false,"StdinOnce":false,"Env":null,"Cmd":null,"Image":"","Volumes":null,"WorkingDir":"","Entrypoint":null,"OnBuild":null,"Labels":null},"DockerVersion":"","Author":"","Config":{"Hostname":"","Domainname":"","User":"","AttachStdin":false,"AttachStdout":false,"AttachStderr":false,"ExposedPorts":{"443/tcp":{},"4510/tcp":{},"4511/tcp":{},"4512/tcp":{},"4513/tcp":{},"4514/tcp":{},"4515/tcp":{},"4516/tcp":{},"4517/tcp":{},"4518/tcp":{},"4519/tcp":{},"4520/tcp":{},"4521/tcp":{},"4522/tcp":{},"4523/tcp":{},"4524/tcp":{},"4525/tcp":{},"4526/tcp":{},"4527/tcp":{},"4528/tcp":{},"4529/tcp":{},"4530/tcp":{},"4531/tcp":{},"4532/tcp":{},"4533/tcp":{},"4534/tcp":{},"4535/tcp":{},"4536/tcp":{},"4537/tcp":{},"4538/tcp":{},"4539/tcp":{},"4540/tcp":{},"4541/tcp":{},"4542/tcp":{},"4543/tcp":{},"4544/tcp":{},"4545/tcp":{},"4546/tcp":{},"4547/tcp":{},"4548/tcp":{},"4549/tcp":{},"4550/tcp":{},"4551/tcp":{},"4552/tcp":{},"4553/tcp":{},"4554/tcp":{},"4555/tcp":{},"4556/tcp":{},"4557/tcp":{},"4558/tcp":{},"4559/tcp":{},"4566/tcp":{},"53/tcp":{},"5678/tcp":{}},"Tty":false,"OpenStdin":false,"StdinOnce":false,"Env":["PATH=/usr/local/bin:/usr/local/sbin:/usr/local/bin:/usr/sbin:/usr/bin:/sbin:/bin:/usr/lib/jvm/java-11/bin","LANG=C.UTF-8","GPG_KEY=A035C8C19219BA821ECEA86B64E628F8D684696D","PYTHON_VERSION=3.11.7","PYTHON_PIP_VERSION=23.2.1","PYTHON_SETUPTOOLS_VERSION=65.5.1","PYTHON_GET_PIP_URL=https://github.com/pypa/get-pip/raw/4cfa4081d27285bda1220a62a5ebf5b4bd749cdb/public/get-pip.py","PYTHON_GET_PIP_SHA256=9cc01665956d22b3bf057ae8287b035827bfd895da235bcea200ab3b811790b6","JAVA_HOME=/usr/lib/jvm/java-11","LD_LIBRARY_PATH=/usr/lib/jvm/java-11/lib:/usr/lib/jvm/java-11/lib/server","USER=localstack","PYTHONUNBUFFERED=1","LOCALSTACK_BUILD_DATE=2024-01-05","LOCALSTACK_BUILD_GIT_HASH=ba992b1","LOCALSTACK_BUILD_VERSION=3.0.3.dev"],"Cmd":null,"Healthcheck":{"Test":["CMD-SHELL","bash -c \". .venv/bin/activate && localstack status services --format=json\""],"Interval":10000000000,"Timeout":5000000000,"StartPeriod":15000000000,"Retries":5},"ArgsEscaped":true,"Image":"","Volumes":{"/var/lib/localstack":{}},"WorkingDir":"/opt/code/localstack/","Entrypoint":["docker-entrypoint.sh"],"OnBuild":null,"Labels":{"authors":"LocalStack Contributors","description":"LocalStack Pro Docker image","maintainer":"LocalStack Team (info@localstack.cloud)"},"Shell":["/bin/bash","-c"]},"Architecture":"amd64","Os":"linux","Size":1551882346,"VirtualSize":1551882346,"GraphDriver":{"Data":{"LowerDir":"/var/lib/docker/overlay2/d6116bd7cdefd3957fb97bc0b1105e79da05326f49a86db31b81fa012d0b699c/diff:/var/lib/docker/overlay2/04bdb620085b412eb8fbfdbef1ae543b9b234d7b6546db539941e43303772682/diff:/var/lib/docker/overlay2/f793da7fdfe4b03a8140256a643a732777d87fb1173e316789f74547bf375759/diff:/var/lib/docker/overlay2/e290ff6faad5427b25542145e58dd86df00f53b674a65064557767eb8d7896d8/diff:/var/lib/docker/overlay2/5870e99983b0f5f3a22d588a39f93056bcbaa2de05b8b065cb52ee58627ac1db/diff:/var/lib/docker/overlay2/709e67e2ac802a20ceb43f74cfc6ad356d6dbfec5bd40d9fb335e04039c621df/diff:/var/lib/docker/overlay2/ab4abdb1667474843a9ab1148f894af7db25d1734b2be18cf26e4aa9f7a247f1/diff:/var/lib/docker/overlay2/a59eef205d88dfefec2f63210fd8ec7ee05eae4158d1a2a223c64e6d8ea95fc5/diff:/var/lib/docker/overlay2/251804ed592673a86f0fa789dd980bc09a7a8a00a2e0557382de9a69c8a7d7b5/diff:/var/lib/docker/overlay2/46033a3108dc85951964e3663ccf71bec5e217458e1f1af77754554e24721307/diff:/var/lib/docker/overlay2/e217f7aa45ab6f73fe108a9b541fa93f038c045a030228cf2853f659782f6d00/diff:/var/lib/docker/overlay2/2a23efcb684d529dc59b1fccb7ad988b5984badaffa2038e175de5266057332e/diff:/var/lib/docker/overlay2/ca38f993cc96a3a921df500bc997b19f4f62a8f28bf24672b21628b4387e309b/diff:/var/lib/docker/overlay2/a58906d3cc0bc6f9e6acc951eef5e2bba3fe878660a6f64a08d9e84961b2e7d6/diff:/var/lib/docker/overlay2/2f71b7c657715434cf30cac5cfc55bc4d036cef40fb15950f5165300f54b81ac/diff:/var/lib/docker/overlay2/6c581348d627850643563a119bad62f795547daacb901cfe1fe819608c38437a/diff:/var/lib/docker/overlay2/a02eb8c708179c6d39fe938febf8940ac1ce175ab9c21807b51f904d37944960/diff:/var/lib/docker/overlay2/8973a75dd67aa3c99e9302a4dc868030076a13e125fddaf48986a9788371db87/diff:/var/lib/docker/overlay2/f3438382e24c58bcda37769659b916df6c6266975d9719a456c9f49b5c9abf1a/diff:/var/lib/docker/overlay2/45642428a26c0d282aeb3fea5773523ce2cadda959b027e9a85300e6d1400946/diff:/var/lib/docker/overlay2/aed86418d8c0a8e0c66757b219f10af44ed1905d35c6f86a8a9f2c379f4e3d3f/diff:/var/lib/docker/overlay2/e78310c8dab5112dd5933bc7607bdba97639ae3feb0f10e6f0cbd8098df681a1/diff:/var/lib/docker/overlay2/2e6cd406c848ac902d1186180f08268349b3122125548cbfabccb094435da073/diff:/var/lib/docker/overlay2/c00d79c231d596d2cffa691df603f3d1c2c7a000a9648e0449d67127330320b7/diff","MergedDir":"/var/lib/docker/overlay2/c85fbd5982ebd02c4e0c638448df51dbed489f407c761ced38369c97f26dab65/merged","UpperDir":"/var/lib/docker/overlay2/c85fbd5982ebd02c4e0c638448df51dbed489f407c761ced38369c97f26dab65/diff","WorkDir":"/var/lib/docker/overlay2/c85fbd5982ebd02c4e0c638448df51dbed489f407c761ced38369c97f26dab65/work"},"Name":"overlay2"},"RootFS":{"Type":"layers","Layers":["sha256:7292cf786aa89399bca4e3edd105d3b2ee0683a46ef1f5ff436c0f9d1d49e765","sha256:384858ccd7ef0b8449b819cd61b39fc4560e476326c0bd5168523907c26bf527","sha256:62ee4febd59888364197eb61389b55410a514e18e04e8742df9d4c2ce2fcdce2","sha256:82f021973527d424e4f1bbc445b3a9bc1f2556e6d7ef47b0524fc499bdb6be3f","sha256:5a0cd8defe6947bed19462585f45ed847c5043d08e71a7f71b3cce8b7db757db","sha256:61e874b0176cb04c368e3a012e6f78684b7e24bea224b61acacd06743b0242f6","sha256:c6d3bb60e6180b7b18c4db06f826d56eafdd2c438fcd4ad641bda32f390f16ee","sha256:037398514c7bdf9cacbd1cacbe4a1ac4a79860c8728b93d0dc3bf0e359e22e74","sha256:6be414a7547d8584b3b4c4ac7d7fc1dedf22385c9c78f7fa3418e6b6512bc477","sha256:7a58bc2dd8a3010207ec23d0e105a9211640494ca566c818d71aea2139ad530a","sha256:2eb1a5f137c228a3fbc87f4f1ddaa2ca282d354aff281de3ecb4f1b72985709c","sha256:5f70bf18a086007016e948b04aed3b82103a36bea41755b6cddfaf10ace3c6ef","sha256:2613fadfc803124671189607e4ac5f24214b85d6e5602a9978c5d0a784fafc29","sha256:c0c2f0ea9c9dcd553eebfbec51506428328a42fa00d0bbf8d60f44083971f718","sha256:f1563a95d6b4db21319f430dbb101edf7e0c8768a59ec09bce1e7159d36b13db","sha256:d3965e6aec11fecbe26bc2def92fd72bbc44fb139570d6b2401de11c354eddef","sha256:ec7d1233aa3d26ab4bf7984f8e14782523fa0405e291e9d96e5593034168035e","sha256:f0c270b64f5126a51a3646b2c338c555272181aadf15c18bbdc84df0d1d2420d","sha256:8938d72bfeed99f0a376a4eed885b58ed6aa1809b20b7a6f31f18f24a1dd69fd","sha256:b6053168f3334dd499b88335052810c66f1af7307c73647eb86ed4467560cb65","sha256:62964e932a5e543a2a6ba2c1e399c3e8fcd3d35d35bec9265ce7aa79211e729a","sha256:b542e42a76dd86e009d5490aad82af85f7e835b9421258ab282590345407799b","sha256:47716fed65e594e3a0ba33b13f7b303313ebf236bf8f210870a5b62afcc2f5a4","sha256:0f56ca3b61fedf1fbe2b6072736113ec47b53ebdc4c445257bdee866acdafc88","sha256:c5cafacdef7d6da296bd2d0d88bdb681b3cfb5aa1f15288571853b6989f3db19"]},"Metadata":{"LastTagTime":"0001-01-01T00:00:00Z"}}[\n]"
14:08:57.889 [main] DEBUG com.github.dockerjava.zerodep.shaded.org.apache.hc.client5.http.wire - http-outgoing-1 << "[\r][\n]"
14:08:57.891 [main] DEBUG com.github.dockerjava.zerodep.shaded.org.apache.hc.client5.http.wire - http-outgoing-1 << "0[\r][\n]"
14:08:57.891 [main] DEBUG com.github.dockerjava.zerodep.shaded.org.apache.hc.client5.http.wire - http-outgoing-1 << "[\r][\n]"
14:08:57.892 [main] DEBUG com.github.dockerjava.zerodep.shaded.org.apache.hc.client5.http.impl.classic.InternalHttpClient - ep-00000010: releasing valid endpoint
14:08:57.892 [main] DEBUG com.github.dockerjava.zerodep.shaded.org.apache.hc.client5.http.impl.io.PoolingHttpClientConnectionManager - ep-00000010: releasing endpoint
14:08:57.892 [main] DEBUG com.github.dockerjava.zerodep.shaded.org.apache.hc.client5.http.impl.io.PoolingHttpClientConnectionManager - ep-00000010: connection http-outgoing-1 can be kept alive for 3 MINUTES
14:08:57.892 [main] DEBUG com.github.dockerjava.zerodep.shaded.org.apache.hc.client5.http.impl.io.PoolingHttpClientConnectionManager - ep-00000010: connection released [route: {}->unix://localhost:2375][total available: 1; route allocated: 1 of 2147483647; total allocated: 1 of 2147483647]
14:08:57.892 [main] DEBUG org.testcontainers.shaded.com.github.dockerjava.core.command.AbstrDockerCmd - Cmd: 
14:08:57.892 [main] DEBUG com.github.dockerjava.zerodep.shaded.org.apache.hc.client5.http.impl.classic.InternalHttpClient - ex-00000012: preparing request execution
14:08:57.892 [main] DEBUG com.github.dockerjava.zerodep.shaded.org.apache.hc.client5.http.protocol.RequestAddCookies - Cookie spec selected: strict
14:08:57.893 [main] DEBUG com.github.dockerjava.zerodep.shaded.org.apache.hc.client5.http.protocol.RequestAuthCache - Auth cache not set in the context
14:08:57.893 [main] DEBUG com.github.dockerjava.zerodep.shaded.org.apache.hc.client5.http.impl.classic.ProtocolExec - ex-00000012: target auth state: UNCHALLENGED
14:08:57.893 [main] DEBUG com.github.dockerjava.zerodep.shaded.org.apache.hc.client5.http.impl.classic.ProtocolExec - ex-00000012: proxy auth state: UNCHALLENGED
14:08:57.893 [main] DEBUG com.github.dockerjava.zerodep.shaded.org.apache.hc.client5.http.impl.classic.ConnectExec - ex-00000012: acquiring connection with route {}->unix://localhost:2375
14:08:57.893 [main] DEBUG com.github.dockerjava.zerodep.shaded.org.apache.hc.client5.http.impl.classic.InternalHttpClient - ex-00000012: acquiring endpoint (3 MINUTES)
14:08:57.893 [main] DEBUG com.github.dockerjava.zerodep.shaded.org.apache.hc.client5.http.impl.io.PoolingHttpClientConnectionManager - ex-00000012: endpoint lease request (3 MINUTES) [route: {}->unix://localhost:2375][total available: 1; route allocated: 1 of 2147483647; total allocated: 1 of 2147483647]
14:08:57.893 [main] DEBUG com.github.dockerjava.zerodep.shaded.org.apache.hc.client5.http.impl.io.PoolingHttpClientConnectionManager - ex-00000012: endpoint leased [route: {}->unix://localhost:2375][total available: 0; route allocated: 1 of 2147483647; total allocated: 1 of 2147483647]
14:08:57.893 [main] DEBUG com.github.dockerjava.zerodep.shaded.org.apache.hc.client5.http.impl.io.PoolingHttpClientConnectionManager - ex-00000012: acquired ep-00000011
14:08:57.893 [main] DEBUG com.github.dockerjava.zerodep.shaded.org.apache.hc.client5.http.impl.classic.InternalHttpClient - ex-00000012: acquired endpoint ep-00000011
14:08:57.893 [main] DEBUG com.github.dockerjava.zerodep.shaded.org.apache.hc.client5.http.impl.classic.MainClientExec - ex-00000012: executing GET /v1.32/version HTTP/1.1
14:08:57.893 [main] DEBUG com.github.dockerjava.zerodep.shaded.org.apache.hc.client5.http.impl.classic.InternalHttpClient - ep-00000011: start execution ex-00000012
14:08:57.893 [main] DEBUG com.github.dockerjava.zerodep.shaded.org.apache.hc.client5.http.impl.io.PoolingHttpClientConnectionManager - ep-00000011: executing exchange ex-00000012 over http-outgoing-1
14:08:57.893 [main] DEBUG com.github.dockerjava.zerodep.shaded.org.apache.hc.client5.http.headers - http-outgoing-1 >> GET /v1.32/version HTTP/1.1
14:08:57.893 [main] DEBUG com.github.dockerjava.zerodep.shaded.org.apache.hc.client5.http.headers - http-outgoing-1 >> accept: application/json
14:08:57.893 [main] DEBUG com.github.dockerjava.zerodep.shaded.org.apache.hc.client5.http.headers - http-outgoing-1 >> x-tc-sid: aadbe571-fa34-4edf-a0a5-ddf35f9fb4d8
14:08:57.893 [main] DEBUG com.github.dockerjava.zerodep.shaded.org.apache.hc.client5.http.headers - http-outgoing-1 >> User-Agent: tc-java/1.19.1
14:08:57.893 [main] DEBUG com.github.dockerjava.zerodep.shaded.org.apache.hc.client5.http.headers - http-outgoing-1 >> Accept-Encoding: gzip, x-gzip, deflate
14:08:57.893 [main] DEBUG com.github.dockerjava.zerodep.shaded.org.apache.hc.client5.http.headers - http-outgoing-1 >> Host: localhost:2375
14:08:57.893 [main] DEBUG com.github.dockerjava.zerodep.shaded.org.apache.hc.client5.http.headers - http-outgoing-1 >> Connection: keep-alive
14:08:57.893 [main] DEBUG com.github.dockerjava.zerodep.shaded.org.apache.hc.client5.http.wire - http-outgoing-1 >> "GET /v1.32/version HTTP/1.1[\r][\n]"
14:08:57.893 [main] DEBUG com.github.dockerjava.zerodep.shaded.org.apache.hc.client5.http.wire - http-outgoing-1 >> "accept: application/json[\r][\n]"
14:08:57.893 [main] DEBUG com.github.dockerjava.zerodep.shaded.org.apache.hc.client5.http.wire - http-outgoing-1 >> "x-tc-sid: aadbe571-fa34-4edf-a0a5-ddf35f9fb4d8[\r][\n]"
14:08:57.893 [main] DEBUG com.github.dockerjava.zerodep.shaded.org.apache.hc.client5.http.wire - http-outgoing-1 >> "User-Agent: tc-java/1.19.1[\r][\n]"
14:08:57.893 [main] DEBUG com.github.dockerjava.zerodep.shaded.org.apache.hc.client5.http.wire - http-outgoing-1 >> "Accept-Encoding: gzip, x-gzip, deflate[\r][\n]"
14:08:57.893 [main] DEBUG com.github.dockerjava.zerodep.shaded.org.apache.hc.client5.http.wire - http-outgoing-1 >> "Host: localhost:2375[\r][\n]"
14:08:57.893 [main] DEBUG com.github.dockerjava.zerodep.shaded.org.apache.hc.client5.http.wire - http-outgoing-1 >> "Connection: keep-alive[\r][\n]"
14:08:57.893 [main] DEBUG com.github.dockerjava.zerodep.shaded.org.apache.hc.client5.http.wire - http-outgoing-1 >> "[\r][\n]"
14:08:57.914 [main] DEBUG com.github.dockerjava.zerodep.shaded.org.apache.hc.client5.http.wire - http-outgoing-1 << "HTTP/1.1 200 OK[\r][\n]"
14:08:57.914 [main] DEBUG com.github.dockerjava.zerodep.shaded.org.apache.hc.client5.http.wire - http-outgoing-1 << "Api-Version: 1.41[\r][\n]"
14:08:57.915 [main] DEBUG com.github.dockerjava.zerodep.shaded.org.apache.hc.client5.http.wire - http-outgoing-1 << "Content-Type: application/json[\r][\n]"
14:08:57.915 [main] DEBUG com.github.dockerjava.zerodep.shaded.org.apache.hc.client5.http.wire - http-outgoing-1 << "Date: Mon, 08 Jan 2024 13:08:57 GMT[\r][\n]"
14:08:57.915 [main] DEBUG com.github.dockerjava.zerodep.shaded.org.apache.hc.client5.http.wire - http-outgoing-1 << "Docker-Experimental: false[\r][\n]"
14:08:57.915 [main] DEBUG com.github.dockerjava.zerodep.shaded.org.apache.hc.client5.http.wire - http-outgoing-1 << "Ostype: linux[\r][\n]"
14:08:57.915 [main] DEBUG com.github.dockerjava.zerodep.shaded.org.apache.hc.client5.http.wire - http-outgoing-1 << "Server: Docker/20.10.24 (linux)[\r][\n]"
14:08:57.915 [main] DEBUG com.github.dockerjava.zerodep.shaded.org.apache.hc.client5.http.wire - http-outgoing-1 << "Transfer-Encoding: chunked[\r][\n]"
14:08:57.915 [main] DEBUG com.github.dockerjava.zerodep.shaded.org.apache.hc.client5.http.wire - http-outgoing-1 << "[\r][\n]"
14:08:57.915 [main] DEBUG com.github.dockerjava.zerodep.shaded.org.apache.hc.client5.http.headers - http-outgoing-1 << HTTP/1.1 200 OK
14:08:57.915 [main] DEBUG com.github.dockerjava.zerodep.shaded.org.apache.hc.client5.http.headers - http-outgoing-1 << Api-Version: 1.41
14:08:57.915 [main] DEBUG com.github.dockerjava.zerodep.shaded.org.apache.hc.client5.http.headers - http-outgoing-1 << Content-Type: application/json
14:08:57.915 [main] DEBUG com.github.dockerjava.zerodep.shaded.org.apache.hc.client5.http.headers - http-outgoing-1 << Date: Mon, 08 Jan 2024 13:08:57 GMT
14:08:57.915 [main] DEBUG com.github.dockerjava.zerodep.shaded.org.apache.hc.client5.http.headers - http-outgoing-1 << Docker-Experimental: false
14:08:57.915 [main] DEBUG com.github.dockerjava.zerodep.shaded.org.apache.hc.client5.http.headers - http-outgoing-1 << Ostype: linux
14:08:57.915 [main] DEBUG com.github.dockerjava.zerodep.shaded.org.apache.hc.client5.http.headers - http-outgoing-1 << Server: Docker/20.10.24 (linux)
14:08:57.915 [main] DEBUG com.github.dockerjava.zerodep.shaded.org.apache.hc.client5.http.headers - http-outgoing-1 << Transfer-Encoding: chunked
14:08:57.916 [main] DEBUG com.github.dockerjava.zerodep.shaded.org.apache.hc.client5.http.impl.classic.MainClientExec - ex-00000012: connection can be kept alive for 3 MINUTES
14:08:57.916 [main] DEBUG com.github.dockerjava.zerodep.shaded.org.apache.hc.client5.http.wire - http-outgoing-1 << "33d[\r][\n]"
14:08:57.916 [main] DEBUG com.github.dockerjava.zerodep.shaded.org.apache.hc.client5.http.wire - http-outgoing-1 << "{"Platform":{"Name":"Docker Desktop 4.18.0 (104112)"},"Components":[{"Name":"Engine","Version":"20.10.24","Details":{"ApiVersion":"1.41","Arch":"amd64","BuildTime":"2023-04-04T18:18:42.000000000+00:00","Experimental":"false","GitCommit":"5d6db84","GoVersion":"go1.19.7","KernelVersion":"5.15.49-linuxkit","MinAPIVersion":"1.12","Os":"linux"}},{"Name":"containerd","Version":"1.6.18","Details":{"GitCommit":"2456e983eb9e37e47538f59ea18f2043c9a73640"}},{"Name":"runc","Version":"1.1.4","Details":{"GitCommit":"v1.1.4-0-g5fd4c4d"}},{"Name":"docker-init","Version":"0.19.0","Details":{"GitCommit":"de40ad0"}}],"Version":"20.10.24","ApiVersion":"1.41","MinAPIVersion":"1.12","GitCommit":"5d6db84","GoVersion":"go1.19.7","Os":"linux","Arch":"amd64","KernelVersion":"5.15.49-linuxkit","BuildTime":"2023-04-04T18:18:42.000000000+00:00"}[\n]"
14:08:57.916 [main] DEBUG com.github.dockerjava.zerodep.shaded.org.apache.hc.client5.http.wire - http-outgoing-1 << "[\r][\n]"
14:08:57.916 [main] DEBUG com.github.dockerjava.zerodep.shaded.org.apache.hc.client5.http.wire - http-outgoing-1 << "0[\r][\n]"
14:08:57.916 [main] DEBUG com.github.dockerjava.zerodep.shaded.org.apache.hc.client5.http.wire - http-outgoing-1 << "[\r][\n]"
14:08:57.917 [main] DEBUG com.github.dockerjava.zerodep.shaded.org.apache.hc.client5.http.impl.classic.InternalHttpClient - ep-00000011: releasing valid endpoint
14:08:57.917 [main] DEBUG com.github.dockerjava.zerodep.shaded.org.apache.hc.client5.http.impl.io.PoolingHttpClientConnectionManager - ep-00000011: releasing endpoint
14:08:57.917 [main] DEBUG com.github.dockerjava.zerodep.shaded.org.apache.hc.client5.http.impl.io.PoolingHttpClientConnectionManager - ep-00000011: connection http-outgoing-1 can be kept alive for 3 MINUTES
14:08:57.917 [main] DEBUG com.github.dockerjava.zerodep.shaded.org.apache.hc.client5.http.impl.io.PoolingHttpClientConnectionManager - ep-00000011: connection released [route: {}->unix://localhost:2375][total available: 1; route allocated: 1 of 2147483647; total allocated: 1 of 2147483647]
14:08:57.918 [docker-java-stream--850894416] DEBUG com.github.dockerjava.zerodep.shaded.org.apache.hc.client5.http.impl.classic.InternalHttpClient - ex-00000013: preparing request execution
14:08:57.918 [docker-java-stream--850894416] DEBUG com.github.dockerjava.zerodep.shaded.org.apache.hc.client5.http.protocol.RequestAddCookies - Cookie spec selected: strict
14:08:57.918 [docker-java-stream--850894416] DEBUG com.github.dockerjava.zerodep.shaded.org.apache.hc.client5.http.protocol.RequestAuthCache - Auth cache not set in the context
14:08:57.918 [docker-java-stream--850894416] DEBUG com.github.dockerjava.zerodep.shaded.org.apache.hc.client5.http.impl.classic.ProtocolExec - ex-00000013: target auth state: UNCHALLENGED
14:08:57.918 [docker-java-stream--850894416] DEBUG com.github.dockerjava.zerodep.shaded.org.apache.hc.client5.http.impl.classic.ProtocolExec - ex-00000013: proxy auth state: UNCHALLENGED
14:08:57.918 [docker-java-stream--850894416] DEBUG com.github.dockerjava.zerodep.shaded.org.apache.hc.client5.http.impl.classic.ConnectExec - ex-00000013: acquiring connection with route {}->unix://localhost:2375
14:08:57.918 [docker-java-stream--850894416] DEBUG com.github.dockerjava.zerodep.shaded.org.apache.hc.client5.http.impl.classic.InternalHttpClient - ex-00000013: acquiring endpoint (3 MINUTES)
14:08:57.918 [docker-java-stream--850894416] DEBUG com.github.dockerjava.zerodep.shaded.org.apache.hc.client5.http.impl.io.PoolingHttpClientConnectionManager - ex-00000013: endpoint lease request (3 MINUTES) [route: {}->unix://localhost:2375][total available: 1; route allocated: 1 of 2147483647; total allocated: 1 of 2147483647]
14:08:57.919 [docker-java-stream--850894416] DEBUG com.github.dockerjava.zerodep.shaded.org.apache.hc.client5.http.impl.io.PoolingHttpClientConnectionManager - ex-00000013: endpoint leased [route: {}->unix://localhost:2375][total available: 0; route allocated: 1 of 2147483647; total allocated: 1 of 2147483647]
14:08:57.919 [docker-java-stream--850894416] DEBUG com.github.dockerjava.zerodep.shaded.org.apache.hc.client5.http.impl.io.PoolingHttpClientConnectionManager - ex-00000013: acquired ep-00000012
14:08:57.919 [docker-java-stream--850894416] DEBUG com.github.dockerjava.zerodep.shaded.org.apache.hc.client5.http.impl.classic.InternalHttpClient - ex-00000013: acquired endpoint ep-00000012
14:08:57.919 [docker-java-stream--850894416] DEBUG com.github.dockerjava.zerodep.shaded.org.apache.hc.client5.http.impl.classic.MainClientExec - ex-00000013: executing GET /v1.32/containers/483d7f66b4b84943ca69c154413ee0bbe9de0db468172389f31ffd8da5c84438/logs?stdout=true&stderr=true&follow=true&since=0 HTTP/1.1
14:08:57.919 [docker-java-stream--850894416] DEBUG com.github.dockerjava.zerodep.shaded.org.apache.hc.client5.http.impl.classic.InternalHttpClient - ep-00000012: start execution ex-00000013
14:08:57.919 [docker-java-stream--850894416] DEBUG com.github.dockerjava.zerodep.shaded.org.apache.hc.client5.http.impl.io.PoolingHttpClientConnectionManager - ep-00000012: executing exchange ex-00000013 over http-outgoing-1
14:08:57.919 [docker-java-stream--850894416] DEBUG com.github.dockerjava.zerodep.shaded.org.apache.hc.client5.http.headers - http-outgoing-1 >> GET /v1.32/containers/483d7f66b4b84943ca69c154413ee0bbe9de0db468172389f31ffd8da5c84438/logs?stdout=true&stderr=true&follow=true&since=0 HTTP/1.1
14:08:57.919 [docker-java-stream--850894416] DEBUG com.github.dockerjava.zerodep.shaded.org.apache.hc.client5.http.headers - http-outgoing-1 >> x-tc-sid: aadbe571-fa34-4edf-a0a5-ddf35f9fb4d8
14:08:57.919 [docker-java-stream--850894416] DEBUG com.github.dockerjava.zerodep.shaded.org.apache.hc.client5.http.headers - http-outgoing-1 >> User-Agent: tc-java/1.19.1
14:08:57.919 [docker-java-stream--850894416] DEBUG com.github.dockerjava.zerodep.shaded.org.apache.hc.client5.http.headers - http-outgoing-1 >> Accept-Encoding: gzip, x-gzip, deflate
14:08:57.919 [docker-java-stream--850894416] DEBUG com.github.dockerjava.zerodep.shaded.org.apache.hc.client5.http.headers - http-outgoing-1 >> Host: localhost:2375
14:08:57.919 [docker-java-stream--850894416] DEBUG com.github.dockerjava.zerodep.shaded.org.apache.hc.client5.http.headers - http-outgoing-1 >> Connection: keep-alive
14:08:57.919 [docker-java-stream--850894416] DEBUG com.github.dockerjava.zerodep.shaded.org.apache.hc.client5.http.wire - http-outgoing-1 >> "GET /v1.32/containers/483d7f66b4b84943ca69c154413ee0bbe9de0db468172389f31ffd8da5c84438/logs?stdout=true&stderr=true&follow=true&since=0 HTTP/1.1[\r][\n]"
14:08:57.919 [docker-java-stream--850894416] DEBUG com.github.dockerjava.zerodep.shaded.org.apache.hc.client5.http.wire - http-outgoing-1 >> "x-tc-sid: aadbe571-fa34-4edf-a0a5-ddf35f9fb4d8[\r][\n]"
14:08:57.919 [docker-java-stream--850894416] DEBUG com.github.dockerjava.zerodep.shaded.org.apache.hc.client5.http.wire - http-outgoing-1 >> "User-Agent: tc-java/1.19.1[\r][\n]"
14:08:57.919 [docker-java-stream--850894416] DEBUG com.github.dockerjava.zerodep.shaded.org.apache.hc.client5.http.wire - http-outgoing-1 >> "Accept-Encoding: gzip, x-gzip, deflate[\r][\n]"
14:08:57.919 [docker-java-stream--850894416] DEBUG com.github.dockerjava.zerodep.shaded.org.apache.hc.client5.http.wire - http-outgoing-1 >> "Host: localhost:2375[\r][\n]"
14:08:57.919 [docker-java-stream--850894416] DEBUG com.github.dockerjava.zerodep.shaded.org.apache.hc.client5.http.wire - http-outgoing-1 >> "Connection: keep-alive[\r][\n]"
14:08:57.919 [docker-java-stream--850894416] DEBUG com.github.dockerjava.zerodep.shaded.org.apache.hc.client5.http.wire - http-outgoing-1 >> "[\r][\n]"
14:08:57.924 [docker-java-stream--850894416] DEBUG com.github.dockerjava.zerodep.shaded.org.apache.hc.client5.http.wire - http-outgoing-1 << "HTTP/1.1 200 OK[\r][\n]"
14:08:57.924 [docker-java-stream--850894416] DEBUG com.github.dockerjava.zerodep.shaded.org.apache.hc.client5.http.wire - http-outgoing-1 << "Api-Version: 1.41[\r][\n]"
14:08:57.924 [docker-java-stream--850894416] DEBUG com.github.dockerjava.zerodep.shaded.org.apache.hc.client5.http.wire - http-outgoing-1 << "Date: Mon, 08 Jan 2024 13:08:57 GMT[\r][\n]"
14:08:57.924 [docker-java-stream--850894416] DEBUG com.github.dockerjava.zerodep.shaded.org.apache.hc.client5.http.wire - http-outgoing-1 << "Docker-Experimental: false[\r][\n]"
14:08:57.924 [docker-java-stream--850894416] DEBUG com.github.dockerjava.zerodep.shaded.org.apache.hc.client5.http.wire - http-outgoing-1 << "Ostype: linux[\r][\n]"
14:08:57.924 [docker-java-stream--850894416] DEBUG com.github.dockerjava.zerodep.shaded.org.apache.hc.client5.http.wire - http-outgoing-1 << "Server: Docker/20.10.24 (linux)[\r][\n]"
14:08:57.924 [docker-java-stream--850894416] DEBUG com.github.dockerjava.zerodep.shaded.org.apache.hc.client5.http.wire - http-outgoing-1 << "Transfer-Encoding: chunked[\r][\n]"
14:08:57.924 [docker-java-stream--850894416] DEBUG com.github.dockerjava.zerodep.shaded.org.apache.hc.client5.http.wire - http-outgoing-1 << "[\r][\n]"
14:08:57.924 [docker-java-stream--850894416] DEBUG com.github.dockerjava.zerodep.shaded.org.apache.hc.client5.http.headers - http-outgoing-1 << HTTP/1.1 200 OK
14:08:57.924 [docker-java-stream--850894416] DEBUG com.github.dockerjava.zerodep.shaded.org.apache.hc.client5.http.headers - http-outgoing-1 << Api-Version: 1.41
14:08:57.924 [docker-java-stream--850894416] DEBUG com.github.dockerjava.zerodep.shaded.org.apache.hc.client5.http.headers - http-outgoing-1 << Date: Mon, 08 Jan 2024 13:08:57 GMT
14:08:57.924 [docker-java-stream--850894416] DEBUG com.github.dockerjava.zerodep.shaded.org.apache.hc.client5.http.headers - http-outgoing-1 << Docker-Experimental: false
14:08:57.924 [docker-java-stream--850894416] DEBUG com.github.dockerjava.zerodep.shaded.org.apache.hc.client5.http.headers - http-outgoing-1 << Ostype: linux
14:08:57.924 [docker-java-stream--850894416] DEBUG com.github.dockerjava.zerodep.shaded.org.apache.hc.client5.http.headers - http-outgoing-1 << Server: Docker/20.10.24 (linux)
14:08:57.924 [docker-java-stream--850894416] DEBUG com.github.dockerjava.zerodep.shaded.org.apache.hc.client5.http.headers - http-outgoing-1 << Transfer-Encoding: chunked
14:08:57.925 [docker-java-stream--850894416] DEBUG com.github.dockerjava.zerodep.shaded.org.apache.hc.client5.http.impl.classic.MainClientExec - ex-00000013: connection can be kept alive for 3 MINUTES
14:08:58.236 [docker-java-stream--850894416] DEBUG com.github.dockerjava.zerodep.shaded.org.apache.hc.client5.http.wire - http-outgoing-1 << "28[\r][\n]"
14:08:58.237 [docker-java-stream--850894416] DEBUG com.github.dockerjava.zerodep.shaded.org.apache.hc.client5.http.wire - http-outgoing-1 << "[0x1][0x0][0x0][0x0][0x0][0x0][0x0] LocalStack supervisor: starting[\n]"
14:08:58.237 [docker-java-stream--850894416] DEBUG com.github.dockerjava.zerodep.shaded.org.apache.hc.client5.http.wire - http-outgoing-1 << "[\r][\n]"
14:08:58.237 [main] DEBUG org.testcontainers.containers.output.WaitingConsumer - STDOUT: LocalStack supervisor: starting
14:08:58.237 [docker-java-stream--850894416] DEBUG com.github.dockerjava.zerodep.shaded.org.apache.hc.client5.http.wire - http-outgoing-1 << "44[\r][\n]"
14:08:58.237 [docker-java-stream--850894416] DEBUG com.github.dockerjava.zerodep.shaded.org.apache.hc.client5.http.wire - http-outgoing-1 << "[0x1][0x0][0x0][0x0][0x0][0x0][0x0]<LocalStack supervisor: localstack process (PID 19) starting[\n]"
14:08:58.237 [docker-java-stream--850894416] DEBUG com.github.dockerjava.zerodep.shaded.org.apache.hc.client5.http.wire - http-outgoing-1 << "[\r][\n]"
14:08:58.247 [main] DEBUG org.testcontainers.containers.output.WaitingConsumer - STDOUT: LocalStack supervisor: localstack process (PID 19) starting
14:08:59.171 [docker-java-stream--850894416] DEBUG com.github.dockerjava.zerodep.shaded.org.apache.hc.client5.http.wire - http-outgoing-1 << "3d[\r][\n]"
14:08:59.172 [docker-java-stream--850894416] DEBUG com.github.dockerjava.zerodep.shaded.org.apache.hc.client5.http.wire - http-outgoing-1 << "[0x1][0x0][0x0][0x0][0x0][0x0][0x0][0x1][\n]"
14:08:59.172 [docker-java-stream--850894416] DEBUG com.github.dockerjava.zerodep.shaded.org.apache.hc.client5.http.wire - http-outgoing-1 << "[0x1][0x0][0x0][0x0][0x0][0x0][0x0],LocalStack version: 3.0.3.dev20240105221043[\n]"
14:08:59.172 [docker-java-stream--850894416] DEBUG com.github.dockerjava.zerodep.shaded.org.apache.hc.client5.http.wire - http-outgoing-1 << "[\r][\n]"
14:08:59.172 [main] DEBUG org.testcontainers.containers.output.WaitingConsumer - STDOUT: 
14:08:59.172 [main] DEBUG org.testcontainers.containers.output.WaitingConsumer - STDOUT: LocalStack version: 3.0.3.dev20240105221043
14:08:59.179 [docker-java-stream--850894416] DEBUG com.github.dockerjava.zerodep.shaded.org.apache.hc.client5.http.wire - http-outgoing-1 << "5e[\r][\n]"
14:08:59.180 [docker-java-stream--850894416] DEBUG com.github.dockerjava.zerodep.shaded.org.apache.hc.client5.http.wire - http-outgoing-1 << "[0x1][0x0][0x0][0x0][0x0][0x0][0x0]"LocalStack build date: 2024-01-05[\n]"
14:08:59.180 [docker-java-stream--850894416] DEBUG com.github.dockerjava.zerodep.shaded.org.apache.hc.client5.http.wire - http-outgoing-1 << "[0x1][0x0][0x0][0x0][0x0][0x0][0x0]#LocalStack build git hash: ba992b1[\n]"
14:08:59.180 [docker-java-stream--850894416] DEBUG com.github.dockerjava.zerodep.shaded.org.apache.hc.client5.http.wire - http-outgoing-1 << "[0x1][0x0][0x0][0x0][0x0][0x0][0x0][0x1][\n]"
14:08:59.180 [docker-java-stream--850894416] DEBUG com.github.dockerjava.zerodep.shaded.org.apache.hc.client5.http.wire - http-outgoing-1 << "[\r][\n]"
14:08:59.182 [main] DEBUG org.testcontainers.containers.output.WaitingConsumer - STDOUT: 
14:08:59.183 [main] DEBUG org.testcontainers.containers.output.WaitingConsumer - STDOUT: LocalStack build git hash: ba992b1
14:08:59.183 [main] DEBUG org.testcontainers.containers.output.WaitingConsumer - STDOUT: LocalStack build date: 2024-01-05
14:08:59.395 [docker-java-stream--850894416] DEBUG com.github.dockerjava.zerodep.shaded.org.apache.hc.client5.http.wire - http-outgoing-1 << "bf[\r][\n]"
14:08:59.395 [docker-java-stream--850894416] DEBUG com.github.dockerjava.zerodep.shaded.org.apache.hc.client5.http.wire - http-outgoing-1 << "[0x1][0x0][0x0][0x0][0x0][0x0][0x0][0xffffffb7]2024-01-08T13:08:59.392 DEBUG --- [  MainThread] stevedore._cache           : reading /root/.cache/python-entrypoints/9cf2ad2f45b9657991a0cc6dcee48bc73b9163322284b5963665091c414f79cc[\n]"
14:08:59.395 [docker-java-stream--850894416] DEBUG com.github.dockerjava.zerodep.shaded.org.apache.hc.client5.http.wire - http-outgoing-1 << "[\r][\n]"
14:08:59.396 [main] DEBUG org.testcontainers.containers.output.WaitingConsumer - STDOUT: 2024-01-08T13:08:59.392 DEBUG --- [  MainThread] stevedore._cache           : reading /root/.cache/python-entrypoints/9cf2ad2f45b9657991a0cc6dcee48bc73b9163322284b5963665091c414f79cc
14:08:59.420 [docker-java-stream--850894416] DEBUG com.github.dockerjava.zerodep.shaded.org.apache.hc.client5.http.wire - http-outgoing-1 << "c2[\r][\n]"
14:08:59.420 [docker-java-stream--850894416] DEBUG com.github.dockerjava.zerodep.shaded.org.apache.hc.client5.http.wire - http-outgoing-1 << "[0x1][0x0][0x0][0x0][0x0][0x0][0x0][0xffffffba]2024-01-08T13:08:59.417 DEBUG --- [  MainThread] stevedore._cache           : writing to /root/.cache/python-entrypoints/9cf2ad2f45b9657991a0cc6dcee48bc73b9163322284b5963665091c414f79cc[\n]"
14:08:59.420 [docker-java-stream--850894416] DEBUG com.github.dockerjava.zerodep.shaded.org.apache.hc.client5.http.wire - http-outgoing-1 << "[\r][\n]"
14:08:59.420 [main] DEBUG org.testcontainers.containers.output.WaitingConsumer - STDOUT: 2024-01-08T13:08:59.417 DEBUG --- [  MainThread] stevedore._cache           : writing to /root/.cache/python-entrypoints/9cf2ad2f45b9657991a0cc6dcee48bc73b9163322284b5963665091c414f79cc
14:08:59.424 [docker-java-stream--850894416] DEBUG com.github.dockerjava.zerodep.shaded.org.apache.hc.client5.http.wire - http-outgoing-1 << "fa[\r][\n]"
14:08:59.424 [docker-java-stream--850894416] DEBUG com.github.dockerjava.zerodep.shaded.org.apache.hc.client5.http.wire - http-outgoing-1 << "[0x1][0x0][0x0][0x0][0x0][0x0][0x0][0xfffffff2]2024-01-08T13:08:59.422 DEBUG --- [  MainThread] stevedore.extension        : found extension EntryPoint(name='add_aws_request_logger', value='localstack_ext.analytics.plugins:add_aws_request_logger', group='localstack.hooks.on_infra_start')[\n]"
14:08:59.425 [docker-java-stream--850894416] DEBUG com.github.dockerjava.zerodep.shaded.org.apache.hc.client5.http.wire - http-outgoing-1 << "[\r][\n]"
14:08:59.430 [docker-java-stream--850894416] DEBUG com.github.dockerjava.zerodep.shaded.org.apache.hc.client5.http.wire - http-outgoing-1 << "f0[\r][\n]"
14:08:59.431 [docker-java-stream--850894416] DEBUG com.github.dockerjava.zerodep.shaded.org.apache.hc.client5.http.wire - http-outgoing-1 << "[0x1][0x0][0x0][0x0][0x0][0x0][0x0][0xffffffe8]2024-01-08T13:08:59.427 DEBUG --- [  MainThread] stevedore.extension        : found extension EntryPoint(name='add_custom_edge_routes', value='localstack_ext.plugins:add_custom_edge_routes', group='localstack.hooks.on_infra_start')[\n]"
14:08:59.431 [docker-java-stream--850894416] DEBUG com.github.dockerjava.zerodep.shaded.org.apache.hc.client5.http.wire - http-outgoing-1 << "[\r][\n]"
14:08:59.431 [main] DEBUG org.testcontainers.containers.output.WaitingConsumer - STDOUT: 2024-01-08T13:08:59.427 DEBUG --- [  MainThread] stevedore.extension        : found extension EntryPoint(name='add_custom_edge_routes', value='localstack_ext.plugins:add_custom_edge_routes', group='localstack.hooks.on_infra_start')
14:08:59.431 [main] DEBUG org.testcontainers.containers.output.WaitingConsumer - STDOUT: 2024-01-08T13:08:59.422 DEBUG --- [  MainThread] stevedore.extension        : found extension EntryPoint(name='add_aws_request_logger', value='localstack_ext.analytics.plugins:add_aws_request_logger', group='localstack.hooks.on_infra_start')
14:08:59.436 [docker-java-stream--850894416] DEBUG com.github.dockerjava.zerodep.shaded.org.apache.hc.client5.http.wire - http-outgoing-1 << "309[\r][\n]"
14:08:59.436 [docker-java-stream--850894416] DEBUG com.github.dockerjava.zerodep.shaded.org.apache.hc.client5.http.wire - http-outgoing-1 << "[0x1][0x0][0x0][0x0][0x0][0x0][0x1][0xc]2024-01-08T13:08:59.434 DEBUG --- [  MainThread] stevedore.extension        : found extension EntryPoint(name='configure_transparent_endpoint_injection', value='localstack_ext.plugins:configure_transparent_endpoint_injection', group='localstack.hooks.on_infra_start')[\n]"
14:08:59.436 [docker-java-stream--850894416] DEBUG com.github.dockerjava.zerodep.shaded.org.apache.hc.client5.http.wire - http-outgoing-1 << "[0x1][0x0][0x0][0x0][0x0][0x0][0x0][0xffffffec]2024-01-08T13:08:59.434 DEBUG --- [  MainThread] stevedore.extension        : found extension EntryPoint(name='deprecation_warnings_pro', value='localstack_ext.plugins:deprecation_warnings_pro', group='localstack.hooks.on_infra_start')[\n]"
14:08:59.436 [docker-java-stream--850894416] DEBUG com.github.dockerjava.zerodep.shaded.org.apache.hc.client5.http.wire - http-outgoing-1 << "[0x1][0x0][0x0][0x0][0x0][0x0][0x0][0xfffffff9]2024-01-08T13:08:59.434 DEBUG --- [  MainThread] stevedore.extension        : found extension EntryPoint(name='extensions_on_infra_start', value='localstack_ext.extensions.plugins:extensions_on_infra_start', group='localstack.hooks.on_infra_start')[\n]"
14:08:59.436 [docker-java-stream--850894416] DEBUG com.github.dockerjava.zerodep.shaded.org.apache.hc.client5.http.wire - http-outgoing-1 << "[\r][\n]"
14:08:59.437 [docker-java-stream--850894416] DEBUG com.github.dockerjava.zerodep.shaded.org.apache.hc.client5.http.wire - http-outgoing-1 << "10c[\r][\n]"
14:08:59.437 [docker-java-stream--850894416] DEBUG com.github.dockerjava.zerodep.shaded.org.apache.hc.client5.http.wire - http-outgoing-1 << "[0x1][0x0][0x0][0x0][0x0][0x0][0x1][0x4]2024-01-08T13:08:59.435 DEBUG --- [  MainThread] stevedore.extension        : found extension EntryPoint(name='init_stackinfo_handler', value='localstack_ext.services.internal.stackinfo.plugins:init_stackinfo_handler', group='localstack.hooks.on_infra_start')[\n]"
14:08:59.437 [docker-java-stream--850894416] DEBUG com.github.dockerjava.zerodep.shaded.org.apache.hc.client5.http.wire - http-outgoing-1 << "[\r][\n]"
14:08:59.438 [docker-java-stream--850894416] DEBUG com.github.dockerjava.zerodep.shaded.org.apache.hc.client5.http.wire - http-outgoing-1 << "12b[\r][\n]"
14:08:59.439 [docker-java-stream--850894416] DEBUG com.github.dockerjava.zerodep.shaded.org.apache.hc.client5.http.wire - http-outgoing-1 << "[0x1][0x0][0x0][0x0][0x0][0x0][0x1]#2024-01-08T13:08:59.437 DEBUG --- [  MainThread] stevedore.extension        : found extension EntryPoint(name='platform_plugins_add_service_plugin_listener', value='localstack_ext.runtime.plugin.plugins:platform_plugins_add_service_plugin_listener', group='localstack.hooks.on_infra_start')[\n]"
14:08:59.439 [docker-java-stream--850894416] DEBUG com.github.dockerjava.zerodep.shaded.org.apache.hc.client5.http.wire - http-outgoing-1 << "[\r][\n]"
14:08:59.443 [main] DEBUG org.testcontainers.containers.output.WaitingConsumer - STDOUT: 2024-01-08T13:08:59.437 DEBUG --- [  MainThread] stevedore.extension        : found extension EntryPoint(name='platform_plugins_add_service_plugin_listener', value='localstack_ext.runtime.plugin.plugins:platform_plugins_add_service_plugin_listener', group='localstack.hooks.on_infra_start')
14:08:59.444 [main] DEBUG org.testcontainers.containers.output.WaitingConsumer - STDOUT: 2024-01-08T13:08:59.435 DEBUG --- [  MainThread] stevedore.extension        : found extension EntryPoint(name='init_stackinfo_handler', value='localstack_ext.services.internal.stackinfo.plugins:init_stackinfo_handler', group='localstack.hooks.on_infra_start')
14:08:59.444 [docker-java-stream--850894416] DEBUG com.github.dockerjava.zerodep.shaded.org.apache.hc.client5.http.wire - http-outgoing-1 << "20f[\r][\n]"
14:08:59.444 [docker-java-stream--850894416] DEBUG com.github.dockerjava.zerodep.shaded.org.apache.hc.client5.http.wire - http-outgoing-1 << "[0x1][0x0][0x0][0x0][0x0][0x0][0x1][0x9]2024-01-08T13:08:59.441 DEBUG --- [  MainThread] stevedore.extension        : found extension EntryPoint(name='platform_plugins_on_infra_start', value='localstack_ext.runtime.plugin.plugins:platform_plugins_on_infra_start', group='localstack.hooks.on_infra_start')[\n]"
14:08:59.444 [docker-java-stream--850894416] DEBUG com.github.dockerjava.zerodep.shaded.org.apache.hc.client5.http.wire - http-outgoing-1 << "[0x1][0x0][0x0][0x0][0x0][0x0][0x0][0xfffffff6]2024-01-08T13:08:59.441 DEBUG --- [  MainThread] stevedore.extension        : found extension EntryPoint(name='register_ci_run_manager', value='localstack_ext.persistence.plugins:register_ci_run_manager', group='localstack.hooks.on_infra_start')[\n]"
14:08:59.444 [docker-java-stream--850894416] DEBUG com.github.dockerjava.zerodep.shaded.org.apache.hc.client5.http.wire - http-outgoing-1 << "[\r][\n]"
14:08:59.444 [main] DEBUG org.testcontainers.containers.output.WaitingConsumer - STDOUT: 2024-01-08T13:08:59.441 DEBUG --- [  MainThread] stevedore.extension        : found extension EntryPoint(name='platform_plugins_on_infra_start', value='localstack_ext.runtime.plugin.plugins:platform_plugins_on_infra_start', group='localstack.hooks.on_infra_start')
14:08:59.445 [main] DEBUG org.testcontainers.containers.output.WaitingConsumer - STDOUT: 2024-01-08T13:08:59.441 DEBUG --- [  MainThread] stevedore.extension        : found extension EntryPoint(name='register_ci_run_manager', value='localstack_ext.persistence.plugins:register_ci_run_manager', group='localstack.hooks.on_infra_start')
14:08:59.445 [main] DEBUG org.testcontainers.containers.output.WaitingConsumer - STDOUT: 2024-01-08T13:08:59.434 DEBUG --- [  MainThread] stevedore.extension        : found extension EntryPoint(name='extensions_on_infra_start', value='localstack_ext.extensions.plugins:extensions_on_infra_start', group='localstack.hooks.on_infra_start')
14:08:59.445 [main] DEBUG org.testcontainers.containers.output.WaitingConsumer - STDOUT: 2024-01-08T13:08:59.434 DEBUG --- [  MainThread] stevedore.extension        : found extension EntryPoint(name='deprecation_warnings_pro', value='localstack_ext.plugins:deprecation_warnings_pro', group='localstack.hooks.on_infra_start')
14:08:59.445 [main] DEBUG org.testcontainers.containers.output.WaitingConsumer - STDOUT: 2024-01-08T13:08:59.434 DEBUG --- [  MainThread] stevedore.extension        : found extension EntryPoint(name='configure_transparent_endpoint_injection', value='localstack_ext.plugins:configure_transparent_endpoint_injection', group='localstack.hooks.on_infra_start')
14:08:59.558 [docker-java-stream--850894416] DEBUG com.github.dockerjava.zerodep.shaded.org.apache.hc.client5.http.wire - http-outgoing-1 << "109[\r][\n]"
14:08:59.558 [docker-java-stream--850894416] DEBUG com.github.dockerjava.zerodep.shaded.org.apache.hc.client5.http.wire - http-outgoing-1 << "[0x1][0x0][0x0][0x0][0x0][0x0][0x1][0x1]2024-01-08T13:08:59.556 DEBUG --- [  MainThread] stevedore.extension        : found extension EntryPoint(name='register_launchpad_api', value='localstack_ext.bootstrap.pods.launchpad.plugins:register_launchpad_api', group='localstack.hooks.on_infra_start')[\n]"
14:08:59.558 [docker-java-stream--850894416] DEBUG com.github.dockerjava.zerodep.shaded.org.apache.hc.client5.http.wire - http-outgoing-1 << "[\r][\n]"
14:08:59.558 [main] DEBUG org.testcontainers.containers.output.WaitingConsumer - STDOUT: 2024-01-08T13:08:59.556 DEBUG --- [  MainThread] stevedore.extension        : found extension EntryPoint(name='register_launchpad_api', value='localstack_ext.bootstrap.pods.launchpad.plugins:register_launchpad_api', group='localstack.hooks.on_infra_start')
14:08:59.558 [docker-java-stream--850894416] DEBUG com.github.dockerjava.zerodep.shaded.org.apache.hc.client5.http.wire - http-outgoing-1 << "232[\r][\n]"
14:08:59.558 [docker-java-stream--850894416] DEBUG com.github.dockerjava.zerodep.shaded.org.apache.hc.client5.http.wire - http-outgoing-1 << "[0x1][0x0][0x0][0x0][0x0][0x0][0x1][0xf]2024-01-08T13:08:59.557 DEBUG --- [  MainThread] stevedore.extension        : found extension EntryPoint(name='register_pickle_patches_runtime', value='localstack_ext.persistence.pickling.plugins:register_pickle_patches_runtime', group='localstack.hooks.on_infra_start')[\n]"
14:08:59.558 [docker-java-stream--850894416] DEBUG com.github.dockerjava.zerodep.shaded.org.apache.hc.client5.http.wire - http-outgoing-1 << "[0x1][0x0][0x0][0x0][0x0][0x0][0x1][0x13]2024-01-08T13:08:59.557 DEBUG --- [  MainThread] stevedore.extension        : found extension EntryPoint(name='register_public_cloudpods_endpoints', value='localstack_ext.persistence.pods.plugins:register_public_cloudpods_endpoints', group='localstack.hooks.on_infra_start')[\n]"
14:08:59.558 [docker-java-stream--850894416] DEBUG com.github.dockerjava.zerodep.shaded.org.apache.hc.client5.http.wire - http-outgoing-1 << "[\r][\n]"
14:08:59.559 [docker-java-stream--850894416] DEBUG com.github.dockerjava.zerodep.shaded.org.apache.hc.client5.http.wire - http-outgoing-1 << "102[\r][\n]"
14:08:59.559 [docker-java-stream--850894416] DEBUG com.github.dockerjava.zerodep.shaded.org.apache.hc.client5.http.wire - http-outgoing-1 << "[0x1][0x0][0x0][0x0][0x0][0x0][0x0][0xfffffffa]2024-01-08T13:08:59.558 DEBUG --- [  MainThread] stevedore.extension        : found extension EntryPoint(name='register_remotes_pods_api', value='localstack_ext.persistence.plugins:register_remotes_pods_api', group='localstack.hooks.on_infra_start')[\n]"
14:08:59.559 [docker-java-stream--850894416] DEBUG com.github.dockerjava.zerodep.shaded.org.apache.hc.client5.http.wire - http-outgoing-1 << "[\r][\n]"
14:08:59.559 [docker-java-stream--850894416] DEBUG com.github.dockerjava.zerodep.shaded.org.apache.hc.client5.http.wire - http-outgoing-1 << "110[\r][\n]"
14:08:59.559 [docker-java-stream--850894416] DEBUG com.github.dockerjava.zerodep.shaded.org.apache.hc.client5.http.wire - http-outgoing-1 << "[0x1][0x0][0x0][0x0][0x0][0x0][0x1][0x8]2024-01-08T13:08:59.558 DEBUG --- [  MainThread] stevedore.extension        : found extension EntryPoint(name='register_reset_state_resource', value='localstack_ext.persistence.reset.plugins:register_reset_state_resource', group='localstack.hooks.on_infra_start')[\n]"
14:08:59.559 [docker-java-stream--850894416] DEBUG com.github.dockerjava.zerodep.shaded.org.apache.hc.client5.http.wire - http-outgoing-1 << "[\r][\n]"
14:08:59.560 [docker-java-stream--850894416] DEBUG com.github.dockerjava.zerodep.shaded.org.apache.hc.client5.http.wire - http-outgoing-1 << "219[\r][\n]"
14:08:59.560 [docker-java-stream--850894416] DEBUG com.github.dockerjava.zerodep.shaded.org.apache.hc.client5.http.wire - http-outgoing-1 << "[0x1][0x0][0x0][0x0][0x0][0x0][0x1][0x0]2024-01-08T13:08:59.558 DEBUG --- [  MainThread] stevedore.extension        : found extension EntryPoint(name='register_restricted_pods_api', value='localstack_ext.persistence.plugins:register_restricted_pods_api', group='localstack.hooks.on_infra_start')[\n]"
14:08:59.560 [docker-java-stream--850894416] DEBUG com.github.dockerjava.zerodep.shaded.org.apache.hc.client5.http.wire - http-outgoing-1 << "[0x1][0x0][0x0][0x0][0x0][0x0][0x1][0x9]2024-01-08T13:08:59.559 DEBUG --- [  MainThread] stevedore.extension        : found extension EntryPoint(name='register_state_load_strategy', value='localstack_ext.persistence.snapshot.plugins:register_state_load_strategy', group='localstack.hooks.on_infra_start')[\n]"
14:08:59.560 [docker-java-stream--850894416] DEBUG com.github.dockerjava.zerodep.shaded.org.apache.hc.client5.http.wire - http-outgoing-1 << "[\r][\n]"
14:08:59.568 [main] DEBUG org.testcontainers.containers.output.WaitingConsumer - STDOUT: 2024-01-08T13:08:59.559 DEBUG --- [  MainThread] stevedore.extension        : found extension EntryPoint(name='register_state_load_strategy', value='localstack_ext.persistence.snapshot.plugins:register_state_load_strategy', group='localstack.hooks.on_infra_start')
14:08:59.569 [main] DEBUG org.testcontainers.containers.output.WaitingConsumer - STDOUT: 2024-01-08T13:08:59.558 DEBUG --- [  MainThread] stevedore.extension        : found extension EntryPoint(name='register_restricted_pods_api', value='localstack_ext.persistence.plugins:register_restricted_pods_api', group='localstack.hooks.on_infra_start')
14:08:59.569 [main] DEBUG org.testcontainers.containers.output.WaitingConsumer - STDOUT: 2024-01-08T13:08:59.558 DEBUG --- [  MainThread] stevedore.extension        : found extension EntryPoint(name='register_reset_state_resource', value='localstack_ext.persistence.reset.plugins:register_reset_state_resource', group='localstack.hooks.on_infra_start')
14:08:59.569 [main] DEBUG org.testcontainers.containers.output.WaitingConsumer - STDOUT: 2024-01-08T13:08:59.558 DEBUG --- [  MainThread] stevedore.extension        : found extension EntryPoint(name='register_remotes_pods_api', value='localstack_ext.persistence.plugins:register_remotes_pods_api', group='localstack.hooks.on_infra_start')
14:08:59.569 [main] DEBUG org.testcontainers.containers.output.WaitingConsumer - STDOUT: 2024-01-08T13:08:59.557 DEBUG --- [  MainThread] stevedore.extension        : found extension EntryPoint(name='register_public_cloudpods_endpoints', value='localstack_ext.persistence.pods.plugins:register_public_cloudpods_endpoints', group='localstack.hooks.on_infra_start')
14:08:59.569 [main] DEBUG org.testcontainers.containers.output.WaitingConsumer - STDOUT: 2024-01-08T13:08:59.557 DEBUG --- [  MainThread] stevedore.extension        : found extension EntryPoint(name='register_pickle_patches_runtime', value='localstack_ext.persistence.pickling.plugins:register_pickle_patches_runtime', group='localstack.hooks.on_infra_start')
14:08:59.599 [docker-java-stream--850894416] DEBUG com.github.dockerjava.zerodep.shaded.org.apache.hc.client5.http.wire - http-outgoing-1 << "bf[\r][\n]"
14:08:59.600 [docker-java-stream--850894416] DEBUG com.github.dockerjava.zerodep.shaded.org.apache.hc.client5.http.wire - http-outgoing-1 << "[0x1][0x0][0x0][0x0][0x0][0x0][0x0][0xffffffb7]2024-01-08T13:08:59.598  WARN --- [  MainThread] l.services.internal        : Enabling diagnose endpoint, please be aware that this can expose sensitive information via your network.[\n]"
14:08:59.600 [docker-java-stream--850894416] DEBUG com.github.dockerjava.zerodep.shaded.org.apache.hc.client5.http.wire - http-outgoing-1 << "[\r][\n]"
14:08:59.600 [main] DEBUG org.testcontainers.containers.output.WaitingConsumer - STDOUT: 2024-01-08T13:08:59.598  WARN --- [  MainThread] l.services.internal        : Enabling diagnose endpoint, please be aware that this can expose sensitive information via your network.
14:08:59.601 [docker-java-stream--850894416] DEBUG com.github.dockerjava.zerodep.shaded.org.apache.hc.client5.http.wire - http-outgoing-1 << "6f2[\r][\n]"
14:08:59.602 [docker-java-stream--850894416] DEBUG com.github.dockerjava.zerodep.shaded.org.apache.hc.client5.http.wire - http-outgoing-1 << "[0x1][0x0][0x0][0x0][0x0][0x0][0x0][0xffffffff]2024-01-08T13:08:59.600 DEBUG --- [  MainThread] stevedore.extension        : found extension EntryPoint(name='register_state_resource', value='localstack_ext.persistence.snapshot.plugins:register_state_resource', group='localstack.hooks.on_infra_start')[\n]"
14:08:59.602 [docker-java-stream--850894416] DEBUG com.github.dockerjava.zerodep.shaded.org.apache.hc.client5.http.wire - http-outgoing-1 << "[0x1][0x0][0x0][0x0][0x0][0x0][0x1][0x9]2024-01-08T13:08:59.600 DEBUG --- [  MainThread] stevedore.extension        : found extension EntryPoint(name='register_state_save_strategy', value='localstack_ext.persistence.snapshot.plugins:register_state_save_strategy', group='localstack.hooks.on_infra_start')[\n]"
14:08:59.602 [docker-java-stream--850894416] DEBUG com.github.dockerjava.zerodep.shaded.org.apache.hc.client5.http.wire - http-outgoing-1 << "[0x1][0x0][0x0][0x0][0x0][0x0][0x0][0xffffffda]2024-01-08T13:08:59.600 DEBUG --- [  MainThread] stevedore.extension        : found extension EntryPoint(name='setup_pro_infra', value='localstack_ext.plugins:setup_pro_infra', group='localstack.hooks.on_infra_start')[\n]"
14:08:59.602 [docker-java-stream--850894416] DEBUG com.github.dockerjava.zerodep.shaded.org.apache.hc.client5.http.wire - http-outgoing-1 << "[0x1][0x0][0x0][0x0][0x0][0x0][0x0][0xfffffff1]2024-01-08T13:08:59.600 DEBUG --- [  MainThread] stevedore.extension        : found extension EntryPoint(name='_patch_botocore_json_parser', value='localstack.aws.client:_patch_botocore_json_parser', group='localstack.hooks.on_infra_start')[\n]"
14:08:59.602 [docker-java-stream--850894416] DEBUG com.github.dockerjava.zerodep.shaded.org.apache.hc.client5.http.wire - http-outgoing-1 << "[0x1][0x0][0x0][0x0][0x0][0x0][0x1][0x6]2024-01-08T13:08:59.600 DEBUG --- [  MainThread] stevedore.extension        : found extension EntryPoint(name='_publish_config_as_analytics_event', value='localstack.runtime.analytics:_publish_config_as_analytics_event', group='localstack.hooks.on_infra_start')[\n]"
14:08:59.602 [docker-java-stream--850894416] DEBUG com.github.dockerjava.zerodep.shaded.org.apache.hc.client5.http.wire - http-outgoing-1 << "[0x1][0x0][0x0][0x0][0x0][0x0][0x0][0xfffffff0]2024-01-08T13:08:59.600 DEBUG --- [  MainThread] stevedore.extension        : found extension EntryPoint(name='_publish_container_info', value='localstack.runtime.analytics:_publish_container_info', group='localstack.hooks.on_infra_start')[\n]"
14:08:59.602 [docker-java-stream--850894416] DEBUG com.github.dockerjava.zerodep.shaded.org.apache.hc.client5.http.wire - http-outgoing-1 << "[0x1][0x0][0x0][0x0][0x0][0x0][0x0][0xfffffff1]2024-01-08T13:08:59.600 DEBUG --- [  MainThread] stevedore.extension        : found extension EntryPoint(name='_run_init_scripts_on_start', value='localstack.runtime.init:_run_init_scripts_on_start', group='localstack.hooks.on_infra_start')[\n]"
14:08:59.602 [docker-java-stream--850894416] DEBUG com.github.dockerjava.zerodep.shaded.org.apache.hc.client5.http.wire - http-outgoing-1 << "[\r][\n]"
14:08:59.603 [docker-java-stream--850894416] DEBUG com.github.dockerjava.zerodep.shaded.org.apache.hc.client5.http.wire - http-outgoing-1 << "e8[\r][\n]"
14:08:59.603 [docker-java-stream--850894416] DEBUG com.github.dockerjava.zerodep.shaded.org.apache.hc.client5.http.wire - http-outgoing-1 << "[0x1][0x0][0x0][0x0][0x0][0x0][0x0][0xffffffe0]2024-01-08T13:08:59.602 DEBUG --- [  MainThread] stevedore.extension        : found extension EntryPoint(name='deprecation_warnings', value='localstack.plugins:deprecation_warnings', group='localstack.hooks.on_infra_start')[\n]"
14:08:59.603 [docker-java-stream--850894416] DEBUG com.github.dockerjava.zerodep.shaded.org.apache.hc.client5.http.wire - http-outgoing-1 << "[\r][\n]"
14:08:59.604 [docker-java-stream--850894416] DEBUG com.github.dockerjava.zerodep.shaded.org.apache.hc.client5.http.wire - http-outgoing-1 << "116[\r][\n]"
14:08:59.604 [docker-java-stream--850894416] DEBUG com.github.dockerjava.zerodep.shaded.org.apache.hc.client5.http.wire - http-outgoing-1 << "[0x1][0x0][0x0][0x0][0x0][0x0][0x1][0xe]2024-01-08T13:08:59.602 DEBUG --- [  MainThread] stevedore.extension        : found extension EntryPoint(name='register_partition_adjusting_proxy_listener', value='localstack.plugins:register_partition_adjusting_proxy_listener', group='localstack.hooks.on_infra_start')[\n]"
14:08:59.604 [docker-java-stream--850894416] DEBUG com.github.dockerjava.zerodep.shaded.org.apache.hc.client5.http.wire - http-outgoing-1 << "[\r][\n]"
14:08:59.604 [docker-java-stream--850894416] DEBUG com.github.dockerjava.zerodep.shaded.org.apache.hc.client5.http.wire - http-outgoing-1 << "102[\r][\n]"
14:08:59.604 [docker-java-stream--850894416] DEBUG com.github.dockerjava.zerodep.shaded.org.apache.hc.client5.http.wire - http-outgoing-1 << "[0x1][0x0][0x0][0x0][0x0][0x0][0x0][0xfffffffa]2024-01-08T13:08:59.603 DEBUG --- [  MainThread] stevedore.extension        : found extension EntryPoint(name='setup_dns_configuration_on_host', value='localstack.dns.plugins:setup_dns_configuration_on_host', group='localstack.hooks.on_infra_start')[\n]"
14:08:59.604 [docker-java-stream--850894416] DEBUG com.github.dockerjava.zerodep.shaded.org.apache.hc.client5.http.wire - http-outgoing-1 << "[\r][\n]"
14:08:59.605 [docker-java-stream--850894416] DEBUG com.github.dockerjava.zerodep.shaded.org.apache.hc.client5.http.wire - http-outgoing-1 << "e4[\r][\n]"
14:08:59.605 [docker-java-stream--850894416] DEBUG com.github.dockerjava.zerodep.shaded.org.apache.hc.client5.http.wire - http-outgoing-1 << "[0x1][0x0][0x0][0x0][0x0][0x0][0x0][0xffffffdc]2024-01-08T13:08:59.604 DEBUG --- [  MainThread] stevedore.extension        : found extension EntryPoint(name='start_dns_server', value='localstack.dns.plugins:start_dns_server', group='localstack.hooks.on_infra_start')[\n]"
14:08:59.605 [docker-java-stream--850894416] DEBUG com.github.dockerjava.zerodep.shaded.org.apache.hc.client5.http.wire - http-outgoing-1 << "[\r][\n]"
14:08:59.606 [docker-java-stream--850894416] DEBUG com.github.dockerjava.zerodep.shaded.org.apache.hc.client5.http.wire - http-outgoing-1 << "fd[\r][\n]"
14:08:59.606 [docker-java-stream--850894416] DEBUG com.github.dockerjava.zerodep.shaded.org.apache.hc.client5.http.wire - http-outgoing-1 << "[0x1][0x0][0x0][0x0][0x0][0x0][0x0][0xfffffff5]2024-01-08T13:08:59.604 DEBUG --- [  MainThread] stevedore.extension        : found extension EntryPoint(name='validate_configuration', value='localstack.services.lambda_.plugins:validate_configuration', group='localstack.hooks.on_infra_start')[\n]"
14:08:59.606 [docker-java-stream--850894416] DEBUG com.github.dockerjava.zerodep.shaded.org.apache.hc.client5.http.wire - http-outgoing-1 << "[\r][\n]"
14:08:59.610 [docker-java-stream--850894416] DEBUG com.github.dockerjava.zerodep.shaded.org.apache.hc.client5.http.wire - http-outgoing-1 << "a55[\r][\n]"
14:08:59.611 [docker-java-stream--850894416] DEBUG com.github.dockerjava.zerodep.shaded.org.apache.hc.client5.http.wire - http-outgoing-1 << "[0x1][0x0][0x0][0x0][0x0][0x0][0x0][0xffffffdc]2024-01-08T13:08:59.608 DEBUG --- [  MainThread] plugin.manager             : instantiating plugin PluginSpec(localstack.hooks.on_infra_start.add_aws_request_logger = <function add_aws_request_logger at 0x7f9174a6e660>)[\n]"
14:08:59.611 [docker-java-stream--850894416] DEBUG com.github.dockerjava.zerodep.shaded.org.apache.hc.client5.http.wire - http-outgoing-1 << "[0x1][0x0][0x0][0x0][0x0][0x0][0x0][0xffffff94]2024-01-08T13:08:59.608 DEBUG --- [  MainThread] plugin.manager             : loading plugin localstack.hooks.on_infra_start:add_aws_request_logger[\n]"
14:08:59.611 [docker-java-stream--850894416] DEBUG com.github.dockerjava.zerodep.shaded.org.apache.hc.client5.http.wire - http-outgoing-1 << "[0x1][0x0][0x0][0x0][0x0][0x0][0x0][0xffffffdc]2024-01-08T13:08:59.608 DEBUG --- [  MainThread] plugin.manager             : instantiating plugin PluginSpec(localstack.hooks.on_infra_start.add_custom_edge_routes = <function add_custom_edge_routes at 0x7f9174ad8900>)[\n]"
14:08:59.611 [docker-java-stream--850894416] DEBUG com.github.dockerjava.zerodep.shaded.org.apache.hc.client5.http.wire - http-outgoing-1 << "[0x1][0x0][0x0][0x0][0x0][0x0][0x0][0xffffff94]2024-01-08T13:08:59.608 DEBUG --- [  MainThread] plugin.manager             : loading plugin localstack.hooks.on_infra_start:add_custom_edge_routes[\n]"
14:08:59.611 [docker-java-stream--850894416] DEBUG com.github.dockerjava.zerodep.shaded.org.apache.hc.client5.http.wire - http-outgoing-1 << "[0x1][0x0][0x0][0x0][0x0][0x0][0x1][0x0]2024-01-08T13:08:59.608 DEBUG --- [  MainThread] plugin.manager             : instantiating plugin PluginSpec(localstack.hooks.on_infra_start.configure_transparent_endpoint_injection = <function configure_transparent_endpoint_injection at 0x7f9174ad9300>)[\n]"
14:08:59.611 [docker-java-stream--850894416] DEBUG com.github.dockerjava.zerodep.shaded.org.apache.hc.client5.http.wire - http-outgoing-1 << "[0x1][0x0][0x0][0x0][0x0][0x0][0x0][0xffffffa6]2024-01-08T13:08:59.608 DEBUG --- [  MainThread] plugin.manager             : loading plugin localstack.hooks.on_infra_start:configure_transparent_endpoint_injection[\n]"
14:08:59.611 [docker-java-stream--850894416] DEBUG com.github.dockerjava.zerodep.shaded.org.apache.hc.client5.http.wire - http-outgoing-1 << "[0x1][0x0][0x0][0x0][0x0][0x0][0x0][0xffffffe0]2024-01-08T13:08:59.609 DEBUG --- [  MainThread] plugin.manager             : instantiating plugin PluginSpec(localstack.hooks.on_infra_start.deprecation_warnings_pro = <function deprecation_warnings_pro at 0x7f9174ad91c0>)[\n]"
14:08:59.611 [docker-java-stream--850894416] DEBUG com.github.dockerjava.zerodep.shaded.org.apache.hc.client5.http.wire - http-outgoing-1 << "[0x1][0x0][0x0][0x0][0x0][0x0][0x0][0xffffff96]2024-01-08T13:08:59.609 DEBUG --- [  MainThread] plugin.manager             : loading plugin localstack.hooks.on_infra_start:deprecation_warnings_pro[\n]"
14:08:59.611 [docker-java-stream--850894416] DEBUG com.github.dockerjava.zerodep.shaded.org.apache.hc.client5.http.wire - http-outgoing-1 << "[0x1][0x0][0x0][0x0][0x0][0x0][0x0][0xffffffe2]2024-01-08T13:08:59.609 DEBUG --- [  MainThread] plugin.manager             : instantiating plugin PluginSpec(localstack.hooks.on_infra_start.extensions_on_infra_start = <function extensions_on_infra_start at 0x7f9174ad94e0>)[\n]"
14:08:59.611 [docker-java-stream--850894416] DEBUG com.github.dockerjava.zerodep.shaded.org.apache.hc.client5.http.wire - http-outgoing-1 << "[0x1][0x0][0x0][0x0][0x0][0x0][0x0][0xffffff97]2024-01-08T13:08:59.609 DEBUG --- [  MainThread] plugin.manager             : loading plugin localstack.hooks.on_infra_start:extensions_on_infra_start[\n]"
14:08:59.611 [docker-java-stream--850894416] DEBUG com.github.dockerjava.zerodep.shaded.org.apache.hc.client5.http.wire - http-outgoing-1 << "[0x1][0x0][0x0][0x0][0x0][0x0][0x0][0xffffffdc]2024-01-08T13:08:59.609 DEBUG --- [  MainThread] plugin.manager             : instantiating plugin PluginSpec(localstack.hooks.on_infra_start.init_stackinfo_handler = <function init_stackinfo_handler at 0x7f9174ada020>)[\n]"
14:08:59.611 [docker-java-stream--850894416] DEBUG com.github.dockerjava.zerodep.shaded.org.apache.hc.client5.http.wire - http-outgoing-1 << "[0x1][0x0][0x0][0x0][0x0][0x0][0x0][0xffffff94]2024-01-08T13:08:59.609 DEBUG --- [  MainThread] plugin.manager             : loading plugin localstack.hooks.on_infra_start:init_stackinfo_handler[\n]"
14:08:59.611 [docker-java-stream--850894416] DEBUG com.github.dockerjava.zerodep.shaded.org.apache.hc.client5.http.wire - http-outgoing-1 << "[0x1][0x0][0x0][0x0][0x0][0x0][0x1][0x8]2024-01-08T13:08:59.609 DEBUG --- [  MainThread] plugin.manager             : instantiating plugin PluginSpec(localstack.hooks.on_infra_start.platform_plugins_add_service_plugin_listener = <function platform_plugins_add_service_plugin_listener at 0x7f9174adbe20>)[\n]"
14:08:59.611 [docker-java-stream--850894416] DEBUG com.github.dockerjava.zerodep.shaded.org.apache.hc.client5.http.wire - http-outgoing-1 << "[\r][\n]"
14:08:59.611 [main] DEBUG org.testcontainers.containers.output.WaitingConsumer - STDOUT: 2024-01-08T13:08:59.604 DEBUG --- [  MainThread] stevedore.extension        : found extension EntryPoint(name='validate_configuration', value='localstack.services.lambda_.plugins:validate_configuration', group='localstack.hooks.on_infra_start')
14:08:59.611 [main] DEBUG org.testcontainers.containers.output.WaitingConsumer - STDOUT: 2024-01-08T13:08:59.609 DEBUG --- [  MainThread] plugin.manager             : instantiating plugin PluginSpec(localstack.hooks.on_infra_start.deprecation_warnings_pro = <function deprecation_warnings_pro at 0x7f9174ad91c0>)
14:08:59.611 [main] DEBUG org.testcontainers.containers.output.WaitingConsumer - STDOUT: 2024-01-08T13:08:59.609 DEBUG --- [  MainThread] plugin.manager             : instantiating plugin PluginSpec(localstack.hooks.on_infra_start.platform_plugins_add_service_plugin_listener = <function platform_plugins_add_service_plugin_listener at 0x7f9174adbe20>)
14:08:59.611 [docker-java-stream--850894416] DEBUG com.github.dockerjava.zerodep.shaded.org.apache.hc.client5.http.wire - http-outgoing-1 << "b2[\r][\n]"
14:08:59.611 [docker-java-stream--850894416] DEBUG com.github.dockerjava.zerodep.shaded.org.apache.hc.client5.http.wire - http-outgoing-1 << "[0x1][0x0][0x0][0x0][0x0][0x0][0x0][0xffffffaa]2024-01-08T13:08:59.609 DEBUG --- [  MainThread] plugin.manager             : loading plugin localstack.hooks.on_infra_start:platform_plugins_add_service_plugin_listener[\n]"
14:08:59.611 [docker-java-stream--850894416] DEBUG com.github.dockerjava.zerodep.shaded.org.apache.hc.client5.http.wire - http-outgoing-1 << "[\r][\n]"
14:08:59.611 [main] DEBUG org.testcontainers.containers.output.WaitingConsumer - STDOUT: 2024-01-08T13:08:59.609 DEBUG --- [  MainThread] plugin.manager             : loading plugin localstack.hooks.on_infra_start:init_stackinfo_handler
14:08:59.611 [main] DEBUG org.testcontainers.containers.output.WaitingConsumer - STDOUT: 2024-01-08T13:08:59.609 DEBUG --- [  MainThread] plugin.manager             : loading plugin localstack.hooks.on_infra_start:platform_plugins_add_service_plugin_listener
14:08:59.611 [docker-java-stream--850894416] DEBUG com.github.dockerjava.zerodep.shaded.org.apache.hc.client5.http.wire - http-outgoing-1 << "281[\r][\n]"
14:08:59.611 [docker-java-stream--850894416] DEBUG com.github.dockerjava.zerodep.shaded.org.apache.hc.client5.http.wire - http-outgoing-1 << "[0x1][0x0][0x0][0x0][0x0][0x0][0x0][0xffffffee]2024-01-08T13:08:59.609 DEBUG --- [  MainThread] plugin.manager             : instantiating plugin PluginSpec(localstack.hooks.on_infra_start.platform_plugins_on_infra_start = <function platform_plugins_on_infra_start at 0x7f9174adbf60>)[\n]"
14:08:59.611 [docker-java-stream--850894416] DEBUG com.github.dockerjava.zerodep.shaded.org.apache.hc.client5.http.wire - http-outgoing-1 << "[0x1][0x0][0x0][0x0][0x0][0x0][0x0][0xffffff9d]2024-01-08T13:08:59.610 DEBUG --- [  MainThread] plugin.manager             : loading plugin localstack.hooks.on_infra_start:platform_plugins_on_infra_start[\n]"
14:08:59.611 [docker-java-stream--850894416] DEBUG com.github.dockerjava.zerodep.shaded.org.apache.hc.client5.http.wire - http-outgoing-1 << "[0x1][0x0][0x0][0x0][0x0][0x0][0x0][0xffffffde]2024-01-08T13:08:59.610 DEBUG --- [  MainThread] plugin.manager             : instantiating plugin PluginSpec(localstack.hooks.on_infra_start.register_ci_run_manager = <function register_ci_run_manager at 0x7f91748093a0>)[\n]"
14:08:59.611 [docker-java-stream--850894416] DEBUG com.github.dockerjava.zerodep.shaded.org.apache.hc.client5.http.wire - http-outgoing-1 << "[\r][\n]"
14:08:59.611 [main] DEBUG org.testcontainers.containers.output.WaitingConsumer - STDOUT: 2024-01-08T13:08:59.609 DEBUG --- [  MainThread] plugin.manager             : instantiating plugin PluginSpec(localstack.hooks.on_infra_start.init_stackinfo_handler = <function init_stackinfo_handler at 0x7f9174ada020>)
14:08:59.612 [main] DEBUG org.testcontainers.containers.output.WaitingConsumer - STDOUT: 2024-01-08T13:08:59.610 DEBUG --- [  MainThread] plugin.manager             : loading plugin localstack.hooks.on_infra_start:platform_plugins_on_infra_start
14:08:59.612 [docker-java-stream--850894416] DEBUG com.github.dockerjava.zerodep.shaded.org.apache.hc.client5.http.wire - http-outgoing-1 << "55f[\r][\n]"
14:08:59.612 [docker-java-stream--850894416] DEBUG com.github.dockerjava.zerodep.shaded.org.apache.hc.client5.http.wire - http-outgoing-1 << "[0x1][0x0][0x0][0x0][0x0][0x0][0x0][0xffffff95]2024-01-08T13:08:59.610 DEBUG --- [  MainThread] plugin.manager             : loading plugin localstack.hooks.on_infra_start:register_ci_run_manager[\n]"
14:08:59.612 [docker-java-stream--850894416] DEBUG com.github.dockerjava.zerodep.shaded.org.apache.hc.client5.http.wire - http-outgoing-1 << "[0x1][0x0][0x0][0x0][0x0][0x0][0x0][0xffffffdc]2024-01-08T13:08:59.610 DEBUG --- [  MainThread] plugin.manager             : instantiating plugin PluginSpec(localstack.hooks.on_infra_start.register_launchpad_api = <function register_launchpad_api at 0x7f91748099e0>)[\n]"
14:08:59.612 [docker-java-stream--850894416] DEBUG com.github.dockerjava.zerodep.shaded.org.apache.hc.client5.http.wire - http-outgoing-1 << "[0x1][0x0][0x0][0x0][0x0][0x0][0x0][0xffffff94]2024-01-08T13:08:59.610 DEBUG --- [  MainThread] plugin.manager             : loading plugin localstack.hooks.on_infra_start:register_launchpad_api[\n]"
14:08:59.612 [docker-java-stream--850894416] DEBUG com.github.dockerjava.zerodep.shaded.org.apache.hc.client5.http.wire - http-outgoing-1 << "[0x1][0x0][0x0][0x0][0x0][0x0][0x0][0xffffffee]2024-01-08T13:08:59.610 DEBUG --- [  MainThread] plugin.manager             : instantiating plugin PluginSpec(localstack.hooks.on_infra_start.register_pickle_patches_runtime = <function register_pickle_patches_runtime at 0x7f9174809d00>)[\n]"
14:08:59.612 [docker-java-stream--850894416] DEBUG com.github.dockerjava.zerodep.shaded.org.apache.hc.client5.http.wire - http-outgoing-1 << "[0x1][0x0][0x0][0x0][0x0][0x0][0x0][0xffffff9d]2024-01-08T13:08:59.610 DEBUG --- [  MainThread] plugin.manager             : loading plugin localstack.hooks.on_infra_start:register_pickle_patches_runtime[\n]"
14:08:59.612 [main] DEBUG org.testcontainers.containers.output.WaitingConsumer - STDOUT: 2024-01-08T13:08:59.610 DEBUG --- [  MainThread] plugin.manager             : instantiating plugin PluginSpec(localstack.hooks.on_infra_start.register_ci_run_manager = <function register_ci_run_manager at 0x7f91748093a0>)
14:08:59.612 [docker-java-stream--850894416] DEBUG com.github.dockerjava.zerodep.shaded.org.apache.hc.client5.http.wire - http-outgoing-1 << "[0x1][0x0][0x0][0x0][0x0][0x0][0x0][0xfffffff6]2024-01-08T13:08:59.610 DEBUG --- [  MainThread] plugin.manager             : instantiating plugin PluginSpec(localstack.hooks.on_infra_start.register_public_cloudpods_endpoints = <function register_public_cloudpods_endpoints at 0x7f917480a020>)[\n]"
14:08:59.612 [docker-java-stream--850894416] DEBUG com.github.dockerjava.zerodep.shaded.org.apache.hc.client5.http.wire - http-outgoing-1 << "[0x1][0x0][0x0][0x0][0x0][0x0][0x0][0xffffffa1]2024-01-08T13:08:59.610 DEBUG --- [  MainThread] plugin.manager             : loading plugin localstack.hooks.on_infra_start:register_public_cloudpods_endpoints[\n]"
14:08:59.612 [docker-java-stream--850894416] DEBUG com.github.dockerjava.zerodep.shaded.org.apache.hc.client5.http.wire - http-outgoing-1 << "[\r][\n]"
14:08:59.612 [main] DEBUG org.testcontainers.containers.output.WaitingConsumer - STDOUT: 2024-01-08T13:08:59.610 DEBUG --- [  MainThread] plugin.manager             : instantiating plugin PluginSpec(localstack.hooks.on_infra_start.register_launchpad_api = <function register_launchpad_api at 0x7f91748099e0>)
14:08:59.612 [main] DEBUG org.testcontainers.containers.output.WaitingConsumer - STDOUT: 2024-01-08T13:08:59.610 DEBUG --- [  MainThread] plugin.manager             : loading plugin localstack.hooks.on_infra_start:register_public_cloudpods_endpoints
14:08:59.612 [docker-java-stream--850894416] DEBUG com.github.dockerjava.zerodep.shaded.org.apache.hc.client5.http.wire - http-outgoing-1 << "72c[\r][\n]"
14:08:59.612 [docker-java-stream--850894416] DEBUG com.github.dockerjava.zerodep.shaded.org.apache.hc.client5.http.wire - http-outgoing-1 << "[0x1][0x0][0x0][0x0][0x0][0x0][0x0][0xffffffe2]2024-01-08T13:08:59.610 DEBUG --- [  MainThread] plugin.manager             : instantiating plugin PluginSpec(localstack.hooks.on_infra_start.register_remotes_pods_api = <function register_remotes_pods_api at 0x7f9174809260>)[\n]"
14:08:59.612 [docker-java-stream--850894416] DEBUG com.github.dockerjava.zerodep.shaded.org.apache.hc.client5.http.wire - http-outgoing-1 << "[0x1][0x0][0x0][0x0][0x0][0x0][0x0][0xffffff97]2024-01-08T13:08:59.610 DEBUG --- [  MainThread] plugin.manager             : loading plugin localstack.hooks.on_infra_start:register_remotes_pods_api[\n]"
14:08:59.612 [docker-java-stream--850894416] DEBUG com.github.dockerjava.zerodep.shaded.org.apache.hc.client5.http.wire - http-outgoing-1 << "[0x1][0x0][0x0][0x0][0x0][0x0][0x0][0xffffffea]2024-01-08T13:08:59.610 DEBUG --- [  MainThread] plugin.manager             : instantiating plugin PluginSpec(localstack.hooks.on_infra_start.register_reset_state_resource = <function register_reset_state_resource at 0x7f917480a3e0>)[\n]"
14:08:59.612 [docker-java-stream--850894416] DEBUG com.github.dockerjava.zerodep.shaded.org.apache.hc.client5.http.wire - http-outgoing-1 << "[0x1][0x0][0x0][0x0][0x0][0x0][0x0][0xffffff9b]2024-01-08T13:08:59.610 DEBUG --- [  MainThread] plugin.manager             : loading plugin localstack.hooks.on_infra_start:register_reset_state_resource[\n]"
14:08:59.612 [main] DEBUG org.testcontainers.containers.output.WaitingConsumer - STDOUT: 2024-01-08T13:08:59.610 DEBUG --- [  MainThread] plugin.manager             : instantiating plugin PluginSpec(localstack.hooks.on_infra_start.register_public_cloudpods_endpoints = <function register_public_cloudpods_endpoints at 0x7f917480a020>)
14:08:59.612 [docker-java-stream--850894416] DEBUG com.github.dockerjava.zerodep.shaded.org.apache.hc.client5.http.wire - http-outgoing-1 << "[0x1][0x0][0x0][0x0][0x0][0x0][0x0][0xffffffe8]2024-01-08T13:08:59.610 DEBUG --- [  MainThread] plugin.manager             : instantiating plugin PluginSpec(localstack.hooks.on_infra_start.register_restricted_pods_api = <function register_restricted_pods_api at 0x7f9174809120>)[\n]"
14:08:59.612 [docker-java-stream--850894416] DEBUG com.github.dockerjava.zerodep.shaded.org.apache.hc.client5.http.wire - http-outgoing-1 << "[0x1][0x0][0x0][0x0][0x0][0x0][0x0][0xffffff9a]2024-01-08T13:08:59.610 DEBUG --- [  MainThread] plugin.manager             : loading plugin localstack.hooks.on_infra_start:register_restricted_pods_api[\n]"
14:08:59.612 [docker-java-stream--850894416] DEBUG com.github.dockerjava.zerodep.shaded.org.apache.hc.client5.http.wire - http-outgoing-1 << "[0x1][0x0][0x0][0x0][0x0][0x0][0x0][0xffffffe8]2024-01-08T13:08:59.611 DEBUG --- [  MainThread] plugin.manager             : instantiating plugin PluginSpec(localstack.hooks.on_infra_start.register_state_load_strategy = <function register_state_load_strategy at 0x7f91745c6020>)[\n]"
14:08:59.612 [docker-java-stream--850894416] DEBUG com.github.dockerjava.zerodep.shaded.org.apache.hc.client5.http.wire - http-outgoing-1 << "[0x1][0x0][0x0][0x0][0x0][0x0][0x0][0xffffff9e]2024-01-08T13:08:59.611 DEBUG --- [  MainThread] plugin.manager             : plugin localstack.hooks.on_infra_start:register_state_load_strategy is disabled[\n]"
14:08:59.612 [docker-java-stream--850894416] DEBUG com.github.dockerjava.zerodep.shaded.org.apache.hc.client5.http.wire - http-outgoing-1 << "[0x1][0x0][0x0][0x0][0x0][0x0][0x0][0xffffffde]2024-01-08T13:08:59.611 DEBUG --- [  MainThread] plugin.manager             : instantiating plugin PluginSpec(localstack.hooks.on_infra_start.register_state_resource = <function register_state_resource at 0x7f91745c5ee0>)[\n]"
14:08:59.612 [docker-java-stream--850894416] DEBUG com.github.dockerjava.zerodep.shaded.org.apache.hc.client5.http.wire - http-outgoing-1 << "[\r][\n]"
14:08:59.612 [main] DEBUG org.testcontainers.containers.output.WaitingConsumer - STDOUT: 2024-01-08T13:08:59.610 DEBUG --- [  MainThread] plugin.manager             : loading plugin localstack.hooks.on_infra_start:register_remotes_pods_api
14:08:59.612 [main] DEBUG org.testcontainers.containers.output.WaitingConsumer - STDOUT: 2024-01-08T13:08:59.611 DEBUG --- [  MainThread] plugin.manager             : plugin localstack.hooks.on_infra_start:register_state_load_strategy is disabled
14:08:59.613 [main] DEBUG org.testcontainers.containers.output.WaitingConsumer - STDOUT: 2024-01-08T13:08:59.611 DEBUG --- [  MainThread] plugin.manager             : instantiating plugin PluginSpec(localstack.hooks.on_infra_start.register_state_resource = <function register_state_resource at 0x7f91745c5ee0>)
14:08:59.613 [main] DEBUG org.testcontainers.containers.output.WaitingConsumer - STDOUT: 2024-01-08T13:08:59.611 DEBUG --- [  MainThread] plugin.manager             : instantiating plugin PluginSpec(localstack.hooks.on_infra_start.register_state_load_strategy = <function register_state_load_strategy at 0x7f91745c6020>)
14:08:59.613 [main] DEBUG org.testcontainers.containers.output.WaitingConsumer - STDOUT: 2024-01-08T13:08:59.610 DEBUG --- [  MainThread] plugin.manager             : loading plugin localstack.hooks.on_infra_start:register_restricted_pods_api
14:08:59.613 [main] DEBUG org.testcontainers.containers.output.WaitingConsumer - STDOUT: 2024-01-08T13:08:59.610 DEBUG --- [  MainThread] plugin.manager             : instantiating plugin PluginSpec(localstack.hooks.on_infra_start.register_restricted_pods_api = <function register_restricted_pods_api at 0x7f9174809120>)
14:08:59.613 [main] DEBUG org.testcontainers.containers.output.WaitingConsumer - STDOUT: 2024-01-08T13:08:59.610 DEBUG --- [  MainThread] plugin.manager             : loading plugin localstack.hooks.on_infra_start:register_reset_state_resource
14:08:59.613 [main] DEBUG org.testcontainers.containers.output.WaitingConsumer - STDOUT: 2024-01-08T13:08:59.610 DEBUG --- [  MainThread] plugin.manager             : instantiating plugin PluginSpec(localstack.hooks.on_infra_start.register_reset_state_resource = <function register_reset_state_resource at 0x7f917480a3e0>)
14:08:59.613 [main] DEBUG org.testcontainers.containers.output.WaitingConsumer - STDOUT: 2024-01-08T13:08:59.610 DEBUG --- [  MainThread] plugin.manager             : instantiating plugin PluginSpec(localstack.hooks.on_infra_start.register_remotes_pods_api = <function register_remotes_pods_api at 0x7f9174809260>)
14:08:59.613 [main] DEBUG org.testcontainers.containers.output.WaitingConsumer - STDOUT: 2024-01-08T13:08:59.610 DEBUG --- [  MainThread] plugin.manager             : loading plugin localstack.hooks.on_infra_start:register_pickle_patches_runtime
14:08:59.613 [main] DEBUG org.testcontainers.containers.output.WaitingConsumer - STDOUT: 2024-01-08T13:08:59.610 DEBUG --- [  MainThread] plugin.manager             : instantiating plugin PluginSpec(localstack.hooks.on_infra_start.register_pickle_patches_runtime = <function register_pickle_patches_runtime at 0x7f9174809d00>)
14:08:59.614 [main] DEBUG org.testcontainers.containers.output.WaitingConsumer - STDOUT: 2024-01-08T13:08:59.610 DEBUG --- [  MainThread] plugin.manager             : loading plugin localstack.hooks.on_infra_start:register_launchpad_api
14:08:59.614 [main] DEBUG org.testcontainers.containers.output.WaitingConsumer - STDOUT: 2024-01-08T13:08:59.610 DEBUG --- [  MainThread] plugin.manager             : loading plugin localstack.hooks.on_infra_start:register_ci_run_manager
14:08:59.614 [docker-java-stream--850894416] DEBUG com.github.dockerjava.zerodep.shaded.org.apache.hc.client5.http.wire - http-outgoing-1 << "11aa[\r][\n]"
14:08:59.614 [docker-java-stream--850894416] DEBUG com.github.dockerjava.zerodep.shaded.org.apache.hc.client5.http.wire - http-outgoing-1 << "[0x1][0x0][0x0][0x0][0x0][0x0][0x0][0xffffff99]2024-01-08T13:08:59.611 DEBUG --- [  MainThread] plugin.manager             : plugin localstack.hooks.on_infra_start:register_state_resource is disabled[\n]"
14:08:59.614 [main] DEBUG org.testcontainers.containers.output.WaitingConsumer - STDOUT: 2024-01-08T13:08:59.609 DEBUG --- [  MainThread] plugin.manager             : instantiating plugin PluginSpec(localstack.hooks.on_infra_start.platform_plugins_on_infra_start = <function platform_plugins_on_infra_start at 0x7f9174adbf60>)
14:08:59.614 [docker-java-stream--850894416] DEBUG com.github.dockerjava.zerodep.shaded.org.apache.hc.client5.http.wire - http-outgoing-1 << "[0x1][0x0][0x0][0x0][0x0][0x0][0x0][0xffffffe8]2024-01-08T13:08:59.611 DEBUG --- [  MainThread] plugin.manager             : instantiating plugin PluginSpec(localstack.hooks.on_infra_start.register_state_save_strategy = <function register_state_save_strategy at 0x7f91745c62a0>)[\n]"
14:08:59.614 [docker-java-stream--850894416] DEBUG com.github.dockerjava.zerodep.shaded.org.apache.hc.client5.http.wire - http-outgoing-1 << "[0x1][0x0][0x0][0x0][0x0][0x0][0x0][0xffffff9e]2024-01-08T13:08:59.611 DEBUG --- [  MainThread] plugin.manager             : plugin localstack.hooks.on_infra_start:register_state_save_strategy is disabled[\n]"
14:08:59.614 [docker-java-stream--850894416] DEBUG com.github.dockerjava.zerodep.shaded.org.apache.hc.client5.http.wire - http-outgoing-1 << "[0x1][0x0][0x0][0x0][0x0][0x0][0x0][0xffffffce]2024-01-08T13:08:59.611 DEBUG --- [  MainThread] plugin.manager             : instantiating plugin PluginSpec(localstack.hooks.on_infra_start.setup_pro_infra = <function setup_pro_infra at 0x7f9174ad8e00>)[\n]"
14:08:59.614 [docker-java-stream--850894416] DEBUG com.github.dockerjava.zerodep.shaded.org.apache.hc.client5.http.wire - http-outgoing-1 << "[0x1][0x0][0x0][0x0][0x0][0x0][0x0][0xffffff8d]2024-01-08T13:08:59.611 DEBUG --- [  MainThread] plugin.manager             : loading plugin localstack.hooks.on_infra_start:setup_pro_infra[\n]"
14:08:59.614 [docker-java-stream--850894416] DEBUG com.github.dockerjava.zerodep.shaded.org.apache.hc.client5.http.wire - http-outgoing-1 << "[0x1][0x0][0x0][0x0][0x0][0x0][0x0][0xffffffe6]2024-01-08T13:08:59.611 DEBUG --- [  MainThread] plugin.manager             : instantiating plugin PluginSpec(localstack.hooks.on_infra_start._patch_botocore_json_parser = <function _patch_botocore_json_parser at 0x7f917480b600>)[\n]"
14:08:59.614 [docker-java-stream--850894416] DEBUG com.github.dockerjava.zerodep.shaded.org.apache.hc.client5.http.wire - http-outgoing-1 << "[0x1][0x0][0x0][0x0][0x0][0x0][0x0][0xffffff99]2024-01-08T13:08:59.611 DEBUG --- [  MainThread] plugin.manager             : loading plugin localstack.hooks.on_infra_start:_patch_botocore_json_parser[\n]"
14:08:59.614 [main] DEBUG org.testcontainers.containers.output.WaitingConsumer - STDOUT: 2024-01-08T13:08:59.609 DEBUG --- [  MainThread] plugin.manager             : loading plugin localstack.hooks.on_infra_start:extensions_on_infra_start
14:08:59.614 [docker-java-stream--850894416] DEBUG com.github.dockerjava.zerodep.shaded.org.apache.hc.client5.http.wire - http-outgoing-1 << "[0x1][0x0][0x0][0x0][0x0][0x0][0x0][0xfffffff4]2024-01-08T13:08:59.612 DEBUG --- [  MainThread] plugin.manager             : instantiating plugin PluginSpec(localstack.hooks.on_infra_start._publish_config_as_analytics_event = <function _publish_config_as_analytics_event at 0x7f91745c63e0>)[\n]"
14:08:59.614 [docker-java-stream--850894416] DEBUG com.github.dockerjava.zerodep.shaded.org.apache.hc.client5.http.wire - http-outgoing-1 << "[0x1][0x0][0x0][0x0][0x0][0x0][0x0][0xffffffa0]2024-01-08T13:08:59.612 DEBUG --- [  MainThread] plugin.manager             : loading plugin localstack.hooks.on_infra_start:_publish_config_as_analytics_event[\n]"
14:08:59.614 [docker-java-stream--850894416] DEBUG com.github.dockerjava.zerodep.shaded.org.apache.hc.client5.http.wire - http-outgoing-1 << "[0x1][0x0][0x0][0x0][0x0][0x0][0x0][0xffffffde]2024-01-08T13:08:59.612 DEBUG --- [  MainThread] plugin.manager             : instantiating plugin PluginSpec(localstack.hooks.on_infra_start._publish_container_info = <function _publish_container_info at 0x7f91745c6700>)[\n]"
14:08:59.614 [docker-java-stream--850894416] DEBUG com.github.dockerjava.zerodep.shaded.org.apache.hc.client5.http.wire - http-outgoing-1 << "[0x1][0x0][0x0][0x0][0x0][0x0][0x0][0xffffff95]2024-01-08T13:08:59.612 DEBUG --- [  MainThread] plugin.manager             : loading plugin localstack.hooks.on_infra_start:_publish_container_info[\n]"
14:08:59.614 [main] DEBUG org.testcontainers.containers.output.WaitingConsumer - STDOUT: 2024-01-08T13:08:59.609 DEBUG --- [  MainThread] plugin.manager             : instantiating plugin PluginSpec(localstack.hooks.on_infra_start.extensions_on_infra_start = <function extensions_on_infra_start at 0x7f9174ad94e0>)
14:08:59.614 [docker-java-stream--850894416] DEBUG com.github.dockerjava.zerodep.shaded.org.apache.hc.client5.http.wire - http-outgoing-1 << "[0x1][0x0][0x0][0x0][0x0][0x0][0x0][0xffffffe4]2024-01-08T13:08:59.612 DEBUG --- [  MainThread] plugin.manager             : instantiating plugin PluginSpec(localstack.hooks.on_infra_start._run_init_scripts_on_start = <function _run_init_scripts_on_start at 0x7f91745c7740>)[\n]"
14:08:59.614 [docker-java-stream--850894416] DEBUG com.github.dockerjava.zerodep.shaded.org.apache.hc.client5.http.wire - http-outgoing-1 << "[0x1][0x0][0x0][0x0][0x0][0x0][0x0][0xffffff98]2024-01-08T13:08:59.612 DEBUG --- [  MainThread] plugin.manager             : loading plugin localstack.hooks.on_infra_start:_run_init_scripts_on_start[\n]"
14:08:59.614 [docker-java-stream--850894416] DEBUG com.github.dockerjava.zerodep.shaded.org.apache.hc.client5.http.wire - http-outgoing-1 << "[0x1][0x0][0x0][0x0][0x0][0x0][0x0][0xffffffd8]2024-01-08T13:08:59.612 DEBUG --- [  MainThread] plugin.manager             : instantiating plugin PluginSpec(localstack.hooks.on_infra_start.deprecation_warnings = <function deprecation_warnings at 0x7f91745c7f60>)[\n]"
14:08:59.614 [docker-java-stream--850894416] DEBUG com.github.dockerjava.zerodep.shaded.org.apache.hc.client5.http.wire - http-outgoing-1 << "[0x1][0x0][0x0][0x0][0x0][0x0][0x0][0xffffff92]2024-01-08T13:08:59.612 DEBUG --- [  MainThread] plugin.manager             : loading plugin localstack.hooks.on_infra_start:deprecation_warnings[\n]"
14:08:59.614 [docker-java-stream--850894416] DEBUG com.github.dockerjava.zerodep.shaded.org.apache.hc.client5.http.wire - http-outgoing-1 << "[0x1][0x0][0x0][0x0][0x0][0x0][0x1][0x6]2024-01-08T13:08:59.612 DEBUG --- [  MainThread] plugin.manager             : instantiating plugin PluginSpec(localstack.hooks.on_infra_start.register_partition_adjusting_proxy_listener = <function register_partition_adjusting_proxy_listener at 0x7f91745c7e20>)[\n]"
14:08:59.614 [main] DEBUG org.testcontainers.containers.output.WaitingConsumer - STDOUT: 2024-01-08T13:08:59.609 DEBUG --- [  MainThread] plugin.manager             : loading plugin localstack.hooks.on_infra_start:deprecation_warnings_pro
14:08:59.614 [docker-java-stream--850894416] DEBUG com.github.dockerjava.zerodep.shaded.org.apache.hc.client5.http.wire - http-outgoing-1 << "[0x1][0x0][0x0][0x0][0x0][0x0][0x0][0xffffffad]2024-01-08T13:08:59.612 DEBUG --- [  MainThread] plugin.manager             : plugin localstack.hooks.on_infra_start:register_partition_adjusting_proxy_listener is disabled[\n]"
14:08:59.614 [docker-java-stream--850894416] DEBUG com.github.dockerjava.zerodep.shaded.org.apache.hc.client5.http.wire - http-outgoing-1 << "[0x1][0x0][0x0][0x0][0x0][0x0][0x0][0xffffffee]2024-01-08T13:08:59.612 DEBUG --- [  MainThread] plugin.manager             : instantiating plugin PluginSpec(localstack.hooks.on_infra_start.setup_dns_configuration_on_host = <function setup_dns_configuration_on_host at 0x7f91745ec400>)[\n]"
14:08:59.614 [docker-java-stream--850894416] DEBUG com.github.dockerjava.zerodep.shaded.org.apache.hc.client5.http.wire - http-outgoing-1 << "[0x1][0x0][0x0][0x0][0x0][0x0][0x0][0xffffff9d]2024-01-08T13:08:59.612 DEBUG --- [  MainThread] plugin.manager             : loading plugin localstack.hooks.on_infra_start:setup_dns_configuration_on_host[\n]"
14:08:59.614 [docker-java-stream--850894416] DEBUG com.github.dockerjava.zerodep.shaded.org.apache.hc.client5.http.wire - http-outgoing-1 << "[0x1][0x0][0x0][0x0][0x0][0x0][0x0][0xffffffd0]2024-01-08T13:08:59.612 DEBUG --- [  MainThread] plugin.manager             : instantiating plugin PluginSpec(localstack.hooks.on_infra_start.start_dns_server = <function start_dns_server at 0x7f91745ec2c0>)[\n]"
14:08:59.614 [main] DEBUG org.testcontainers.containers.output.WaitingConsumer - STDOUT: 2024-01-08T13:08:59.608 DEBUG --- [  MainThread] plugin.manager             : loading plugin localstack.hooks.on_infra_start:configure_transparent_endpoint_injection
14:08:59.614 [docker-java-stream--850894416] DEBUG com.github.dockerjava.zerodep.shaded.org.apache.hc.client5.http.wire - http-outgoing-1 << "[0x1][0x0][0x0][0x0][0x0][0x0][0x0][0xffffff8e]2024-01-08T13:08:59.612 DEBUG --- [  MainThread] plugin.manager             : loading plugin l"
14:08:59.614 [main] DEBUG org.testcontainers.containers.output.WaitingConsumer - STDOUT: 2024-01-08T13:08:59.608 DEBUG --- [  MainThread] plugin.manager             : instantiating plugin PluginSpec(localstack.hooks.on_infra_start.configure_transparent_endpoint_injection = <function configure_transparent_endpoint_injection at 0x7f9174ad9300>)
14:08:59.614 [main] DEBUG org.testcontainers.containers.output.WaitingConsumer - STDOUT: 2024-01-08T13:08:59.611 DEBUG --- [  MainThread] plugin.manager             : instantiating plugin PluginSpec(localstack.hooks.on_infra_start.setup_pro_infra = <function setup_pro_infra at 0x7f9174ad8e00>)
14:08:59.614 [main] DEBUG org.testcontainers.containers.output.WaitingConsumer - STDOUT: 2024-01-08T13:08:59.611 DEBUG --- [  MainThread] plugin.manager             : instantiating plugin PluginSpec(localstack.hooks.on_infra_start._patch_botocore_json_parser = <function _patch_botocore_json_parser at 0x7f917480b600>)
14:08:59.614 [main] DEBUG org.testcontainers.containers.output.WaitingConsumer - STDOUT: 2024-01-08T13:08:59.612 DEBUG --- [  MainThread] plugin.manager             : instantiating plugin PluginSpec(localstack.hooks.on_infra_start._publish_container_info = <function _publish_container_info at 0x7f91745c6700>)
14:08:59.614 [main] DEBUG org.testcontainers.containers.output.WaitingConsumer - STDOUT: 2024-01-08T13:08:59.612 DEBUG --- [  MainThread] plugin.manager             : instantiating plugin PluginSpec(localstack.hooks.on_infra_start.register_partition_adjusting_proxy_listener = <function register_partition_adjusting_proxy_listener at 0x7f91745c7e20>)
14:08:59.615 [main] DEBUG org.testcontainers.containers.output.WaitingConsumer - STDOUT: 2024-01-08T13:08:59.612 DEBUG --- [  MainThread] plugin.manager             : instantiating plugin PluginSpec(localstack.hooks.on_infra_start.start_dns_server = <function start_dns_server at 0x7f91745ec2c0>)
14:08:59.615 [docker-java-stream--850894416] DEBUG com.github.dockerjava.zerodep.shaded.org.apache.hc.client5.http.wire - http-outgoing-1 << "ocalstack.hooks.on_infra_start:start_dns_server[\n]"
14:08:59.615 [docker-java-stream--850894416] DEBUG com.github.dockerjava.zerodep.shaded.org.apache.hc.client5.http.wire - http-outgoing-1 << "[0x1][0x0][0x0][0x0][0x0][0x0][0x0][0xffffffdc]2024-01-08T13:08:59.612 DEBUG --- [  MainThread] plugin.manager             : instantiating plugin PluginSpec(localstack.hooks.on_infra_start.validate_configuration = <function validate_configuration at 0x7f91745efd80>)[\n]"
14:08:59.615 [docker-java-stream--850894416] DEBUG com.github.dockerjava.zerodep.shaded.org.apache.hc.client5.http.wire - http-outgoing-1 << "[0x1][0x0][0x0][0x0][0x0][0x0][0x0][0xffffff94]2024-01-08T13:08:59.613 DEBUG --- [  MainThread] plugin.manager             : loading plugin localstack.hooks.on_infra_start:validate_configuration[\n]"
14:08:59.615 [docker-java-stream--850894416] DEBUG com.github.dockerjava.zerodep.shaded.org.apache.hc.client5.http.wire - http-outgoing-1 << "[\r][\n]"
14:08:59.615 [main] DEBUG org.testcontainers.containers.output.WaitingConsumer - STDOUT: 2024-01-08T13:08:59.612 DEBUG --- [  MainThread] plugin.manager             : loading plugin localstack.hooks.on_infra_start:setup_dns_configuration_on_host
14:08:59.615 [main] DEBUG org.testcontainers.containers.output.WaitingConsumer - STDOUT: 2024-01-08T13:08:59.613 DEBUG --- [  MainThread] plugin.manager             : loading plugin localstack.hooks.on_infra_start:validate_configuration
14:08:59.615 [main] DEBUG org.testcontainers.containers.output.WaitingConsumer - STDOUT: 2024-01-08T13:08:59.612 DEBUG --- [  MainThread] plugin.manager             : instantiating plugin PluginSpec(localstack.hooks.on_infra_start.validate_configuration = <function validate_configuration at 0x7f91745efd80>)
14:08:59.615 [main] DEBUG org.testcontainers.containers.output.WaitingConsumer - STDOUT: 2024-01-08T13:08:59.612 DEBUG --- [  MainThread] plugin.manager             : loading plugin localstack.hooks.on_infra_start:start_dns_server
14:08:59.615 [main] DEBUG org.testcontainers.containers.output.WaitingConsumer - STDOUT: 2024-01-08T13:08:59.612 DEBUG --- [  MainThread] plugin.manager             : instantiating plugin PluginSpec(localstack.hooks.on_infra_start.setup_dns_configuration_on_host = <function setup_dns_configuration_on_host at 0x7f91745ec400>)
14:08:59.615 [main] DEBUG org.testcontainers.containers.output.WaitingConsumer - STDOUT: 2024-01-08T13:08:59.612 DEBUG --- [  MainThread] plugin.manager             : plugin localstack.hooks.on_infra_start:register_partition_adjusting_proxy_listener is disabled
14:08:59.615 [main] DEBUG org.testcontainers.containers.output.WaitingConsumer - STDOUT: 2024-01-08T13:08:59.612 DEBUG --- [  MainThread] plugin.manager             : loading plugin localstack.hooks.on_infra_start:deprecation_warnings
14:08:59.615 [main] DEBUG org.testcontainers.containers.output.WaitingConsumer - STDOUT: 2024-01-08T13:08:59.612 DEBUG --- [  MainThread] plugin.manager             : instantiating plugin PluginSpec(localstack.hooks.on_infra_start.deprecation_warnings = <function deprecation_warnings at 0x7f91745c7f60>)
14:08:59.615 [main] DEBUG org.testcontainers.containers.output.WaitingConsumer - STDOUT: 2024-01-08T13:08:59.612 DEBUG --- [  MainThread] plugin.manager             : loading plugin localstack.hooks.on_infra_start:_run_init_scripts_on_start
14:08:59.615 [main] DEBUG org.testcontainers.containers.output.WaitingConsumer - STDOUT: 2024-01-08T13:08:59.612 DEBUG --- [  MainThread] plugin.manager             : instantiating plugin PluginSpec(localstack.hooks.on_infra_start._run_init_scripts_on_start = <function _run_init_scripts_on_start at 0x7f91745c7740>)
14:08:59.615 [main] DEBUG org.testcontainers.containers.output.WaitingConsumer - STDOUT: 2024-01-08T13:08:59.612 DEBUG --- [  MainThread] plugin.manager             : loading plugin localstack.hooks.on_infra_start:_publish_container_info
14:08:59.615 [main] DEBUG org.testcontainers.containers.output.WaitingConsumer - STDOUT: 2024-01-08T13:08:59.612 DEBUG --- [  MainThread] plugin.manager             : loading plugin localstack.hooks.on_infra_start:_publish_config_as_analytics_event
14:08:59.615 [main] DEBUG org.testcontainers.containers.output.WaitingConsumer - STDOUT: 2024-01-08T13:08:59.612 DEBUG --- [  MainThread] plugin.manager             : instantiating plugin PluginSpec(localstack.hooks.on_infra_start._publish_config_as_analytics_event = <function _publish_config_as_analytics_event at 0x7f91745c63e0>)
14:08:59.615 [main] DEBUG org.testcontainers.containers.output.WaitingConsumer - STDOUT: 2024-01-08T13:08:59.611 DEBUG --- [  MainThread] plugin.manager             : loading plugin localstack.hooks.on_infra_start:_patch_botocore_json_parser
14:08:59.615 [main] DEBUG org.testcontainers.containers.output.WaitingConsumer - STDOUT: 2024-01-08T13:08:59.611 DEBUG --- [  MainThread] plugin.manager             : loading plugin localstack.hooks.on_infra_start:setup_pro_infra
14:08:59.616 [main] DEBUG org.testcontainers.containers.output.WaitingConsumer - STDOUT: 2024-01-08T13:08:59.611 DEBUG --- [  MainThread] plugin.manager             : plugin localstack.hooks.on_infra_start:register_state_save_strategy is disabled
14:08:59.616 [main] DEBUG org.testcontainers.containers.output.WaitingConsumer - STDOUT: 2024-01-08T13:08:59.611 DEBUG --- [  MainThread] plugin.manager             : instantiating plugin PluginSpec(localstack.hooks.on_infra_start.register_state_save_strategy = <function register_state_save_strategy at 0x7f91745c62a0>)
14:08:59.616 [main] DEBUG org.testcontainers.containers.output.WaitingConsumer - STDOUT: 2024-01-08T13:08:59.611 DEBUG --- [  MainThread] plugin.manager             : plugin localstack.hooks.on_infra_start:register_state_resource is disabled
14:08:59.616 [main] DEBUG org.testcontainers.containers.output.WaitingConsumer - STDOUT: 2024-01-08T13:08:59.608 DEBUG --- [  MainThread] plugin.manager             : loading plugin localstack.hooks.on_infra_start:add_custom_edge_routes
14:08:59.616 [main] DEBUG org.testcontainers.containers.output.WaitingConsumer - STDOUT: 2024-01-08T13:08:59.608 DEBUG --- [  MainThread] plugin.manager             : instantiating plugin PluginSpec(localstack.hooks.on_infra_start.add_custom_edge_routes = <function add_custom_edge_routes at 0x7f9174ad8900>)
14:08:59.616 [main] DEBUG org.testcontainers.containers.output.WaitingConsumer - STDOUT: 2024-01-08T13:08:59.608 DEBUG --- [  MainThread] plugin.manager             : loading plugin localstack.hooks.on_infra_start:add_aws_request_logger
14:08:59.616 [main] DEBUG org.testcontainers.containers.output.WaitingConsumer - STDOUT: 2024-01-08T13:08:59.608 DEBUG --- [  MainThread] plugin.manager             : instantiating plugin PluginSpec(localstack.hooks.on_infra_start.add_aws_request_logger = <function add_aws_request_logger at 0x7f9174a6e660>)
14:08:59.616 [main] DEBUG org.testcontainers.containers.output.WaitingConsumer - STDOUT: 2024-01-08T13:08:59.604 DEBUG --- [  MainThread] stevedore.extension        : found extension EntryPoint(name='start_dns_server', value='localstack.dns.plugins:start_dns_server', group='localstack.hooks.on_infra_start')
14:08:59.616 [main] DEBUG org.testcontainers.containers.output.WaitingConsumer - STDOUT: 2024-01-08T13:08:59.603 DEBUG --- [  MainThread] stevedore.extension        : found extension EntryPoint(name='setup_dns_configuration_on_host', value='localstack.dns.plugins:setup_dns_configuration_on_host', group='localstack.hooks.on_infra_start')
14:08:59.616 [main] DEBUG org.testcontainers.containers.output.WaitingConsumer - STDOUT: 2024-01-08T13:08:59.602 DEBUG --- [  MainThread] stevedore.extension        : found extension EntryPoint(name='register_partition_adjusting_proxy_listener', value='localstack.plugins:register_partition_adjusting_proxy_listener', group='localstack.hooks.on_infra_start')
14:08:59.616 [main] DEBUG org.testcontainers.containers.output.WaitingConsumer - STDOUT: 2024-01-08T13:08:59.602 DEBUG --- [  MainThread] stevedore.extension        : found extension EntryPoint(name='deprecation_warnings', value='localstack.plugins:deprecation_warnings', group='localstack.hooks.on_infra_start')
14:08:59.616 [main] DEBUG org.testcontainers.containers.output.WaitingConsumer - STDOUT: 2024-01-08T13:08:59.600 DEBUG --- [  MainThread] stevedore.extension        : found extension EntryPoint(name='_run_init_scripts_on_start', value='localstack.runtime.init:_run_init_scripts_on_start', group='localstack.hooks.on_infra_start')
14:08:59.616 [main] DEBUG org.testcontainers.containers.output.WaitingConsumer - STDOUT: 2024-01-08T13:08:59.600 DEBUG --- [  MainThread] stevedore.extension        : found extension EntryPoint(name='_publish_container_info', value='localstack.runtime.analytics:_publish_container_info', group='localstack.hooks.on_infra_start')
14:08:59.616 [main] DEBUG org.testcontainers.containers.output.WaitingConsumer - STDOUT: 2024-01-08T13:08:59.600 DEBUG --- [  MainThread] stevedore.extension        : found extension EntryPoint(name='_publish_config_as_analytics_event', value='localstack.runtime.analytics:_publish_config_as_analytics_event', group='localstack.hooks.on_infra_start')
14:08:59.616 [main] DEBUG org.testcontainers.containers.output.WaitingConsumer - STDOUT: 2024-01-08T13:08:59.600 DEBUG --- [  MainThread] stevedore.extension        : found extension EntryPoint(name='_patch_botocore_json_parser', value='localstack.aws.client:_patch_botocore_json_parser', group='localstack.hooks.on_infra_start')
14:08:59.616 [main] DEBUG org.testcontainers.containers.output.WaitingConsumer - STDOUT: 2024-01-08T13:08:59.600 DEBUG --- [  MainThread] stevedore.extension        : found extension EntryPoint(name='setup_pro_infra', value='localstack_ext.plugins:setup_pro_infra', group='localstack.hooks.on_infra_start')
14:08:59.616 [main] DEBUG org.testcontainers.containers.output.WaitingConsumer - STDOUT: 2024-01-08T13:08:59.600 DEBUG --- [  MainThread] stevedore.extension        : found extension EntryPoint(name='register_state_save_strategy', value='localstack_ext.persistence.snapshot.plugins:register_state_save_strategy', group='localstack.hooks.on_infra_start')
14:08:59.616 [main] DEBUG org.testcontainers.containers.output.WaitingConsumer - STDOUT: 2024-01-08T13:08:59.600 DEBUG --- [  MainThread] stevedore.extension        : found extension EntryPoint(name='register_state_resource', value='localstack_ext.persistence.snapshot.plugins:register_state_resource', group='localstack.hooks.on_infra_start')
14:08:59.621 [docker-java-stream--850894416] DEBUG com.github.dockerjava.zerodep.shaded.org.apache.hc.client5.http.wire - http-outgoing-1 << "68b[\r][\n]"
14:08:59.621 [docker-java-stream--850894416] DEBUG com.github.dockerjava.zerodep.shaded.org.apache.hc.client5.http.wire - http-outgoing-1 << "[0x1][0x0][0x0][0x0][0x0][0x0][0x0][0xffffffe5]2024-01-08T13:08:59.615 DEBUG --- [  MainThread] l.u.c.docker_sdk_client    : Creating Docker SDK client failed: Error while fetching server API version: ('Connection aborted.', ConnectionRefusedError(111, 'Connection refused'))[\n]"
14:08:59.621 [docker-java-stream--850894416] DEBUG com.github.dockerjava.zerodep.shaded.org.apache.hc.client5.http.wire - http-outgoing-1 << "[0x1][0x0][0x0][0x0][0x0][0x0][0x0]#Traceback (most recent call last):[\n]"
14:08:59.621 [docker-java-stream--850894416] DEBUG com.github.dockerjava.zerodep.shaded.org.apache.hc.client5.http.wire - http-outgoing-1 << "[0x1][0x0][0x0][0x0][0x0][0x0][0x0]q  File "/opt/code/localstack/.venv/lib/python3.11/site-packages/urllib3/connectionpool.py", line 791, in urlopen[\n]"
14:08:59.621 [docker-java-stream--850894416] DEBUG com.github.dockerjava.zerodep.shaded.org.apache.hc.client5.http.wire - http-outgoing-1 << "[0x1][0x0][0x0][0x0][0x0][0x0][0x0]#    response = self._make_request([\n]"
14:08:59.621 [docker-java-stream--850894416] DEBUG com.github.dockerjava.zerodep.shaded.org.apache.hc.client5.http.wire - http-outgoing-1 << "[0x1][0x0][0x0][0x0][0x0][0x0][0x0]#               ^^^^^^^^^^^^^^^^^^^[\n]"
14:08:59.621 [docker-java-stream--850894416] DEBUG com.github.dockerjava.zerodep.shaded.org.apache.hc.client5.http.wire - http-outgoing-1 << "[0x1][0x0][0x0][0x0][0x0][0x0][0x0]w  File "/opt/code/localstack/.venv/lib/python3.11/site-packages/urllib3/connectionpool.py", line 497, in _make_request[\n]"
14:08:59.621 [docker-java-stream--850894416] DEBUG com.github.dockerjava.zerodep.shaded.org.apache.hc.client5.http.wire - http-outgoing-1 << "[0x1][0x0][0x0][0x0][0x0][0x0][0x0][0x12]    conn.request([\n]"
14:08:59.621 [docker-java-stream--850894416] DEBUG com.github.dockerjava.zerodep.shaded.org.apache.hc.client5.http.wire - http-outgoing-1 << "[0x1][0x0][0x0][0x0][0x0][0x0][0x0]m  File "/opt/code/localstack/.venv/lib/python3.11/site-packages/urllib3/connection.py", line 395, in request[\n]"
14:08:59.621 [docker-java-stream--850894416] DEBUG com.github.dockerjava.zerodep.shaded.org.apache.hc.client5.http.wire - http-outgoing-1 << "[0x1][0x0][0x0][0x0][0x0][0x0][0x0][0x16]    self.endheaders()[\n]"
14:08:59.621 [docker-java-stream--850894416] DEBUG com.github.dockerjava.zerodep.shaded.org.apache.hc.client5.http.wire - http-outgoing-1 << "[0x1][0x0][0x0][0x0][0x0][0x0][0x0]L  File "/usr/local/lib/python3.11/http/client.py", line 1289, in endheaders[\n]"
14:08:59.621 [docker-java-stream--850894416] DEBUG com.github.dockerjava.zerodep.shaded.org.apache.hc.client5.http.wire - http-outgoing-1 << "[0x1][0x0][0x0][0x0][0x0][0x0][0x0]C    self._send_output(message_body, encode_chunked=encode_chunked)[\n]"
14:08:59.621 [docker-java-stream--850894416] DEBUG com.github.dockerjava.zerodep.shaded.org.apache.hc.client5.http.wire - http-outgoing-1 << "[0x1][0x0][0x0][0x0][0x0][0x0][0x0]N  File "/usr/local/lib/python3.11/http/client.py", line 1048, in _send_output[\n]"
14:08:59.621 [docker-java-stream--850894416] DEBUG com.github.dockerjava.zerodep.shaded.org.apache.hc.client5.http.wire - http-outgoing-1 << "[0x1][0x0][0x0][0x0][0x0][0x0][0x0][0x13]    self.send(msg)[\n]"
14:08:59.621 [docker-java-stream--850894416] DEBUG com.github.dockerjava.zerodep.shaded.org.apache.hc.client5.http.wire - http-outgoing-1 << "[0x1][0x0][0x0][0x0][0x0][0x0][0x0]E  File "/usr/local/lib/python3.11/http/client.py", line 986, in send[\n]"
14:08:59.621 [docker-java-stream--850894416] DEBUG com.github.dockerjava.zerodep.shaded.org.apache.hc.client5.http.wire - http-outgoing-1 << "[0x1][0x0][0x0][0x0][0x0][0x0][0x0][0x13]    self.connect()[\n]"
14:08:59.621 [docker-java-stream--850894416] DEBUG com.github.dockerjava.zerodep.shaded.org.apache.hc.client5.http.wire - http-outgoing-1 << "[0x1][0x0][0x0][0x0][0x0][0x0][0x0]s  File "/opt/code/localstack/.venv/lib/python3.11/site-packages/docker/transport/unixconn.py", line 27, in connect[\n]"
14:08:59.621 [docker-java-stream--850894416] DEBUG com.github.dockerjava.zerodep.shaded.org.apache.hc.client5.http.wire - http-outgoing-1 << "[0x1][0x0][0x0][0x0][0x0][0x0][0x0]#    sock.connect(self.unix_socket)[\n]"
14:08:59.621 [docker-java-stream--850894416] DEBUG com.github.dockerjava.zerodep.shaded.org.apache.hc.client5.http.wire - http-outgoing-1 << "[0x1][0x0][0x0][0x0][0x0][0x0][0x0]7ConnectionRefusedError: [Errno 111] Connection refused[\n]"
14:08:59.621 [docker-java-stream--850894416] DEBUG com.github.dockerjava.zerodep.shaded.org.apache.hc.client5.http.wire - http-outgoing-1 << "[0x1][0x0][0x0][0x0][0x0][0x0][0x0][0x1][\n]"
14:08:59.621 [docker-java-stream--850894416] DEBUG com.github.dockerjava.zerodep.shaded.org.apache.hc.client5.http.wire - http-outgoing-1 << "[0x1][0x0][0x0][0x0][0x0][0x0][0x0]DDuring handling of the above exception, another exception occurred:[\n]"
14:08:59.621 [docker-java-stream--850894416] DEBUG com.github.dockerjava.zerodep.shaded.org.apache.hc.client5.http.wire - http-outgoing-1 << "[0x1][0x0][0x0][0x0][0x0][0x0][0x0][0x1][\n]"
14:08:59.621 [docker-java-stream--850894416] DEBUG com.github.dockerjava.zerodep.shaded.org.apache.hc.client5.http.wire - http-outgoing-1 << "[0x1][0x0][0x0][0x0][0x0][0x0][0x0]#Traceback (most recent call last):[\n]"
14:08:59.621 [docker-java-stream--850894416] DEBUG com.github.dockerjava.zerodep.shaded.org.apache.hc.client5.http.wire - http-outgoing-1 << "[0x1][0x0][0x0][0x0][0x0][0x0][0x0]i  File "/opt/code/localstack/.venv/lib/python3.11/site-packages/requests/adapters.py", line 486, in send[\n]"
14:08:59.621 [docker-java-stream--850894416] DEBUG com.github.dockerjava.zerodep.shaded.org.apache.hc.client5.http.wire - http-outgoing-1 << "[0x1][0x0][0x0][0x0][0x0][0x0][0x0][0x19]    resp = conn.urlopen([\n]"
14:08:59.621 [docker-java-stream--850894416] DEBUG com.github.dockerjava.zerodep.shaded.org.apache.hc.client5.http.wire - http-outgoing-1 << "[\r][\n]"
14:08:59.622 [docker-java-stream--850894416] DEBUG com.github.dockerjava.zerodep.shaded.org.apache.hc.client5.http.wire - http-outgoing-1 << "9a[\r][\n]"
14:08:59.622 [docker-java-stream--850894416] DEBUG com.github.dockerjava.zerodep.shaded.org.apache.hc.client5.http.wire - http-outgoing-1 << "[0x1][0x0][0x0][0x0][0x0][0x0][0x0][0x19]           ^^^^^^^^^^^^^[\n]"
14:08:59.622 [docker-java-stream--850894416] DEBUG com.github.dockerjava.zerodep.shaded.org.apache.hc.client5.http.wire - http-outgoing-1 << "[0x1][0x0][0x0][0x0][0x0][0x0][0x0]q  File "/opt/code/localstack/.venv/lib/python3.11/site-packages/urllib3/connectionpool.py", line 845, in urlopen[\n]"
14:08:59.622 [docker-java-stream--850894416] DEBUG com.github.dockerjava.zerodep.shaded.org.apache.hc.client5.http.wire - http-outgoing-1 << "[\r][\n]"
14:08:59.622 [docker-java-stream--850894416] DEBUG com.github.dockerjava.zerodep.shaded.org.apache.hc.client5.http.wire - http-outgoing-1 << "3d8[\r][\n]"
14:08:59.622 [docker-java-stream--850894416] DEBUG com.github.dockerjava.zerodep.shaded.org.apache.hc.client5.http.wire - http-outgoing-1 << "[0x1][0x0][0x0][0x0][0x0][0x0][0x0]!    retries = retries.increment([\n]"
14:08:59.622 [docker-java-stream--850894416] DEBUG com.github.dockerjava.zerodep.shaded.org.apache.hc.client5.http.wire - http-outgoing-1 << "[0x1][0x0][0x0][0x0][0x0][0x0][0x0]!              ^^^^^^^^^^^^^^^^^^[\n]"
14:08:59.622 [docker-java-stream--850894416] DEBUG com.github.dockerjava.zerodep.shaded.org.apache.hc.client5.http.wire - http-outgoing-1 << "[0x1][0x0][0x0][0x0][0x0][0x0][0x0]o  File "/opt/code/localstack/.venv/lib/python3.11/site-packages/urllib3/util/retry.py", line 470, in increment[\n]"
14:08:59.622 [docker-java-stream--850894416] DEBUG com.github.dockerjava.zerodep.shaded.org.apache.hc.client5.http.wire - http-outgoing-1 << "[0x1][0x0][0x0][0x0][0x0][0x0][0x0]3    raise reraise(type(error), error, _stacktrace)[\n]"
14:08:59.622 [docker-java-stream--850894416] DEBUG com.github.dockerjava.zerodep.shaded.org.apache.hc.client5.http.wire - http-outgoing-1 << "[0x1][0x0][0x0][0x0][0x0][0x0][0x0]3          ^^^^^^^^^^^^^^^^^^^^^^^^^^^^^^^^^^^^^^^^[\n]"
14:08:59.622 [docker-java-stream--850894416] DEBUG com.github.dockerjava.zerodep.shaded.org.apache.hc.client5.http.wire - http-outgoing-1 << "[0x1][0x0][0x0][0x0][0x0][0x0][0x0]k  File "/opt/code/localstack/.venv/lib/python3.11/site-packages/urllib3/util/util.py", line 38, in reraise[\n]"
14:08:59.622 [docker-java-stream--850894416] DEBUG com.github.dockerjava.zerodep.shaded.org.apache.hc.client5.http.wire - http-outgoing-1 << "[0x1][0x0][0x0][0x0][0x0][0x0][0x0]#    raise value.with_traceback(tb)[\n]"
14:08:59.622 [docker-java-stream--850894416] DEBUG com.github.dockerjava.zerodep.shaded.org.apache.hc.client5.http.wire - http-outgoing-1 << "[0x1][0x0][0x0][0x0][0x0][0x0][0x0]q  File "/opt/code/localstack/.venv/lib/python3.11/site-packages/urllib3/connectionpool.py", line 791, in urlopen[\n]"
14:08:59.622 [docker-java-stream--850894416] DEBUG com.github.dockerjava.zerodep.shaded.org.apache.hc.client5.http.wire - http-outgoing-1 << "[0x1][0x0][0x0][0x0][0x0][0x0][0x0]#    response = self._make_request([\n]"
14:08:59.622 [docker-java-stream--850894416] DEBUG com.github.dockerjava.zerodep.shaded.org.apache.hc.client5.http.wire - http-outgoing-1 << "[0x1][0x0][0x0][0x0][0x0][0x0][0x0]#               ^^^^^^^^^^^^^^^^^^^[\n]"
14:08:59.622 [docker-java-stream--850894416] DEBUG com.github.dockerjava.zerodep.shaded.org.apache.hc.client5.http.wire - http-outgoing-1 << "[0x1][0x0][0x0][0x0][0x0][0x0][0x0]w  File "/opt/code/localstack/.venv/lib/python3.11/site-packages/urllib3/connectionpool.py", line 497, in _make_request[\n]"
14:08:59.622 [docker-java-stream--850894416] DEBUG com.github.dockerjava.zerodep.shaded.org.apache.hc.client5.http.wire - http-outgoing-1 << "[0x1][0x0][0x0][0x0][0x0][0x0][0x0][0x12]    conn.request([\n]"
14:08:59.622 [docker-java-stream--850894416] DEBUG com.github.dockerjava.zerodep.shaded.org.apache.hc.client5.http.wire - http-outgoing-1 << "[0x1][0x0][0x0][0x0][0x0][0x0][0x0]m  File "/opt/code/localstack/.venv/lib/python3.11/site-packages/urllib3/connection.py", line 395, in request[\n]"
14:08:59.622 [docker-java-stream--850894416] DEBUG com.github.dockerjava.zerodep.shaded.org.apache.hc.client5.http.wire - http-outgoing-1 << "[0x1][0x0][0x0][0x0][0x0][0x0][0x0][0x16]    self.endheaders()[\n]"
14:08:59.622 [docker-java-stream--850894416] DEBUG com.github.dockerjava.zerodep.shaded.org.apache.hc.client5.http.wire - http-outgoing-1 << "[\r][\n]"
14:08:59.622 [docker-java-stream--850894416] DEBUG com.github.dockerjava.zerodep.shaded.org.apache.hc.client5.http.wire - http-outgoing-1 << "54[\r][\n]"
14:08:59.622 [docker-java-stream--850894416] DEBUG com.github.dockerjava.zerodep.shaded.org.apache.hc.client5.http.wire - http-outgoing-1 << "[0x1][0x0][0x0][0x0][0x0][0x0][0x0]L  File "/usr/local/lib/python3.11/http/client.py", line 1289, in endheaders[\n]"
14:08:59.622 [docker-java-stream--850894416] DEBUG com.github.dockerjava.zerodep.shaded.org.apache.hc.client5.http.wire - http-outgoing-1 << "[\r][\n]"
14:08:59.622 [docker-java-stream--850894416] DEBUG com.github.dockerjava.zerodep.shaded.org.apache.hc.client5.http.wire - http-outgoing-1 << "4b[\r][\n]"
14:08:59.622 [docker-java-stream--850894416] DEBUG com.github.dockerjava.zerodep.shaded.org.apache.hc.client5.http.wire - http-outgoing-1 << "[0x1][0x0][0x0][0x0][0x0][0x0][0x0]C    self._send_output(message_body, encode_chunked=encode_chunked)[\n]"
14:08:59.622 [docker-java-stream--850894416] DEBUG com.github.dockerjava.zerodep.shaded.org.apache.hc.client5.http.wire - http-outgoing-1 << "[\r][\n]"
14:08:59.622 [docker-java-stream--850894416] DEBUG com.github.dockerjava.zerodep.shaded.org.apache.hc.client5.http.wire - http-outgoing-1 << "56[\r][\n]"
14:08:59.622 [docker-java-stream--850894416] DEBUG com.github.dockerjava.zerodep.shaded.org.apache.hc.client5.http.wire - http-outgoing-1 << "[0x1][0x0][0x0][0x0][0x0][0x0][0x0]N  File "/usr/local/lib/python3.11/http/client.py", line 1048, in _send_output[\n]"
14:08:59.622 [docker-java-stream--850894416] DEBUG com.github.dockerjava.zerodep.shaded.org.apache.hc.client5.http.wire - http-outgoing-1 << "[\r][\n]"
14:08:59.622 [docker-java-stream--850894416] DEBUG com.github.dockerjava.zerodep.shaded.org.apache.hc.client5.http.wire - http-outgoing-1 << "ed6[\r][\n]"
14:08:59.622 [docker-java-stream--850894416] DEBUG com.github.dockerjava.zerodep.shaded.org.apache.hc.client5.http.wire - http-outgoing-1 << "[0x1][0x0][0x0][0x0][0x0][0x0][0x0][0x13]    self.send(msg)[\n]"
14:08:59.622 [docker-java-stream--850894416] DEBUG com.github.dockerjava.zerodep.shaded.org.apache.hc.client5.http.wire - http-outgoing-1 << "[0x1][0x0][0x0][0x0][0x0][0x0][0x0]E  File "/usr/local/lib/python3.11/http/client.py", line 986, in send[\n]"
14:08:59.622 [docker-java-stream--850894416] DEBUG com.github.dockerjava.zerodep.shaded.org.apache.hc.client5.http.wire - http-outgoing-1 << "[0x1][0x0][0x0][0x0][0x0][0x0][0x0][0x13]    self.connect()[\n]"
14:08:59.622 [docker-java-stream--850894416] DEBUG com.github.dockerjava.zerodep.shaded.org.apache.hc.client5.http.wire - http-outgoing-1 << "[0x1][0x0][0x0][0x0][0x0][0x0][0x0]s  File "/opt/code/localstack/.venv/lib/python3.11/site-packages/docker/transport/unixconn.py", line 27, in connect[\n]"
14:08:59.622 [docker-java-stream--850894416] DEBUG com.github.dockerjava.zerodep.shaded.org.apache.hc.client5.http.wire - http-outgoing-1 << "[0x1][0x0][0x0][0x0][0x0][0x0][0x0]#    sock.connect(self.unix_socket)[\n]"
14:08:59.622 [docker-java-stream--850894416] DEBUG com.github.dockerjava.zerodep.shaded.org.apache.hc.client5.http.wire - http-outgoing-1 << "[0x1][0x0][0x0][0x0][0x0][0x0][0x0]murllib3.exceptions.ProtocolError: ('Connection aborted.', ConnectionRefusedError(111, 'Connection refused'))[\n]"
14:08:59.622 [docker-java-stream--850894416] DEBUG com.github.dockerjava.zerodep.shaded.org.apache.hc.client5.http.wire - http-outgoing-1 << "[0x1][0x0][0x0][0x0][0x0][0x0][0x0][0x1][\n]"
14:08:59.622 [docker-java-stream--850894416] DEBUG com.github.dockerjava.zerodep.shaded.org.apache.hc.client5.http.wire - http-outgoing-1 << "[0x1][0x0][0x0][0x0][0x0][0x0][0x0]DDuring handling of the above exception, another exception occurred:[\n]"
14:08:59.622 [docker-java-stream--850894416] DEBUG com.github.dockerjava.zerodep.shaded.org.apache.hc.client5.http.wire - http-outgoing-1 << "[0x1][0x0][0x0][0x0][0x0][0x0][0x0][0x1][\n]"
14:08:59.622 [docker-java-stream--850894416] DEBUG com.github.dockerjava.zerodep.shaded.org.apache.hc.client5.http.wire - http-outgoing-1 << "[0x1][0x0][0x0][0x0][0x0][0x0][0x0]#Traceback (most recent call last):[\n]"
14:08:59.622 [docker-java-stream--850894416] DEBUG com.github.dockerjava.zerodep.shaded.org.apache.hc.client5.http.wire - http-outgoing-1 << "[0x1][0x0][0x0][0x0][0x0][0x0][0x0]}  File "/opt/code/localstack/.venv/lib/python3.11/site-packages/docker/api/client.py", line 214, in _retrieve_server_version[\n]"
14:08:59.622 [docker-java-stream--850894416] DEBUG com.github.dockerjava.zerodep.shaded.org.apache.hc.client5.http.wire - http-outgoing-1 << "[0x1][0x0][0x0][0x0][0x0][0x0][0x0]9    return self.version(api_version=False)["ApiVersion"][\n]"
14:08:59.622 [docker-java-stream--850894416] DEBUG com.github.dockerjava.zerodep.shaded.org.apache.hc.client5.http.wire - http-outgoing-1 << "[0x1][0x0][0x0][0x0][0x0][0x0][0x0]+           ^^^^^^^^^^^^^^^^^^^^^^^^^^^^^^^[\n]"
14:08:59.622 [docker-java-stream--850894416] DEBUG com.github.dockerjava.zerodep.shaded.org.apache.hc.client5.http.wire - http-outgoing-1 << "[0x1][0x0][0x0][0x0][0x0][0x0][0x0]l  File "/opt/code/localstack/.venv/lib/python3.11/site-packages/docker/api/daemon.py", line 181, in version[\n]"
14:08:59.622 [docker-java-stream--850894416] DEBUG com.github.dockerjava.zerodep.shaded.org.apache.hc.client5.http.wire - http-outgoing-1 << "[0x1][0x0][0x0][0x0][0x0][0x0][0x0]3    return self._result(self._get(url), json=True)[\n]"
14:08:59.622 [docker-java-stream--850894416] DEBUG com.github.dockerjava.zerodep.shaded.org.apache.hc.client5.http.wire - http-outgoing-1 << "[0x1][0x0][0x0][0x0][0x0][0x0][0x0]'                        ^^^^^^^^^^^^^^[\n]"
14:08:59.622 [docker-java-stream--850894416] DEBUG com.github.dockerjava.zerodep.shaded.org.apache.hc.client5.http.wire - http-outgoing-1 << "[0x1][0x0][0x0][0x0][0x0][0x0][0x0]o  File "/opt/code/localstack/.venv/lib/python3.11/site-packages/docker/utils/decorators.py", line 46, in inner[\n]"
14:08:59.622 [docker-java-stream--850894416] DEBUG com.github.dockerjava.zerodep.shaded.org.apache.hc.client5.http.wire - http-outgoing-1 << "[0x1][0x0][0x0][0x0][0x0][0x0][0x0]$    return f(self, *args, **kwargs)[\n]"
14:08:59.622 [docker-java-stream--850894416] DEBUG com.github.dockerjava.zerodep.shaded.org.apache.hc.client5.http.wire - http-outgoing-1 << "[0x1][0x0][0x0][0x0][0x0][0x0][0x0]$           ^^^^^^^^^^^^^^^^^^^^^^^^[\n]"
14:08:59.622 [docker-java-stream--850894416] DEBUG com.github.dockerjava.zerodep.shaded.org.apache.hc.client5.http.wire - http-outgoing-1 << "[0x1][0x0][0x0][0x0][0x0][0x0][0x0]i  File "/opt/code/localstack/.venv/lib/python3.11/site-packages/docker/api/client.py", line 237, in _get[\n]"
14:08:59.623 [docker-java-stream--850894416] DEBUG com.github.dockerjava.zerodep.shaded.org.apache.hc.client5.http.wire - http-outgoing-1 << "[0x1][0x0][0x0][0x0][0x0][0x0][0x0]>    return self.get(url, **self._set_request_timeout(kwargs))[\n]"
14:08:59.623 [docker-java-stream--850894416] DEBUG com.github.dockerjava.zerodep.shaded.org.apache.hc.client5.http.wire - http-outgoing-1 << "[0x1][0x0][0x0][0x0][0x0][0x0][0x0]>           ^^^^^^^^^^^^^^^^^^^^^^^^^^^^^^^^^^^^^^^^^^^^^^^^^^[\n]"
14:08:59.623 [docker-java-stream--850894416] DEBUG com.github.dockerjava.zerodep.shaded.org.apache.hc.client5.http.wire - http-outgoing-1 << "[0x1][0x0][0x0][0x0][0x0][0x0][0x0]h  File "/opt/code/localstack/.venv/lib/python3.11/site-packages/requests/sessions.py", line 602, in get[\n]"
14:08:59.623 [docker-java-stream--850894416] DEBUG com.github.dockerjava.zerodep.shaded.org.apache.hc.client5.http.wire - http-outgoing-1 << "[0x1][0x0][0x0][0x0][0x0][0x0][0x0].    return self.request("GET", url, **kwargs)[\n]"
14:08:59.623 [docker-java-stream--850894416] DEBUG com.github.dockerjava.zerodep.shaded.org.apache.hc.client5.http.wire - http-outgoing-1 << "[0x1][0x0][0x0][0x0][0x0][0x0][0x0].           ^^^^^^^^^^^^^^^^^^^^^^^^^^^^^^^^^^[\n]"
14:08:59.623 [docker-java-stream--850894416] DEBUG com.github.dockerjava.zerodep.shaded.org.apache.hc.client5.http.wire - http-outgoing-1 << "[0x1][0x0][0x0][0x0][0x0][0x0][0x0]l  File "/opt/code/localstack/.venv/lib/python3.11/site-packages/requests/sessions.py", line 589, in request[\n]"
14:08:59.623 [docker-java-stream--850894416] DEBUG com.github.dockerjava.zerodep.shaded.org.apache.hc.client5.http.wire - http-outgoing-1 << "[0x1][0x0][0x0][0x0][0x0][0x0][0x0]*    resp = self.send(prep, **send_kwargs)[\n]"
14:08:59.623 [docker-java-stream--850894416] DEBUG com.github.dockerjava.zerodep.shaded.org.apache.hc.client5.http.wire - http-outgoing-1 << "[0x1][0x0][0x0][0x0][0x0][0x0][0x0]*           ^^^^^^^^^^^^^^^^^^^^^^^^^^^^^^[\n]"
14:08:59.623 [docker-java-stream--850894416] DEBUG com.github.dockerjava.zerodep.shaded.org.apache.hc.client5.http.wire - http-outgoing-1 << "[0x1][0x0][0x0][0x0][0x0][0x0][0x0]i  File "/opt/code/localstack/.venv/lib/python3.11/site-packages/requests/sessions.py", line 703, in send[\n]"
14:08:59.623 [docker-java-stream--850894416] DEBUG com.github.dockerjava.zerodep.shaded.org.apache.hc.client5.http.wire - http-outgoing-1 << "[0x1][0x0][0x0][0x0][0x0][0x0][0x0](    r = adapter.send(request, **kwargs)[\n]"
14:08:59.623 [docker-java-stream--850894416] DEBUG com.github.dockerjava.zerodep.shaded.org.apache.hc.client5.http.wire - http-outgoing-1 << "[0x1][0x0][0x0][0x0][0x0][0x0][0x0](        ^^^^^^^^^^^^^^^^^^^^^^^^^^^^^^^[\n]"
14:08:59.623 [docker-java-stream--850894416] DEBUG com.github.dockerjava.zerodep.shaded.org.apache.hc.client5.http.wire - http-outgoing-1 << "[0x1][0x0][0x0][0x0][0x0][0x0][0x0]i  File "/opt/code/localstack/.venv/lib/python3.11/site-packages/requests/adapters.py", line 501, in send[\n]"
14:08:59.623 [docker-java-stream--850894416] DEBUG com.github.dockerjava.zerodep.shaded.org.apache.hc.client5.http.wire - http-outgoing-1 << "[0x1][0x0][0x0][0x0][0x0][0x0][0x0]0    raise ConnectionError(err, request=request)[\n]"
14:08:59.623 [docker-java-stream--850894416] DEBUG com.github.dockerjava.zerodep.shaded.org.apache.hc.client5.http.wire - http-outgoing-1 << "[0x1][0x0][0x0][0x0][0x0][0x0][0x0]prequests.exceptions.ConnectionError: ('Connection aborted.', ConnectionRefusedError(111, 'Connection refused'))[\n]"
14:08:59.623 [docker-java-stream--850894416] DEBUG com.github.dockerjava.zerodep.shaded.org.apache.hc.client5.http.wire - http-outgoing-1 << "[0x1][0x0][0x0][0x0][0x0][0x0][0x0][0x1][\n]"
14:08:59.623 [docker-java-stream--850894416] DEBUG com.github.dockerjava.zerodep.shaded.org.apache.hc.client5.http.wire - http-outgoing-1 << "[0x1][0x0][0x0][0x0][0x0][0x0][0x0]DDuring handling of the above exception, another exception occurred:[\n]"
14:08:59.623 [docker-java-stream--850894416] DEBUG com.github.dockerjava.zerodep.shaded.org.apache.hc.client5.http.wire - http-outgoing-1 << "[0x1][0x0][0x0][0x0][0x0][0x0][0x0][0x1][\n]"
14:08:59.623 [docker-java-stream--850894416] DEBUG com.github.dockerjava.zerodep.shaded.org.apache.hc.client5.http.wire - http-outgoing-1 << "[0x1][0x0][0x0][0x0][0x0][0x0][0x0]#Traceback (most recent call last):[\n]"
14:08:59.623 [docker-java-stream--850894416] DEBUG com.github.dockerjava.zerodep.shaded.org.apache.hc.client5.http.wire - http-outgoing-1 << "[0x1][0x0][0x0][0x0][0x0][0x0][0x0][0xffffff93]  File "/opt/code/localstack/.venv/lib/python3.11/site-packages/localstack/utils/container_utils/docker_sdk_client.py", line 76, in _create_client[\n]"
14:08:59.623 [docker-java-stream--850894416] DEBUG com.github.dockerjava.zerodep.shaded.org.apache.hc.client5.http.wire - http-outgoing-1 << "[0x1][0x0][0x0][0x0][0x0][0x0][0x0]G    return docker.from_env(timeout=DOCKER_SDK_DEFAULT_TIMEOUT_SECONDS)[\n]"
14:08:59.623 [docker-java-stream--850894416] DEBUG com.github.dockerjava.zerodep.shaded.org.apache.hc.client5.http.wire - http-outgoing-1 << "[0x1][0x0][0x0][0x0][0x0][0x0][0x0]G           ^^^^^^^^^^^^^^^^^^^^^^^^^^^^^^^^^^^^^^^^^^^^^^^^^^^^^^^^^^^[\n]"
14:08:59.623 [docker-java-stream--850894416] DEBUG com.github.dockerjava.zerodep.shaded.org.apache.hc.client5.http.wire - http-outgoing-1 << "[0x1][0x0][0x0][0x0][0x0][0x0][0x0]h  File "/opt/code/localstack/.venv/lib/python3.11/site-packages/docker/client.py", line 96, in from_env[\n]"
14:08:59.623 [docker-java-stream--850894416] DEBUG com.github.dockerjava.zerodep.shaded.org.apache.hc.client5.http.wire - http-outgoing-1 << "[0x1][0x0][0x0][0x0][0x0][0x0][0x0][0x10]    return cls([\n]"
14:08:59.623 [docker-java-stream--850894416] DEBUG com.github.dockerjava.zerodep.shaded.org.apache.hc.client5.http.wire - http-outgoing-1 << "[0x1][0x0][0x0][0x0][0x0][0x0][0x0][0x10]           ^^^^[\n]"
14:08:59.623 [docker-java-stream--850894416] DEBUG com.github.dockerjava.zerodep.shaded.org.apache.hc.client5.http.wire - http-outgoing-1 << "[0x1][0x0][0x0][0x0][0x0][0x0][0x0]h  File "/opt/code/localstack/.venv/lib/python3.11/site-packages/docker/client.py", line 45, in __init__[\n]"
14:08:59.623 [docker-java-stream--850894416] DEBUG com.github.dockerjava.zerodep.shaded.org.apache.hc.client5.http.wire - http-outgoing-1 << "[0x1][0x0][0x0][0x0][0x0][0x0][0x0]*    self.api = APIClient(*args, **kwargs)[\n]"
14:08:59.623 [docker-java-stream--850894416] DEBUG com.github.dockerjava.zerodep.shaded.org.apache.hc.client5.http.wire - http-outgoing-1 << "[0x1][0x0][0x0][0x0][0x0][0x0][0x0]*               ^^^^^^^^^^^^^^^^^^^^^^^^^^[\n]"
14:08:59.623 [docker-java-stream--850894416] DEBUG com.github.dockerjava.zerodep.shaded.org.apache.hc.client5.http.wire - http-outgoing-1 << "[0x1][0x0][0x0][0x0][0x0][0x0][0x0]m  File "/opt/code/localstack/.venv/lib/python3.11/site-packages/docker/api/client.py", line 197, in __init__[\n]"
14:08:59.623 [docker-java-stream--850894416] DEBUG com.github.dockerjava.zerodep.shaded.org.apache.hc.client5.http.wire - http-outgoing-1 << "[0x1][0x0][0x0][0x0][0x0][0x0][0x0]4    self._version = self._retrieve_server_version()[\n]"
14:08:59.623 [docker-java-stream--850894416] DEBUG com.github.dockerjava.zerodep.shaded.org.apache.hc.client5.http.wire - http-outgoing-1 << "[0x1][0x0][0x0][0x0][0x0][0x0][0x0]4                    ^^^^^^^^^^^^^^^^^^^^^^^^^^^^^^^[\n]"
14:08:59.623 [docker-java-stream--850894416] DEBUG com.github.dockerjava.zerodep.shaded.org.apache.hc.client5.http.wire - http-outgoing-1 << "[0x1][0x0][0x0][0x0][0x0][0x0][0x0]}  File "/opt/code/localstack/.venv/lib/python3.11/site-packages/docker/api/client.py", line 221, in _retrieve_server_version[\n]"
14:08:59.623 [docker-java-stream--850894416] DEBUG com.github.dockerjava.zerodep.shaded.org.apache.hc.client5.http.wire - http-outgoing-1 << "[0x1][0x0][0x0][0x0][0x0][0x0][0x0][0x1b]    raise DockerException([\n]"
14:08:59.623 [docker-java-stream--850894416] DEBUG com.github.dockerjava.zerodep.shaded.org.apache.hc.client5.http.wire - http-outgoing-1 << "[0x1][0x0][0x0][0x0][0x0][0x0][0x0][0xffffff93]docker.errors.DockerException: Error while fetching server API version: ('Connection aborted.', ConnectionRefusedError(111, 'Connection refused'))[\n]"
14:08:59.623 [docker-java-stream--850894416] DEBUG com.github.dockerjava.zerodep.shaded.org.apache.hc.client5.http.wire - http-outgoing-1 << "[\r][\n]"
14:08:59.625 [docker-java-stream--850894416] DEBUG com.github.dockerjava.zerodep.shaded.org.apache.hc.client5.http.wire - http-outgoing-1 << "1ac8[\r][\n]"
14:08:59.625 [docker-java-stream--850894416] DEBUG com.github.dockerjava.zerodep.shaded.org.apache.hc.client5.http.wire - http-outgoing-1 << "[0x1][0x0][0x0][0x0][0x0][0x0][0x0][0xffffffe5]2024-01-08T13:08:59.621 DEBUG --- [  MainThread] l.u.c.docker_sdk_client    : Creating Docker SDK client failed: Error while fetching server API version: ('Connection aborted.', ConnectionRefusedError(111, 'Connection refused'))[\n]"
14:08:59.625 [docker-java-stream--850894416] DEBUG com.github.dockerjava.zerodep.shaded.org.apache.hc.client5.http.wire - http-outgoing-1 << "[0x1][0x0][0x0][0x0][0x0][0x0][0x0]#Traceback (most recent call last):[\n]"
14:08:59.625 [docker-java-stream--850894416] DEBUG com.github.dockerjava.zerodep.shaded.org.apache.hc.client5.http.wire - http-outgoing-1 << "[0x1][0x0][0x0][0x0][0x0][0x0][0x0]q  File "/opt/code/localstack/.venv/lib/python3.11/site-packages/urllib3/connectionpool.py", line 791, in urlopen[\n]"
14:08:59.625 [docker-java-stream--850894416] DEBUG com.github.dockerjava.zerodep.shaded.org.apache.hc.client5.http.wire - http-outgoing-1 << "[0x1][0x0][0x0][0x0][0x0][0x0][0x0]#    response = self._make_request([\n]"
14:08:59.625 [docker-java-stream--850894416] DEBUG com.github.dockerjava.zerodep.shaded.org.apache.hc.client5.http.wire - http-outgoing-1 << "[0x1][0x0][0x0][0x0][0x0][0x0][0x0]#               ^^^^^^^^^^^^^^^^^^^[\n]"
14:08:59.625 [docker-java-stream--850894416] DEBUG com.github.dockerjava.zerodep.shaded.org.apache.hc.client5.http.wire - http-outgoing-1 << "[0x1][0x0][0x0][0x0][0x0][0x0][0x0]w  File "/opt/code/localstack/.venv/lib/python3.11/site-packages/urllib3/connectionpool.py", line 497, in _make_request[\n]"
14:08:59.625 [docker-java-stream--850894416] DEBUG com.github.dockerjava.zerodep.shaded.org.apache.hc.client5.http.wire - http-outgoing-1 << "[0x1][0x0][0x0][0x0][0x0][0x0][0x0][0x12]    conn.request([\n]"
14:08:59.625 [docker-java-stream--850894416] DEBUG com.github.dockerjava.zerodep.shaded.org.apache.hc.client5.http.wire - http-outgoing-1 << "[0x1][0x0][0x0][0x0][0x0][0x0][0x0]m  File "/opt/code/localstack/.venv/lib/python3.11/site-packages/urllib3/connection.py", line 395, in request[\n]"
14:08:59.625 [docker-java-stream--850894416] DEBUG com.github.dockerjava.zerodep.shaded.org.apache.hc.client5.http.wire - http-outgoing-1 << "[0x1][0x0][0x0][0x0][0x0][0x0][0x0][0x16]    self.endheaders()[\n]"
14:08:59.625 [docker-java-stream--850894416] DEBUG com.github.dockerjava.zerodep.shaded.org.apache.hc.client5.http.wire - http-outgoing-1 << "[0x1][0x0][0x0][0x0][0x0][0x0][0x0]L  File "/usr/local/lib/python3.11/http/client.py", line 1289, in endheaders[\n]"
14:08:59.625 [docker-java-stream--850894416] DEBUG com.github.dockerjava.zerodep.shaded.org.apache.hc.client5.http.wire - http-outgoing-1 << "[0x1][0x0][0x0][0x0][0x0][0x0][0x0]C    self._send_output(message_body, encode_chunked=encode_chunked)[\n]"
14:08:59.625 [docker-java-stream--850894416] DEBUG com.github.dockerjava.zerodep.shaded.org.apache.hc.client5.http.wire - http-outgoing-1 << "[0x1][0x0][0x0][0x0][0x0][0x0][0x0]N  File "/usr/local/lib/python3.11/http/client.py", line 1048, in _send_output[\n]"
14:08:59.625 [docker-java-stream--850894416] DEBUG com.github.dockerjava.zerodep.shaded.org.apache.hc.client5.http.wire - http-outgoing-1 << "[0x1][0x0][0x0][0x0][0x0][0x0][0x0][0x13]    self.send(msg)[\n]"
14:08:59.625 [docker-java-stream--850894416] DEBUG com.github.dockerjava.zerodep.shaded.org.apache.hc.client5.http.wire - http-outgoing-1 << "[0x1][0x0][0x0][0x0][0x0][0x0][0x0]E  File "/usr/local/lib/python3.11/http/client.py", line 986, in send[\n]"
14:08:59.625 [docker-java-stream--850894416] DEBUG com.github.dockerjava.zerodep.shaded.org.apache.hc.client5.http.wire - http-outgoing-1 << "[0x1][0x0][0x0][0x0][0x0][0x0][0x0][0x13]    self.connect()[\n]"
14:08:59.625 [docker-java-stream--850894416] DEBUG com.github.dockerjava.zerodep.shaded.org.apache.hc.client5.http.wire - http-outgoing-1 << "[0x1][0x0][0x0][0x0][0x0][0x0][0x0]s  File "/opt/code/localstack/.venv/lib/python3.11/site-packages/docker/transport/unixconn.py", line 27, in connect[\n]"
14:08:59.625 [docker-java-stream--850894416] DEBUG com.github.dockerjava.zerodep.shaded.org.apache.hc.client5.http.wire - http-outgoing-1 << "[0x1][0x0][0x0][0x0][0x0][0x0][0x0]#    sock.connect(self.unix_socket)[\n]"
14:08:59.625 [docker-java-stream--850894416] DEBUG com.github.dockerjava.zerodep.shaded.org.apache.hc.client5.http.wire - http-outgoing-1 << "[0x1][0x0][0x0][0x0][0x0][0x0][0x0]7ConnectionRefusedError: [Errno 111] Connection refused[\n]"
14:08:59.625 [docker-java-stream--850894416] DEBUG com.github.dockerjava.zerodep.shaded.org.apache.hc.client5.http.wire - http-outgoing-1 << "[0x1][0x0][0x0][0x0][0x0][0x0][0x0][0x1][\n]"
14:08:59.625 [docker-java-stream--850894416] DEBUG com.github.dockerjava.zerodep.shaded.org.apache.hc.client5.http.wire - http-outgoing-1 << "[0x1][0x0][0x0][0x0][0x0][0x0][0x0]DDuring handling of the above exception, another exception occurred:[\n]"
14:08:59.625 [docker-java-stream--850894416] DEBUG com.github.dockerjava.zerodep.shaded.org.apache.hc.client5.http.wire - http-outgoing-1 << "[0x1][0x0][0x0][0x0][0x0][0x0][0x0][0x1][\n]"
14:08:59.625 [docker-java-stream--850894416] DEBUG com.github.dockerjava.zerodep.shaded.org.apache.hc.client5.http.wire - http-outgoing-1 << "[0x1][0x0][0x0][0x0][0x0][0x0][0x0]#Traceback (most recent call last):[\n]"
14:08:59.625 [docker-java-stream--850894416] DEBUG com.github.dockerjava.zerodep.shaded.org.apache.hc.client5.http.wire - http-outgoing-1 << "[0x1][0x0][0x0][0x0][0x0][0x0][0x0]i  File "/opt/code/localstack/.venv/lib/python3.11/site-packages/requests/adapters.py", line 486, in send[\n]"
14:08:59.625 [docker-java-stream--850894416] DEBUG com.github.dockerjava.zerodep.shaded.org.apache.hc.client5.http.wire - http-outgoing-1 << "[0x1][0x0][0x0][0x0][0x0][0x0][0x0][0x19]    resp = conn.urlopen([\n]"
14:08:59.625 [docker-java-stream--850894416] DEBUG com.github.dockerjava.zerodep.shaded.org.apache.hc.client5.http.wire - http-outgoing-1 << "[0x1][0x0][0x0][0x0][0x0][0x0][0x0][0x19]           ^^^^^^^^^^^^^[\n]"
14:08:59.625 [docker-java-stream--850894416] DEBUG com.github.dockerjava.zerodep.shaded.org.apache.hc.client5.http.wire - http-outgoing-1 << "[0x1][0x0][0x0][0x0][0x0][0x0][0x0]q  File "/opt/code/localstack/.venv/lib/python3.11/site-packages/urllib3/connectionpool.py", line 845, in urlopen[\n]"
14:08:59.625 [docker-java-stream--850894416] DEBUG com.github.dockerjava.zerodep.shaded.org.apache.hc.client5.http.wire - http-outgoing-1 << "[0x1][0x0][0x0][0x0][0x0][0x0][0x0]!    retries = retries.increment([\n]"
14:08:59.625 [docker-java-stream--850894416] DEBUG com.github.dockerjava.zerodep.shaded.org.apache.hc.client5.http.wire - http-outgoing-1 << "[0x1][0x0][0x0][0x0][0x0][0x0][0x0]!              ^^^^^^^^^^^^^^^^^^[\n]"
14:08:59.625 [docker-java-stream--850894416] DEBUG com.github.dockerjava.zerodep.shaded.org.apache.hc.client5.http.wire - http-outgoing-1 << "[0x1][0x0][0x0][0x0][0x0][0x0][0x0]o  File "/opt/code/localstack/.venv/lib/python3.11/site-packages/urllib3/util/retry.py", line 470, in increment[\n]"
14:08:59.625 [docker-java-stream--850894416] DEBUG com.github.dockerjava.zerodep.shaded.org.apache.hc.client5.http.wire - http-outgoing-1 << "[0x1][0x0][0x0][0x0][0x0][0x0][0x0]3    raise reraise(type(error), error, _stacktrace)[\n]"
14:08:59.625 [docker-java-stream--850894416] DEBUG com.github.dockerjava.zerodep.shaded.org.apache.hc.client5.http.wire - http-outgoing-1 << "[0x1][0x0][0x0][0x0][0x0][0x0][0x0]3          ^^^^^^^^^^^^^^^^^^^^^^^^^^^^^^^^^^^^^^^^[\n]"
14:08:59.625 [docker-java-stream--850894416] DEBUG com.github.dockerjava.zerodep.shaded.org.apache.hc.client5.http.wire - http-outgoing-1 << "[0x1][0x0][0x0][0x0][0x0][0x0][0x0]k  File "/opt/code/localstack/.venv/lib/python3.11/site-packages/urllib3/util/util.py", line 38, in reraise[\n]"
14:08:59.625 [docker-java-stream--850894416] DEBUG com.github.dockerjava.zerodep.shaded.org.apache.hc.client5.http.wire - http-outgoing-1 << "[0x1][0x0][0x0][0x0][0x0][0x0][0x0]#    raise value.with_traceback(tb)[\n]"
14:08:59.625 [docker-java-stream--850894416] DEBUG com.github.dockerjava.zerodep.shaded.org.apache.hc.client5.http.wire - http-outgoing-1 << "[0x1][0x0][0x0][0x0][0x0][0x0][0x0]q  File "/opt/code/localstack/.venv/lib/python3.11/site-packages/urllib3/connectionpool.py", line 791, in urlopen[\n]"
14:08:59.625 [docker-java-stream--850894416] DEBUG com.github.dockerjava.zerodep.shaded.org.apache.hc.client5.http.wire - http-outgoing-1 << "[0x1][0x0][0x0][0x0][0x0][0x0][0x0]#    response = self._make_request([\n]"
14:08:59.625 [docker-java-stream--850894416] DEBUG com.github.dockerjava.zerodep.shaded.org.apache.hc.client5.http.wire - http-outgoing-1 << "[0x1][0x0][0x0][0x0][0x0][0x0][0x0]#               ^^^^^^^^^^^^^^^^^^^[\n]"
14:08:59.625 [docker-java-stream--850894416] DEBUG com.github.dockerjava.zerodep.shaded.org.apache.hc.client5.http.wire - http-outgoing-1 << "[0x1][0x0][0x0][0x0][0x0][0x0][0x0]w  File "/opt/code/localstack/.venv/lib/python3.11/site-packages/urllib3/connectionpool.py", line 497, in _make_request[\n]"
14:08:59.625 [docker-java-stream--850894416] DEBUG com.github.dockerjava.zerodep.shaded.org.apache.hc.client5.http.wire - http-outgoing-1 << "[0x1][0x0][0x0][0x0][0x0][0x0][0x0][0x12]    conn.request([\n]"
14:08:59.625 [docker-java-stream--850894416] DEBUG com.github.dockerjava.zerodep.shaded.org.apache.hc.client5.http.wire - http-outgoing-1 << "[0x1][0x0][0x0][0x0][0x0][0x0][0x0]m  File "/opt/code/localstack/.venv/lib/python3.11/site-packages/urllib3/connection.py", line 395, in request[\n]"
14:08:59.625 [docker-java-stream--850894416] DEBUG com.github.dockerjava.zerodep.shaded.org.apache.hc.client5.http.wire - http-outgoing-1 << "[0x1][0x0][0x0][0x0][0x0][0x0][0x0][0x16]    self.endheaders()[\n]"
14:08:59.625 [docker-java-stream--850894416] DEBUG com.github.dockerjava.zerodep.shaded.org.apache.hc.client5.http.wire - http-outgoing-1 << "[0x1][0x0][0x0][0x0][0x0][0x0][0x0]L  File "/usr/local/lib/python3.11/http/client.py", line 1289, in endheaders[\n]"
14:08:59.626 [docker-java-stream--850894416] DEBUG com.github.dockerjava.zerodep.shaded.org.apache.hc.client5.http.wire - http-outgoing-1 << "[0x1][0x0][0x0][0x0][0x0][0x0][0x0]C    self._send_output(message_body, encode_chunked=encode_chunked)[\n]"
14:08:59.626 [docker-java-stream--850894416] DEBUG com.github.dockerjava.zerodep.shaded.org.apache.hc.client5.http.wire - http-outgoing-1 << "[0x1][0x0][0x0][0x0][0x0][0x0][0x0]N  File "/usr/local/lib/python3.11/http/client.py", line 1048, in _send_output[\n]"
14:08:59.626 [docker-java-stream--850894416] DEBUG com.github.dockerjava.zerodep.shaded.org.apache.hc.client5.http.wire - http-outgoing-1 << "[0x1][0x0][0x0][0x0][0x0][0x0][0x0][0x13]    self.send(msg)[\n]"
14:08:59.626 [docker-java-stream--850894416] DEBUG com.github.dockerjava.zerodep.shaded.org.apache.hc.client5.http.wire - http-outgoing-1 << "[0x1][0x0][0x0][0x0][0x0][0x0][0x0]E  File "/usr/local/lib/python3.11/http/client.py", line 986, in send[\n]"
14:08:59.626 [docker-java-stream--850894416] DEBUG com.github.dockerjava.zerodep.shaded.org.apache.hc.client5.http.wire - http-outgoing-1 << "[0x1][0x0][0x0][0x0][0x0][0x0][0x0][0x13]    self.connect()[\n]"
14:08:59.626 [docker-java-stream--850894416] DEBUG com.github.dockerjava.zerodep.shaded.org.apache.hc.client5.http.wire - http-outgoing-1 << "[0x1][0x0][0x0][0x0][0x0][0x0][0x0]s  File "/opt/code/localstack/.venv/lib/python3.11/site-packages/docker/transport/unixconn.py", line 27, in connect[\n]"
14:08:59.626 [docker-java-stream--850894416] DEBUG com.github.dockerjava.zerodep.shaded.org.apache.hc.client5.http.wire - http-outgoing-1 << "[0x1][0x0][0x0][0x0][0x0][0x0][0x0]#    sock.connect(self.unix_socket)[\n]"
14:08:59.626 [docker-java-stream--850894416] DEBUG com.github.dockerjava.zerodep.shaded.org.apache.hc.client5.http.wire - http-outgoing-1 << "[0x1][0x0][0x0][0x0][0x0][0x0][0x0]murllib3.exceptions.ProtocolError: ('Connection aborted.', ConnectionRefusedError(111, 'Connection refused'))[\n]"
14:08:59.626 [docker-java-stream--850894416] DEBUG com.github.dockerjava.zerodep.shaded.org.apache.hc.client5.http.wire - http-outgoing-1 << "[0x1][0x0][0x0][0x0][0x0][0x0][0x0][0x1][\n]"
14:08:59.626 [docker-java-stream--850894416] DEBUG com.github.dockerjava.zerodep.shaded.org.apache.hc.client5.http.wire - http-outgoing-1 << "[0x1][0x0][0x0][0x0][0x0][0x0][0x0]DDuring handling of the above exception, another exception occurred:[\n]"
14:08:59.626 [docker-java-stream--850894416] DEBUG com.github.dockerjava.zerodep.shaded.org.apache.hc.client5.http.wire - http-outgoing-1 << "[0x1][0x0][0x0][0x0][0x0][0x0][0x0][0x1][\n]"
14:08:59.626 [docker-java-stream--850894416] DEBUG com.github.dockerjava.zerodep.shaded.org.apache.hc.client5.http.wire - http-outgoing-1 << "[0x1][0x0][0x0][0x0][0x0][0x0][0x0]#Traceback (most recent call last):[\n]"
14:08:59.626 [docker-java-stream--850894416] DEBUG com.github.dockerjava.zerodep.shaded.org.apache.hc.client5.http.wire - http-outgoing-1 << "[0x1][0x0][0x0][0x0][0x0][0x0][0x0]}  File "/opt/code/localstack/.venv/lib/python3.11/site-packages/docker/api/client.py", line 214, in _retrieve_server_version[\n]"
14:08:59.626 [docker-java-stream--850894416] DEBUG com.github.dockerjava.zerodep.shaded.org.apache.hc.client5.http.wire - http-outgoing-1 << "[0x1][0x0][0x0][0x0][0x0][0x0][0x0]9    return self.version(api_version=False)["ApiVersion"][\n]"
14:08:59.626 [docker-java-stream--850894416] DEBUG com.github.dockerjava.zerodep.shaded.org.apache.hc.client5.http.wire - http-outgoing-1 << "[0x1][0x0][0x0][0x0][0x0][0x0][0x0]+           ^^^^^^^^^^^^^^^^^^^^^^^^^^^^^^^[\n]"
14:08:59.626 [docker-java-stream--850894416] DEBUG com.github.dockerjava.zerodep.shaded.org.apache.hc.client5.http.wire - http-outgoing-1 << "[0x1][0x0][0x0][0x0][0x0][0x0][0x0]l  File "/opt/code/localstack/.venv/lib/python3.11/site-packages/docker/api/daemon.py", line 181, in version[\n]"
14:08:59.626 [docker-java-stream--850894416] DEBUG com.github.dockerjava.zerodep.shaded.org.apache.hc.client5.http.wire - http-outgoing-1 << "[0x1][0x0][0x0][0x0][0x0][0x0][0x0]3    return self._result(self._get(url), json=True)[\n]"
14:08:59.626 [docker-java-stream--850894416] DEBUG com.github.dockerjava.zerodep.shaded.org.apache.hc.client5.http.wire - http-outgoing-1 << "[0x1][0x0][0x0][0x0][0x0][0x0][0x0]'                        ^^^^^^^^^^^^^^[\n]"
14:08:59.626 [docker-java-stream--850894416] DEBUG com.github.dockerjava.zerodep.shaded.org.apache.hc.client5.http.wire - http-outgoing-1 << "[0x1][0x0][0x0][0x0][0x0][0x0][0x0]o  File "/opt/code/localstack/.venv/lib/python3.11/site-packages/docker/utils/decorators.py", line 46, in inner[\n]"
14:08:59.626 [docker-java-stream--850894416] DEBUG com.github.dockerjava.zerodep.shaded.org.apache.hc.client5.http.wire - http-outgoing-1 << "[0x1][0x0][0x0][0x0][0x0][0x0][0x0]$    return f(self, *args, **kwargs)[\n]"
14:08:59.626 [docker-java-stream--850894416] DEBUG com.github.dockerjava.zerodep.shaded.org.apache.hc.client5.http.wire - http-outgoing-1 << "[0x1][0x0][0x0][0x0][0x0][0x0][0x0]$           ^^^^^^^^^^^^^^^^^^^^^^^^[\n]"
14:08:59.626 [docker-java-stream--850894416] DEBUG com.github.dockerjava.zerodep.shaded.org.apache.hc.client5.http.wire - http-outgoing-1 << "[0x1][0x0][0x0][0x0][0x0][0x0][0x0]i  File "/opt/code/localstack/.venv/lib/python3.11/site-packages/docker/api/client.py", line 237, in _get[\n]"
14:08:59.626 [docker-java-stream--850894416] DEBUG com.github.dockerjava.zerodep.shaded.org.apache.hc.client5.http.wire - http-outgoing-1 << "[0x1][0x0][0x0][0x0][0x0][0x0][0x0]>    return self.get(url, **self._set_request_timeout(kwargs))[\n]"
14:08:59.626 [docker-java-stream--850894416] DEBUG com.github.dockerjava.zerodep.shaded.org.apache.hc.client5.http.wire - http-outgoing-1 << "[0x1][0x0][0x0][0x0][0x0][0x0][0x0]>           ^^^^^^^^^^^^^^^^^^^^^^^^^^^^^^^^^^^^^^^^^^^^^^^^^^[\n]"
14:08:59.626 [docker-java-stream--850894416] DEBUG com.github.dockerjava.zerodep.shaded.org.apache.hc.client5.http.wire - http-outgoing-1 << "[0x1][0x0][0x0][0x0][0x0][0x0][0x0]h  File "/opt/code/localstack/.venv/lib/python3.11/site-packages/requests/sessions.py", line 602, in get[\n]"
14:08:59.626 [docker-java-stream--850894416] DEBUG com.github.dockerjava.zerodep.shaded.org.apache.hc.client5.http.wire - http-outgoing-1 << "[0x1][0x0][0x0][0x0][0x0][0x0][0x0].    return self.request("GET", url, **kwargs)[\n]"
14:08:59.626 [docker-java-stream--850894416] DEBUG com.github.dockerjava.zerodep.shaded.org.apache.hc.client5.http.wire - http-outgoing-1 << "[0x1][0x0][0x0][0x0][0x0][0x0][0x0].           ^^^^^^^^^^^^^^^^^^^^^^^^^^^^^^^^^^[\n]"
14:08:59.626 [docker-java-stream--850894416] DEBUG com.github.dockerjava.zerodep.shaded.org.apache.hc.client5.http.wire - http-outgoing-1 << "[0x1][0x0][0x0][0x0][0x0][0x0][0x0]l  File "/opt/code/localstack/.venv/lib/python3.11/site-packages/requests/sessions.py", line 589, in request[\n]"
14:08:59.626 [docker-java-stream--850894416] DEBUG com.github.dockerjava.zerodep.shaded.org.apache.hc.client5.http.wire - http-outgoing-1 << "[0x1][0x0][0x0][0x0][0x0][0x0][0x0]*    resp = self.send(prep, **send_kwargs)[\n]"
14:08:59.626 [docker-java-stream--850894416] DEBUG com.github.dockerjava.zerodep.shaded.org.apache.hc.client5.http.wire - http-outgoing-1 << "[0x1][0x0][0x0][0x0][0x0][0x0][0x0]*           ^^^^^^^^^^^^^^^^^^^^^^^^^^^^^^[\n]"
14:08:59.626 [docker-java-stream--850894416] DEBUG com.github.dockerjava.zerodep.shaded.org.apache.hc.client5.http.wire - http-outgoing-1 << "[0x1][0x0][0x0][0x0][0x0][0x0][0x0]i  File "/opt/code/localstack/.venv/lib/python3.11/site-packages/requests/sessions.py", line 703, in send[\n]"
14:08:59.626 [docker-java-stream--850894416] DEBUG com.github.dockerjava.zerodep.shaded.org.apache.hc.client5.http.wire - http-outgoing-1 << "[0x1][0x0][0x0][0x0][0x0][0x0][0x0](    r = adapter.send(request, **kwargs)[\n]"
14:08:59.626 [docker-java-stream--850894416] DEBUG com.github.dockerjava.zerodep.shaded.org.apache.hc.client5.http.wire - http-outgoing-1 << "[0x1][0x0][0x0][0x0][0x0][0x0][0x0](        ^^^^^^^^^^^^^^^^^^^^^^^^^^^^^^^[\n]"
14:08:59.626 [docker-java-stream--850894416] DEBUG com.github.dockerjava.zerodep.shaded.org.apache.hc.client5.http.wire - http-outgoing-1 << "[0x1][0x0][0x0][0x0][0x0][0x0][0x0]i  File "/opt/code/localstack/.venv/lib/python3.11/site-packages/requests/adapters.py", line 501, in send[\n]"
14:08:59.626 [docker-java-stream--850894416] DEBUG com.github.dockerjava.zerodep.shaded.org.apache.hc.client5.http.wire - http-outgoing-1 << "[0x1][0x0][0x0][0x0][0x0][0x0][0x0]0    raise ConnectionError(err, request=request)[\n]"
14:08:59.626 [docker-java-stream--850894416] DEBUG com.github.dockerjava.zerodep.shaded.org.apache.hc.client5.http.wire - http-outgoing-1 << "[0x1][0x0][0x0][0x0][0x0][0x0][0x0]prequests.exceptions.ConnectionError: ('Connection aborted.', ConnectionRefusedError(111, 'Connection refused'))[\n]"
14:08:59.626 [docker-java-stream--850894416] DEBUG com.github.dockerjava.zerodep.shaded.org.apache.hc.client5.http.wire - http-outgoing-1 << "[0x1][0x0][0x0][0x0][0x0][0x0][0x0][0x1][\n]"
14:08:59.626 [docker-java-stream--850894416] DEBUG com.github.dockerjava.zerodep.shaded.org.apache.hc.client5.http.wire - http-outgoing-1 << "[0x1][0x0][0x0][0x0][0x0][0x0][0x0]DDuring handling of the above exception, another exception occurred:[\n]"
14:08:59.626 [docker-java-stream--850894416] DEBUG com.github.dockerjava.zerodep.shaded.org.apache.hc.client5.http.wire - http-outgoing-1 << "[0x1][0x0][0x0][0x0][0x0][0x0][0x0][0x1][\n]"
14:08:59.626 [docker-java-stream--850894416] DEBUG com.github.dockerjava.zerodep.shaded.org.apache.hc.client5.http.wire - http-outgoing-1 << "[0x1][0x0][0x0][0x0][0x0][0x0][0x0]#Traceback (most recent call last):[\n]"
14:08:59.626 [docker-java-stream--850894416] DEBUG com.github.dockerjava.zerodep.shaded.org.apache.hc.client5.http.wire - http-outgoing-1 << "[0x1][0x0][0x0][0x0][0x0][0x0][0x0][0xffffff93]  File "/opt/code/localstack/.venv/lib/python3.11/site-packages/localstack/utils/container_utils/docker_sdk_client.py", line 76, in _create_client[\n]"
14:08:59.626 [docker-java-stream--850894416] DEBUG com.github.dockerjava.zerodep.shaded.org.apache.hc.client5.http.wire - http-outgoing-1 << "[0x1][0x0][0x0][0x0][0x0][0x0][0x0]G    return docker.from_env(timeout=DOCKER_SDK_DEFAULT_TIMEOUT_SECONDS)[\n]"
14:08:59.626 [docker-java-stream--850894416] DEBUG com.github.dockerjava.zerodep.shaded.org.apache.hc.client5.http.wire - http-outgoing-1 << "[0x1][0x0][0x0][0x0][0x0][0x0][0x0]G           ^^^^^^^^^^^^^^^^^^^^^^^^^^^^^^^^^^^^^^^^^^^^^^^^^^^^^^^^^^^[\n]"
14:08:59.626 [docker-java-stream--850894416] DEBUG com.github.dockerjava.zerodep.shaded.org.apache.hc.client5.http.wire - http-outgoing-1 << "[0x1][0x0][0x0][0x0][0x0][0x0][0x0]h  File "/opt/code/localstack/.venv/lib/python3.11/site-packages/docker/client.py", line 96, in from_env[\n]"
14:08:59.626 [docker-java-stream--850894416] DEBUG com.github.dockerjava.zerodep.shaded.org.apache.hc.client5.http.wire - http-outgoing-1 << "[0x1][0x0][0x0][0x0][0x0][0x0][0x0][0x10]    return cls([\n]"
14:08:59.626 [docker-java-stream--850894416] DEBUG com.github.dockerjava.zerodep.shaded.org.apache.hc.client5.http.wire - http-outgoing-1 << "[0x1][0x0][0x0][0x0][0x0][0x0][0x0][0x10]           ^^^^[\n]"
14:08:59.626 [docker-java-stream--850894416] DEBUG com.github.dockerjava.zerodep.shaded.org.apache.hc.client5.http.wire - http-outgoing-1 << "[0x1][0x0][0x0][0x0][0x0][0x0][0x0]h  File "/opt/code/localstack/.venv/lib/python3.11/site-packages/docker/client.py", line 45, in __init__[\n]"
14:08:59.626 [docker-java-stream--850894416] DEBUG com.github.dockerjava.zerodep.shaded.org.apache.hc.client5.http.wire - http-outgoing-1 << "[0x1][0x0][0x0][0x0][0x0][0x0][0x0]*    self.api = APIClient(*args, **kwargs)[\n]"
14:08:59.626 [docker-java-stream--850894416] DEBUG com.github.dockerjava.zerodep.shaded.org.apache.hc.client5.http.wire - http-outgoing-1 << "[0x1][0x0][0x0][0x0][0x0][0x0][0x0]*               ^^^^^^^^^^^^^^^^^^^^^^^^^^[\n]"
14:08:59.626 [docker-java-stream--850894416] DEBUG com.github.dockerjava.zerodep.shaded.org.apache.hc.client5.http.wire - http-outgoing-1 << "[0x1][0x0][0x0][0x0][0x0][0x0][0x0]m  File "/opt/code/localstack/.venv/lib/python3.11/site-packages/docker/api/client.py", line 197, in __init__[\n]"
14:08:59.626 [docker-java-stream--850894416] DEBUG com.github.dockerjava.zerodep.shaded.org.apache.hc.client5.http.wire - http-outgoing-1 << "[0x1][0x0][0x0][0x0][0x0][0x0][0x0]4    self._version = self._retrieve_server_version()[\n]"
14:08:59.626 [docker-java-stream--850894416] DEBUG com.github.dockerjava.zerodep.shaded.org.apache.hc.client5.http.wire - http-outgoing-1 << "[0x1][0x0][0x0][0x0][0x0][0x0][0x0]4                    ^^^^^^^^^^^^^^^^^^^^^^^^^^^^^^^[\n]"
14:08:59.626 [docker-java-stream--850894416] DEBUG com.github.dockerjava.zerodep.shaded.org.apache.hc.client5.http.wire - http-outgoing-1 << "[0x1][0x0][0x0][0x0][0x0][0x0][0x0]}  File "/opt/code/localstack/.venv/lib/python3.11/site-packages/docker/api/client.py", line 221, in _retrieve_server_version[\n]"
14:08:59.626 [docker-java-stream--850894416] DEBUG com.github.dockerjava.zerodep.shaded.org.apache.hc.client5.http.wire - http-outgoing-1 << "[0x1][0x0][0x0][0x0][0x0][0x0][0x0][0x1b]    raise DockerException([\n]"
14:08:59.626 [docker-java-stream--850894416] DEBUG com.github.dockerjava.zerodep.shaded.org.apache.hc.client5.http.wire - http-outgoing-1 << "[0x1][0x0][0x0][0x0][0x0][0x0][0x0][0xffffff93]docker.errors.DockerException: Error while fetching server API version: ('Connection aborted.', ConnectionRefusedError(111, 'Connection refused'))[\n]"
14:08:59.626 [docker-java-stream--850894416] DEBUG com.github.dockerjava.zerodep.shaded.org.apache.hc.client5.http.wire - http-outgoing-1 << "[\r][\n]"
14:08:59.629 [main] DEBUG org.testcontainers.containers.output.WaitingConsumer - STDOUT: docker.errors.DockerException: Error while fetching server API version: ('Connection aborted.', ConnectionRefusedError(111, 'Connection refused'))
14:08:59.629 [main] DEBUG org.testcontainers.containers.output.WaitingConsumer - STDOUT:     raise DockerException(
14:08:59.629 [main] DEBUG org.testcontainers.containers.output.WaitingConsumer - STDOUT:   File "/opt/code/localstack/.venv/lib/python3.11/site-packages/docker/api/client.py", line 221, in _retrieve_server_version
14:08:59.629 [main] DEBUG org.testcontainers.containers.output.WaitingConsumer - STDOUT:                     ^^^^^^^^^^^^^^^^^^^^^^^^^^^^^^^
14:08:59.629 [main] DEBUG org.testcontainers.containers.output.WaitingConsumer - STDOUT:     self._version = self._retrieve_server_version()
14:08:59.629 [main] DEBUG org.testcontainers.containers.output.WaitingConsumer - STDOUT:   File "/opt/code/localstack/.venv/lib/python3.11/site-packages/docker/api/client.py", line 197, in __init__
14:08:59.629 [main] DEBUG org.testcontainers.containers.output.WaitingConsumer - STDOUT:                ^^^^^^^^^^^^^^^^^^^^^^^^^^
14:08:59.629 [main] DEBUG org.testcontainers.containers.output.WaitingConsumer - STDOUT:     self.api = APIClient(*args, **kwargs)
14:08:59.629 [main] DEBUG org.testcontainers.containers.output.WaitingConsumer - STDOUT:   File "/opt/code/localstack/.venv/lib/python3.11/site-packages/docker/client.py", line 45, in __init__
14:08:59.629 [main] DEBUG org.testcontainers.containers.output.WaitingConsumer - STDOUT:            ^^^^
14:08:59.629 [main] DEBUG org.testcontainers.containers.output.WaitingConsumer - STDOUT:     return cls(
14:08:59.629 [main] DEBUG org.testcontainers.containers.output.WaitingConsumer - STDOUT:   File "/opt/code/localstack/.venv/lib/python3.11/site-packages/docker/client.py", line 96, in from_env
14:08:59.629 [main] DEBUG org.testcontainers.containers.output.WaitingConsumer - STDOUT:            ^^^^^^^^^^^^^^^^^^^^^^^^^^^^^^^^^^^^^^^^^^^^^^^^^^^^^^^^^^^
14:08:59.629 [main] DEBUG org.testcontainers.containers.output.WaitingConsumer - STDOUT:     return docker.from_env(timeout=DOCKER_SDK_DEFAULT_TIMEOUT_SECONDS)
14:08:59.629 [main] DEBUG org.testcontainers.containers.output.WaitingConsumer - STDOUT:   File "/opt/code/localstack/.venv/lib/python3.11/site-packages/localstack/utils/container_utils/docker_sdk_client.py", line 76, in _create_client
14:08:59.629 [main] DEBUG org.testcontainers.containers.output.WaitingConsumer - STDOUT: Traceback (most recent call last):
14:08:59.629 [main] DEBUG org.testcontainers.containers.output.WaitingConsumer - STDOUT: 
14:08:59.630 [main] DEBUG org.testcontainers.containers.output.WaitingConsumer - STDOUT: During handling of the above exception, another exception occurred:
14:08:59.630 [main] DEBUG org.testcontainers.containers.output.WaitingConsumer - STDOUT: 
14:08:59.630 [main] DEBUG org.testcontainers.containers.output.WaitingConsumer - STDOUT: requests.exceptions.ConnectionError: ('Connection aborted.', ConnectionRefusedError(111, 'Connection refused'))
14:08:59.630 [main] DEBUG org.testcontainers.containers.output.WaitingConsumer - STDOUT:     raise ConnectionError(err, request=request)
14:08:59.630 [main] DEBUG org.testcontainers.containers.output.WaitingConsumer - STDOUT:   File "/opt/code/localstack/.venv/lib/python3.11/site-packages/requests/adapters.py", line 501, in send
14:08:59.630 [main] DEBUG org.testcontainers.containers.output.WaitingConsumer - STDOUT:         ^^^^^^^^^^^^^^^^^^^^^^^^^^^^^^^
14:08:59.630 [main] DEBUG org.testcontainers.containers.output.WaitingConsumer - STDOUT:     r = adapter.send(request, **kwargs)
14:08:59.630 [main] DEBUG org.testcontainers.containers.output.WaitingConsumer - STDOUT:   File "/opt/code/localstack/.venv/lib/python3.11/site-packages/requests/sessions.py", line 703, in send
14:08:59.630 [main] DEBUG org.testcontainers.containers.output.WaitingConsumer - STDOUT:            ^^^^^^^^^^^^^^^^^^^^^^^^^^^^^^
14:08:59.630 [main] DEBUG org.testcontainers.containers.output.WaitingConsumer - STDOUT:     resp = self.send(prep, **send_kwargs)
14:08:59.630 [main] DEBUG org.testcontainers.containers.output.WaitingConsumer - STDOUT:   File "/opt/code/localstack/.venv/lib/python3.11/site-packages/requests/sessions.py", line 589, in request
14:08:59.630 [main] DEBUG org.testcontainers.containers.output.WaitingConsumer - STDOUT:            ^^^^^^^^^^^^^^^^^^^^^^^^^^^^^^^^^^
14:08:59.630 [main] DEBUG org.testcontainers.containers.output.WaitingConsumer - STDOUT:     return self.request("GET", url, **kwargs)
14:08:59.630 [main] DEBUG org.testcontainers.containers.output.WaitingConsumer - STDOUT:   File "/opt/code/localstack/.venv/lib/python3.11/site-packages/requests/sessions.py", line 602, in get
14:08:59.630 [main] DEBUG org.testcontainers.containers.output.WaitingConsumer - STDOUT:            ^^^^^^^^^^^^^^^^^^^^^^^^^^^^^^^^^^^^^^^^^^^^^^^^^^
14:08:59.630 [main] DEBUG org.testcontainers.containers.output.WaitingConsumer - STDOUT:     return self.get(url, **self._set_request_timeout(kwargs))
14:08:59.630 [main] DEBUG org.testcontainers.containers.output.WaitingConsumer - STDOUT:   File "/opt/code/localstack/.venv/lib/python3.11/site-packages/docker/api/client.py", line 237, in _get
14:08:59.630 [main] DEBUG org.testcontainers.containers.output.WaitingConsumer - STDOUT:            ^^^^^^^^^^^^^^^^^^^^^^^^
14:08:59.630 [main] DEBUG org.testcontainers.containers.output.WaitingConsumer - STDOUT:     return f(self, *args, **kwargs)
14:08:59.630 [main] DEBUG org.testcontainers.containers.output.WaitingConsumer - STDOUT:   File "/opt/code/localstack/.venv/lib/python3.11/site-packages/docker/utils/decorators.py", line 46, in inner
14:08:59.630 [main] DEBUG org.testcontainers.containers.output.WaitingConsumer - STDOUT:                         ^^^^^^^^^^^^^^
14:08:59.630 [main] DEBUG org.testcontainers.containers.output.WaitingConsumer - STDOUT:     return self._result(self._get(url), json=True)
14:08:59.630 [main] DEBUG org.testcontainers.containers.output.WaitingConsumer - STDOUT:   File "/opt/code/localstack/.venv/lib/python3.11/site-packages/docker/api/daemon.py", line 181, in version
14:08:59.631 [main] DEBUG org.testcontainers.containers.output.WaitingConsumer - STDOUT:            ^^^^^^^^^^^^^^^^^^^^^^^^^^^^^^^
14:08:59.631 [main] DEBUG org.testcontainers.containers.output.WaitingConsumer - STDOUT:     return self.version(api_version=False)["ApiVersion"]
14:08:59.631 [main] DEBUG org.testcontainers.containers.output.WaitingConsumer - STDOUT:   File "/opt/code/localstack/.venv/lib/python3.11/site-packages/docker/api/client.py", line 214, in _retrieve_server_version
14:08:59.631 [main] DEBUG org.testcontainers.containers.output.WaitingConsumer - STDOUT: Traceback (most recent call last):
14:08:59.631 [main] DEBUG org.testcontainers.containers.output.WaitingConsumer - STDOUT: 
14:08:59.631 [main] DEBUG org.testcontainers.containers.output.WaitingConsumer - STDOUT: During handling of the above exception, another exception occurred:
14:08:59.631 [main] DEBUG org.testcontainers.containers.output.WaitingConsumer - STDOUT: 
14:08:59.631 [main] DEBUG org.testcontainers.containers.output.WaitingConsumer - STDOUT: urllib3.exceptions.ProtocolError: ('Connection aborted.', ConnectionRefusedError(111, 'Connection refused'))
14:08:59.631 [main] DEBUG org.testcontainers.containers.output.WaitingConsumer - STDOUT:     sock.connect(self.unix_socket)
14:08:59.631 [main] DEBUG org.testcontainers.containers.output.WaitingConsumer - STDOUT:   File "/opt/code/localstack/.venv/lib/python3.11/site-packages/docker/transport/unixconn.py", line 27, in connect
14:08:59.631 [main] DEBUG org.testcontainers.containers.output.WaitingConsumer - STDOUT:     self.connect()
14:08:59.631 [main] DEBUG org.testcontainers.containers.output.WaitingConsumer - STDOUT:   File "/usr/local/lib/python3.11/http/client.py", line 986, in send
14:08:59.631 [main] DEBUG org.testcontainers.containers.output.WaitingConsumer - STDOUT:     self.send(msg)
14:08:59.631 [main] DEBUG org.testcontainers.containers.output.WaitingConsumer - STDOUT:   File "/usr/local/lib/python3.11/http/client.py", line 1048, in _send_output
14:08:59.631 [main] DEBUG org.testcontainers.containers.output.WaitingConsumer - STDOUT:     self._send_output(message_body, encode_chunked=encode_chunked)
14:08:59.631 [main] DEBUG org.testcontainers.containers.output.WaitingConsumer - STDOUT:   File "/usr/local/lib/python3.11/http/client.py", line 1289, in endheaders
14:08:59.631 [main] DEBUG org.testcontainers.containers.output.WaitingConsumer - STDOUT:     self.endheaders()
14:08:59.631 [main] DEBUG org.testcontainers.containers.output.WaitingConsumer - STDOUT:   File "/opt/code/localstack/.venv/lib/python3.11/site-packages/urllib3/connection.py", line 395, in request
14:08:59.631 [main] DEBUG org.testcontainers.containers.output.WaitingConsumer - STDOUT:     conn.request(
14:08:59.631 [main] DEBUG org.testcontainers.containers.output.WaitingConsumer - STDOUT:   File "/opt/code/localstack/.venv/lib/python3.11/site-packages/urllib3/connectionpool.py", line 497, in _make_request
14:08:59.631 [main] DEBUG org.testcontainers.containers.output.WaitingConsumer - STDOUT:                ^^^^^^^^^^^^^^^^^^^
14:08:59.631 [main] DEBUG org.testcontainers.containers.output.WaitingConsumer - STDOUT:     response = self._make_request(
14:08:59.631 [main] DEBUG org.testcontainers.containers.output.WaitingConsumer - STDOUT:   File "/opt/code/localstack/.venv/lib/python3.11/site-packages/urllib3/connectionpool.py", line 791, in urlopen
14:08:59.631 [main] DEBUG org.testcontainers.containers.output.WaitingConsumer - STDOUT:     raise value.with_traceback(tb)
14:08:59.631 [main] DEBUG org.testcontainers.containers.output.WaitingConsumer - STDOUT:   File "/opt/code/localstack/.venv/lib/python3.11/site-packages/urllib3/util/util.py", line 38, in reraise
14:08:59.631 [main] DEBUG org.testcontainers.containers.output.WaitingConsumer - STDOUT:           ^^^^^^^^^^^^^^^^^^^^^^^^^^^^^^^^^^^^^^^^
14:08:59.631 [main] DEBUG org.testcontainers.containers.output.WaitingConsumer - STDOUT:     raise reraise(type(error), error, _stacktrace)
14:08:59.631 [main] DEBUG org.testcontainers.containers.output.WaitingConsumer - STDOUT:   File "/opt/code/localstack/.venv/lib/python3.11/site-packages/urllib3/util/retry.py", line 470, in increment
14:08:59.631 [main] DEBUG org.testcontainers.containers.output.WaitingConsumer - STDOUT:               ^^^^^^^^^^^^^^^^^^
14:08:59.632 [main] DEBUG org.testcontainers.containers.output.WaitingConsumer - STDOUT:     retries = retries.increment(
14:08:59.632 [main] DEBUG org.testcontainers.containers.output.WaitingConsumer - STDOUT:   File "/opt/code/localstack/.venv/lib/python3.11/site-packages/urllib3/connectionpool.py", line 845, in urlopen
14:08:59.632 [main] DEBUG org.testcontainers.containers.output.WaitingConsumer - STDOUT:            ^^^^^^^^^^^^^
14:08:59.632 [main] DEBUG org.testcontainers.containers.output.WaitingConsumer - STDOUT:     resp = conn.urlopen(
14:08:59.632 [main] DEBUG org.testcontainers.containers.output.WaitingConsumer - STDOUT:   File "/opt/code/localstack/.venv/lib/python3.11/site-packages/requests/adapters.py", line 486, in send
14:08:59.632 [main] DEBUG org.testcontainers.containers.output.WaitingConsumer - STDOUT: Traceback (most recent call last):
14:08:59.632 [main] DEBUG org.testcontainers.containers.output.WaitingConsumer - STDOUT: 
14:08:59.632 [main] DEBUG org.testcontainers.containers.output.WaitingConsumer - STDOUT: During handling of the above exception, another exception occurred:
14:08:59.632 [main] DEBUG org.testcontainers.containers.output.WaitingConsumer - STDOUT: 
14:08:59.632 [main] DEBUG org.testcontainers.containers.output.WaitingConsumer - STDOUT: ConnectionRefusedError: [Errno 111] Connection refused
14:08:59.632 [main] DEBUG org.testcontainers.containers.output.WaitingConsumer - STDOUT:     sock.connect(self.unix_socket)
14:08:59.632 [main] DEBUG org.testcontainers.containers.output.WaitingConsumer - STDOUT:   File "/opt/code/localstack/.venv/lib/python3.11/site-packages/docker/transport/unixconn.py", line 27, in connect
14:08:59.632 [main] DEBUG org.testcontainers.containers.output.WaitingConsumer - STDOUT:     self.connect()
14:08:59.632 [main] DEBUG org.testcontainers.containers.output.WaitingConsumer - STDOUT:   File "/usr/local/lib/python3.11/http/client.py", line 986, in send
14:08:59.633 [main] DEBUG org.testcontainers.containers.output.WaitingConsumer - STDOUT:     self.send(msg)
14:08:59.633 [main] DEBUG org.testcontainers.containers.output.WaitingConsumer - STDOUT:   File "/usr/local/lib/python3.11/http/client.py", line 1048, in _send_output
14:08:59.633 [main] DEBUG org.testcontainers.containers.output.WaitingConsumer - STDOUT:     self._send_output(message_body, encode_chunked=encode_chunked)
14:08:59.633 [main] DEBUG org.testcontainers.containers.output.WaitingConsumer - STDOUT:   File "/usr/local/lib/python3.11/http/client.py", line 1289, in endheaders
14:08:59.633 [main] DEBUG org.testcontainers.containers.output.WaitingConsumer - STDOUT:     self.endheaders()
14:08:59.633 [main] DEBUG org.testcontainers.containers.output.WaitingConsumer - STDOUT:   File "/opt/code/localstack/.venv/lib/python3.11/site-packages/urllib3/connection.py", line 395, in request
14:08:59.633 [main] DEBUG org.testcontainers.containers.output.WaitingConsumer - STDOUT:     conn.request(
14:08:59.633 [main] DEBUG org.testcontainers.containers.output.WaitingConsumer - STDOUT:   File "/opt/code/localstack/.venv/lib/python3.11/site-packages/urllib3/connectionpool.py", line 497, in _make_request
14:08:59.633 [main] DEBUG org.testcontainers.containers.output.WaitingConsumer - STDOUT:                ^^^^^^^^^^^^^^^^^^^
14:08:59.633 [main] DEBUG org.testcontainers.containers.output.WaitingConsumer - STDOUT:     response = self._make_request(
14:08:59.633 [main] DEBUG org.testcontainers.containers.output.WaitingConsumer - STDOUT:   File "/opt/code/localstack/.venv/lib/python3.11/site-packages/urllib3/connectionpool.py", line 791, in urlopen
14:08:59.633 [main] DEBUG org.testcontainers.containers.output.WaitingConsumer - STDOUT: Traceback (most recent call last):
14:08:59.633 [main] DEBUG org.testcontainers.containers.output.WaitingConsumer - STDOUT: 2024-01-08T13:08:59.621 DEBUG --- [  MainThread] l.u.c.docker_sdk_client    : Creating Docker SDK client failed: Error while fetching server API version: ('Connection aborted.', ConnectionRefusedError(111, 'Connection refused'))
14:08:59.633 [main] DEBUG org.testcontainers.containers.output.WaitingConsumer - STDOUT: docker.errors.DockerException: Error while fetching server API version: ('Connection aborted.', ConnectionRefusedError(111, 'Connection refused'))
14:08:59.634 [main] DEBUG org.testcontainers.containers.output.WaitingConsumer - STDOUT:     raise DockerException(
14:08:59.634 [main] DEBUG org.testcontainers.containers.output.WaitingConsumer - STDOUT:   File "/opt/code/localstack/.venv/lib/python3.11/site-packages/docker/api/client.py", line 221, in _retrieve_server_version
14:08:59.634 [main] DEBUG org.testcontainers.containers.output.WaitingConsumer - STDOUT:                     ^^^^^^^^^^^^^^^^^^^^^^^^^^^^^^^
14:08:59.634 [main] DEBUG org.testcontainers.containers.output.WaitingConsumer - STDOUT:     self._version = self._retrieve_server_version()
14:08:59.634 [main] DEBUG org.testcontainers.containers.output.WaitingConsumer - STDOUT:   File "/opt/code/localstack/.venv/lib/python3.11/site-packages/docker/api/client.py", line 197, in __init__
14:08:59.634 [main] DEBUG org.testcontainers.containers.output.WaitingConsumer - STDOUT:                ^^^^^^^^^^^^^^^^^^^^^^^^^^
14:08:59.634 [docker-java-stream--850894416] DEBUG com.github.dockerjava.zerodep.shaded.org.apache.hc.client5.http.wire - http-outgoing-1 << "1ae5[\r][\n]"
14:08:59.634 [main] DEBUG org.testcontainers.containers.output.WaitingConsumer - STDOUT:     self.api = APIClient(*args, **kwargs)
14:08:59.634 [docker-java-stream--850894416] DEBUG com.github.dockerjava.zerodep.shaded.org.apache.hc.client5.http.wire - http-outgoing-1 << "[0x1][0x0][0x0][0x0][0x0][0x0][0x0][0xffffffe5]2024-01-08T13:08:59.625 DEBUG --- [  MainThread] l.u.c.docker_sdk_client    : Creating Docker SDK client failed: Error while fetching server API version: ('Connection aborted.', ConnectionRefusedError(111, 'Connection refused'))[\n]"
14:08:59.634 [docker-java-stream--850894416] DEBUG com.github.dockerjava.zerodep.shaded.org.apache.hc.client5.http.wire - http-outgoing-1 << "[0x1][0x0][0x0][0x0][0x0][0x0][0x0]#Traceback (most recent call last):[\n]"
14:08:59.634 [main] DEBUG org.testcontainers.containers.output.WaitingConsumer - STDOUT:   File "/opt/code/localstack/.venv/lib/python3.11/site-packages/docker/client.py", line 45, in __init__
14:08:59.634 [docker-java-stream--850894416] DEBUG com.github.dockerjava.zerodep.shaded.org.apache.hc.client5.http.wire - http-outgoing-1 << "[0x1][0x0][0x0][0x0][0x0][0x0][0x0]q  File "/opt/code/localstack/.venv/lib/python3.11/site-packages/urllib3/connectionpool.py", line 791, in urlopen[\n]"
14:08:59.634 [docker-java-stream--850894416] DEBUG com.github.dockerjava.zerodep.shaded.org.apache.hc.client5.http.wire - http-outgoing-1 << "[0x1][0x0][0x0][0x0][0x0][0x0][0x0]#    response = self._make_request([\n]"
14:08:59.634 [docker-java-stream--850894416] DEBUG com.github.dockerjava.zerodep.shaded.org.apache.hc.client5.http.wire - http-outgoing-1 << "[0x1][0x0][0x0][0x0][0x0][0x0][0x0]#               ^^^^^^^^^^^^^^^^^^^[\n]"
14:08:59.634 [main] DEBUG org.testcontainers.containers.output.WaitingConsumer - STDOUT:            ^^^^
14:08:59.634 [docker-java-stream--850894416] DEBUG com.github.dockerjava.zerodep.shaded.org.apache.hc.client5.http.wire - http-outgoing-1 << "[0x1][0x0][0x0][0x0][0x0][0x0][0x0]w  File "/opt/code/localstack/.venv/lib/python3.11/site-packages/urllib3/connectionpool.py", line 497, in _make_request[\n]"
14:08:59.634 [docker-java-stream--850894416] DEBUG com.github.dockerjava.zerodep.shaded.org.apache.hc.client5.http.wire - http-outgoing-1 << "[0x1][0x0][0x0][0x0][0x0][0x0][0x0][0x12]    conn.request([\n]"
14:08:59.634 [docker-java-stream--850894416] DEBUG com.github.dockerjava.zerodep.shaded.org.apache.hc.client5.http.wire - http-outgoing-1 << "[0x1][0x0][0x0][0x0][0x0][0x0][0x0]m  File "/opt/code/localstack/.venv/lib/python3.11/site-packages/urllib3/connection.py", line 395, in request[\n]"
14:08:59.634 [docker-java-stream--850894416] DEBUG com.github.dockerjava.zerodep.shaded.org.apache.hc.client5.http.wire - http-outgoing-1 << "[0x1][0x0][0x0][0x0][0x0][0x0][0x0][0x16]    self.endheaders()[\n]"
14:08:59.634 [docker-java-stream--850894416] DEBUG com.github.dockerjava.zerodep.shaded.org.apache.hc.client5.http.wire - http-outgoing-1 << "[0x1][0x0][0x0][0x0][0x0][0x0][0x0]L  File "/usr/local/lib/python3.11/http/client.py", line 1289, in endheaders[\n]"
14:08:59.634 [docker-java-stream--850894416] DEBUG com.github.dockerjava.zerodep.shaded.org.apache.hc.client5.http.wire - http-outgoing-1 << "[0x1][0x0][0x0][0x0][0x0][0x0][0x0]C    self._send_output(message_body, encode_chunked=encode_chunked)[\n]"
14:08:59.634 [docker-java-stream--850894416] DEBUG com.github.dockerjava.zerodep.shaded.org.apache.hc.client5.http.wire - http-outgoing-1 << "[0x1][0x0][0x0][0x0][0x0][0x0][0x0]N  File "/usr/local/lib/python3.11/http/client.py", line 1048, in _send_output[\n]"
14:08:59.634 [docker-java-stream--850894416] DEBUG com.github.dockerjava.zerodep.shaded.org.apache.hc.client5.http.wire - http-outgoing-1 << "[0x1][0x0][0x0][0x0][0x0][0x0][0x0][0x13]    self.send(msg)[\n]"
14:08:59.634 [docker-java-stream--850894416] DEBUG com.github.dockerjava.zerodep.shaded.org.apache.hc.client5.http.wire - http-outgoing-1 << "[0x1][0x0][0x0][0x0][0x0][0x0][0x0]E  File "/usr/local/lib/python3.11/http/client.py", line 986, in send[\n]"
14:08:59.634 [docker-java-stream--850894416] DEBUG com.github.dockerjava.zerodep.shaded.org.apache.hc.client5.http.wire - http-outgoing-1 << "[0x1][0x0][0x0][0x0][0x0][0x0][0x0][0x13]    self.connect()[\n]"
14:08:59.634 [docker-java-stream--850894416] DEBUG com.github.dockerjava.zerodep.shaded.org.apache.hc.client5.http.wire - http-outgoing-1 << "[0x1][0x0][0x0][0x0][0x0][0x0][0x0]s  File "/opt/code/localstack/.venv/lib/python3.11/site-packages/docker/transport/unixconn.py", line 27, in connect[\n]"
14:08:59.634 [docker-java-stream--850894416] DEBUG com.github.dockerjava.zerodep.shaded.org.apache.hc.client5.http.wire - http-outgoing-1 << "[0x1][0x0][0x0][0x0][0x0][0x0][0x0]#    sock.connect(self.unix_socket)[\n]"
14:08:59.634 [docker-java-stream--850894416] DEBUG com.github.dockerjava.zerodep.shaded.org.apache.hc.client5.http.wire - http-outgoing-1 << "[0x1][0x0][0x0][0x0][0x0][0x0][0x0]7ConnectionRefusedError: [Errno 111] Connection refused[\n]"
14:08:59.634 [docker-java-stream--850894416] DEBUG com.github.dockerjava.zerodep.shaded.org.apache.hc.client5.http.wire - http-outgoing-1 << "[0x1][0x0][0x0][0x0][0x0][0x0][0x0][0x1][\n]"
14:08:59.634 [docker-java-stream--850894416] DEBUG com.github.dockerjava.zerodep.shaded.org.apache.hc.client5.http.wire - http-outgoing-1 << "[0x1][0x0][0x0][0x0][0x0][0x0][0x0]DDuring handling of the above exception, another exception occurred:[\n]"
14:08:59.634 [docker-java-stream--850894416] DEBUG com.github.dockerjava.zerodep.shaded.org.apache.hc.client5.http.wire - http-outgoing-1 << "[0x1][0x0][0x0][0x0][0x0][0x0][0x0][0x1][\n]"
14:08:59.634 [docker-java-stream--850894416] DEBUG com.github.dockerjava.zerodep.shaded.org.apache.hc.client5.http.wire - http-outgoing-1 << "[0x1][0x0][0x0][0x0][0x0][0x0][0x0]#Traceback (most recent call last):[\n]"
14:08:59.634 [docker-java-stream--850894416] DEBUG com.github.dockerjava.zerodep.shaded.org.apache.hc.client5.http.wire - http-outgoing-1 << "[0x1][0x0][0x0][0x0][0x0][0x0][0x0]i  File "/opt/code/localstack/.venv/lib/python3.11/site-packages/requests/adapters.py", line 486, in send[\n]"
14:08:59.634 [docker-java-stream--850894416] DEBUG com.github.dockerjava.zerodep.shaded.org.apache.hc.client5.http.wire - http-outgoing-1 << "[0x1][0x0][0x0][0x0][0x0][0x0][0x0][0x19]    resp = conn.urlopen([\n]"
14:08:59.634 [docker-java-stream--850894416] DEBUG com.github.dockerjava.zerodep.shaded.org.apache.hc.client5.http.wire - http-outgoing-1 << "[0x1][0x0][0x0][0x0][0x0][0x0][0x0][0x19]           ^^^^^^^^^^^^^[\n]"
14:08:59.634 [docker-java-stream--850894416] DEBUG com.github.dockerjava.zerodep.shaded.org.apache.hc.client5.http.wire - http-outgoing-1 << "[0x1][0x0][0x0][0x0][0x0][0x0][0x0]q  File "/opt/code/localstack/.venv/lib/python3.11/site-packages/urllib3/connectionpool.py", line 845, in urlopen[\n]"
14:08:59.634 [docker-java-stream--850894416] DEBUG com.github.dockerjava.zerodep.shaded.org.apache.hc.client5.http.wire - http-outgoing-1 << "[0x1][0x0][0x0][0x0][0x0][0x0][0x0]!    retries = retries.increment([\n]"
14:08:59.634 [docker-java-stream--850894416] DEBUG com.github.dockerjava.zerodep.shaded.org.apache.hc.client5.http.wire - http-outgoing-1 << "[0x1][0x0][0x0][0x0][0x0][0x0][0x0]!              ^^^^^^^^^^^^^^^^^^[\n]"
14:08:59.634 [docker-java-stream--850894416] DEBUG com.github.dockerjava.zerodep.shaded.org.apache.hc.client5.http.wire - http-outgoing-1 << "[0x1][0x0][0x0][0x0][0x0][0x0][0x0]o  File "/opt/code/localstack/.venv/lib/python3.11/site-packages/urllib3/util/retry.py", line 470, in increment[\n]"
14:08:59.634 [docker-java-stream--850894416] DEBUG com.github.dockerjava.zerodep.shaded.org.apache.hc.client5.http.wire - http-outgoing-1 << "[0x1][0x0][0x0][0x0][0x0][0x0][0x0]3    raise reraise(type(error), error, _stacktrace)[\n]"
14:08:59.634 [docker-java-stream--850894416] DEBUG com.github.dockerjava.zerodep.shaded.org.apache.hc.client5.http.wire - http-outgoing-1 << "[0x1][0x0][0x0][0x0][0x0][0x0][0x0]3          ^^^^^^^^^^^^^^^^^^^^^^^^^^^^^^^^^^^^^^^^[\n]"
14:08:59.634 [docker-java-stream--850894416] DEBUG com.github.dockerjava.zerodep.shaded.org.apache.hc.client5.http.wire - http-outgoing-1 << "[0x1][0x0][0x0][0x0][0x0][0x0][0x0]k  File "/opt/code/localstack/.venv/lib/python3.11/site-packages/urllib3/util/util.py", line 38, in reraise[\n]"
14:08:59.634 [docker-java-stream--850894416] DEBUG com.github.dockerjava.zerodep.shaded.org.apache.hc.client5.http.wire - http-outgoing-1 << "[0x1][0x0][0x0][0x0][0x0][0x0][0x0]#    raise value.with_traceback(tb)[\n]"
14:08:59.635 [docker-java-stream--850894416] DEBUG com.github.dockerjava.zerodep.shaded.org.apache.hc.client5.http.wire - http-outgoing-1 << "[0x1][0x0][0x0][0x0][0x0][0x0][0x0]q  File "/opt/code/localstack/.venv/lib/python3.11/site-packages/urllib3/connectionpool.py", line 791, in urlopen[\n]"
14:08:59.634 [main] DEBUG org.testcontainers.containers.output.WaitingConsumer - STDOUT:     return cls(
14:08:59.635 [docker-java-stream--850894416] DEBUG com.github.dockerjava.zerodep.shaded.org.apache.hc.client5.http.wire - http-outgoing-1 << "[0x1][0x0][0x0][0x0][0x0][0x0][0x0]#    response = self._make_request([\n]"
14:08:59.635 [docker-java-stream--850894416] DEBUG com.github.dockerjava.zerodep.shaded.org.apache.hc.client5.http.wire - http-outgoing-1 << "[0x1][0x0][0x0][0x0][0x0][0x0][0x0]#               ^^^^^^^^^^^^^^^^^^^[\n]"
14:08:59.635 [docker-java-stream--850894416] DEBUG com.github.dockerjava.zerodep.shaded.org.apache.hc.client5.http.wire - http-outgoing-1 << "[0x1][0x0][0x0][0x0][0x0][0x0][0x0]w  File "/opt/code/localstack/.venv/lib/python3.11/site-packages/urllib3/connectionpool.py", line 497, in _make_request[\n]"
14:08:59.635 [docker-java-stream--850894416] DEBUG com.github.dockerjava.zerodep.shaded.org.apache.hc.client5.http.wire - http-outgoing-1 << "[0x1][0x0][0x0][0x0][0x0][0x0][0x0][0x12]    conn.request([\n]"
14:08:59.635 [docker-java-stream--850894416] DEBUG com.github.dockerjava.zerodep.shaded.org.apache.hc.client5.http.wire - http-outgoing-1 << "[0x1][0x0][0x0][0x0][0x0][0x0][0x0]m  File "/opt/code/localstack/.venv/lib/python3.11/site-packages/urllib3/connection.py", line 395, in request[\n]"
14:08:59.635 [docker-java-stream--850894416] DEBUG com.github.dockerjava.zerodep.shaded.org.apache.hc.client5.http.wire - http-outgoing-1 << "[0x1][0x0][0x0][0x0][0x0][0x0][0x0][0x16]    self.endheaders()[\n]"
14:08:59.635 [docker-java-stream--850894416] DEBUG com.github.dockerjava.zerodep.shaded.org.apache.hc.client5.http.wire - http-outgoing-1 << "[0x1][0x0][0x0][0x0][0x0][0x0][0x0]L  File "/usr/local/lib/python3.11/http/client.py", line 1289, in endheaders[\n]"
14:08:59.635 [main] DEBUG org.testcontainers.containers.output.WaitingConsumer - STDOUT:   File "/opt/code/localstack/.venv/lib/python3.11/site-packages/docker/client.py", line 96, in from_env
14:08:59.635 [docker-java-stream--850894416] DEBUG com.github.dockerjava.zerodep.shaded.org.apache.hc.client5.http.wire - http-outgoing-1 << "[0x1][0x0][0x0][0x0][0x0][0x0][0x0]C    self._send_output(message_body, encode_chunked=encode_chunked)[\n]"
14:08:59.635 [docker-java-stream--850894416] DEBUG com.github.dockerjava.zerodep.shaded.org.apache.hc.client5.http.wire - http-outgoing-1 << "[0x1][0x0][0x0][0x0][0x0][0x0][0x0]N  File "/usr/local/lib/python3.11/http/client.py", line 1048, in _send_output[\n]"
14:08:59.635 [docker-java-stream--850894416] DEBUG com.github.dockerjava.zerodep.shaded.org.apache.hc.client5.http.wire - http-outgoing-1 << "[0x1][0x0][0x0][0x0][0x0][0x0][0x0][0x13]    self.send(msg)[\n]"
14:08:59.635 [docker-java-stream--850894416] DEBUG com.github.dockerjava.zerodep.shaded.org.apache.hc.client5.http.wire - http-outgoing-1 << "[0x1][0x0][0x0][0x0][0x0][0x0][0x0]E  File "/usr/local/lib/python3.11/http/client.py", line 986, in send[\n]"
14:08:59.635 [main] DEBUG org.testcontainers.containers.output.WaitingConsumer - STDOUT:            ^^^^^^^^^^^^^^^^^^^^^^^^^^^^^^^^^^^^^^^^^^^^^^^^^^^^^^^^^^^
14:08:59.635 [docker-java-stream--850894416] DEBUG com.github.dockerjava.zerodep.shaded.org.apache.hc.client5.http.wire - http-outgoing-1 << "[0x1][0x0][0x0][0x0][0x0][0x0][0x0][0x13]    self.connect()[\n]"
14:08:59.635 [docker-java-stream--850894416] DEBUG com.github.dockerjava.zerodep.shaded.org.apache.hc.client5.http.wire - http-outgoing-1 << "[0x1][0x0][0x0][0x0][0x0][0x0][0x0]s  File "/opt/code/localstack/.venv/lib/python3.11/site-packages/docker/transport/unixconn.py", line 27, in connect[\n]"
14:08:59.635 [docker-java-stream--850894416] DEBUG com.github.dockerjava.zerodep.shaded.org.apache.hc.client5.http.wire - http-outgoing-1 << "[0x1][0x0][0x0][0x0][0x0][0x0][0x0]#    sock.connect(self.unix_socket)[\n]"
14:08:59.635 [main] DEBUG org.testcontainers.containers.output.WaitingConsumer - STDOUT:     return docker.from_env(timeout=DOCKER_SDK_DEFAULT_TIMEOUT_SECONDS)
14:08:59.635 [docker-java-stream--850894416] DEBUG com.github.dockerjava.zerodep.shaded.org.apache.hc.client5.http.wire - http-outgoing-1 << "[0x1][0x0][0x0][0x0][0x0][0x0][0x0]murllib3.exceptions.ProtocolError: ('Connection aborted.', ConnectionRefusedError(111, 'Connection refused'))[\n]"
14:08:59.635 [docker-java-stream--850894416] DEBUG com.github.dockerjava.zerodep.shaded.org.apache.hc.client5.http.wire - http-outgoing-1 << "[0x1][0x0][0x0][0x0][0x0][0x0][0x0][0x1][\n]"
14:08:59.635 [main] DEBUG org.testcontainers.containers.output.WaitingConsumer - STDOUT:   File "/opt/code/localstack/.venv/lib/python3.11/site-packages/localstack/utils/container_utils/docker_sdk_client.py", line 76, in _create_client
14:08:59.635 [docker-java-stream--850894416] DEBUG com.github.dockerjava.zerodep.shaded.org.apache.hc.client5.http.wire - http-outgoing-1 << "[0x1][0x0][0x0][0x0][0x0][0x0][0x0]DDuring handling of the above exception, another exception occurred:[\n]"
14:08:59.635 [docker-java-stream--850894416] DEBUG com.github.dockerjava.zerodep.shaded.org.apache.hc.client5.http.wire - http-outgoing-1 << "[0x1][0x0][0x0][0x0][0x0][0x0][0x0][0x1][\n]"
14:08:59.635 [docker-java-stream--850894416] DEBUG com.github.dockerjava.zerodep.shaded.org.apache.hc.client5.http.wire - http-outgoing-1 << "[0x1][0x0][0x0][0x0][0x0][0x0][0x0]#Traceback (most recent call last):[\n]"
14:08:59.635 [main] DEBUG org.testcontainers.containers.output.WaitingConsumer - STDOUT: Traceback (most recent call last):
14:08:59.635 [docker-java-stream--850894416] DEBUG com.github.dockerjava.zerodep.shaded.org.apache.hc.client5.http.wire - http-outgoing-1 << "[0x1][0x0][0x0][0x0][0x0][0x0][0x0]}  File "/opt/code/localstack/.venv/lib/python3.11/site-packages/docker/api/client.py", line 214, in _retrieve_server_version[\n]"
14:08:59.635 [docker-java-stream--850894416] DEBUG com.github.dockerjava.zerodep.shaded.org.apache.hc.client5.http.wire - http-outgoing-1 << "[0x1][0x0][0x0][0x0][0x0][0x0][0x0]9    return self.version(api_version=False)["ApiVersion"][\n]"
14:08:59.635 [docker-java-stream--850894416] DEBUG com.github.dockerjava.zerodep.shaded.org.apache.hc.client5.http.wire - http-outgoing-1 << "[0x1][0x0][0x0][0x0][0x0][0x0][0x0]+           ^^^^^^^^^^^^^^^^^^^^^^^^^^^^^^^[\n]"
14:08:59.635 [docker-java-stream--850894416] DEBUG com.github.dockerjava.zerodep.shaded.org.apache.hc.client5.http.wire - http-outgoing-1 << "[0x1][0x0][0x0][0x0][0x0][0x0][0x0]l  File "/opt/code/localstack/.venv/lib/python3.11/site-packages/docker/api/daemon.py", line 181, in version[\n]"
14:08:59.635 [docker-java-stream--850894416] DEBUG com.github.dockerjava.zerodep.shaded.org.apache.hc.client5.http.wire - http-outgoing-1 << "[0x1][0x0][0x0][0x0][0x0][0x0][0x0]3    return self._result(self._get(url), json=True)[\n]"
14:08:59.635 [docker-java-stream--850894416] DEBUG com.github.dockerjava.zerodep.shaded.org.apache.hc.client5.http.wire - http-outgoing-1 << "[0x1][0x0][0x0][0x0][0x0][0x0][0x0]'                        ^^^^^^^^^^^^^^[\n]"
14:08:59.635 [docker-java-stream--850894416] DEBUG com.github.dockerjava.zerodep.shaded.org.apache.hc.client5.http.wire - http-outgoing-1 << "[0x1][0x0][0x0][0x0][0x0][0x0][0x0]o  File "/opt/code/localstack/.venv/lib/python3.11/site-packages/docker/utils/decorators.py", line 46, in inner[\n]"
14:08:59.635 [docker-java-stream--850894416] DEBUG com.github.dockerjava.zerodep.shaded.org.apache.hc.client5.http.wire - http-outgoing-1 << "[0x1][0x0][0x0][0x0][0x0][0x0][0x0]$    return f(self, *args, **kwargs)[\n]"
14:08:59.635 [docker-java-stream--850894416] DEBUG com.github.dockerjava.zerodep.shaded.org.apache.hc.client5.http.wire - http-outgoing-1 << "[0x1][0x0][0x0][0x0][0x0][0x0][0x0]$           ^^^^^^^^^^^^^^^^^^^^^^^^[\n]"
14:08:59.635 [docker-java-stream--850894416] DEBUG com.github.dockerjava.zerodep.shaded.org.apache.hc.client5.http.wire - http-outgoing-1 << "[0x1][0x0][0x0][0x0][0x0][0x0][0x0]i  File "/opt/code/localstack/.venv/lib/python3.11/site-packages/docker/api/client.py", line 237, in _get[\n]"
14:08:59.635 [docker-java-stream--850894416] DEBUG com.github.dockerjava.zerodep.shaded.org.apache.hc.client5.http.wire - http-outgoing-1 << "[0x1][0x0][0x0][0x0][0x0][0x0][0x0]>    return self.get(url, **self._set_request_timeout(kwargs))[\n]"
14:08:59.635 [docker-java-stream--850894416] DEBUG com.github.dockerjava.zerodep.shaded.org.apache.hc.client5.http.wire - http-outgoing-1 << "[0x1][0x0][0x0][0x0][0x0][0x0][0x0]>           ^^^^^^^^^^^^^^^^^^^^^^^^^^^^^^^^^^^^^^^^^^^^^^^^^^[\n]"
14:08:59.635 [main] DEBUG org.testcontainers.containers.output.WaitingConsumer - STDOUT: 
14:08:59.635 [docker-java-stream--850894416] DEBUG com.github.dockerjava.zerodep.shaded.org.apache.hc.client5.http.wire - http-outgoing-1 << "[0x1][0x0][0x0][0x0][0x0][0x0][0x0]h  File "/opt/code/localstack/.venv/lib/python3.11/site-packages/requests/sessions.py", line 602, in get[\n]"
14:08:59.635 [docker-java-stream--850894416] DEBUG com.github.dockerjava.zerodep.shaded.org.apache.hc.client5.http.wire - http-outgoing-1 << "[0x1][0x0][0x0][0x0][0x0][0x0][0x0].    return self.request("GET", url, **kwargs)[\n]"
14:08:59.635 [docker-java-stream--850894416] DEBUG com.github.dockerjava.zerodep.shaded.org.apache.hc.client5.http.wire - http-outgoing-1 << "[0x1][0x0][0x0][0x0][0x0][0x0][0x0].           ^^^^^^^^^^^^^^^^^^^^^^^^^^^^^^^^^^[\n]"
14:08:59.635 [docker-java-stream--850894416] DEBUG com.github.dockerjava.zerodep.shaded.org.apache.hc.client5.http.wire - http-outgoing-1 << "[0x1][0x0][0x0][0x0][0x0][0x0][0x0]l  File "/opt/code/localstack/.venv/lib/python3.11/site-packages/requests/sessions.py", line 589, in request[\n]"
14:08:59.635 [docker-java-stream--850894416] DEBUG com.github.dockerjava.zerodep.shaded.org.apache.hc.client5.http.wire - http-outgoing-1 << "[0x1][0x0][0x0][0x0][0x0][0x0][0x0]*    resp = self.send(prep, **send_kwargs)[\n]"
14:08:59.635 [docker-java-stream--850894416] DEBUG com.github.dockerjava.zerodep.shaded.org.apache.hc.client5.http.wire - http-outgoing-1 << "[0x1][0x0][0x0][0x0][0x0][0x0][0x0]*           ^^^^^^^^^^^^^^^^^^^^^^^^^^^^^^[\n]"
14:08:59.635 [docker-java-stream--850894416] DEBUG com.github.dockerjava.zerodep.shaded.org.apache.hc.client5.http.wire - http-outgoing-1 << "[0x1][0x0][0x0][0x0][0x0][0x0][0x0]i  File "/opt/code/localstack/.venv/lib/python3.11/site-packages/requests/sessions.py", line 703, in send[\n]"
14:08:59.635 [docker-java-stream--850894416] DEBUG com.github.dockerjava.zerodep.shaded.org.apache.hc.client5.http.wire - http-outgoing-1 << "[0x1][0x0][0x0][0x0][0x0][0x0][0x0](    r = adapter.send(request, **kwargs)[\n]"
14:08:59.635 [docker-java-stream--850894416] DEBUG com.github.dockerjava.zerodep.shaded.org.apache.hc.client5.http.wire - http-outgoing-1 << "[0x1][0x0][0x0][0x0][0x0][0x0][0x0](        ^^^^^^^^^^^^^^^^^^^^^^^^^^^^^^^[\n]"
14:08:59.635 [docker-java-stream--850894416] DEBUG com.github.dockerjava.zerodep.shaded.org.apache.hc.client5.http.wire - http-outgoing-1 << "[0x1][0x0][0x0][0x0][0x0][0x0][0x0]i  File "/opt/code/localstack/.venv/lib/python3.11/site-packages/requests/adapters.py", line 501, in send[\n]"
14:08:59.635 [docker-java-stream--850894416] DEBUG com.github.dockerjava.zerodep.shaded.org.apache.hc.client5.http.wire - http-outgoing-1 << "[0x1][0x0][0x0][0x0][0x0][0x0][0x0]0    raise ConnectionError(err, request=request)[\n]"
14:08:59.635 [docker-java-stream--850894416] DEBUG com.github.dockerjava.zerodep.shaded.org.apache.hc.client5.http.wire - http-outgoing-1 << "[0x1][0x0][0x0][0x0][0x0][0x0][0x0]prequests.exceptions.ConnectionError: ('Connection aborted.', ConnectionRefusedError(111, 'Connection refused'))[\n]"
14:08:59.635 [docker-java-stream--850894416] DEBUG com.github.dockerjava.zerodep.shaded.org.apache.hc.client5.http.wire - http-outgoing-1 << "[0x1][0x0][0x0][0x0][0x0][0x0][0x0][0x1][\n]"
14:08:59.635 [docker-java-stream--850894416] DEBUG com.github.dockerjava.zerodep.shaded.org.apache.hc.client5.http.wire - http-outgoing-1 << "[0x1][0x0][0x0][0x0][0x0][0x0][0x0]DDuring handling of the above exception, another exception occurred:[\n]"
14:08:59.635 [docker-java-stream--850894416] DEBUG com.github.dockerjava.zerodep.shaded.org.apache.hc.client5.http.wire - http-outgoing-1 << "[0x1][0x0][0x0][0x0][0x0][0x0][0x0][0x1][\n]"
14:08:59.635 [docker-java-stream--850894416] DEBUG com.github.dockerjava.zerodep.shaded.org.apache.hc.client5.http.wire - http-outgoing-1 << "[0x1][0x0][0x0][0x0][0x0][0x0][0x0]#Traceback (most recent call last):[\n]"
14:08:59.635 [docker-java-stream--850894416] DEBUG com.github.dockerjava.zerodep.shaded.org.apache.hc.client5.http.wire - http-outgoing-1 << "[0x1][0x0][0x0][0x0][0x0][0x0][0x0][0xffffff93]  File "/opt/code/localstack/.venv/lib/python3.11/site-packages/localstack/utils/container_utils/docker_sdk_client.py", line 76, in _create_client[\n]"
14:08:59.635 [docker-java-stream--850894416] DEBUG com.github.dockerjava.zerodep.shaded.org.apache.hc.client5.http.wire - http-outgoing-1 << "[0x1][0x0][0x0][0x0][0x0][0x0][0x0]G    return docker.from_env(timeout=DOCKER_SDK_DEFAULT_TIMEOUT_SECONDS)[\n]"
14:08:59.635 [docker-java-stream--850894416] DEBUG com.github.dockerjava.zerodep.shaded.org.apache.hc.client5.http.wire - http-outgoing-1 << "[0x1][0x0][0x0][0x0][0x0][0x0][0x0]G           ^^^^^^^^^^^^^^^^^^^^^^^^^^^^^^^^^^^^^^^^^^^^^^^^^^^^^^^^^^^[\n]"
14:08:59.635 [docker-java-stream--850894416] DEBUG com.github.dockerjava.zerodep.shaded.org.apache.hc.client5.http.wire - http-outgoing-1 << "[0x1][0x0][0x0][0x0][0x0][0x0][0x0]h  File "/opt/code/localstack/.venv/lib/python3.11/site-packages/docker/client.py", line 96, in from_env[\n]"
14:08:59.635 [docker-java-stream--850894416] DEBUG com.github.dockerjava.zerodep.shaded.org.apache.hc.client5.http.wire - http-outgoing-1 << "[0x1][0x0][0x0][0x0][0x0][0x0][0x0][0x10]    return cls([\n]"
14:08:59.635 [docker-java-stream--850894416] DEBUG com.github.dockerjava.zerodep.shaded.org.apache.hc.client5.http.wire - http-outgoing-1 << "[0x1][0x0][0x0][0x0][0x0][0x0][0x0][0x10]           ^^^^[\n]"
14:08:59.635 [docker-java-stream--850894416] DEBUG com.github.dockerjava.zerodep.shaded.org.apache.hc.client5.http.wire - http-outgoing-1 << "[0x1][0x0][0x0][0x0][0x0][0x0][0x0]h  File "/opt/code/localstack/.venv/lib/python3.11/site-packages/docker/client.py", line 45, in __init__[\n]"
14:08:59.635 [docker-java-stream--850894416] DEBUG com.github.dockerjava.zerodep.shaded.org.apache.hc.client5.http.wire - http-outgoing-1 << "[0x1][0x0][0x0][0x0][0x0][0x0][0x0]*    self.api = APIClient(*args, **kwargs)[\n]"
14:08:59.635 [docker-java-stream--850894416] DEBUG com.github.dockerjava.zerodep.shaded.org.apache.hc.client5.http.wire - http-outgoing-1 << "[0x1][0x0][0x0][0x0][0x0][0x0][0x0]*               ^^^^^^^^^^^^^^^^^^^^^^^^^^[\n]"
14:08:59.635 [docker-java-stream--850894416] DEBUG com.github.dockerjava.zerodep.shaded.org.apache.hc.client5.http.wire - http-outgoing-1 << "[0x1][0x0][0x0][0x0][0x0][0x0][0x0]m  File "/opt/code/localstack/.venv/lib/python3.11/site-packages/docker/api/client.py", line 197, in __init__[\n]"
14:08:59.635 [docker-java-stream--850894416] DEBUG com.github.dockerjava.zerodep.shaded.org.apache.hc.client5.http.wire - http-outgoing-1 << "[0x1][0x0][0x0][0x0][0x0][0x0][0x0]4    self._version = self._retrieve_server_version()[\n]"
14:08:59.635 [docker-java-stream--850894416] DEBUG com.github.dockerjava.zerodep.shaded.org.apache.hc.client5.http.wire - http-outgoing-1 << "[0x1][0x0][0x0][0x0][0x0][0x0][0x0]4                    ^^^^^^^^^^^^^^^^^^^^^^^^^^^^^^^[\n]"
14:08:59.635 [docker-java-stream--850894416] DEBUG com.github.dockerjava.zerodep.shaded.org.apache.hc.client5.http.wire - http-outgoing-1 << "[0x1][0x0][0x0][0x0][0x0][0x0][0x0]}  File "/opt/code/localstack/.venv/lib/python3.11/site-packages/docker/api/client.py", line 221, in _retrieve_server_version[\n]"
14:08:59.635 [docker-java-stream--850894416] DEBUG com.github.dockerjava.zerodep.shaded.org.apache.hc.client5.http.wire - http-outgoing-1 << "[0x1][0x0][0x0][0x0][0x0][0x0][0x0][0x1b]    raise DockerException([\n]"
14:08:59.635 [docker-java-stream--850894416] DEBUG com.github.dockerjava.zerodep.shaded.org.apache.hc.client5.http.wire - http-outgoing-1 << "[0x1][0x0][0x0][0x0][0x0][0x0][0x0][0xffffff93]docker.errors.DockerException: Error while fetching server API version: ('Connection aborted.', ConnectionRefusedError(111, 'Connection refused'))[\n]"
14:08:59.635 [docker-java-stream--850894416] DEBUG com.github.dockerjava.zerodep.shaded.org.apache.hc.client5.http.wire - http-outgoing-1 << "[0x1][0x0][0x0][0x0][0x0][0x0][0x0][0x15]Docker not available[\n]"
14:08:59.635 [docker-java-stream--850894416] DEBUG com.github.dockerjava.zerodep.shaded.org.apache.hc.client5.http.wire - http-outgoing-1 << "[\r][\n]"
14:08:59.635 [main] DEBUG org.testcontainers.containers.output.WaitingConsumer - STDOUT: During handling of the above exception, another exception occurred:
14:08:59.635 [main] DEBUG org.testcontainers.containers.output.WaitingConsumer - STDOUT: 
14:08:59.635 [main] DEBUG org.testcontainers.containers.output.WaitingConsumer - STDOUT:   File "/opt/code/localstack/.venv/lib/python3.11/site-packages/urllib3/connectionpool.py", line 791, in urlopen
14:08:59.635 [main] DEBUG org.testcontainers.containers.output.WaitingConsumer - STDOUT:   File "/usr/local/lib/python3.11/http/client.py", line 1048, in _send_output
14:08:59.635 [main] DEBUG org.testcontainers.containers.output.WaitingConsumer - STDOUT: ConnectionRefusedError: [Errno 111] Connection refused
14:08:59.635 [main] DEBUG org.testcontainers.containers.output.WaitingConsumer - STDOUT:            ^^^^^^^^^^^^^
14:08:59.635 [main] DEBUG org.testcontainers.containers.output.WaitingConsumer - STDOUT:           ^^^^^^^^^^^^^^^^^^^^^^^^^^^^^^^^^^^^^^^^
14:08:59.636 [main] DEBUG org.testcontainers.containers.output.WaitingConsumer - STDOUT:   File "/opt/code/localstack/.venv/lib/python3.11/site-packages/urllib3/connectionpool.py", line 497, in _make_request
14:08:59.636 [main] DEBUG org.testcontainers.containers.output.WaitingConsumer - STDOUT:            ^^^^^^^^^^^^^^^^^^^^^^^^^^^^^^^
14:08:59.636 [main] DEBUG org.testcontainers.containers.output.WaitingConsumer - STDOUT:            ^^^^^^^^^^^^^^^^^^^^^^^^
14:08:59.636 [main] DEBUG org.testcontainers.containers.output.WaitingConsumer - STDOUT:     return self.request("GET", url, **kwargs)
14:08:59.636 [main] DEBUG org.testcontainers.containers.output.WaitingConsumer - STDOUT:            ^^^^^^^^^^^^^^^^^^^^^^^^^^^^^^
14:08:59.636 [main] DEBUG org.testcontainers.containers.output.WaitingConsumer - STDOUT:     resp = self.send(prep, **send_kwargs)
14:08:59.636 [main] DEBUG org.testcontainers.containers.output.WaitingConsumer - STDOUT:   File "/opt/code/localstack/.venv/lib/python3.11/site-packages/requests/sessions.py", line 589, in request
14:08:59.636 [main] DEBUG org.testcontainers.containers.output.WaitingConsumer - STDOUT:         ^^^^^^^^^^^^^^^^^^^^^^^^^^^^^^^
14:08:59.636 [main] DEBUG org.testcontainers.containers.output.WaitingConsumer - STDOUT:     raise ConnectionError(err, request=request)
14:08:59.636 [main] DEBUG org.testcontainers.containers.output.WaitingConsumer - STDOUT: Traceback (most recent call last):
14:08:59.636 [main] DEBUG org.testcontainers.containers.output.WaitingConsumer - STDOUT:   File "/opt/code/localstack/.venv/lib/python3.11/site-packages/docker/client.py", line 96, in from_env
14:08:59.636 [main] DEBUG org.testcontainers.containers.output.WaitingConsumer - STDOUT:                ^^^^^^^^^^^^^^^^^^^^^^^^^^
14:08:59.636 [main] DEBUG org.testcontainers.containers.output.WaitingConsumer - STDOUT:                     ^^^^^^^^^^^^^^^^^^^^^^^^^^^^^^^
14:08:59.636 [main] DEBUG org.testcontainers.containers.output.WaitingConsumer - STDOUT: Docker not available
14:08:59.636 [main] DEBUG org.testcontainers.containers.output.WaitingConsumer - STDOUT: docker.errors.DockerException: Error while fetching server API version: ('Connection aborted.', ConnectionRefusedError(111, 'Connection refused'))
14:08:59.636 [main] DEBUG org.testcontainers.containers.output.WaitingConsumer - STDOUT:     raise DockerException(
14:08:59.636 [main] DEBUG org.testcontainers.containers.output.WaitingConsumer - STDOUT:   File "/opt/code/localstack/.venv/lib/python3.11/site-packages/docker/api/client.py", line 221, in _retrieve_server_version
14:08:59.636 [main] DEBUG org.testcontainers.containers.output.WaitingConsumer - STDOUT:     self._version = self._retrieve_server_version()
14:08:59.636 [main] DEBUG org.testcontainers.containers.output.WaitingConsumer - STDOUT:   File "/opt/code/localstack/.venv/lib/python3.11/site-packages/docker/api/client.py", line 197, in __init__
14:08:59.636 [main] DEBUG org.testcontainers.containers.output.WaitingConsumer - STDOUT:     self.api = APIClient(*args, **kwargs)
14:08:59.636 [main] DEBUG org.testcontainers.containers.output.WaitingConsumer - STDOUT:   File "/opt/code/localstack/.venv/lib/python3.11/site-packages/docker/client.py", line 45, in __init__
14:08:59.636 [main] DEBUG org.testcontainers.containers.output.WaitingConsumer - STDOUT:            ^^^^
14:08:59.636 [main] DEBUG org.testcontainers.containers.output.WaitingConsumer - STDOUT:     return cls(
14:08:59.636 [main] DEBUG org.testcontainers.containers.output.WaitingConsumer - STDOUT:            ^^^^^^^^^^^^^^^^^^^^^^^^^^^^^^^^^^^^^^^^^^^^^^^^^^^^^^^^^^^
14:08:59.636 [main] DEBUG org.testcontainers.containers.output.WaitingConsumer - STDOUT:     return docker.from_env(timeout=DOCKER_SDK_DEFAULT_TIMEOUT_SECONDS)
14:08:59.636 [main] DEBUG org.testcontainers.containers.output.WaitingConsumer - STDOUT:   File "/opt/code/localstack/.venv/lib/python3.11/site-packages/localstack/utils/container_utils/docker_sdk_client.py", line 76, in _create_client
14:08:59.636 [main] DEBUG org.testcontainers.containers.output.WaitingConsumer - STDOUT: 
14:08:59.636 [main] DEBUG org.testcontainers.containers.output.WaitingConsumer - STDOUT: During handling of the above exception, another exception occurred:
14:08:59.636 [main] DEBUG org.testcontainers.containers.output.WaitingConsumer - STDOUT: 
14:08:59.636 [main] DEBUG org.testcontainers.containers.output.WaitingConsumer - STDOUT: requests.exceptions.ConnectionError: ('Connection aborted.', ConnectionRefusedError(111, 'Connection refused'))
14:08:59.636 [main] DEBUG org.testcontainers.containers.output.WaitingConsumer - STDOUT:   File "/opt/code/localstack/.venv/lib/python3.11/site-packages/requests/adapters.py", line 501, in send
14:08:59.636 [main] DEBUG org.testcontainers.containers.output.WaitingConsumer - STDOUT:     r = adapter.send(request, **kwargs)
14:08:59.637 [main] DEBUG org.testcontainers.containers.output.WaitingConsumer - STDOUT:   File "/opt/code/localstack/.venv/lib/python3.11/site-packages/requests/sessions.py", line 703, in send
14:08:59.637 [main] DEBUG org.testcontainers.containers.output.WaitingConsumer - STDOUT:            ^^^^^^^^^^^^^^^^^^^^^^^^^^^^^^^^^^
14:08:59.637 [main] DEBUG org.testcontainers.containers.output.WaitingConsumer - STDOUT:   File "/opt/code/localstack/.venv/lib/python3.11/site-packages/requests/sessions.py", line 602, in get
14:08:59.637 [main] DEBUG org.testcontainers.containers.output.WaitingConsumer - STDOUT:            ^^^^^^^^^^^^^^^^^^^^^^^^^^^^^^^^^^^^^^^^^^^^^^^^^^
14:08:59.637 [main] DEBUG org.testcontainers.containers.output.WaitingConsumer - STDOUT:     return self.get(url, **self._set_request_timeout(kwargs))
14:08:59.637 [main] DEBUG org.testcontainers.containers.output.WaitingConsumer - STDOUT:   File "/opt/code/localstack/.venv/lib/python3.11/site-packages/docker/api/client.py", line 237, in _get
14:08:59.637 [main] DEBUG org.testcontainers.containers.output.WaitingConsumer - STDOUT:     return f(self, *args, **kwargs)
14:08:59.637 [main] DEBUG org.testcontainers.containers.output.WaitingConsumer - STDOUT:   File "/opt/code/localstack/.venv/lib/python3.11/site-packages/docker/utils/decorators.py", line 46, in inner
14:08:59.637 [main] DEBUG org.testcontainers.containers.output.WaitingConsumer - STDOUT:                         ^^^^^^^^^^^^^^
14:08:59.637 [main] DEBUG org.testcontainers.containers.output.WaitingConsumer - STDOUT:     return self._result(self._get(url), json=True)
14:08:59.637 [main] DEBUG org.testcontainers.containers.output.WaitingConsumer - STDOUT:   File "/opt/code/localstack/.venv/lib/python3.11/site-packages/docker/api/daemon.py", line 181, in version
14:08:59.637 [main] DEBUG org.testcontainers.containers.output.WaitingConsumer - STDOUT:     return self.version(api_version=False)["ApiVersion"]
14:08:59.637 [main] DEBUG org.testcontainers.containers.output.WaitingConsumer - STDOUT:   File "/opt/code/localstack/.venv/lib/python3.11/site-packages/docker/api/client.py", line 214, in _retrieve_server_version
14:08:59.637 [main] DEBUG org.testcontainers.containers.output.WaitingConsumer - STDOUT: Traceback (most recent call last):
14:08:59.637 [main] DEBUG org.testcontainers.containers.output.WaitingConsumer - STDOUT: 
14:08:59.637 [main] DEBUG org.testcontainers.containers.output.WaitingConsumer - STDOUT: During handling of the above exception, another exception occurred:
14:08:59.637 [main] DEBUG org.testcontainers.containers.output.WaitingConsumer - STDOUT: 
14:08:59.637 [main] DEBUG org.testcontainers.containers.output.WaitingConsumer - STDOUT: urllib3.exceptions.ProtocolError: ('Connection aborted.', ConnectionRefusedError(111, 'Connection refused'))
14:08:59.637 [main] DEBUG org.testcontainers.containers.output.WaitingConsumer - STDOUT:     sock.connect(self.unix_socket)
14:08:59.637 [main] DEBUG org.testcontainers.containers.output.WaitingConsumer - STDOUT:   File "/opt/code/localstack/.venv/lib/python3.11/site-packages/docker/transport/unixconn.py", line 27, in connect
14:08:59.637 [main] DEBUG org.testcontainers.containers.output.WaitingConsumer - STDOUT:     self.connect()
14:08:59.637 [main] DEBUG org.testcontainers.containers.output.WaitingConsumer - STDOUT:   File "/usr/local/lib/python3.11/http/client.py", line 986, in send
14:08:59.637 [main] DEBUG org.testcontainers.containers.output.WaitingConsumer - STDOUT:     self.send(msg)
14:08:59.637 [main] DEBUG org.testcontainers.containers.output.WaitingConsumer - STDOUT:   File "/usr/local/lib/python3.11/http/client.py", line 1048, in _send_output
14:08:59.637 [main] DEBUG org.testcontainers.containers.output.WaitingConsumer - STDOUT:     self._send_output(message_body, encode_chunked=encode_chunked)
14:08:59.637 [main] DEBUG org.testcontainers.containers.output.WaitingConsumer - STDOUT:   File "/usr/local/lib/python3.11/http/client.py", line 1289, in endheaders
14:08:59.637 [main] DEBUG org.testcontainers.containers.output.WaitingConsumer - STDOUT:     self.endheaders()
14:08:59.637 [main] DEBUG org.testcontainers.containers.output.WaitingConsumer - STDOUT:   File "/opt/code/localstack/.venv/lib/python3.11/site-packages/urllib3/connection.py", line 395, in request
14:08:59.637 [main] DEBUG org.testcontainers.containers.output.WaitingConsumer - STDOUT:     conn.request(
14:08:59.637 [main] DEBUG org.testcontainers.containers.output.WaitingConsumer - STDOUT:                ^^^^^^^^^^^^^^^^^^^
14:08:59.637 [main] DEBUG org.testcontainers.containers.output.WaitingConsumer - STDOUT:     response = self._make_request(
14:08:59.637 [main] DEBUG org.testcontainers.containers.output.WaitingConsumer - STDOUT:   File "/opt/code/localstack/.venv/lib/python3.11/site-packages/urllib3/connectionpool.py", line 791, in urlopen
14:08:59.638 [main] DEBUG org.testcontainers.containers.output.WaitingConsumer - STDOUT:     raise value.with_traceback(tb)
14:08:59.638 [main] DEBUG org.testcontainers.containers.output.WaitingConsumer - STDOUT:   File "/opt/code/localstack/.venv/lib/python3.11/site-packages/urllib3/util/util.py", line 38, in reraise
14:08:59.638 [main] DEBUG org.testcontainers.containers.output.WaitingConsumer - STDOUT:     raise reraise(type(error), error, _stacktrace)
14:08:59.638 [main] DEBUG org.testcontainers.containers.output.WaitingConsumer - STDOUT:   File "/opt/code/localstack/.venv/lib/python3.11/site-packages/urllib3/util/retry.py", line 470, in increment
14:08:59.638 [main] DEBUG org.testcontainers.containers.output.WaitingConsumer - STDOUT:               ^^^^^^^^^^^^^^^^^^
14:08:59.638 [main] DEBUG org.testcontainers.containers.output.WaitingConsumer - STDOUT:     retries = retries.increment(
14:08:59.638 [main] DEBUG org.testcontainers.containers.output.WaitingConsumer - STDOUT:   File "/opt/code/localstack/.venv/lib/python3.11/site-packages/urllib3/connectionpool.py", line 845, in urlopen
14:08:59.638 [main] DEBUG org.testcontainers.containers.output.WaitingConsumer - STDOUT:     resp = conn.urlopen(
14:08:59.638 [main] DEBUG org.testcontainers.containers.output.WaitingConsumer - STDOUT:   File "/opt/code/localstack/.venv/lib/python3.11/site-packages/requests/adapters.py", line 486, in send
14:08:59.638 [main] DEBUG org.testcontainers.containers.output.WaitingConsumer - STDOUT: Traceback (most recent call last):
14:08:59.638 [main] DEBUG org.testcontainers.containers.output.WaitingConsumer - STDOUT: 
14:08:59.638 [main] DEBUG org.testcontainers.containers.output.WaitingConsumer - STDOUT: During handling of the above exception, another exception occurred:
14:08:59.638 [main] DEBUG org.testcontainers.containers.output.WaitingConsumer - STDOUT: 
14:08:59.638 [main] DEBUG org.testcontainers.containers.output.WaitingConsumer - STDOUT:     sock.connect(self.unix_socket)
14:08:59.638 [main] DEBUG org.testcontainers.containers.output.WaitingConsumer - STDOUT:   File "/opt/code/localstack/.venv/lib/python3.11/site-packages/docker/transport/unixconn.py", line 27, in connect
14:08:59.638 [main] DEBUG org.testcontainers.containers.output.WaitingConsumer - STDOUT:     self.connect()
14:08:59.638 [main] DEBUG org.testcontainers.containers.output.WaitingConsumer - STDOUT:   File "/usr/local/lib/python3.11/http/client.py", line 986, in send
14:08:59.638 [main] DEBUG org.testcontainers.containers.output.WaitingConsumer - STDOUT:     self.send(msg)
14:08:59.638 [main] DEBUG org.testcontainers.containers.output.WaitingConsumer - STDOUT:     self._send_output(message_body, encode_chunked=encode_chunked)
14:08:59.638 [main] DEBUG org.testcontainers.containers.output.WaitingConsumer - STDOUT:   File "/usr/local/lib/python3.11/http/client.py", line 1289, in endheaders
14:08:59.638 [main] DEBUG org.testcontainers.containers.output.WaitingConsumer - STDOUT:     self.endheaders()
14:08:59.638 [main] DEBUG org.testcontainers.containers.output.WaitingConsumer - STDOUT:   File "/opt/code/localstack/.venv/lib/python3.11/site-packages/urllib3/connection.py", line 395, in request
14:08:59.638 [main] DEBUG org.testcontainers.containers.output.WaitingConsumer - STDOUT:     conn.request(
14:08:59.638 [main] DEBUG org.testcontainers.containers.output.WaitingConsumer - STDOUT:   File "/opt/code/localstack/.venv/lib/python3.11/site-packages/urllib3/connectionpool.py", line 497, in _make_request
14:08:59.638 [main] DEBUG org.testcontainers.containers.output.WaitingConsumer - STDOUT:                ^^^^^^^^^^^^^^^^^^^
14:08:59.638 [main] DEBUG org.testcontainers.containers.output.WaitingConsumer - STDOUT:     response = self._make_request(
14:08:59.638 [main] DEBUG org.testcontainers.containers.output.WaitingConsumer - STDOUT: Traceback (most recent call last):
14:08:59.638 [main] DEBUG org.testcontainers.containers.output.WaitingConsumer - STDOUT: 2024-01-08T13:08:59.625 DEBUG --- [  MainThread] l.u.c.docker_sdk_client    : Creating Docker SDK client failed: Error while fetching server API version: ('Connection aborted.', ConnectionRefusedError(111, 'Connection refused'))
14:08:59.638 [main] DEBUG org.testcontainers.containers.output.WaitingConsumer - STDOUT: requests.exceptions.ConnectionError: ('Connection aborted.', ConnectionRefusedError(111, 'Connection refused'))
14:08:59.639 [main] DEBUG org.testcontainers.containers.output.WaitingConsumer - STDOUT:     raise ConnectionError(err, request=request)
14:08:59.639 [main] DEBUG org.testcontainers.containers.output.WaitingConsumer - STDOUT:   File "/opt/code/localstack/.venv/lib/python3.11/site-packages/requests/adapters.py", line 501, in send
14:08:59.639 [main] DEBUG org.testcontainers.containers.output.WaitingConsumer - STDOUT:         ^^^^^^^^^^^^^^^^^^^^^^^^^^^^^^^
14:08:59.639 [main] DEBUG org.testcontainers.containers.output.WaitingConsumer - STDOUT:     r = adapter.send(request, **kwargs)
14:08:59.639 [main] DEBUG org.testcontainers.containers.output.WaitingConsumer - STDOUT:   File "/opt/code/localstack/.venv/lib/python3.11/site-packages/requests/sessions.py", line 703, in send
14:08:59.639 [main] DEBUG org.testcontainers.containers.output.WaitingConsumer - STDOUT:            ^^^^^^^^^^^^^^^^^^^^^^^^^^^^^^
14:08:59.639 [main] DEBUG org.testcontainers.containers.output.WaitingConsumer - STDOUT:     resp = self.send(prep, **send_kwargs)
14:08:59.639 [main] DEBUG org.testcontainers.containers.output.WaitingConsumer - STDOUT:   File "/opt/code/localstack/.venv/lib/python3.11/site-packages/requests/sessions.py", line 589, in request
14:08:59.639 [main] DEBUG org.testcontainers.containers.output.WaitingConsumer - STDOUT:            ^^^^^^^^^^^^^^^^^^^^^^^^^^^^^^^^^^
14:08:59.639 [main] DEBUG org.testcontainers.containers.output.WaitingConsumer - STDOUT:     return self.request("GET", url, **kwargs)
14:08:59.639 [main] DEBUG org.testcontainers.containers.output.WaitingConsumer - STDOUT:   File "/opt/code/localstack/.venv/lib/python3.11/site-packages/requests/sessions.py", line 602, in get
14:08:59.639 [main] DEBUG org.testcontainers.containers.output.WaitingConsumer - STDOUT:            ^^^^^^^^^^^^^^^^^^^^^^^^^^^^^^^^^^^^^^^^^^^^^^^^^^
14:08:59.639 [main] DEBUG org.testcontainers.containers.output.WaitingConsumer - STDOUT:     return self.get(url, **self._set_request_timeout(kwargs))
14:08:59.639 [main] DEBUG org.testcontainers.containers.output.WaitingConsumer - STDOUT:   File "/opt/code/localstack/.venv/lib/python3.11/site-packages/docker/api/client.py", line 237, in _get
14:08:59.639 [main] DEBUG org.testcontainers.containers.output.WaitingConsumer - STDOUT:            ^^^^^^^^^^^^^^^^^^^^^^^^
14:08:59.639 [main] DEBUG org.testcontainers.containers.output.WaitingConsumer - STDOUT:     return f(self, *args, **kwargs)
14:08:59.639 [main] DEBUG org.testcontainers.containers.output.WaitingConsumer - STDOUT:   File "/opt/code/localstack/.venv/lib/python3.11/site-packages/docker/utils/decorators.py", line 46, in inner
14:08:59.639 [main] DEBUG org.testcontainers.containers.output.WaitingConsumer - STDOUT:                         ^^^^^^^^^^^^^^
14:08:59.639 [main] DEBUG org.testcontainers.containers.output.WaitingConsumer - STDOUT:     return self._result(self._get(url), json=True)
14:08:59.639 [main] DEBUG org.testcontainers.containers.output.WaitingConsumer - STDOUT:   File "/opt/code/localstack/.venv/lib/python3.11/site-packages/docker/api/daemon.py", line 181, in version
14:08:59.639 [main] DEBUG org.testcontainers.containers.output.WaitingConsumer - STDOUT:            ^^^^^^^^^^^^^^^^^^^^^^^^^^^^^^^
14:08:59.639 [main] DEBUG org.testcontainers.containers.output.WaitingConsumer - STDOUT:     return self.version(api_version=False)["ApiVersion"]
14:08:59.639 [main] DEBUG org.testcontainers.containers.output.WaitingConsumer - STDOUT:   File "/opt/code/localstack/.venv/lib/python3.11/site-packages/docker/api/client.py", line 214, in _retrieve_server_version
14:08:59.639 [main] DEBUG org.testcontainers.containers.output.WaitingConsumer - STDOUT: Traceback (most recent call last):
14:08:59.639 [main] DEBUG org.testcontainers.containers.output.WaitingConsumer - STDOUT: 
14:08:59.639 [main] DEBUG org.testcontainers.containers.output.WaitingConsumer - STDOUT: During handling of the above exception, another exception occurred:
14:08:59.639 [main] DEBUG org.testcontainers.containers.output.WaitingConsumer - STDOUT: 
14:08:59.639 [main] DEBUG org.testcontainers.containers.output.WaitingConsumer - STDOUT: urllib3.exceptions.ProtocolError: ('Connection aborted.', ConnectionRefusedError(111, 'Connection refused'))
14:08:59.640 [main] DEBUG org.testcontainers.containers.output.WaitingConsumer - STDOUT:     sock.connect(self.unix_socket)
14:08:59.640 [main] DEBUG org.testcontainers.containers.output.WaitingConsumer - STDOUT:   File "/opt/code/localstack/.venv/lib/python3.11/site-packages/docker/transport/unixconn.py", line 27, in connect
14:08:59.640 [main] DEBUG org.testcontainers.containers.output.WaitingConsumer - STDOUT:     self.connect()
14:08:59.640 [main] DEBUG org.testcontainers.containers.output.WaitingConsumer - STDOUT:   File "/usr/local/lib/python3.11/http/client.py", line 986, in send
14:08:59.640 [main] DEBUG org.testcontainers.containers.output.WaitingConsumer - STDOUT:     self.send(msg)
14:08:59.640 [main] DEBUG org.testcontainers.containers.output.WaitingConsumer - STDOUT:   File "/usr/local/lib/python3.11/http/client.py", line 1048, in _send_output
14:08:59.640 [main] DEBUG org.testcontainers.containers.output.WaitingConsumer - STDOUT:     self._send_output(message_body, encode_chunked=encode_chunked)
14:08:59.640 [main] DEBUG org.testcontainers.containers.output.WaitingConsumer - STDOUT:   File "/usr/local/lib/python3.11/http/client.py", line 1289, in endheaders
14:08:59.640 [main] DEBUG org.testcontainers.containers.output.WaitingConsumer - STDOUT:     self.endheaders()
14:08:59.640 [main] DEBUG org.testcontainers.containers.output.WaitingConsumer - STDOUT:   File "/opt/code/localstack/.venv/lib/python3.11/site-packages/urllib3/connection.py", line 395, in request
14:08:59.640 [main] DEBUG org.testcontainers.containers.output.WaitingConsumer - STDOUT:     conn.request(
14:08:59.640 [main] DEBUG org.testcontainers.containers.output.WaitingConsumer - STDOUT:   File "/opt/code/localstack/.venv/lib/python3.11/site-packages/urllib3/connectionpool.py", line 497, in _make_request
14:08:59.640 [main] DEBUG org.testcontainers.containers.output.WaitingConsumer - STDOUT:                ^^^^^^^^^^^^^^^^^^^
14:08:59.640 [main] DEBUG org.testcontainers.containers.output.WaitingConsumer - STDOUT:     response = self._make_request(
14:08:59.640 [main] DEBUG org.testcontainers.containers.output.WaitingConsumer - STDOUT:   File "/opt/code/localstack/.venv/lib/python3.11/site-packages/urllib3/connectionpool.py", line 791, in urlopen
14:08:59.640 [main] DEBUG org.testcontainers.containers.output.WaitingConsumer - STDOUT:     raise value.with_traceback(tb)
14:08:59.640 [main] DEBUG org.testcontainers.containers.output.WaitingConsumer - STDOUT:   File "/opt/code/localstack/.venv/lib/python3.11/site-packages/urllib3/util/util.py", line 38, in reraise
14:08:59.640 [main] DEBUG org.testcontainers.containers.output.WaitingConsumer - STDOUT:           ^^^^^^^^^^^^^^^^^^^^^^^^^^^^^^^^^^^^^^^^
14:08:59.640 [main] DEBUG org.testcontainers.containers.output.WaitingConsumer - STDOUT:     raise reraise(type(error), error, _stacktrace)
14:08:59.640 [main] DEBUG org.testcontainers.containers.output.WaitingConsumer - STDOUT:   File "/opt/code/localstack/.venv/lib/python3.11/site-packages/urllib3/util/retry.py", line 470, in increment
14:08:59.640 [main] DEBUG org.testcontainers.containers.output.WaitingConsumer - STDOUT:               ^^^^^^^^^^^^^^^^^^
14:08:59.640 [main] DEBUG org.testcontainers.containers.output.WaitingConsumer - STDOUT:     retries = retries.increment(
14:08:59.640 [main] DEBUG org.testcontainers.containers.output.WaitingConsumer - STDOUT:   File "/opt/code/localstack/.venv/lib/python3.11/site-packages/urllib3/connectionpool.py", line 845, in urlopen
14:08:59.640 [main] DEBUG org.testcontainers.containers.output.WaitingConsumer - STDOUT:            ^^^^^^^^^^^^^
14:08:59.640 [main] DEBUG org.testcontainers.containers.output.WaitingConsumer - STDOUT:     resp = conn.urlopen(
14:08:59.640 [main] DEBUG org.testcontainers.containers.output.WaitingConsumer - STDOUT:   File "/opt/code/localstack/.venv/lib/python3.11/site-packages/requests/adapters.py", line 486, in send
14:08:59.640 [main] DEBUG org.testcontainers.containers.output.WaitingConsumer - STDOUT: Traceback (most recent call last):
14:08:59.640 [main] DEBUG org.testcontainers.containers.output.WaitingConsumer - STDOUT: 
14:08:59.640 [main] DEBUG org.testcontainers.containers.output.WaitingConsumer - STDOUT: During handling of the above exception, another exception occurred:
14:08:59.640 [main] DEBUG org.testcontainers.containers.output.WaitingConsumer - STDOUT: 
14:08:59.640 [main] DEBUG org.testcontainers.containers.output.WaitingConsumer - STDOUT: ConnectionRefusedError: [Errno 111] Connection refused
14:08:59.640 [main] DEBUG org.testcontainers.containers.output.WaitingConsumer - STDOUT:     sock.connect(self.unix_socket)
14:08:59.640 [main] DEBUG org.testcontainers.containers.output.WaitingConsumer - STDOUT:   File "/opt/code/localstack/.venv/lib/python3.11/site-packages/docker/transport/unixconn.py", line 27, in connect
14:08:59.640 [main] DEBUG org.testcontainers.containers.output.WaitingConsumer - STDOUT:     self.connect()
14:08:59.641 [main] DEBUG org.testcontainers.containers.output.WaitingConsumer - STDOUT:   File "/usr/local/lib/python3.11/http/client.py", line 986, in send
14:08:59.641 [main] DEBUG org.testcontainers.containers.output.WaitingConsumer - STDOUT:     self.send(msg)
14:08:59.641 [main] DEBUG org.testcontainers.containers.output.WaitingConsumer - STDOUT:   File "/usr/local/lib/python3.11/http/client.py", line 1048, in _send_output
14:08:59.641 [main] DEBUG org.testcontainers.containers.output.WaitingConsumer - STDOUT:     self._send_output(message_body, encode_chunked=encode_chunked)
14:08:59.641 [main] DEBUG org.testcontainers.containers.output.WaitingConsumer - STDOUT:   File "/usr/local/lib/python3.11/http/client.py", line 1289, in endheaders
14:08:59.641 [main] DEBUG org.testcontainers.containers.output.WaitingConsumer - STDOUT:     self.endheaders()
14:08:59.641 [main] DEBUG org.testcontainers.containers.output.WaitingConsumer - STDOUT:   File "/opt/code/localstack/.venv/lib/python3.11/site-packages/urllib3/connection.py", line 395, in request
14:08:59.641 [main] DEBUG org.testcontainers.containers.output.WaitingConsumer - STDOUT:     conn.request(
14:08:59.641 [main] DEBUG org.testcontainers.containers.output.WaitingConsumer - STDOUT:   File "/opt/code/localstack/.venv/lib/python3.11/site-packages/urllib3/connectionpool.py", line 497, in _make_request
14:08:59.641 [main] DEBUG org.testcontainers.containers.output.WaitingConsumer - STDOUT:                ^^^^^^^^^^^^^^^^^^^
14:08:59.641 [main] DEBUG org.testcontainers.containers.output.WaitingConsumer - STDOUT:     response = self._make_request(
14:08:59.641 [main] DEBUG org.testcontainers.containers.output.WaitingConsumer - STDOUT:   File "/opt/code/localstack/.venv/lib/python3.11/site-packages/urllib3/connectionpool.py", line 791, in urlopen
14:08:59.641 [main] DEBUG org.testcontainers.containers.output.WaitingConsumer - STDOUT: Traceback (most recent call last):
14:08:59.641 [main] DEBUG org.testcontainers.containers.output.WaitingConsumer - STDOUT: 2024-01-08T13:08:59.615 DEBUG --- [  MainThread] l.u.c.docker_sdk_client    : Creating Docker SDK client failed: Error while fetching server API version: ('Connection aborted.', ConnectionRefusedError(111, 'Connection refused'))
14:09:00.186 [docker-java-stream--850894416] DEBUG com.github.dockerjava.zerodep.shaded.org.apache.hc.client5.http.wire - http-outgoing-1 << "15c[\r][\n]"
14:09:00.187 [docker-java-stream--850894416] DEBUG com.github.dockerjava.zerodep.shaded.org.apache.hc.client5.http.wire - http-outgoing-1 << "[0x1][0x0][0x0][0x0][0x0][0x0][0x0][0xffffffbf]2024-01-08T13:09:00.182  INFO --- [  MainThread] l.bootstrap.licensingv2    : Successfully requested and activated new license license_1ee7b15b-dc52-435f-9f79-775a8ec5f429:enterprise [0xfffffff0][0xffffff9f][0xffffff94][0xffffff91][0xffffffe2][0xffffff9c][0xffffff85][\n]"
14:09:00.187 [docker-java-stream--850894416] DEBUG com.github.dockerjava.zerodep.shaded.org.apache.hc.client5.http.wire - http-outgoing-1 << "[0x1][0x0][0x0][0x0][0x0][0x0][0x0][0xffffff8d]2024-01-08T13:09:00.183 DEBUG --- [  MainThread] l.bootstrap.licensingv2    : Caching license file to /var/lib/localstack/cache/license.json[\n]"
14:09:00.187 [docker-java-stream--850894416] DEBUG com.github.dockerjava.zerodep.shaded.org.apache.hc.client5.http.wire - http-outgoing-1 << "[\r][\n]"
14:09:00.187 [main] DEBUG org.testcontainers.containers.output.WaitingConsumer - STDOUT: 2024-01-08T13:09:00.182  INFO --- [  MainThread] l.bootstrap.licensingv2    : Successfully requested and activated new license license_1ee7b15b-dc52-435f-9f79-775a8ec5f429:enterprise 🔑✅
14:09:00.188 [main] DEBUG org.testcontainers.containers.output.WaitingConsumer - STDOUT: 2024-01-08T13:09:00.183 DEBUG --- [  MainThread] l.bootstrap.licensingv2    : Caching license file to /var/lib/localstack/cache/license.json
14:09:01.205 [docker-java-stream--850894416] DEBUG com.github.dockerjava.zerodep.shaded.org.apache.hc.client5.http.wire - http-outgoing-1 << "19d[\r][\n]"
14:09:01.205 [docker-java-stream--850894416] DEBUG com.github.dockerjava.zerodep.shaded.org.apache.hc.client5.http.wire - http-outgoing-1 << "[0x1][0x0][0x0][0x0][0x0][0x0][0x0]t2024-01-08T13:09:01.203 DEBUG --- [  MainThread] localstack.dns.server      : Determined fallback dns: 192.168.65.7[\n]"
14:09:01.206 [docker-java-stream--850894416] DEBUG com.github.dockerjava.zerodep.shaded.org.apache.hc.client5.http.wire - http-outgoing-1 << "[0x1][0x0][0x0][0x0][0x0][0x0][0x0][0xffffff83]2024-01-08T13:09:01.203 DEBUG --- [  MainThread] localstack.dns.server      : Starting DNS servers (tcp/udp port 53 on 0.0.0.0)...[\n]"
14:09:01.206 [docker-java-stream--850894416] DEBUG com.github.dockerjava.zerodep.shaded.org.apache.hc.client5.http.wire - http-outgoing-1 << "[0x1][0x0][0x0][0x0][0x0][0x0][0x0][0xffffff8e]2024-01-08T13:09:01.204 DEBUG --- [  MainThread] localstack.dns.server      : Adding host .*localhost.localstack.cloud pointing to LocalStack[\n]"
14:09:01.206 [docker-java-stream--850894416] DEBUG com.github.dockerjava.zerodep.shaded.org.apache.hc.client5.http.wire - http-outgoing-1 << "[\r][\n]"
14:09:01.206 [main] DEBUG org.testcontainers.containers.output.WaitingConsumer - STDOUT: 2024-01-08T13:09:01.203 DEBUG --- [  MainThread] localstack.dns.server      : Starting DNS servers (tcp/udp port 53 on 0.0.0.0)...
14:09:01.206 [docker-java-stream--850894416] DEBUG com.github.dockerjava.zerodep.shaded.org.apache.hc.client5.http.wire - http-outgoing-1 << "389[\r][\n]"
14:09:01.206 [docker-java-stream--850894416] DEBUG com.github.dockerjava.zerodep.shaded.org.apache.hc.client5.http.wire - http-outgoing-1 << "[0x1][0x0][0x0][0x0][0x0][0x0][0x0][0xffffffc0]2024-01-08T13:09:01.204 DEBUG --- [  MainThread] localstack.dns.server      : Adding host .*localhost.localstack.cloud with record DynamicRecord(record_type=<RecordType.A: 1>, record_id=None)[\n]"
14:09:01.206 [main] DEBUG org.testcontainers.containers.output.WaitingConsumer - STDOUT: 2024-01-08T13:09:01.204 DEBUG --- [  MainThread] localstack.dns.server      : Adding host .*localhost.localstack.cloud pointing to LocalStack
14:09:01.206 [docker-java-stream--850894416] DEBUG com.github.dockerjava.zerodep.shaded.org.apache.hc.client5.http.wire - http-outgoing-1 << "[0x1][0x0][0x0][0x0][0x0][0x0][0x0][0xffffffc3]2024-01-08T13:09:01.204 DEBUG --- [  MainThread] localstack.dns.server      : Adding host .*localhost.localstack.cloud with record DynamicRecord(record_type=<RecordType.AAAA: 2>, record_id=None)[\n]"
14:09:01.206 [main] DEBUG org.testcontainers.containers.output.WaitingConsumer - STDOUT: 2024-01-08T13:09:01.203 DEBUG --- [  MainThread] localstack.dns.server      : Determined fallback dns: 192.168.65.7
14:09:01.207 [docker-java-stream--850894416] DEBUG com.github.dockerjava.zerodep.shaded.org.apache.hc.client5.http.wire - http-outgoing-1 << "[0x1][0x0][0x0][0x0][0x0][0x0][0x0]}2024-01-08T13:09:01.204 DEBUG --- [  MainThread] localstack.dns.server      : Adding host .*localhost pointing to LocalStack[\n]"
14:09:01.207 [docker-java-stream--850894416] DEBUG com.github.dockerjava.zerodep.shaded.org.apache.hc.client5.http.wire - http-outgoing-1 << "[0x1][0x0][0x0][0x0][0x0][0x0][0x0][0xffffffaf]2024-01-08T13:09:01.204 DEBUG --- [  MainThread] localstack.dns.server      : Adding host .*localhost with record DynamicRecord(record_type=<RecordType.A: 1>, record_id=None)[\n]"
14:09:01.207 [docker-java-stream--850894416] DEBUG com.github.dockerjava.zerodep.shaded.org.apache.hc.client5.http.wire - http-outgoing-1 << "[0x1][0x0][0x0][0x0][0x0][0x0][0x0][0xffffffb2]2024-01-08T13:09:01.204 DEBUG --- [  MainThread] localstack.dns.server      : Adding host .*localhost with record DynamicRecord(record_type=<RecordType.AAAA: 2>, record_id=None)[\n]"
14:09:01.207 [docker-java-stream--850894416] DEBUG com.github.dockerjava.zerodep.shaded.org.apache.hc.client5.http.wire - http-outgoing-1 << "[\r][\n]"
14:09:01.211 [docker-java-stream--850894416] DEBUG com.github.dockerjava.zerodep.shaded.org.apache.hc.client5.http.wire - http-outgoing-1 << "69[\r][\n]"
14:09:01.211 [docker-java-stream--850894416] DEBUG com.github.dockerjava.zerodep.shaded.org.apache.hc.client5.http.wire - http-outgoing-1 << "[0x1][0x0][0x0][0x0][0x0][0x0][0x0]a2024-01-08T13:09:01.208 DEBUG --- [-functhread1] localstack.dns.server      : DNS Server started[\n]"
14:09:01.211 [docker-java-stream--850894416] DEBUG com.github.dockerjava.zerodep.shaded.org.apache.hc.client5.http.wire - http-outgoing-1 << "[\r][\n]"
14:09:01.218 [docker-java-stream--850894416] DEBUG com.github.dockerjava.zerodep.shaded.org.apache.hc.client5.http.wire - http-outgoing-1 << "73[\r][\n]"
14:09:01.218 [docker-java-stream--850894416] DEBUG com.github.dockerjava.zerodep.shaded.org.apache.hc.client5.http.wire - http-outgoing-1 << "[0x1][0x0][0x0][0x0][0x0][0x0][0x0]k2024-01-08T13:09:01.216 DEBUG --- [  MainThread] localstack.dns.server      : DNS server startup finished.[\n]"
14:09:01.218 [docker-java-stream--850894416] DEBUG com.github.dockerjava.zerodep.shaded.org.apache.hc.client5.http.wire - http-outgoing-1 << "[\r][\n]"
14:09:01.219 [main] DEBUG org.testcontainers.containers.output.WaitingConsumer - STDOUT: 2024-01-08T13:09:01.216 DEBUG --- [  MainThread] localstack.dns.server      : DNS server startup finished.
14:09:01.219 [main] DEBUG org.testcontainers.containers.output.WaitingConsumer - STDOUT: 2024-01-08T13:09:01.208 DEBUG --- [-functhread1] localstack.dns.server      : DNS Server started
14:09:01.219 [main] DEBUG org.testcontainers.containers.output.WaitingConsumer - STDOUT: 2024-01-08T13:09:01.204 DEBUG --- [  MainThread] localstack.dns.server      : Adding host .*localhost with record DynamicRecord(record_type=<RecordType.AAAA: 2>, record_id=None)
14:09:01.219 [main] DEBUG org.testcontainers.containers.output.WaitingConsumer - STDOUT: 2024-01-08T13:09:01.204 DEBUG --- [  MainThread] localstack.dns.server      : Adding host .*localhost with record DynamicRecord(record_type=<RecordType.A: 1>, record_id=None)
14:09:01.219 [main] DEBUG org.testcontainers.containers.output.WaitingConsumer - STDOUT: 2024-01-08T13:09:01.204 DEBUG --- [  MainThread] localstack.dns.server      : Adding host .*localhost pointing to LocalStack
14:09:01.219 [main] DEBUG org.testcontainers.containers.output.WaitingConsumer - STDOUT: 2024-01-08T13:09:01.204 DEBUG --- [  MainThread] localstack.dns.server      : Adding host .*localhost.localstack.cloud with record DynamicRecord(record_type=<RecordType.AAAA: 2>, record_id=None)
14:09:01.219 [main] DEBUG org.testcontainers.containers.output.WaitingConsumer - STDOUT: 2024-01-08T13:09:01.204 DEBUG --- [  MainThread] localstack.dns.server      : Adding host .*localhost.localstack.cloud with record DynamicRecord(record_type=<RecordType.A: 1>, record_id=None)
14:09:01.242 [docker-java-stream--850894416] DEBUG com.github.dockerjava.zerodep.shaded.org.apache.hc.client5.http.wire - http-outgoing-1 << "b9d[\r][\n]"
14:09:01.242 [docker-java-stream--850894416] DEBUG com.github.dockerjava.zerodep.shaded.org.apache.hc.client5.http.wire - http-outgoing-1 << "[0x1][0x0][0x0][0x0][0x0][0x0][0x0]x2024-01-08T13:09:01.240 DEBUG --- [  MainThread] localstack_ext.plugins     : setting up transparent endpoint injection[\n]"
14:09:01.242 [docker-java-stream--850894416] DEBUG com.github.dockerjava.zerodep.shaded.org.apache.hc.client5.http.wire - http-outgoing-1 << "[0x1][0x0][0x0][0x0][0x0][0x0][0x0][0xffffff82]2024-01-08T13:09:01.240 DEBUG --- [  MainThread] localstack.dns.server      : Adding host .*.amazonaws.com pointing to LocalStack[\n]"
14:09:01.242 [docker-java-stream--850894416] DEBUG com.github.dockerjava.zerodep.shaded.org.apache.hc.client5.http.wire - http-outgoing-1 << "[0x1][0x0][0x0][0x0][0x0][0x0][0x0][0xffffffb4]2024-01-08T13:09:01.240 DEBUG --- [  MainThread] localstack.dns.server      : Adding host .*.amazonaws.com with record DynamicRecord(record_type=<RecordType.A: 1>, record_id=None)[\n]"
14:09:01.242 [docker-java-stream--850894416] DEBUG com.github.dockerjava.zerodep.shaded.org.apache.hc.client5.http.wire - http-outgoing-1 << "[0x1][0x0][0x0][0x0][0x0][0x0][0x0][0xffffffb7]2024-01-08T13:09:01.240 DEBUG --- [  MainThread] localstack.dns.server      : Adding host .*.amazonaws.com with record DynamicRecord(record_type=<RecordType.AAAA: 2>, record_id=None)[\n]"
14:09:01.242 [docker-java-stream--850894416] DEBUG com.github.dockerjava.zerodep.shaded.org.apache.hc.client5.http.wire - http-outgoing-1 << "[0x1][0x0][0x0][0x0][0x0][0x0][0x0][0xffffff82]2024-01-08T13:09:01.240 DEBUG --- [  MainThread] localstack.dns.server      : Adding host .*aws.amazon.com pointing to LocalStack[\n]"
14:09:01.242 [docker-java-stream--850894416] DEBUG com.github.dockerjava.zerodep.shaded.org.apache.hc.client5.http.wire - http-outgoing-1 << "[0x1][0x0][0x0][0x0][0x0][0x0][0x0][0xffffffb4]2024-01-08T13:09:01.240 DEBUG --- [  MainThread] localstack.dns.server      : Adding host .*aws.amazon.com with record DynamicRecord(record_type=<RecordType.A: 1>, record_id=None)[\n]"
14:09:01.242 [docker-java-stream--850894416] DEBUG com.github.dockerjava.zerodep.shaded.org.apache.hc.client5.http.wire - http-outgoing-1 << "[0x1][0x0][0x0][0x0][0x0][0x0][0x0][0xffffffb7]2024-01-08T13:09:01.240 DEBUG --- [  MainThread] localstack.dns.server      : Adding host .*aws.amazon.com with record DynamicRecord(record_type=<RecordType.AAAA: 2>, record_id=None)[\n]"
14:09:01.242 [docker-java-stream--850894416] DEBUG com.github.dockerjava.zerodep.shaded.org.apache.hc.client5.http.wire - http-outgoing-1 << "[0x1][0x0][0x0][0x0][0x0][0x0][0x0][0xffffff82]2024-01-08T13:09:01.241 DEBUG --- [  MainThread] localstack.dns.server      : Adding host .*cloudfront.net pointing to LocalStack[\n]"
14:09:01.242 [docker-java-stream--850894416] DEBUG com.github.dockerjava.zerodep.shaded.org.apache.hc.client5.http.wire - http-outgoing-1 << "[0x1][0x0][0x0][0x0][0x0][0x0][0x0][0xffffffb4]2024-01-08T13:09:01.241 DEBUG --- [  MainThread] localstack.dns.server      : Adding host .*cloudfront.net with record DynamicRecord(record_type=<RecordType.A: 1>, record_id=None)[\n]"
14:09:01.242 [docker-java-stream--850894416] DEBUG com.github.dockerjava.zerodep.shaded.org.apache.hc.client5.http.wire - http-outgoing-1 << "[0x1][0x0][0x0][0x0][0x0][0x0][0x0][0xffffffb7]2024-01-08T13:09:01.241 DEBUG --- [  MainThread] localstack.dns.server      : Adding host .*cloudfront.net with record DynamicRecord(record_type=<RecordType.AAAA: 2>, record_id=None)[\n]"
14:09:01.242 [docker-java-stream--850894416] DEBUG com.github.dockerjava.zerodep.shaded.org.apache.hc.client5.http.wire - http-outgoing-1 << "[0x1][0x0][0x0][0x0][0x0][0x0][0x0][0xffffffa1]2024-01-08T13:09:01.241 DEBUG --- [  MainThread] localstack.dns.server      : Adding skip pattern ^prod-registry-k8s-io-.*\.s3\.(dualstack\.)?.*\.amazonaws\.com[\n]"
14:09:01.242 [docker-java-stream--850894416] DEBUG com.github.dockerjava.zerodep.shaded.org.apache.hc.client5.http.wire - http-outgoing-1 << "[0x1][0x0][0x0][0x0][0x0][0x0][0x0][0xffffff9f]2024-01-08T13:09:01.241 DEBUG --- [  MainThread] localstack.dns.server      : Adding skip pattern ^github-production-release-.*\.s3(\.[^\.]+)?\.amazonaws\.com[\n]"
14:09:01.243 [docker-java-stream--850894416] DEBUG com.github.dockerjava.zerodep.shaded.org.apache.hc.client5.http.wire - http-outgoing-1 << "[0x1][0x0][0x0][0x0][0x0][0x0][0x0][0xffffff99]2024-01-08T13:09:01.241 DEBUG --- [  MainThread] localstack.dns.server      : Adding skip pattern ^aws-glue-etl-artifacts\.s3(\.[^\.]+)?\.amazonaws\.com[\n]"
14:09:01.243 [docker-java-stream--850894416] DEBUG com.github.dockerjava.zerodep.shaded.org.apache.hc.client5.http.wire - http-outgoing-1 << "[0x1][0x0][0x0][0x0][0x0][0x0][0x0][0xffffffc8]2024-01-08T13:09:01.241 DEBUG --- [  MainThread] localstack.dns.server      : Adding skip pattern .*(forums|console|docs|clientvpn|sso|boto3|(signin(\-reg)?))\.([^\.]+\.)?(aws\.amazon|amazonaws)\.com[\n]"
14:09:01.243 [docker-java-stream--850894416] DEBUG com.github.dockerjava.zerodep.shaded.org.apache.hc.client5.http.wire - http-outgoing-1 << "[0x1][0x0][0x0][0x0][0x0][0x0][0x0][0xffffff95]2024-01-08T13:09:01.241 DEBUG --- [  MainThread] localstack.dns.server      : Adding skip pattern ^localstack-pods-.*\.s3(\.[^\.]+)?\.amazonaws\.com[\n]"
14:09:01.243 [docker-java-stream--850894416] DEBUG com.github.dockerjava.zerodep.shaded.org.apache.hc.client5.http.wire - http-outgoing-1 << "[0x1][0x0][0x0][0x0][0x0][0x0][0x0][0xffffff90]2024-01-08T13:09:01.241 DEBUG --- [  MainThread] localstack.dns.server      : Adding skip pattern .*captcha-prod\.s3(\.[^\.]+)?\.amazonaws\.com[\n]"
14:09:01.243 [docker-java-stream--850894416] DEBUG com.github.dockerjava.zerodep.shaded.org.apache.hc.client5.http.wire - http-outgoing-1 << "[0x1][0x0][0x0][0x0][0x0][0x0][0x0][0xffffff94]2024-01-08T13:09:01.241 DEBUG --- [  MainThread] localstack.dns.server      : Adding skip pattern ^localstack-assets\.s3(\.[^\.]+)?\.amazonaws\.com[\n]"
14:09:01.243 [docker-java-stream--850894416] DEBUG com.github.dockerjava.zerodep.shaded.org.apache.hc.client5.http.wire - http-outgoing-1 << "[0x1][0x0][0x0][0x0][0x0][0x0][0x0]t2024-01-08T13:09:01.241 DEBUG --- [  MainThread] localstack.dns.server      : Adding skip pattern ^aws\.amazon\.com[\n]"
14:09:01.243 [docker-java-stream--850894416] DEBUG com.github.dockerjava.zerodep.shaded.org.apache.hc.client5.http.wire - http-outgoing-1 << "[\r][\n]"
14:09:01.243 [main] DEBUG org.testcontainers.containers.output.WaitingConsumer - STDOUT: 2024-01-08T13:09:01.240 DEBUG --- [  MainThread] localstack.dns.server      : Adding host .*aws.amazon.com pointing to LocalStack
14:09:01.243 [main] DEBUG org.testcontainers.containers.output.WaitingConsumer - STDOUT: 2024-01-08T13:09:01.241 DEBUG --- [  MainThread] localstack.dns.server      : Adding skip pattern .*(forums|console|docs|clientvpn|sso|boto3|(signin(\-reg)?))\.([^\.]+\.)?(aws\.amazon|amazonaws)\.com
14:09:01.243 [main] DEBUG org.testcontainers.containers.output.WaitingConsumer - STDOUT: 2024-01-08T13:09:01.241 DEBUG --- [  MainThread] localstack.dns.server      : Adding skip pattern ^aws\.amazon\.com
14:09:01.243 [main] DEBUG org.testcontainers.containers.output.WaitingConsumer - STDOUT: 2024-01-08T13:09:01.241 DEBUG --- [  MainThread] localstack.dns.server      : Adding skip pattern ^localstack-assets\.s3(\.[^\.]+)?\.amazonaws\.com
14:09:01.243 [main] DEBUG org.testcontainers.containers.output.WaitingConsumer - STDOUT: 2024-01-08T13:09:01.241 DEBUG --- [  MainThread] localstack.dns.server      : Adding skip pattern .*captcha-prod\.s3(\.[^\.]+)?\.amazonaws\.com
14:09:01.243 [main] DEBUG org.testcontainers.containers.output.WaitingConsumer - STDOUT: 2024-01-08T13:09:01.241 DEBUG --- [  MainThread] localstack.dns.server      : Adding skip pattern ^localstack-pods-.*\.s3(\.[^\.]+)?\.amazonaws\.com
14:09:01.243 [main] DEBUG org.testcontainers.containers.output.WaitingConsumer - STDOUT: 2024-01-08T13:09:01.241 DEBUG --- [  MainThread] localstack.dns.server      : Adding skip pattern ^aws-glue-etl-artifacts\.s3(\.[^\.]+)?\.amazonaws\.com
14:09:01.243 [main] DEBUG org.testcontainers.containers.output.WaitingConsumer - STDOUT: 2024-01-08T13:09:01.241 DEBUG --- [  MainThread] localstack.dns.server      : Adding skip pattern ^github-production-release-.*\.s3(\.[^\.]+)?\.amazonaws\.com
14:09:01.243 [main] DEBUG org.testcontainers.containers.output.WaitingConsumer - STDOUT: 2024-01-08T13:09:01.241 DEBUG --- [  MainThread] localstack.dns.server      : Adding skip pattern ^prod-registry-k8s-io-.*\.s3\.(dualstack\.)?.*\.amazonaws\.com
14:09:01.243 [main] DEBUG org.testcontainers.containers.output.WaitingConsumer - STDOUT: 2024-01-08T13:09:01.241 DEBUG --- [  MainThread] localstack.dns.server      : Adding host .*cloudfront.net with record DynamicRecord(record_type=<RecordType.AAAA: 2>, record_id=None)
14:09:01.243 [main] DEBUG org.testcontainers.containers.output.WaitingConsumer - STDOUT: 2024-01-08T13:09:01.241 DEBUG --- [  MainThread] localstack.dns.server      : Adding host .*cloudfront.net with record DynamicRecord(record_type=<RecordType.A: 1>, record_id=None)
14:09:01.243 [main] DEBUG org.testcontainers.containers.output.WaitingConsumer - STDOUT: 2024-01-08T13:09:01.241 DEBUG --- [  MainThread] localstack.dns.server      : Adding host .*cloudfront.net pointing to LocalStack
14:09:01.243 [main] DEBUG org.testcontainers.containers.output.WaitingConsumer - STDOUT: 2024-01-08T13:09:01.240 DEBUG --- [  MainThread] localstack.dns.server      : Adding host .*aws.amazon.com with record DynamicRecord(record_type=<RecordType.AAAA: 2>, record_id=None)
14:09:01.243 [main] DEBUG org.testcontainers.containers.output.WaitingConsumer - STDOUT: 2024-01-08T13:09:01.240 DEBUG --- [  MainThread] localstack.dns.server      : Adding host .*aws.amazon.com with record DynamicRecord(record_type=<RecordType.A: 1>, record_id=None)
14:09:01.243 [main] DEBUG org.testcontainers.containers.output.WaitingConsumer - STDOUT: 2024-01-08T13:09:01.240 DEBUG --- [  MainThread] localstack.dns.server      : Adding host .*.amazonaws.com with record DynamicRecord(record_type=<RecordType.AAAA: 2>, record_id=None)
14:09:01.243 [main] DEBUG org.testcontainers.containers.output.WaitingConsumer - STDOUT: 2024-01-08T13:09:01.240 DEBUG --- [  MainThread] localstack.dns.server      : Adding host .*.amazonaws.com with record DynamicRecord(record_type=<RecordType.A: 1>, record_id=None)
14:09:01.243 [main] DEBUG org.testcontainers.containers.output.WaitingConsumer - STDOUT: 2024-01-08T13:09:01.240 DEBUG --- [  MainThread] localstack.dns.server      : Adding host .*.amazonaws.com pointing to LocalStack
14:09:01.243 [main] DEBUG org.testcontainers.containers.output.WaitingConsumer - STDOUT: 2024-01-08T13:09:01.240 DEBUG --- [  MainThread] localstack_ext.plugins     : setting up transparent endpoint injection
14:09:01.523 [docker-java-stream--850894416] DEBUG com.github.dockerjava.zerodep.shaded.org.apache.hc.client5.http.wire - http-outgoing-1 << "7d[\r][\n]"
14:09:01.523 [docker-java-stream--850894416] DEBUG com.github.dockerjava.zerodep.shaded.org.apache.hc.client5.http.wire - http-outgoing-1 << "[0x1][0x0][0x0][0x0][0x0][0x0][0x0]u2024-01-08T13:09:01.521 DEBUG --- [  MainThread] l.services.iam.router      : Adding IAM policy generation routes...[\n]"
14:09:01.523 [docker-java-stream--850894416] DEBUG com.github.dockerjava.zerodep.shaded.org.apache.hc.client5.http.wire - http-outgoing-1 << "[\r][\n]"
14:09:01.523 [main] DEBUG org.testcontainers.containers.output.WaitingConsumer - STDOUT: 2024-01-08T13:09:01.521 DEBUG --- [  MainThread] l.services.iam.router      : Adding IAM policy generation routes...
14:09:02.037 [docker-java-stream--850894416] DEBUG com.github.dockerjava.zerodep.shaded.org.apache.hc.client5.http.wire - http-outgoing-1 << "1c8[\r][\n]"
14:09:02.037 [docker-java-stream--850894416] DEBUG com.github.dockerjava.zerodep.shaded.org.apache.hc.client5.http.wire - http-outgoing-1 << "[0x1][0x0][0x0][0x0][0x0][0x0][0x0][0xffffff96]2024-01-08T13:09:02.035 DEBUG --- [  MainThread] localstack.runtime.init    : Init scripts discovered: {BOOT: [], START: [], READY: [], SHUTDOWN: []}[\n]"
14:09:02.037 [docker-java-stream--850894416] DEBUG com.github.dockerjava.zerodep.shaded.org.apache.hc.client5.http.wire - http-outgoing-1 << "[0x1][0x0][0x0][0x0][0x0][0x0][0x0][0xffffff95]2024-01-08T13:09:02.035 DEBUG --- [  MainThread] localstack.plugins         : Checking for the usage of deprecated community features and configs...[\n]"
14:09:02.037 [docker-java-stream--850894416] DEBUG com.github.dockerjava.zerodep.shaded.org.apache.hc.client5.http.wire - http-outgoing-1 << "[0x1][0x0][0x0][0x0][0x0][0x0][0x0][0xffffff85]2024-01-08T13:09:02.036 DEBUG --- [  MainThread] localstack.dns.server      : Overwriting container DNS server to point to localhost[\n]"
14:09:02.037 [docker-java-stream--850894416] DEBUG com.github.dockerjava.zerodep.shaded.org.apache.hc.client5.http.wire - http-outgoing-1 << "[\r][\n]"
14:09:02.037 [main] DEBUG org.testcontainers.containers.output.WaitingConsumer - STDOUT: 2024-01-08T13:09:02.035 DEBUG --- [  MainThread] localstack.runtime.init    : Init scripts discovered: {BOOT: [], START: [], READY: [], SHUTDOWN: []}
14:09:02.038 [main] DEBUG org.testcontainers.containers.output.WaitingConsumer - STDOUT: 2024-01-08T13:09:02.036 DEBUG --- [  MainThread] localstack.dns.server      : Overwriting container DNS server to point to localhost
14:09:02.038 [main] DEBUG org.testcontainers.containers.output.WaitingConsumer - STDOUT: 2024-01-08T13:09:02.035 DEBUG --- [  MainThread] localstack.plugins         : Checking for the usage of deprecated community features and configs...
14:09:02.077 [docker-java-stream--850894416] DEBUG com.github.dockerjava.zerodep.shaded.org.apache.hc.client5.http.wire - http-outgoing-1 << "267[\r][\n]"
14:09:02.077 [docker-java-stream--850894416] DEBUG com.github.dockerjava.zerodep.shaded.org.apache.hc.client5.http.wire - http-outgoing-1 << "[0x1][0x0][0x0][0x0][0x0][0x0][0x0]b2024-01-08T13:09:02.075  INFO --- [  MainThread] l.extensions.platform      : loaded 0 extensions[\n]"
14:09:02.077 [docker-java-stream--850894416] DEBUG com.github.dockerjava.zerodep.shaded.org.apache.hc.client5.http.wire - http-outgoing-1 << "[0x1][0x0][0x0][0x0][0x0][0x0][0x0]s2024-01-08T13:09:02.076 DEBUG --- [  MainThread] l.extensions.platform      : calling extensions on_platform_start[\n]"
14:09:02.077 [docker-java-stream--850894416] DEBUG com.github.dockerjava.zerodep.shaded.org.apache.hc.client5.http.wire - http-outgoing-1 << "[0x1][0x0][0x0][0x0][0x0][0x0][0x0]w2024-01-08T13:09:02.076 DEBUG --- [  MainThread] l.extensions.platform      : calling extensions update_gateway_routes[\n]"
14:09:02.077 [docker-java-stream--850894416] DEBUG com.github.dockerjava.zerodep.shaded.org.apache.hc.client5.http.wire - http-outgoing-1 << "[0x1][0x0][0x0][0x0][0x0][0x0][0x0]y2024-01-08T13:09:02.076 DEBUG --- [  MainThread] l.extensions.platform      : calling extensions update_request_handlers[\n]"
14:09:02.077 [docker-java-stream--850894416] DEBUG com.github.dockerjava.zerodep.shaded.org.apache.hc.client5.http.wire - http-outgoing-1 << "[0x1][0x0][0x0][0x0][0x0][0x0][0x0]z2024-01-08T13:09:02.076 DEBUG --- [  MainThread] l.extensions.platform      : calling extensions update_response_handlers[\n]"
14:09:02.077 [docker-java-stream--850894416] DEBUG com.github.dockerjava.zerodep.shaded.org.apache.hc.client5.http.wire - http-outgoing-1 << "[\r][\n]"
14:09:02.077 [main] DEBUG org.testcontainers.containers.output.WaitingConsumer - STDOUT: 2024-01-08T13:09:02.076 DEBUG --- [  MainThread] l.extensions.platform      : calling extensions on_platform_start
14:09:02.077 [main] DEBUG org.testcontainers.containers.output.WaitingConsumer - STDOUT: 2024-01-08T13:09:02.076 DEBUG --- [  MainThread] l.extensions.platform      : calling extensions update_response_handlers
14:09:02.077 [main] DEBUG org.testcontainers.containers.output.WaitingConsumer - STDOUT: 2024-01-08T13:09:02.076 DEBUG --- [  MainThread] l.extensions.platform      : calling extensions update_request_handlers
14:09:02.077 [main] DEBUG org.testcontainers.containers.output.WaitingConsumer - STDOUT: 2024-01-08T13:09:02.076 DEBUG --- [  MainThread] l.extensions.platform      : calling extensions update_gateway_routes
14:09:02.077 [main] DEBUG org.testcontainers.containers.output.WaitingConsumer - STDOUT: 2024-01-08T13:09:02.075  INFO --- [  MainThread] l.extensions.platform      : loaded 0 extensions
14:09:02.093 [docker-java-stream--850894416] DEBUG com.github.dockerjava.zerodep.shaded.org.apache.hc.client5.http.wire - http-outgoing-1 << "10c[\r][\n]"
14:09:02.093 [docker-java-stream--850894416] DEBUG com.github.dockerjava.zerodep.shaded.org.apache.hc.client5.http.wire - http-outgoing-1 << "[0x1][0x0][0x0][0x0][0x0][0x0][0x0]z2024-01-08T13:09:02.091  INFO --- [  MainThread] botocore.credentials       : Found credentials in environment variables.[\n]"
14:09:02.093 [docker-java-stream--850894416] DEBUG com.github.dockerjava.zerodep.shaded.org.apache.hc.client5.http.wire - http-outgoing-1 << "[0x1][0x0][0x0][0x0][0x0][0x0][0x0][0xffffff82]2024-01-08T13:09:02.091 DEBUG --- [  MainThread] localstack.utils.threads   : start_thread called without providing a custom name[\n]"
14:09:02.093 [docker-java-stream--850894416] DEBUG com.github.dockerjava.zerodep.shaded.org.apache.hc.client5.http.wire - http-outgoing-1 << "[\r][\n]"
14:09:02.093 [main] DEBUG org.testcontainers.containers.output.WaitingConsumer - STDOUT: 2024-01-08T13:09:02.091 DEBUG --- [  MainThread] localstack.utils.threads   : start_thread called without providing a custom name
14:09:02.093 [main] DEBUG org.testcontainers.containers.output.WaitingConsumer - STDOUT: 2024-01-08T13:09:02.091  INFO --- [  MainThread] botocore.credentials       : Found credentials in environment variables.
14:09:02.095 [docker-java-stream--850894416] DEBUG com.github.dockerjava.zerodep.shaded.org.apache.hc.client5.http.wire - http-outgoing-1 << "70[\r][\n]"
14:09:02.095 [docker-java-stream--850894416] DEBUG com.github.dockerjava.zerodep.shaded.org.apache.hc.client5.http.wire - http-outgoing-1 << "[0x1][0x0][0x0][0x0][0x0][0x0][0x0]h2024-01-08T13:09:02.093 DEBUG --- [-functhread3] localstack.utils.run       : Executing command: whoami[\n]"
14:09:02.095 [docker-java-stream--850894416] DEBUG com.github.dockerjava.zerodep.shaded.org.apache.hc.client5.http.wire - http-outgoing-1 << "[\r][\n]"
14:09:02.104 [main] DEBUG org.testcontainers.containers.output.WaitingConsumer - STDOUT: 2024-01-08T13:09:02.093 DEBUG --- [-functhread3] localstack.utils.run       : Executing command: whoami
14:09:02.112 [docker-java-stream--850894416] DEBUG com.github.dockerjava.zerodep.shaded.org.apache.hc.client5.http.wire - http-outgoing-1 << "88[\r][\n]"
14:09:02.112 [docker-java-stream--850894416] DEBUG com.github.dockerjava.zerodep.shaded.org.apache.hc.client5.http.wire - http-outgoing-1 << "[0x1][0x0][0x0][0x0][0x0][0x0][0x0][0xffffff80]2024-01-08T13:09:02.110 DEBUG --- [-functhread3] localstack.utils.ssl       : Attempting to download local SSL certificate file[\n]"
14:09:02.112 [docker-java-stream--850894416] DEBUG com.github.dockerjava.zerodep.shaded.org.apache.hc.client5.http.wire - http-outgoing-1 << "[\r][\n]"
14:09:02.115 [main] DEBUG org.testcontainers.containers.output.WaitingConsumer - STDOUT: 2024-01-08T13:09:02.110 DEBUG --- [-functhread3] localstack.utils.ssl       : Attempting to download local SSL certificate file
14:09:02.323 [docker-java-stream--850894416] DEBUG com.github.dockerjava.zerodep.shaded.org.apache.hc.client5.http.wire - http-outgoing-1 << "ef[\r][\n]"
14:09:02.323 [docker-java-stream--850894416] DEBUG com.github.dockerjava.zerodep.shaded.org.apache.hc.client5.http.wire - http-outgoing-1 << "[0x1][0x0][0x0][0x0][0x0][0x0][0x0][0xffffffe7]2024-01-08T13:09:02.322 DEBUG --- [-functhread3] localstack.utils.http      : Starting download from https://github.com/localstack/localstack-artifacts/raw/master/local-certs/server.key to /var/lib/localstack/cache/server.test.pem[\n]"
14:09:02.323 [docker-java-stream--850894416] DEBUG com.github.dockerjava.zerodep.shaded.org.apache.hc.client5.http.wire - http-outgoing-1 << "[\r][\n]"
14:09:02.324 [main] DEBUG org.testcontainers.containers.output.WaitingConsumer - STDOUT: 2024-01-08T13:09:02.322 DEBUG --- [-functhread3] localstack.utils.http      : Starting download from https://github.com/localstack/localstack-artifacts/raw/master/local-certs/server.key to /var/lib/localstack/cache/server.test.pem
14:09:02.326 [docker-java-stream--850894416] DEBUG com.github.dockerjava.zerodep.shaded.org.apache.hc.client5.http.wire - http-outgoing-1 << "d9[\r][\n]"
14:09:02.326 [docker-java-stream--850894416] DEBUG com.github.dockerjava.zerodep.shaded.org.apache.hc.client5.http.wire - http-outgoing-1 << "[0x1][0x0][0x0][0x0][0x0][0x0][0x0][0xffffffd1]2024-01-08T13:09:02.325 DEBUG --- [-functhread3] localstack.utils.http      : Done downloading https://github.com/localstack/localstack-artifacts/raw/master/local-certs/server.key, response code 200, total 9K[\n]"
14:09:02.326 [docker-java-stream--850894416] DEBUG com.github.dockerjava.zerodep.shaded.org.apache.hc.client5.http.wire - http-outgoing-1 << "[\r][\n]"
14:09:02.334 [docker-java-stream--850894416] DEBUG com.github.dockerjava.zerodep.shaded.org.apache.hc.client5.http.wire - http-outgoing-1 << "222[\r][\n]"
14:09:02.334 [docker-java-stream--850894416] DEBUG com.github.dockerjava.zerodep.shaded.org.apache.hc.client5.http.wire - http-outgoing-1 << "[0x1][0x0][0x0][0x0][0x0][0x0][0x0][0xffffff81]2024-01-08T13:09:02.333  INFO --- [-functhread6] hypercorn.error            : Running on https://0.0.0.0:4566 (CTRL + C to quit)[\n]"
14:09:02.334 [docker-java-stream--850894416] DEBUG com.github.dockerjava.zerodep.shaded.org.apache.hc.client5.http.wire - http-outgoing-1 << "[0x1][0x0][0x0][0x0][0x0][0x0][0x0][0xffffff81]2024-01-08T13:09:02.333  INFO --- [-functhread6] hypercorn.error            : Running on https://0.0.0.0:4566 (CTRL + C to quit)[\n]"
14:09:02.334 [docker-java-stream--850894416] DEBUG com.github.dockerjava.zerodep.shaded.org.apache.hc.client5.http.wire - http-outgoing-1 << "[0x1][0x0][0x0][0x0][0x0][0x0][0x0][0xffffff80]2024-01-08T13:09:02.333  INFO --- [-functhread6] hypercorn.error            : Running on https://0.0.0.0:443 (CTRL + C to quit)[\n]"
14:09:02.334 [docker-java-stream--850894416] DEBUG com.github.dockerjava.zerodep.shaded.org.apache.hc.client5.http.wire - http-outgoing-1 << "[0x1][0x0][0x0][0x0][0x0][0x0][0x0][0xffffff80]2024-01-08T13:09:02.333  INFO --- [-functhread6] hypercorn.error            : Running on https://0.0.0.0:443 (CTRL + C to quit)[\n]"
14:09:02.334 [main] DEBUG org.testcontainers.containers.output.WaitingConsumer - STDOUT: 2024-01-08T13:09:02.325 DEBUG --- [-functhread3] localstack.utils.http      : Done downloading https://github.com/localstack/localstack-artifacts/raw/master/local-certs/server.key, response code 200, total 9K
14:09:02.334 [docker-java-stream--850894416] DEBUG com.github.dockerjava.zerodep.shaded.org.apache.hc.client5.http.wire - http-outgoing-1 << "[\r][\n]"
14:09:02.346 [main] DEBUG org.testcontainers.containers.output.WaitingConsumer - STDOUT: 2024-01-08T13:09:02.333  INFO --- [-functhread6] hypercorn.error            : Running on https://0.0.0.0:443 (CTRL + C to quit)
14:09:02.346 [main] DEBUG org.testcontainers.containers.output.WaitingConsumer - STDOUT: 2024-01-08T13:09:02.333  INFO --- [-functhread6] hypercorn.error            : Running on https://0.0.0.0:443 (CTRL + C to quit)
14:09:02.346 [main] DEBUG org.testcontainers.containers.output.WaitingConsumer - STDOUT: 2024-01-08T13:09:02.333  INFO --- [-functhread6] hypercorn.error            : Running on https://0.0.0.0:4566 (CTRL + C to quit)
14:09:02.346 [main] DEBUG org.testcontainers.containers.output.WaitingConsumer - STDOUT: 2024-01-08T13:09:02.333  INFO --- [-functhread6] hypercorn.error            : Running on https://0.0.0.0:4566 (CTRL + C to quit)
14:09:02.399 [docker-java-stream--850894416] DEBUG com.github.dockerjava.zerodep.shaded.org.apache.hc.client5.http.wire - http-outgoing-1 << "f[\r][\n]"
14:09:02.399 [docker-java-stream--850894416] DEBUG com.github.dockerjava.zerodep.shaded.org.apache.hc.client5.http.wire - http-outgoing-1 << "[0x1][0x0][0x0][0x0][0x0][0x0][0x0][0x7]Ready.[\n]"
14:09:02.399 [docker-java-stream--850894416] DEBUG com.github.dockerjava.zerodep.shaded.org.apache.hc.client5.http.wire - http-outgoing-1 << "[\r][\n]"
14:09:02.399 [main] DEBUG org.testcontainers.containers.output.WaitingConsumer - STDOUT: Ready.
14:09:02.415 [docker-java-stream--850894416] DEBUG com.github.dockerjava.zerodep.shaded.org.apache.hc.client5.http.wire - http-outgoing-1 << "d1[\r][\n]"
14:09:02.415 [docker-java-stream--850894416] DEBUG com.github.dockerjava.zerodep.shaded.org.apache.hc.client5.http.wire - http-outgoing-1 << "[0x1][0x0][0x0][0x0][0x0][0x0][0x0][0xffffffc9]2024-01-08T13:09:02.413 DEBUG --- [   asgi_gw_0] l.a.p.service_router       : building service catalog index cache file /var/lib/localstack/cache/service-catalog-3_0_3_dev20240105221043-1_34_14.pickle[\n]"
14:09:02.415 [docker-java-stream--850894416] DEBUG com.github.dockerjava.zerodep.shaded.org.apache.hc.client5.http.wire - http-outgoing-1 << "[\r][\n]"
14:09:02.415 [main] DEBUG org.testcontainers.containers.output.WaitingConsumer - STDOUT: 2024-01-08T13:09:02.413 DEBUG --- [   asgi_gw_0] l.a.p.service_router       : building service catalog index cache file /var/lib/localstack/cache/service-catalog-3_0_3_dev20240105221043-1_34_14.pickle
14:09:04.655 [docker-java-stream--850894416] DEBUG com.github.dockerjava.zerodep.shaded.org.apache.hc.client5.http.wire - http-outgoing-1 << "a8[\r][\n]"
14:09:04.656 [docker-java-stream--850894416] DEBUG com.github.dockerjava.zerodep.shaded.org.apache.hc.client5.http.wire - http-outgoing-1 << "[0x1][0x0][0x0][0x0][0x0][0x0][0x0][0xffffffa0]2024-01-08T13:09:04.654 DEBUG --- [  MainThread] l.p.pods.auto_load         : Trying load state from '/etc/localstack/init-pods.d/shipment-list-demo-cloud-pod'[\n]"
14:09:04.656 [docker-java-stream--850894416] DEBUG com.github.dockerjava.zerodep.shaded.org.apache.hc.client5.http.wire - http-outgoing-1 << "[\r][\n]"
14:09:04.656 [main] DEBUG org.testcontainers.containers.output.WaitingConsumer - STDOUT: 2024-01-08T13:09:04.654 DEBUG --- [  MainThread] l.p.pods.auto_load         : Trying load state from '/etc/localstack/init-pods.d/shipment-list-demo-cloud-pod'
14:09:05.160 [docker-java-stream--850894416] DEBUG com.github.dockerjava.zerodep.shaded.org.apache.hc.client5.http.wire - http-outgoing-1 << "7f[\r][\n]"
14:09:05.160 [docker-java-stream--850894416] DEBUG com.github.dockerjava.zerodep.shaded.org.apache.hc.client5.http.wire - http-outgoing-1 << "[0x1][0x0][0x0][0x0][0x0][0x0][0x0]w2024-01-08T13:09:05.158  INFO --- [   asgi_gw_0] localstack.request.http    : GET /_localstack/pods/environment => 200[\n]"
14:09:05.160 [docker-java-stream--850894416] DEBUG com.github.dockerjava.zerodep.shaded.org.apache.hc.client5.http.wire - http-outgoing-1 << "[\r][\n]"
14:09:05.160 [main] DEBUG org.testcontainers.containers.output.WaitingConsumer - STDOUT: 2024-01-08T13:09:05.158  INFO --- [   asgi_gw_0] localstack.request.http    : GET /_localstack/pods/environment => 200
14:09:05.429 [docker-java-stream--850894416] DEBUG com.github.dockerjava.zerodep.shaded.org.apache.hc.client5.http.wire - http-outgoing-1 << "74[\r][\n]"
14:09:05.429 [docker-java-stream--850894416] DEBUG com.github.dockerjava.zerodep.shaded.org.apache.hc.client5.http.wire - http-outgoing-1 << "[0x1][0x0][0x0][0x0][0x0][0x0][0x0]l2024-01-08T13:09:05.427  INFO --- [   asgi_gw_0] localstack.request.http    : POST /_localstack/pods => 201[\n]"
14:09:05.429 [docker-java-stream--850894416] DEBUG com.github.dockerjava.zerodep.shaded.org.apache.hc.client5.http.wire - http-outgoing-1 << "[\r][\n]"
14:09:05.429 [main] DEBUG org.testcontainers.containers.output.WaitingConsumer - STDOUT: 2024-01-08T13:09:05.427  INFO --- [   asgi_gw_0] localstack.request.http    : POST /_localstack/pods => 201
14:09:05.434 [docker-java-stream--850894416] DEBUG com.github.dockerjava.zerodep.shaded.org.apache.hc.client5.http.wire - http-outgoing-1 << "73[\r][\n]"
14:09:05.434 [docker-java-stream--850894416] DEBUG com.github.dockerjava.zerodep.shaded.org.apache.hc.client5.http.wire - http-outgoing-1 << "[0x1][0x0][0x0][0x0][0x0][0x0][0x0]k2024-01-08T13:09:05.432 DEBUG --- [   asyncio_0] l.persistence.manager      : Loading state of service sts[\n]"
14:09:05.434 [docker-java-stream--850894416] DEBUG com.github.dockerjava.zerodep.shaded.org.apache.hc.client5.http.wire - http-outgoing-1 << "[\r][\n]"
14:09:05.442 [main] DEBUG org.testcontainers.containers.output.WaitingConsumer - STDOUT: 2024-01-08T13:09:05.432 DEBUG --- [   asyncio_0] l.persistence.manager      : Loading state of service sts
14:09:05.454 [docker-java-stream--850894416] DEBUG com.github.dockerjava.zerodep.shaded.org.apache.hc.client5.http.wire - http-outgoing-1 << "73[\r][\n]"
14:09:05.454 [docker-java-stream--850894416] DEBUG com.github.dockerjava.zerodep.shaded.org.apache.hc.client5.http.wire - http-outgoing-1 << "[0x1][0x0][0x0][0x0][0x0][0x0][0x0]k2024-01-08T13:09:05.452 DEBUG --- [   asyncio_0] l.persistence.manager      : Loading state of service iam[\n]"
14:09:05.454 [docker-java-stream--850894416] DEBUG com.github.dockerjava.zerodep.shaded.org.apache.hc.client5.http.wire - http-outgoing-1 << "[\r][\n]"
14:09:05.454 [main] DEBUG org.testcontainers.containers.output.WaitingConsumer - STDOUT: 2024-01-08T13:09:05.452 DEBUG --- [   asyncio_0] l.persistence.manager      : Loading state of service iam
14:09:05.720 [docker-java-stream--850894416] DEBUG com.github.dockerjava.zerodep.shaded.org.apache.hc.client5.http.wire - http-outgoing-1 << "93[\r][\n]"
14:09:05.720 [docker-java-stream--850894416] DEBUG com.github.dockerjava.zerodep.shaded.org.apache.hc.client5.http.wire - http-outgoing-1 << "[0x1][0x0][0x0][0x0][0x0][0x0][0x0][0xffffff8b]2024-01-08T13:09:05.718  INFO --- [   asyncio_0] l.services.s3.v3.provider  : Using /tmp/localstack/state/s3 as storage path for s3 assets[\n]"
14:09:05.720 [docker-java-stream--850894416] DEBUG com.github.dockerjava.zerodep.shaded.org.apache.hc.client5.http.wire - http-outgoing-1 << "[\r][\n]"
14:09:05.720 [main] DEBUG org.testcontainers.containers.output.WaitingConsumer - STDOUT: 2024-01-08T13:09:05.718  INFO --- [   asyncio_0] l.services.s3.v3.provider  : Using /tmp/localstack/state/s3 as storage path for s3 assets
14:09:05.809 [docker-java-stream--850894416] DEBUG com.github.dockerjava.zerodep.shaded.org.apache.hc.client5.http.wire - http-outgoing-1 << "72[\r][\n]"
14:09:05.809 [docker-java-stream--850894416] DEBUG com.github.dockerjava.zerodep.shaded.org.apache.hc.client5.http.wire - http-outgoing-1 << "[0x1][0x0][0x0][0x0][0x0][0x0][0x0]j2024-01-08T13:09:05.808 DEBUG --- [   asyncio_0] l.persistence.manager      : Loading state of service s3[\n]"
14:09:05.809 [docker-java-stream--850894416] DEBUG com.github.dockerjava.zerodep.shaded.org.apache.hc.client5.http.wire - http-outgoing-1 << "[\r][\n]"
14:09:05.809 [main] DEBUG org.testcontainers.containers.output.WaitingConsumer - STDOUT: 2024-01-08T13:09:05.808 DEBUG --- [   asyncio_0] l.persistence.manager      : Loading state of service s3
14:09:06.510 [docker-java-stream--850894416] DEBUG com.github.dockerjava.zerodep.shaded.org.apache.hc.client5.http.wire - http-outgoing-1 << "7f[\r][\n]"
14:09:06.510 [docker-java-stream--850894416] DEBUG com.github.dockerjava.zerodep.shaded.org.apache.hc.client5.http.wire - http-outgoing-1 << "[0x1][0x0][0x0][0x0][0x0][0x0][0x0]w2024-01-08T13:09:06.509 DEBUG --- [   asyncio_0] l.persistence.manager      : Loading state of service dynamodbstreams[\n]"
14:09:06.510 [docker-java-stream--850894416] DEBUG com.github.dockerjava.zerodep.shaded.org.apache.hc.client5.http.wire - http-outgoing-1 << "[\r][\n]"
14:09:06.510 [main] DEBUG org.testcontainers.containers.output.WaitingConsumer - STDOUT: 2024-01-08T13:09:06.509 DEBUG --- [   asyncio_0] l.persistence.manager      : Loading state of service dynamodbstreams
14:09:06.738 [docker-java-stream--850894416] DEBUG com.github.dockerjava.zerodep.shaded.org.apache.hc.client5.http.wire - http-outgoing-1 << "78[\r][\n]"
14:09:06.738 [docker-java-stream--850894416] DEBUG com.github.dockerjava.zerodep.shaded.org.apache.hc.client5.http.wire - http-outgoing-1 << "[0x1][0x0][0x0][0x0][0x0][0x0][0x0]p2024-01-08T13:09:06.736 DEBUG --- [   asyncio_0] l.persistence.manager      : Loading state of service dynamodb[\n]"
14:09:06.738 [docker-java-stream--850894416] DEBUG com.github.dockerjava.zerodep.shaded.org.apache.hc.client5.http.wire - http-outgoing-1 << "[\r][\n]"
14:09:06.738 [main] DEBUG org.testcontainers.containers.output.WaitingConsumer - STDOUT: 2024-01-08T13:09:06.736 DEBUG --- [   asyncio_0] l.persistence.manager      : Loading state of service dynamodb
14:09:07.420 [docker-java-stream--850894416] DEBUG com.github.dockerjava.zerodep.shaded.org.apache.hc.client5.http.wire - http-outgoing-1 << "da[\r][\n]"
14:09:07.420 [docker-java-stream--850894416] DEBUG com.github.dockerjava.zerodep.shaded.org.apache.hc.client5.http.wire - http-outgoing-1 << "[0x1][0x0][0x0][0x0][0x0][0x0][0x0][0xffffffd2]2024-01-08T13:09:07.419  WARN --- [   asyncio_0] l.persistence.pods.load    : A state for dynamodbstreams already exists for account 000000000000 and region us-east-1. The new state will overwrite the old one.[\n]"
14:09:07.420 [docker-java-stream--850894416] DEBUG com.github.dockerjava.zerodep.shaded.org.apache.hc.client5.http.wire - http-outgoing-1 << "[\r][\n]"
14:09:07.421 [main] DEBUG org.testcontainers.containers.output.WaitingConsumer - STDOUT: 2024-01-08T13:09:07.419  WARN --- [   asyncio_0] l.persistence.pods.load    : A state for dynamodbstreams already exists for account 000000000000 and region us-east-1. The new state will overwrite the old one.
14:09:07.421 [docker-java-stream--850894416] DEBUG com.github.dockerjava.zerodep.shaded.org.apache.hc.client5.http.wire - http-outgoing-1 << "120[\r][\n]"
14:09:07.422 [docker-java-stream--850894416] DEBUG com.github.dockerjava.zerodep.shaded.org.apache.hc.client5.http.wire - http-outgoing-1 << "[0x1][0x0][0x0][0x0][0x0][0x0][0x0][0xffffff8a]2024-01-08T13:09:07.420 DEBUG --- [   asyncio_0] localstack.packages.api    : Installation of dynamodb-local skipped (already installed).[\n]"
14:09:07.422 [docker-java-stream--850894416] DEBUG com.github.dockerjava.zerodep.shaded.org.apache.hc.client5.http.wire - http-outgoing-1 << "[0x1][0x0][0x0][0x0][0x0][0x0][0x0][0xffffff86]2024-01-08T13:09:07.420 DEBUG --- [   asyncio_0] localstack.packages.api    : Performing runtime setup for already installed package.[\n]"
14:09:07.422 [docker-java-stream--850894416] DEBUG com.github.dockerjava.zerodep.shaded.org.apache.hc.client5.http.wire - http-outgoing-1 << "[\r][\n]"
14:09:07.422 [docker-java-stream--850894416] DEBUG com.github.dockerjava.zerodep.shaded.org.apache.hc.client5.http.wire - http-outgoing-1 << "1ae[\r][\n]"
14:09:07.422 [docker-java-stream--850894416] DEBUG com.github.dockerjava.zerodep.shaded.org.apache.hc.client5.http.wire - http-outgoing-1 << "[0x1][0x0][0x0][0x0][0x0][0x0][0x1][0xffffffa6]2024-01-08T13:09:07.421 DEBUG --- [   asyncio_0] l.services.dynamodb.server : Starting DynamoDB Local: ['java', '-Xmx256m', '-javaagent:/usr/lib/localstack/dynamodb-local/latest/ddb-local-loader-0.1.jar', '-Djava.library.path=/usr/lib/localstack/dynamodb-local/latest/DynamoDBLocal_lib', '-jar', '/usr/lib/localstack/dynamodb-local/latest/DynamoDBLocal.jar', '-port', '49695', '-dbPath', '/tmp/localstack/state/dynamodb'][\n]"
14:09:07.422 [docker-java-stream--850894416] DEBUG com.github.dockerjava.zerodep.shaded.org.apache.hc.client5.http.wire - http-outgoing-1 << "[\r][\n]"
14:09:07.423 [docker-java-stream--850894416] DEBUG com.github.dockerjava.zerodep.shaded.org.apache.hc.client5.http.wire - http-outgoing-1 << "1a8[\r][\n]"
14:09:07.423 [docker-java-stream--850894416] DEBUG com.github.dockerjava.zerodep.shaded.org.apache.hc.client5.http.wire - http-outgoing-1 << "[0x1][0x0][0x0][0x0][0x0][0x0][0x1][0xffffffa0]2024-01-08T13:09:07.422 DEBUG --- [functhread11] localstack.utils.run       : Executing command: ['java', '-Xmx256m', '-javaagent:/usr/lib/localstack/dynamodb-local/latest/ddb-local-loader-0.1.jar', '-Djava.library.path=/usr/lib/localstack/dynamodb-local/latest/DynamoDBLocal_lib', '-jar', '/usr/lib/localstack/dynamodb-local/latest/DynamoDBLocal.jar', '-port', '49695', '-dbPath', '/tmp/localstack/state/dynamodb'][\n]"
14:09:07.423 [docker-java-stream--850894416] DEBUG com.github.dockerjava.zerodep.shaded.org.apache.hc.client5.http.wire - http-outgoing-1 << "[\r][\n]"
14:09:07.433 [main] DEBUG org.testcontainers.containers.output.WaitingConsumer - STDOUT: 2024-01-08T13:09:07.422 DEBUG --- [functhread11] localstack.utils.run       : Executing command: ['java', '-Xmx256m', '-javaagent:/usr/lib/localstack/dynamodb-local/latest/ddb-local-loader-0.1.jar', '-Djava.library.path=/usr/lib/localstack/dynamodb-local/latest/DynamoDBLocal_lib', '-jar', '/usr/lib/localstack/dynamodb-local/latest/DynamoDBLocal.jar', '-port', '49695', '-dbPath', '/tmp/localstack/state/dynamodb']
14:09:07.433 [main] DEBUG org.testcontainers.containers.output.WaitingConsumer - STDOUT: 2024-01-08T13:09:07.421 DEBUG --- [   asyncio_0] l.services.dynamodb.server : Starting DynamoDB Local: ['java', '-Xmx256m', '-javaagent:/usr/lib/localstack/dynamodb-local/latest/ddb-local-loader-0.1.jar', '-Djava.library.path=/usr/lib/localstack/dynamodb-local/latest/DynamoDBLocal_lib', '-jar', '/usr/lib/localstack/dynamodb-local/latest/DynamoDBLocal.jar', '-port', '49695', '-dbPath', '/tmp/localstack/state/dynamodb']
14:09:07.433 [main] DEBUG org.testcontainers.containers.output.WaitingConsumer - STDOUT: 2024-01-08T13:09:07.420 DEBUG --- [   asyncio_0] localstack.packages.api    : Performing runtime setup for already installed package.
14:09:07.433 [main] DEBUG org.testcontainers.containers.output.WaitingConsumer - STDOUT: 2024-01-08T13:09:07.420 DEBUG --- [   asyncio_0] localstack.packages.api    : Installation of dynamodb-local skipped (already installed).
14:09:08.438 [docker-java-stream--850894416] DEBUG com.github.dockerjava.zerodep.shaded.org.apache.hc.client5.http.wire - http-outgoing-1 << "15c[\r][\n]"
14:09:08.438 [docker-java-stream--850894416] DEBUG com.github.dockerjava.zerodep.shaded.org.apache.hc.client5.http.wire - http-outgoing-1 << "[0x1][0x0][0x0][0x0][0x0][0x0][0x0][0xffffff8c]2024-01-08T13:09:08.436 DEBUG --- [functhread11] l.services.dynamodb.server : Initializing DynamoDB Local with the following configuration:[\n]"
14:09:08.438 [docker-java-stream--850894416] DEBUG com.github.dockerjava.zerodep.shaded.org.apache.hc.client5.http.wire - http-outgoing-1 << "[0x1][0x0][0x0][0x0][0x0][0x0][0x0]Z2024-01-08T13:09:08.436 DEBUG --- [functhread11] l.services.dynamodb.server : Port:[0x9]49695[\n]"
14:09:08.438 [docker-java-stream--850894416] DEBUG com.github.dockerjava.zerodep.shaded.org.apache.hc.client5.http.wire - http-outgoing-1 << "[0x1][0x0][0x0][0x0][0x0][0x0][0x0]^2024-01-08T13:09:08.436 DEBUG --- [functhread11] l.services.dynamodb.server : InMemory:[0x9]false[\n]"
14:09:08.438 [docker-java-stream--850894416] DEBUG com.github.dockerjava.zerodep.shaded.org.apache.hc.client5.http.wire - http-outgoing-1 << "[\r][\n]"
14:09:08.438 [main] DEBUG org.testcontainers.containers.output.WaitingConsumer - STDOUT: 2024-01-08T13:09:08.436 DEBUG --- [functhread11] l.services.dynamodb.server : InMemory:	false
14:09:08.438 [main] DEBUG org.testcontainers.containers.output.WaitingConsumer - STDOUT: 2024-01-08T13:09:08.436 DEBUG --- [functhread11] l.services.dynamodb.server : Port:	49695
14:09:08.438 [main] DEBUG org.testcontainers.containers.output.WaitingConsumer - STDOUT: 2024-01-08T13:09:08.436 DEBUG --- [functhread11] l.services.dynamodb.server : Initializing DynamoDB Local with the following configuration:
14:09:08.438 [docker-java-stream--850894416] DEBUG com.github.dockerjava.zerodep.shaded.org.apache.hc.client5.http.wire - http-outgoing-1 << "66[\r][\n]"
14:09:08.438 [docker-java-stream--850894416] DEBUG com.github.dockerjava.zerodep.shaded.org.apache.hc.client5.http.wire - http-outgoing-1 << "[0x1][0x0][0x0][0x0][0x0][0x0][0x0]^2024-01-08T13:09:08.437 DEBUG --- [functhread11] l.services.dynamodb.server : Version:[0x9]1.25.0[\n]"
14:09:08.438 [docker-java-stream--850894416] DEBUG com.github.dockerjava.zerodep.shaded.org.apache.hc.client5.http.wire - http-outgoing-1 << "[\r][\n]"
14:09:08.439 [docker-java-stream--850894416] DEBUG com.github.dockerjava.zerodep.shaded.org.apache.hc.client5.http.wire - http-outgoing-1 << "7d[\r][\n]"
14:09:08.439 [docker-java-stream--850894416] DEBUG com.github.dockerjava.zerodep.shaded.org.apache.hc.client5.http.wire - http-outgoing-1 << "[0x1][0x0][0x0][0x0][0x0][0x0][0x0]u2024-01-08T13:09:08.438 DEBUG --- [functhread11] l.services.dynamodb.server : DbPath:[0x9]/tmp/localstack/state/dynamodb[\n]"
14:09:08.439 [docker-java-stream--850894416] DEBUG com.github.dockerjava.zerodep.shaded.org.apache.hc.client5.http.wire - http-outgoing-1 << "[\r][\n]"
14:09:08.439 [docker-java-stream--850894416] DEBUG com.github.dockerjava.zerodep.shaded.org.apache.hc.client5.http.wire - http-outgoing-1 << "66[\r][\n]"
14:09:08.439 [docker-java-stream--850894416] DEBUG com.github.dockerjava.zerodep.shaded.org.apache.hc.client5.http.wire - http-outgoing-1 << "[0x1][0x0][0x0][0x0][0x0][0x0][0x0]^2024-01-08T13:09:08.439 DEBUG --- [functhread11] l.services.dynamodb.server : SharedDb:[0x9]false[\n]"
14:09:08.439 [docker-java-stream--850894416] DEBUG com.github.dockerjava.zerodep.shaded.org.apache.hc.client5.http.wire - http-outgoing-1 << "[\r][\n]"
14:09:08.440 [docker-java-stream--850894416] DEBUG com.github.dockerjava.zerodep.shaded.org.apache.hc.client5.http.wire - http-outgoing-1 << "7a[\r][\n]"
14:09:08.440 [docker-java-stream--850894416] DEBUG com.github.dockerjava.zerodep.shaded.org.apache.hc.client5.http.wire - http-outgoing-1 << "[0x1][0x0][0x0][0x0][0x0][0x0][0x0]r2024-01-08T13:09:08.439 DEBUG --- [functhread11] l.services.dynamodb.server : shouldDelayTransientStatuses:[0x9]false[\n]"
14:09:08.441 [docker-java-stream--850894416] DEBUG com.github.dockerjava.zerodep.shaded.org.apache.hc.client5.http.wire - http-outgoing-1 << "[\r][\n]"
14:09:08.441 [docker-java-stream--850894416] DEBUG com.github.dockerjava.zerodep.shaded.org.apache.hc.client5.http.wire - http-outgoing-1 << "67[\r][\n]"
14:09:08.441 [docker-java-stream--850894416] DEBUG com.github.dockerjava.zerodep.shaded.org.apache.hc.client5.http.wire - http-outgoing-1 << "[0x1][0x0][0x0][0x0][0x0][0x0][0x0]_2024-01-08T13:09:08.440 DEBUG --- [functhread11] l.services.dynamodb.server : CorsParams:[0x9]null[\n]"
14:09:08.441 [docker-java-stream--850894416] DEBUG com.github.dockerjava.zerodep.shaded.org.apache.hc.client5.http.wire - http-outgoing-1 << "[\r][\n]"
14:09:08.442 [docker-java-stream--850894416] DEBUG com.github.dockerjava.zerodep.shaded.org.apache.hc.client5.http.wire - http-outgoing-1 << "57[\r][\n]"
14:09:08.442 [docker-java-stream--850894416] DEBUG com.github.dockerjava.zerodep.shaded.org.apache.hc.client5.http.wire - http-outgoing-1 << "[0x1][0x0][0x0][0x0][0x0][0x0][0x0]O2024-01-08T13:09:08.440 DEBUG --- [functhread11] l.services.dynamodb.server : [\n]"
14:09:08.442 [docker-java-stream--850894416] DEBUG com.github.dockerjava.zerodep.shaded.org.apache.hc.client5.http.wire - http-outgoing-1 << "[\r][\n]"
14:09:08.448 [main] DEBUG org.testcontainers.containers.output.WaitingConsumer - STDOUT: 2024-01-08T13:09:08.440 DEBUG --- [functhread11] l.services.dynamodb.server : 
14:09:08.449 [main] DEBUG org.testcontainers.containers.output.WaitingConsumer - STDOUT: 2024-01-08T13:09:08.440 DEBUG --- [functhread11] l.services.dynamodb.server : CorsParams:	null
14:09:08.449 [main] DEBUG org.testcontainers.containers.output.WaitingConsumer - STDOUT: 2024-01-08T13:09:08.439 DEBUG --- [functhread11] l.services.dynamodb.server : shouldDelayTransientStatuses:	false
14:09:08.449 [main] DEBUG org.testcontainers.containers.output.WaitingConsumer - STDOUT: 2024-01-08T13:09:08.439 DEBUG --- [functhread11] l.services.dynamodb.server : SharedDb:	false
14:09:08.449 [main] DEBUG org.testcontainers.containers.output.WaitingConsumer - STDOUT: 2024-01-08T13:09:08.438 DEBUG --- [functhread11] l.services.dynamodb.server : DbPath:	/tmp/localstack/state/dynamodb
14:09:08.449 [main] DEBUG org.testcontainers.containers.output.WaitingConsumer - STDOUT: 2024-01-08T13:09:08.437 DEBUG --- [functhread11] l.services.dynamodb.server : Version:	1.25.0
14:09:08.929 [docker-java-stream--850894416] DEBUG com.github.dockerjava.zerodep.shaded.org.apache.hc.client5.http.wire - http-outgoing-1 << "82[\r][\n]"
14:09:08.929 [docker-java-stream--850894416] DEBUG com.github.dockerjava.zerodep.shaded.org.apache.hc.client5.http.wire - http-outgoing-1 << "[0x1][0x0][0x0][0x0][0x0][0x0][0x0]z2024-01-08T13:09:08.927  INFO --- [   asyncio_0] botocore.credentials       : Found credentials in environment variables.[\n]"
14:09:08.929 [docker-java-stream--850894416] DEBUG com.github.dockerjava.zerodep.shaded.org.apache.hc.client5.http.wire - http-outgoing-1 << "[\r][\n]"
14:09:08.929 [main] DEBUG org.testcontainers.containers.output.WaitingConsumer - STDOUT: 2024-01-08T13:09:08.927  INFO --- [   asyncio_0] botocore.credentials       : Found credentials in environment variables.
14:09:09.518 [docker-java-stream--850894416] DEBUG com.github.dockerjava.zerodep.shaded.org.apache.hc.client5.http.wire - http-outgoing-1 << "162[\r][\n]"
14:09:09.518 [docker-java-stream--850894416] DEBUG com.github.dockerjava.zerodep.shaded.org.apache.hc.client5.http.wire - http-outgoing-1 << "[0x1][0x0][0x0][0x0][0x0][0x0][0x0]l2024-01-08T13:09:09.517 DEBUG --- [   asyncio_1] l.s.cloudwatch.provider    : starting cloudwatch scheduler[\n]"
14:09:09.518 [docker-java-stream--850894416] DEBUG com.github.dockerjava.zerodep.shaded.org.apache.hc.client5.http.wire - http-outgoing-1 << "[0x1][0x0][0x0][0x0][0x0][0x0][0x0]l2024-01-08T13:09:09.517 DEBUG --- [   asyncio_1] l.s.cloudwatch.provider    : stopping cloudwatch scheduler[\n]"
14:09:09.518 [docker-java-stream--850894416] DEBUG com.github.dockerjava.zerodep.shaded.org.apache.hc.client5.http.wire - http-outgoing-1 << "[0x1][0x0][0x0][0x0][0x0][0x0][0x0]r2024-01-08T13:09:09.517 DEBUG --- [   asyncio_1] l.persistence.manager      : Loading state of service cloudwatch[\n]"
14:09:09.518 [docker-java-stream--850894416] DEBUG com.github.dockerjava.zerodep.shaded.org.apache.hc.client5.http.wire - http-outgoing-1 << "[\r][\n]"
14:09:09.518 [main] DEBUG org.testcontainers.containers.output.WaitingConsumer - STDOUT: 2024-01-08T13:09:09.517 DEBUG --- [   asyncio_1] l.persistence.manager      : Loading state of service cloudwatch
14:09:09.518 [main] DEBUG org.testcontainers.containers.output.WaitingConsumer - STDOUT: 2024-01-08T13:09:09.517 DEBUG --- [   asyncio_1] l.s.cloudwatch.provider    : stopping cloudwatch scheduler
14:09:09.518 [main] DEBUG org.testcontainers.containers.output.WaitingConsumer - STDOUT: 2024-01-08T13:09:09.517 DEBUG --- [   asyncio_1] l.s.cloudwatch.provider    : starting cloudwatch scheduler
14:09:09.597 [docker-java-stream--850894416] DEBUG com.github.dockerjava.zerodep.shaded.org.apache.hc.client5.http.wire - http-outgoing-1 << "74[\r][\n]"
14:09:09.597 [docker-java-stream--850894416] DEBUG com.github.dockerjava.zerodep.shaded.org.apache.hc.client5.http.wire - http-outgoing-1 << "[0x1][0x0][0x0][0x0][0x0][0x0][0x0]l2024-01-08T13:09:09.594 DEBUG --- [   asyncio_1] l.s.cloudwatch.provider    : starting cloudwatch scheduler[\n]"
14:09:09.597 [docker-java-stream--850894416] DEBUG com.github.dockerjava.zerodep.shaded.org.apache.hc.client5.http.wire - http-outgoing-1 << "[\r][\n]"
14:09:09.597 [main] DEBUG org.testcontainers.containers.output.WaitingConsumer - STDOUT: 2024-01-08T13:09:09.594 DEBUG --- [   asyncio_1] l.s.cloudwatch.provider    : starting cloudwatch scheduler
14:09:09.609 [docker-java-stream--850894416] DEBUG com.github.dockerjava.zerodep.shaded.org.apache.hc.client5.http.wire - http-outgoing-1 << "73[\r][\n]"
14:09:09.609 [docker-java-stream--850894416] DEBUG com.github.dockerjava.zerodep.shaded.org.apache.hc.client5.http.wire - http-outgoing-1 << "[0x1][0x0][0x0][0x0][0x0][0x0][0x0]k2024-01-08T13:09:09.608 DEBUG --- [   asyncio_0] l.persistence.manager      : Loading state of service kms[\n]"
14:09:09.609 [docker-java-stream--850894416] DEBUG com.github.dockerjava.zerodep.shaded.org.apache.hc.client5.http.wire - http-outgoing-1 << "[\r][\n]"
14:09:09.609 [main] DEBUG org.testcontainers.containers.output.WaitingConsumer - STDOUT: 2024-01-08T13:09:09.608 DEBUG --- [   asyncio_0] l.persistence.manager      : Loading state of service kms
14:09:09.781 [docker-java-stream--850894416] DEBUG com.github.dockerjava.zerodep.shaded.org.apache.hc.client5.http.wire - http-outgoing-1 << "77[\r][\n]"
14:09:09.781 [docker-java-stream--850894416] DEBUG com.github.dockerjava.zerodep.shaded.org.apache.hc.client5.http.wire - http-outgoing-1 << "[0x1][0x0][0x0][0x0][0x0][0x0][0x0]o2024-01-08T13:09:09.779 DEBUG --- [   asyncio_1] l.persistence.manager      : Loading state of service kinesis[\n]"
14:09:09.781 [docker-java-stream--850894416] DEBUG com.github.dockerjava.zerodep.shaded.org.apache.hc.client5.http.wire - http-outgoing-1 << "[\r][\n]"
14:09:09.781 [main] DEBUG org.testcontainers.containers.output.WaitingConsumer - STDOUT: 2024-01-08T13:09:09.779 DEBUG --- [   asyncio_1] l.persistence.manager      : Loading state of service kinesis
14:09:09.816 [docker-java-stream--850894416] DEBUG com.github.dockerjava.zerodep.shaded.org.apache.hc.client5.http.wire - http-outgoing-1 << "73[\r][\n]"
14:09:09.816 [docker-java-stream--850894416] DEBUG com.github.dockerjava.zerodep.shaded.org.apache.hc.client5.http.wire - http-outgoing-1 << "[0x1][0x0][0x0][0x0][0x0][0x0][0x0]k2024-01-08T13:09:09.815 DEBUG --- [   asyncio_0] l.persistence.manager      : Loading state of service sqs[\n]"
14:09:09.816 [docker-java-stream--850894416] DEBUG com.github.dockerjava.zerodep.shaded.org.apache.hc.client5.http.wire - http-outgoing-1 << "[\r][\n]"
14:09:09.816 [main] DEBUG org.testcontainers.containers.output.WaitingConsumer - STDOUT: 2024-01-08T13:09:09.815 DEBUG --- [   asyncio_0] l.persistence.manager      : Loading state of service sqs
14:09:10.616 [docker-java-stream--850894416] DEBUG com.github.dockerjava.zerodep.shaded.org.apache.hc.client5.http.wire - http-outgoing-1 << "73[\r][\n]"
14:09:10.616 [docker-java-stream--850894416] DEBUG com.github.dockerjava.zerodep.shaded.org.apache.hc.client5.http.wire - http-outgoing-1 << "[0x1][0x0][0x0][0x0][0x0][0x0][0x0]k2024-01-08T13:09:10.614 DEBUG --- [   asyncio_1] l.persistence.manager      : Loading state of service sns[\n]"
14:09:10.616 [docker-java-stream--850894416] DEBUG com.github.dockerjava.zerodep.shaded.org.apache.hc.client5.http.wire - http-outgoing-1 << "[\r][\n]"
14:09:10.622 [main] DEBUG org.testcontainers.containers.output.WaitingConsumer - STDOUT: 2024-01-08T13:09:10.614 DEBUG --- [   asyncio_1] l.persistence.manager      : Loading state of service sns
14:09:10.830 [docker-java-stream--850894416] DEBUG com.github.dockerjava.zerodep.shaded.org.apache.hc.client5.http.wire - http-outgoing-1 << "103[\r][\n]"
14:09:10.830 [docker-java-stream--850894416] DEBUG com.github.dockerjava.zerodep.shaded.org.apache.hc.client5.http.wire - http-outgoing-1 << "[0x1][0x0][0x0][0x0][0x0][0x0][0x0]|2024-01-08T13:09:10.828 DEBUG --- [   asyncio_0] l.s.l.l.inject_layer_fetch : Inject pro layer fetcher into lambda provider[\n]"
14:09:10.830 [docker-java-stream--850894416] DEBUG com.github.dockerjava.zerodep.shaded.org.apache.hc.client5.http.wire - http-outgoing-1 << "[0x1][0x0][0x0][0x0][0x0][0x0][0x0]w2024-01-08T13:09:10.829 DEBUG --- [   asyncio_0] l.s.lambda_.urlrouter      : Registering parameterized Lambda routes.[\n]"
14:09:10.830 [docker-java-stream--850894416] DEBUG com.github.dockerjava.zerodep.shaded.org.apache.hc.client5.http.wire - http-outgoing-1 << "[\r][\n]"
14:09:10.830 [main] DEBUG org.testcontainers.containers.output.WaitingConsumer - STDOUT: 2024-01-08T13:09:10.829 DEBUG --- [   asyncio_0] l.s.lambda_.urlrouter      : Registering parameterized Lambda routes.
14:09:10.830 [main] DEBUG org.testcontainers.containers.output.WaitingConsumer - STDOUT: 2024-01-08T13:09:10.828 DEBUG --- [   asyncio_0] l.s.l.l.inject_layer_fetch : Inject pro layer fetcher into lambda provider
14:09:10.832 [docker-java-stream--850894416] DEBUG com.github.dockerjava.zerodep.shaded.org.apache.hc.client5.http.wire - http-outgoing-1 << "1e1[\r][\n]"
14:09:10.832 [docker-java-stream--850894416] DEBUG com.github.dockerjava.zerodep.shaded.org.apache.hc.client5.http.wire - http-outgoing-1 << "[0x1][0x0][0x0][0x0][0x0][0x0][0x1]c2024-01-08T13:09:10.831  WARN --- [   asyncio_0] l.s.l.i.docker_runtime_exe : WARNING: Docker not available in the LocalStack container but required to run Lambda functions. Please add the Docker volume mount "/var/run/docker.sock:/var/run/docker.sock" to your LocalStack startup. https://docs.localstack.cloud/user-guide/aws/lambda/#docker-not-available[\n]"
14:09:10.832 [docker-java-stream--850894416] DEBUG com.github.dockerjava.zerodep.shaded.org.apache.hc.client5.http.wire - http-outgoing-1 << "[0x1][0x0][0x0][0x0][0x0][0x0][0x0]n2024-01-08T13:09:10.832 DEBUG --- [   asyncio_0] l.persistence.manager      : Loading state of service lambda[\n]"
14:09:10.832 [docker-java-stream--850894416] DEBUG com.github.dockerjava.zerodep.shaded.org.apache.hc.client5.http.wire - http-outgoing-1 << "[\r][\n]"
14:09:10.843 [main] DEBUG org.testcontainers.containers.output.WaitingConsumer - STDOUT: 2024-01-08T13:09:10.832 DEBUG --- [   asyncio_0] l.persistence.manager      : Loading state of service lambda
14:09:10.843 [main] DEBUG org.testcontainers.containers.output.WaitingConsumer - STDOUT: 2024-01-08T13:09:10.831  WARN --- [   asyncio_0] l.s.l.i.docker_runtime_exe : WARNING: Docker not available in the LocalStack container but required to run Lambda functions. Please add the Docker volume mount "/var/run/docker.sock:/var/run/docker.sock" to your LocalStack startup. https://docs.localstack.cloud/user-guide/aws/lambda/#docker-not-available
14:09:10.973 [docker-java-stream--850894416] DEBUG com.github.dockerjava.zerodep.shaded.org.apache.hc.client5.http.wire - http-outgoing-1 << "e7[\r][\n]"
14:09:10.973 [docker-java-stream--850894416] DEBUG com.github.dockerjava.zerodep.shaded.org.apache.hc.client5.http.wire - http-outgoing-1 << "[0x1][0x0][0x0][0x0][0x0][0x0][0x0][0xffffffdf]2024-01-08T13:09:10.972 DEBUG --- [rvice-task_0] l.s.l.i.docker_runtime_exe : Executing prepare docker executor pro-hook for function arn:aws:lambda:us-east-1:000000000000:function:shipment-picture-lambda-validator:$LATEST[\n]"
14:09:10.973 [docker-java-stream--850894416] DEBUG com.github.dockerjava.zerodep.shaded.org.apache.hc.client5.http.wire - http-outgoing-1 << "[\r][\n]"
14:09:10.973 [main] DEBUG org.testcontainers.containers.output.WaitingConsumer - STDOUT: 2024-01-08T13:09:10.972 DEBUG --- [rvice-task_0] l.s.l.i.docker_runtime_exe : Executing prepare docker executor pro-hook for function arn:aws:lambda:us-east-1:000000000000:function:shipment-picture-lambda-validator:$LATEST
14:09:10.974 [docker-java-stream--850894416] DEBUG com.github.dockerjava.zerodep.shaded.org.apache.hc.client5.http.wire - http-outgoing-1 << "120[\r][\n]"
14:09:10.974 [docker-java-stream--850894416] DEBUG com.github.dockerjava.zerodep.shaded.org.apache.hc.client5.http.wire - http-outgoing-1 << "[0x1][0x0][0x0][0x0][0x0][0x0][0x0][0xffffff8a]2024-01-08T13:09:10.973 DEBUG --- [rvice-task_0] localstack.packages.api    : Installation of lambda-runtime skipped (already installed).[\n]"
14:09:10.975 [docker-java-stream--850894416] DEBUG com.github.dockerjava.zerodep.shaded.org.apache.hc.client5.http.wire - http-outgoing-1 << "[0x1][0x0][0x0][0x0][0x0][0x0][0x0][0xffffff86]2024-01-08T13:09:10.973 DEBUG --- [rvice-task_0] localstack.packages.api    : Performing runtime setup for already installed package.[\n]"
14:09:10.975 [docker-java-stream--850894416] DEBUG com.github.dockerjava.zerodep.shaded.org.apache.hc.client5.http.wire - http-outgoing-1 << "[\r][\n]"
14:09:10.975 [docker-java-stream--850894416] DEBUG com.github.dockerjava.zerodep.shaded.org.apache.hc.client5.http.wire - http-outgoing-1 << "b1[\r][\n]"
14:09:10.975 [docker-java-stream--850894416] DEBUG com.github.dockerjava.zerodep.shaded.org.apache.hc.client5.http.wire - http-outgoing-1 << "[0x1][0x0][0x0][0x0][0x0][0x0][0x0][0xffffffa9]2024-01-08T13:09:10.974 DEBUG --- [rvice-task_0] l.s.l.i.lambda_models      : Saving code shipment-picture-lambda-validator-cb5cdc73-2298-4deb-92c3-3b118cf64e96 to disk[\n]"
14:09:10.975 [docker-java-stream--850894416] DEBUG com.github.dockerjava.zerodep.shaded.org.apache.hc.client5.http.wire - http-outgoing-1 << "[\r][\n]"
14:09:10.985 [main] DEBUG org.testcontainers.containers.output.WaitingConsumer - STDOUT: 2024-01-08T13:09:10.974 DEBUG --- [rvice-task_0] l.s.l.i.lambda_models      : Saving code shipment-picture-lambda-validator-cb5cdc73-2298-4deb-92c3-3b118cf64e96 to disk
14:09:10.985 [main] DEBUG org.testcontainers.containers.output.WaitingConsumer - STDOUT: 2024-01-08T13:09:10.973 DEBUG --- [rvice-task_0] localstack.packages.api    : Performing runtime setup for already installed package.
14:09:10.985 [main] DEBUG org.testcontainers.containers.output.WaitingConsumer - STDOUT: 2024-01-08T13:09:10.973 DEBUG --- [rvice-task_0] localstack.packages.api    : Installation of lambda-runtime skipped (already installed).
14:09:11.377 [docker-java-stream--850894416] DEBUG com.github.dockerjava.zerodep.shaded.org.apache.hc.client5.http.wire - http-outgoing-1 << "93[\r][\n]"
14:09:11.377 [docker-java-stream--850894416] DEBUG com.github.dockerjava.zerodep.shaded.org.apache.hc.client5.http.wire - http-outgoing-1 << "[0x1][0x0][0x0][0x0][0x0][0x0][0x0][0xffffff8b]2024-01-08T13:09:11.376 DEBUG --- [rvice-task_0] localstack.utils.run       : Executing command: ['unzip', '-o', '-q', '/tmp/tmp7ce9uyar'][\n]"
14:09:11.377 [docker-java-stream--850894416] DEBUG com.github.dockerjava.zerodep.shaded.org.apache.hc.client5.http.wire - http-outgoing-1 << "[\r][\n]"
14:09:11.377 [main] DEBUG org.testcontainers.containers.output.WaitingConsumer - STDOUT: 2024-01-08T13:09:11.376 DEBUG --- [rvice-task_0] localstack.utils.run       : Executing command: ['unzip', '-o', '-q', '/tmp/tmp7ce9uyar']
14:09:12.470 [docker-java-stream--850894416] DEBUG com.github.dockerjava.zerodep.shaded.org.apache.hc.client5.http.wire - http-outgoing-1 << "8a[\r][\n]"
14:09:12.470 [docker-java-stream--850894416] DEBUG com.github.dockerjava.zerodep.shaded.org.apache.hc.client5.http.wire - http-outgoing-1 << "[0x1][0x0][0x0][0x0][0x0][0x0][0x0][0xffffff82]2024-01-08T13:09:12.468 DEBUG --- [rvice-task_0] l.u.c.docker_sdk_client    : Pulling Docker image: public.ecr.aws/lambda/java:17[\n]"
14:09:12.470 [docker-java-stream--850894416] DEBUG com.github.dockerjava.zerodep.shaded.org.apache.hc.client5.http.wire - http-outgoing-1 << "[\r][\n]"
14:09:12.470 [main] DEBUG org.testcontainers.containers.output.WaitingConsumer - STDOUT: 2024-01-08T13:09:12.468 DEBUG --- [rvice-task_0] l.u.c.docker_sdk_client    : Pulling Docker image: public.ecr.aws/lambda/java:17
14:09:12.473 [docker-java-stream--850894416] DEBUG com.github.dockerjava.zerodep.shaded.org.apache.hc.client5.http.wire - http-outgoing-1 << "1c51[\r][\n]"
14:09:12.473 [docker-java-stream--850894416] DEBUG com.github.dockerjava.zerodep.shaded.org.apache.hc.client5.http.wire - http-outgoing-1 << "[0x1][0x0][0x0][0x0][0x0][0x0][0x0][0xffffffe5]2024-01-08T13:09:12.470 DEBUG --- [rvice-task_0] l.u.c.docker_sdk_client    : Creating Docker SDK client failed: Error while fetching server API version: ('Connection aborted.', ConnectionRefusedError(111, 'Connection refused'))[\n]"
14:09:12.473 [docker-java-stream--850894416] DEBUG com.github.dockerjava.zerodep.shaded.org.apache.hc.client5.http.wire - http-outgoing-1 << "[0x1][0x0][0x0][0x0][0x0][0x0][0x0]#Traceback (most recent call last):[\n]"
14:09:12.473 [docker-java-stream--850894416] DEBUG com.github.dockerjava.zerodep.shaded.org.apache.hc.client5.http.wire - http-outgoing-1 << "[0x1][0x0][0x0][0x0][0x0][0x0][0x0]q  File "/opt/code/localstack/.venv/lib/python3.11/site-packages/urllib3/connectionpool.py", line 791, in urlopen[\n]"
14:09:12.473 [docker-java-stream--850894416] DEBUG com.github.dockerjava.zerodep.shaded.org.apache.hc.client5.http.wire - http-outgoing-1 << "[0x1][0x0][0x0][0x0][0x0][0x0][0x0]#    response = self._make_request([\n]"
14:09:12.473 [docker-java-stream--850894416] DEBUG com.github.dockerjava.zerodep.shaded.org.apache.hc.client5.http.wire - http-outgoing-1 << "[0x1][0x0][0x0][0x0][0x0][0x0][0x0]#               ^^^^^^^^^^^^^^^^^^^[\n]"
14:09:12.473 [docker-java-stream--850894416] DEBUG com.github.dockerjava.zerodep.shaded.org.apache.hc.client5.http.wire - http-outgoing-1 << "[0x1][0x0][0x0][0x0][0x0][0x0][0x0]w  File "/opt/code/localstack/.venv/lib/python3.11/site-packages/urllib3/connectionpool.py", line 497, in _make_request[\n]"
14:09:12.473 [docker-java-stream--850894416] DEBUG com.github.dockerjava.zerodep.shaded.org.apache.hc.client5.http.wire - http-outgoing-1 << "[0x1][0x0][0x0][0x0][0x0][0x0][0x0][0x12]    conn.request([\n]"
14:09:12.473 [docker-java-stream--850894416] DEBUG com.github.dockerjava.zerodep.shaded.org.apache.hc.client5.http.wire - http-outgoing-1 << "[0x1][0x0][0x0][0x0][0x0][0x0][0x0]m  File "/opt/code/localstack/.venv/lib/python3.11/site-packages/urllib3/connection.py", line 395, in request[\n]"
14:09:12.473 [docker-java-stream--850894416] DEBUG com.github.dockerjava.zerodep.shaded.org.apache.hc.client5.http.wire - http-outgoing-1 << "[0x1][0x0][0x0][0x0][0x0][0x0][0x0][0x16]    self.endheaders()[\n]"
14:09:12.473 [docker-java-stream--850894416] DEBUG com.github.dockerjava.zerodep.shaded.org.apache.hc.client5.http.wire - http-outgoing-1 << "[0x1][0x0][0x0][0x0][0x0][0x0][0x0]L  File "/usr/local/lib/python3.11/http/client.py", line 1289, in endheaders[\n]"
14:09:12.473 [docker-java-stream--850894416] DEBUG com.github.dockerjava.zerodep.shaded.org.apache.hc.client5.http.wire - http-outgoing-1 << "[0x1][0x0][0x0][0x0][0x0][0x0][0x0]C    self._send_output(message_body, encode_chunked=encode_chunked)[\n]"
14:09:12.473 [docker-java-stream--850894416] DEBUG com.github.dockerjava.zerodep.shaded.org.apache.hc.client5.http.wire - http-outgoing-1 << "[0x1][0x0][0x0][0x0][0x0][0x0][0x0]N  File "/usr/local/lib/python3.11/http/client.py", line 1048, in _send_output[\n]"
14:09:12.473 [docker-java-stream--850894416] DEBUG com.github.dockerjava.zerodep.shaded.org.apache.hc.client5.http.wire - http-outgoing-1 << "[0x1][0x0][0x0][0x0][0x0][0x0][0x0][0x13]    self.send(msg)[\n]"
14:09:12.473 [docker-java-stream--850894416] DEBUG com.github.dockerjava.zerodep.shaded.org.apache.hc.client5.http.wire - http-outgoing-1 << "[0x1][0x0][0x0][0x0][0x0][0x0][0x0]E  File "/usr/local/lib/python3.11/http/client.py", line 986, in send[\n]"
14:09:12.473 [docker-java-stream--850894416] DEBUG com.github.dockerjava.zerodep.shaded.org.apache.hc.client5.http.wire - http-outgoing-1 << "[0x1][0x0][0x0][0x0][0x0][0x0][0x0][0x13]    self.connect()[\n]"
14:09:12.473 [docker-java-stream--850894416] DEBUG com.github.dockerjava.zerodep.shaded.org.apache.hc.client5.http.wire - http-outgoing-1 << "[0x1][0x0][0x0][0x0][0x0][0x0][0x0]s  File "/opt/code/localstack/.venv/lib/python3.11/site-packages/docker/transport/unixconn.py", line 27, in connect[\n]"
14:09:12.473 [docker-java-stream--850894416] DEBUG com.github.dockerjava.zerodep.shaded.org.apache.hc.client5.http.wire - http-outgoing-1 << "[0x1][0x0][0x0][0x0][0x0][0x0][0x0]#    sock.connect(self.unix_socket)[\n]"
14:09:12.473 [docker-java-stream--850894416] DEBUG com.github.dockerjava.zerodep.shaded.org.apache.hc.client5.http.wire - http-outgoing-1 << "[0x1][0x0][0x0][0x0][0x0][0x0][0x0]7ConnectionRefusedError: [Errno 111] Connection refused[\n]"
14:09:12.473 [docker-java-stream--850894416] DEBUG com.github.dockerjava.zerodep.shaded.org.apache.hc.client5.http.wire - http-outgoing-1 << "[0x1][0x0][0x0][0x0][0x0][0x0][0x0][0x1][\n]"
14:09:12.473 [docker-java-stream--850894416] DEBUG com.github.dockerjava.zerodep.shaded.org.apache.hc.client5.http.wire - http-outgoing-1 << "[0x1][0x0][0x0][0x0][0x0][0x0][0x0]DDuring handling of the above exception, another exception occurred:[\n]"
14:09:12.473 [docker-java-stream--850894416] DEBUG com.github.dockerjava.zerodep.shaded.org.apache.hc.client5.http.wire - http-outgoing-1 << "[0x1][0x0][0x0][0x0][0x0][0x0][0x0][0x1][\n]"
14:09:12.473 [docker-java-stream--850894416] DEBUG com.github.dockerjava.zerodep.shaded.org.apache.hc.client5.http.wire - http-outgoing-1 << "[0x1][0x0][0x0][0x0][0x0][0x0][0x0]#Traceback (most recent call last):[\n]"
14:09:12.473 [docker-java-stream--850894416] DEBUG com.github.dockerjava.zerodep.shaded.org.apache.hc.client5.http.wire - http-outgoing-1 << "[0x1][0x0][0x0][0x0][0x0][0x0][0x0]i  File "/opt/code/localstack/.venv/lib/python3.11/site-packages/requests/adapters.py", line 486, in send[\n]"
14:09:12.473 [docker-java-stream--850894416] DEBUG com.github.dockerjava.zerodep.shaded.org.apache.hc.client5.http.wire - http-outgoing-1 << "[0x1][0x0][0x0][0x0][0x0][0x0][0x0][0x19]    resp = conn.urlopen([\n]"
14:09:12.473 [docker-java-stream--850894416] DEBUG com.github.dockerjava.zerodep.shaded.org.apache.hc.client5.http.wire - http-outgoing-1 << "[0x1][0x0][0x0][0x0][0x0][0x0][0x0][0x19]           ^^^^^^^^^^^^^[\n]"
14:09:12.473 [docker-java-stream--850894416] DEBUG com.github.dockerjava.zerodep.shaded.org.apache.hc.client5.http.wire - http-outgoing-1 << "[0x1][0x0][0x0][0x0][0x0][0x0][0x0]q  File "/opt/code/localstack/.venv/lib/python3.11/site-packages/urllib3/connectionpool.py", line 845, in urlopen[\n]"
14:09:12.473 [docker-java-stream--850894416] DEBUG com.github.dockerjava.zerodep.shaded.org.apache.hc.client5.http.wire - http-outgoing-1 << "[0x1][0x0][0x0][0x0][0x0][0x0][0x0]!    retries = retries.increment([\n]"
14:09:12.473 [docker-java-stream--850894416] DEBUG com.github.dockerjava.zerodep.shaded.org.apache.hc.client5.http.wire - http-outgoing-1 << "[0x1][0x0][0x0][0x0][0x0][0x0][0x0]!              ^^^^^^^^^^^^^^^^^^[\n]"
14:09:12.473 [docker-java-stream--850894416] DEBUG com.github.dockerjava.zerodep.shaded.org.apache.hc.client5.http.wire - http-outgoing-1 << "[0x1][0x0][0x0][0x0][0x0][0x0][0x0]o  File "/opt/code/localstack/.venv/lib/python3.11/site-packages/urllib3/util/retry.py", line 470, in increment[\n]"
14:09:12.473 [docker-java-stream--850894416] DEBUG com.github.dockerjava.zerodep.shaded.org.apache.hc.client5.http.wire - http-outgoing-1 << "[0x1][0x0][0x0][0x0][0x0][0x0][0x0]3    raise reraise(type(error), error, _stacktrace)[\n]"
14:09:12.473 [docker-java-stream--850894416] DEBUG com.github.dockerjava.zerodep.shaded.org.apache.hc.client5.http.wire - http-outgoing-1 << "[0x1][0x0][0x0][0x0][0x0][0x0][0x0]3          ^^^^^^^^^^^^^^^^^^^^^^^^^^^^^^^^^^^^^^^^[\n]"
14:09:12.473 [docker-java-stream--850894416] DEBUG com.github.dockerjava.zerodep.shaded.org.apache.hc.client5.http.wire - http-outgoing-1 << "[0x1][0x0][0x0][0x0][0x0][0x0][0x0]k  File "/opt/code/localstack/.venv/lib/python3.11/site-packages/urllib3/util/util.py", line 38, in reraise[\n]"
14:09:12.473 [docker-java-stream--850894416] DEBUG com.github.dockerjava.zerodep.shaded.org.apache.hc.client5.http.wire - http-outgoing-1 << "[0x1][0x0][0x0][0x0][0x0][0x0][0x0]#    raise value.with_traceback(tb)[\n]"
14:09:12.473 [docker-java-stream--850894416] DEBUG com.github.dockerjava.zerodep.shaded.org.apache.hc.client5.http.wire - http-outgoing-1 << "[0x1][0x0][0x0][0x0][0x0][0x0][0x0]q  File "/opt/code/localstack/.venv/lib/python3.11/site-packages/urllib3/connectionpool.py", line 791, in urlopen[\n]"
14:09:12.473 [docker-java-stream--850894416] DEBUG com.github.dockerjava.zerodep.shaded.org.apache.hc.client5.http.wire - http-outgoing-1 << "[0x1][0x0][0x0][0x0][0x0][0x0][0x0]#    response = self._make_request([\n]"
14:09:12.473 [docker-java-stream--850894416] DEBUG com.github.dockerjava.zerodep.shaded.org.apache.hc.client5.http.wire - http-outgoing-1 << "[0x1][0x0][0x0][0x0][0x0][0x0][0x0]#               ^^^^^^^^^^^^^^^^^^^[\n]"
14:09:12.473 [docker-java-stream--850894416] DEBUG com.github.dockerjava.zerodep.shaded.org.apache.hc.client5.http.wire - http-outgoing-1 << "[0x1][0x0][0x0][0x0][0x0][0x0][0x0]w  File "/opt/code/localstack/.venv/lib/python3.11/site-packages/urllib3/connectionpool.py", line 497, in _make_request[\n]"
14:09:12.473 [docker-java-stream--850894416] DEBUG com.github.dockerjava.zerodep.shaded.org.apache.hc.client5.http.wire - http-outgoing-1 << "[0x1][0x0][0x0][0x0][0x0][0x0][0x0][0x12]    conn.request([\n]"
14:09:12.473 [docker-java-stream--850894416] DEBUG com.github.dockerjava.zerodep.shaded.org.apache.hc.client5.http.wire - http-outgoing-1 << "[0x1][0x0][0x0][0x0][0x0][0x0][0x0]m  File "/opt/code/localstack/.venv/lib/python3.11/site-packages/urllib3/connection.py", line 395, in request[\n]"
14:09:12.473 [docker-java-stream--850894416] DEBUG com.github.dockerjava.zerodep.shaded.org.apache.hc.client5.http.wire - http-outgoing-1 << "[0x1][0x0][0x0][0x0][0x0][0x0][0x0][0x16]    self.endheaders()[\n]"
14:09:12.473 [docker-java-stream--850894416] DEBUG com.github.dockerjava.zerodep.shaded.org.apache.hc.client5.http.wire - http-outgoing-1 << "[0x1][0x0][0x0][0x0][0x0][0x0][0x0]L  File "/usr/local/lib/python3.11/http/client.py", line 1289, in endheaders[\n]"
14:09:12.473 [docker-java-stream--850894416] DEBUG com.github.dockerjava.zerodep.shaded.org.apache.hc.client5.http.wire - http-outgoing-1 << "[0x1][0x0][0x0][0x0][0x0][0x0][0x0]C    self._send_output(message_body, encode_chunked=encode_chunked)[\n]"
14:09:12.473 [docker-java-stream--850894416] DEBUG com.github.dockerjava.zerodep.shaded.org.apache.hc.client5.http.wire - http-outgoing-1 << "[0x1][0x0][0x0][0x0][0x0][0x0][0x0]N  File "/usr/local/lib/python3.11/http/client.py", line 1048, in _send_output[\n]"
14:09:12.473 [docker-java-stream--850894416] DEBUG com.github.dockerjava.zerodep.shaded.org.apache.hc.client5.http.wire - http-outgoing-1 << "[0x1][0x0][0x0][0x0][0x0][0x0][0x0][0x13]    self.send(msg)[\n]"
14:09:12.473 [docker-java-stream--850894416] DEBUG com.github.dockerjava.zerodep.shaded.org.apache.hc.client5.http.wire - http-outgoing-1 << "[0x1][0x0][0x0][0x0][0x0][0x0][0x0]E  File "/usr/local/lib/python3.11/http/client.py", line 986, in send[\n]"
14:09:12.473 [docker-java-stream--850894416] DEBUG com.github.dockerjava.zerodep.shaded.org.apache.hc.client5.http.wire - http-outgoing-1 << "[0x1][0x0][0x0][0x0][0x0][0x0][0x0][0x13]    self.connect()[\n]"
14:09:12.473 [docker-java-stream--850894416] DEBUG com.github.dockerjava.zerodep.shaded.org.apache.hc.client5.http.wire - http-outgoing-1 << "[0x1][0x0][0x0][0x0][0x0][0x0][0x0]s  File "/opt/code/localstack/.venv/lib/python3.11/site-packages/docker/transport/unixconn.py", line 27, in connect[\n]"
14:09:12.473 [docker-java-stream--850894416] DEBUG com.github.dockerjava.zerodep.shaded.org.apache.hc.client5.http.wire - http-outgoing-1 << "[0x1][0x0][0x0][0x0][0x0][0x0][0x0]#    sock.connect(self.unix_socket)[\n]"
14:09:12.473 [docker-java-stream--850894416] DEBUG com.github.dockerjava.zerodep.shaded.org.apache.hc.client5.http.wire - http-outgoing-1 << "[0x1][0x0][0x0][0x0][0x0][0x0][0x0]murllib3.exceptions.ProtocolError: ('Connection aborted.', ConnectionRefusedError(111, 'Connection refused'))[\n]"
14:09:12.473 [docker-java-stream--850894416] DEBUG com.github.dockerjava.zerodep.shaded.org.apache.hc.client5.http.wire - http-outgoing-1 << "[0x1][0x0][0x0][0x0][0x0][0x0][0x0][0x1][\n]"
14:09:12.473 [docker-java-stream--850894416] DEBUG com.github.dockerjava.zerodep.shaded.org.apache.hc.client5.http.wire - http-outgoing-1 << "[0x1][0x0][0x0][0x0][0x0][0x0][0x0]DDuring handling of the above exception, another exception occurred:[\n]"
14:09:12.473 [docker-java-stream--850894416] DEBUG com.github.dockerjava.zerodep.shaded.org.apache.hc.client5.http.wire - http-outgoing-1 << "[0x1][0x0][0x0][0x0][0x0][0x0][0x0][0x1][\n]"
14:09:12.474 [docker-java-stream--850894416] DEBUG com.github.dockerjava.zerodep.shaded.org.apache.hc.client5.http.wire - http-outgoing-1 << "[0x1][0x0][0x0][0x0][0x0][0x0][0x0]#Traceback (most recent call last):[\n]"
14:09:12.474 [docker-java-stream--850894416] DEBUG com.github.dockerjava.zerodep.shaded.org.apache.hc.client5.http.wire - http-outgoing-1 << "[0x1][0x0][0x0][0x0][0x0][0x0][0x0]}  File "/opt/code/localstack/.venv/lib/python3.11/site-packages/docker/api/client.py", line 214, in _retrieve_server_version[\n]"
14:09:12.474 [docker-java-stream--850894416] DEBUG com.github.dockerjava.zerodep.shaded.org.apache.hc.client5.http.wire - http-outgoing-1 << "[0x1][0x0][0x0][0x0][0x0][0x0][0x0]9    return self.version(api_version=False)["ApiVersion"][\n]"
14:09:12.474 [docker-java-stream--850894416] DEBUG com.github.dockerjava.zerodep.shaded.org.apache.hc.client5.http.wire - http-outgoing-1 << "[0x1][0x0][0x0][0x0][0x0][0x0][0x0]+           ^^^^^^^^^^^^^^^^^^^^^^^^^^^^^^^[\n]"
14:09:12.474 [docker-java-stream--850894416] DEBUG com.github.dockerjava.zerodep.shaded.org.apache.hc.client5.http.wire - http-outgoing-1 << "[0x1][0x0][0x0][0x0][0x0][0x0][0x0]l  File "/opt/code/localstack/.venv/lib/python3.11/site-packages/docker/api/daemon.py", line 181, in version[\n]"
14:09:12.474 [docker-java-stream--850894416] DEBUG com.github.dockerjava.zerodep.shaded.org.apache.hc.client5.http.wire - http-outgoing-1 << "[0x1][0x0][0x0][0x0][0x0][0x0][0x0]3    return self._result(self._get(url), json=True)[\n]"
14:09:12.474 [docker-java-stream--850894416] DEBUG com.github.dockerjava.zerodep.shaded.org.apache.hc.client5.http.wire - http-outgoing-1 << "[0x1][0x0][0x0][0x0][0x0][0x0][0x0]'                        ^^^^^^^^^^^^^^[\n]"
14:09:12.474 [docker-java-stream--850894416] DEBUG com.github.dockerjava.zerodep.shaded.org.apache.hc.client5.http.wire - http-outgoing-1 << "[0x1][0x0][0x0][0x0][0x0][0x0][0x0]o  File "/opt/code/localstack/.venv/lib/python3.11/site-packages/docker/utils/decorators.py", line 46, in inner[\n]"
14:09:12.474 [docker-java-stream--850894416] DEBUG com.github.dockerjava.zerodep.shaded.org.apache.hc.client5.http.wire - http-outgoing-1 << "[0x1][0x0][0x0][0x0][0x0][0x0][0x0]$    return f(self, *args, **kwargs)[\n]"
14:09:12.474 [docker-java-stream--850894416] DEBUG com.github.dockerjava.zerodep.shaded.org.apache.hc.client5.http.wire - http-outgoing-1 << "[0x1][0x0][0x0][0x0][0x0][0x0][0x0]$           ^^^^^^^^^^^^^^^^^^^^^^^^[\n]"
14:09:12.474 [docker-java-stream--850894416] DEBUG com.github.dockerjava.zerodep.shaded.org.apache.hc.client5.http.wire - http-outgoing-1 << "[0x1][0x0][0x0][0x0][0x0][0x0][0x0]i  File "/opt/code/localstack/.venv/lib/python3.11/site-packages/docker/api/client.py", line 237, in _get[\n]"
14:09:12.474 [docker-java-stream--850894416] DEBUG com.github.dockerjava.zerodep.shaded.org.apache.hc.client5.http.wire - http-outgoing-1 << "[0x1][0x0][0x0][0x0][0x0][0x0][0x0]>    return self.get(url, **self._set_request_timeout(kwargs))[\n]"
14:09:12.474 [docker-java-stream--850894416] DEBUG com.github.dockerjava.zerodep.shaded.org.apache.hc.client5.http.wire - http-outgoing-1 << "[0x1][0x0][0x0][0x0][0x0][0x0][0x0]>           ^^^^^^^^^^^^^^^^^^^^^^^^^^^^^^^^^^^^^^^^^^^^^^^^^^[\n]"
14:09:12.474 [docker-java-stream--850894416] DEBUG com.github.dockerjava.zerodep.shaded.org.apache.hc.client5.http.wire - http-outgoing-1 << "[0x1][0x0][0x0][0x0][0x0][0x0][0x0]h  File "/opt/code/localstack/.venv/lib/python3.11/site-packages/requests/sessions.py", line 602, in get[\n]"
14:09:12.474 [docker-java-stream--850894416] DEBUG com.github.dockerjava.zerodep.shaded.org.apache.hc.client5.http.wire - http-outgoing-1 << "[0x1][0x0][0x0][0x0][0x0][0x0][0x0].    return self.request("GET", url, **kwargs)[\n]"
14:09:12.474 [docker-java-stream--850894416] DEBUG com.github.dockerjava.zerodep.shaded.org.apache.hc.client5.http.wire - http-outgoing-1 << "[0x1][0x0][0x0][0x0][0x0][0x0][0x0].           ^^^^^^^^^^^^^^^^^^^^^^^^^^^^^^^^^^[\n]"
14:09:12.474 [docker-java-stream--850894416] DEBUG com.github.dockerjava.zerodep.shaded.org.apache.hc.client5.http.wire - http-outgoing-1 << "[0x1][0x0][0x0][0x0][0x0][0x0][0x0]l  File "/opt/code/localstack/.venv/lib/python3.11/site-packages/requests/sessions.py", line 589, in request[\n]"
14:09:12.474 [docker-java-stream--850894416] DEBUG com.github.dockerjava.zerodep.shaded.org.apache.hc.client5.http.wire - http-outgoing-1 << "[0x1][0x0][0x0][0x0][0x0][0x0][0x0]*    resp = self.send(prep, **send_kwargs)[\n]"
14:09:12.474 [docker-java-stream--850894416] DEBUG com.github.dockerjava.zerodep.shaded.org.apache.hc.client5.http.wire - http-outgoing-1 << "[0x1][0x0][0x0][0x0][0x0][0x0][0x0]*           ^^^^^^^^^^^^^^^^^^^^^^^^^^^^^^[\n]"
14:09:12.474 [docker-java-stream--850894416] DEBUG com.github.dockerjava.zerodep.shaded.org.apache.hc.client5.http.wire - http-outgoing-1 << "[0x1][0x0][0x0][0x0][0x0][0x0][0x0]i  File "/opt/code/localstack/.venv/lib/python3.11/site-packages/requests/sessions.py", line 703, in send[\n]"
14:09:12.474 [docker-java-stream--850894416] DEBUG com.github.dockerjava.zerodep.shaded.org.apache.hc.client5.http.wire - http-outgoing-1 << "[0x1][0x0][0x0][0x0][0x0][0x0][0x0](    r = adapter.send(request, **kwargs)[\n]"
14:09:12.474 [docker-java-stream--850894416] DEBUG com.github.dockerjava.zerodep.shaded.org.apache.hc.client5.http.wire - http-outgoing-1 << "[0x1][0x0][0x0][0x0][0x0][0x0][0x0](        ^^^^^^^^^^^^^^^^^^^^^^^^^^^^^^^[\n]"
14:09:12.474 [docker-java-stream--850894416] DEBUG com.github.dockerjava.zerodep.shaded.org.apache.hc.client5.http.wire - http-outgoing-1 << "[0x1][0x0][0x0][0x0][0x0][0x0][0x0]i  File "/opt/code/localstack/.venv/lib/python3.11/site-packages/requests/adapters.py", line 501, in send[\n]"
14:09:12.474 [docker-java-stream--850894416] DEBUG com.github.dockerjava.zerodep.shaded.org.apache.hc.client5.http.wire - http-outgoing-1 << "[0x1][0x0][0x0][0x0][0x0][0x0][0x0]0    raise ConnectionError(err, request=request)[\n]"
14:09:12.474 [docker-java-stream--850894416] DEBUG com.github.dockerjava.zerodep.shaded.org.apache.hc.client5.http.wire - http-outgoing-1 << "[0x1][0x0][0x0][0x0][0x0][0x0][0x0]prequests.exceptions.ConnectionError: ('Connection aborted.', ConnectionRefusedError(111, 'Connection refused'))[\n]"
14:09:12.474 [docker-java-stream--850894416] DEBUG com.github.dockerjava.zerodep.shaded.org.apache.hc.client5.http.wire - http-outgoing-1 << "[0x1][0x0][0x0][0x0][0x0][0x0][0x0][0x1][\n]"
14:09:12.474 [docker-java-stream--850894416] DEBUG com.github.dockerjava.zerodep.shaded.org.apache.hc.client5.http.wire - http-outgoing-1 << "[0x1][0x0][0x0][0x0][0x0][0x0][0x0]DDuring handling of the above exception, another exception occurred:[\n]"
14:09:12.474 [docker-java-stream--850894416] DEBUG com.github.dockerjava.zerodep.shaded.org.apache.hc.client5.http.wire - http-outgoing-1 << "[0x1][0x0][0x0][0x0][0x0][0x0][0x0][0x1][\n]"
14:09:12.474 [docker-java-stream--850894416] DEBUG com.github.dockerjava.zerodep.shaded.org.apache.hc.client5.http.wire - http-outgoing-1 << "[0x1][0x0][0x0][0x0][0x0][0x0][0x0]#Traceback (most recent call last):[\n]"
14:09:12.474 [docker-java-stream--850894416] DEBUG com.github.dockerjava.zerodep.shaded.org.apache.hc.client5.http.wire - http-outgoing-1 << "[0x1][0x0][0x0][0x0][0x0][0x0][0x0][0xffffff93]  File "/opt/code/localstack/.venv/lib/python3.11/site-packages/localstack/utils/container_utils/docker_sdk_client.py", line 76, in _create_client[\n]"
14:09:12.474 [docker-java-stream--850894416] DEBUG com.github.dockerjava.zerodep.shaded.org.apache.hc.client5.http.wire - http-outgoing-1 << "[0x1][0x0][0x0][0x0][0x0][0x0][0x0]G    return docker.from_env(timeout=DOCKER_SDK_DEFAULT_TIMEOUT_SECONDS)[\n]"
14:09:12.474 [docker-java-stream--850894416] DEBUG com.github.dockerjava.zerodep.shaded.org.apache.hc.client5.http.wire - http-outgoing-1 << "[0x1][0x0][0x0][0x0][0x0][0x0][0x0]G           ^^^^^^^^^^^^^^^^^^^^^^^^^^^^^^^^^^^^^^^^^^^^^^^^^^^^^^^^^^^[\n]"
14:09:12.474 [docker-java-stream--850894416] DEBUG com.github.dockerjava.zerodep.shaded.org.apache.hc.client5.http.wire - http-outgoing-1 << "[0x1][0x0][0x0][0x0][0x0][0x0][0x0]h  File "/opt/code/localstack/.venv/lib/python3.11/site-packages/docker/client.py", line 96, in from_env[\n]"
14:09:12.474 [docker-java-stream--850894416] DEBUG com.github.dockerjava.zerodep.shaded.org.apache.hc.client5.http.wire - http-outgoing-1 << "[0x1][0x0][0x0][0x0][0x0][0x0][0x0][0x10]    return cls([\n]"
14:09:12.474 [docker-java-stream--850894416] DEBUG com.github.dockerjava.zerodep.shaded.org.apache.hc.client5.http.wire - http-outgoing-1 << "[0x1][0x0][0x0][0x0][0x0][0x0][0x0][0x10]           ^^^^[\n]"
14:09:12.474 [docker-java-stream--850894416] DEBUG com.github.dockerjava.zerodep.shaded.org.apache.hc.client5.http.wire - http-outgoing-1 << "[0x1][0x0][0x0][0x0][0x0][0x0][0x0]h  File "/opt/code/localstack/.venv/lib/python3.11/site-packages/docker/client.py", line 45, in __init__[\n]"
14:09:12.474 [docker-java-stream--850894416] DEBUG com.github.dockerjava.zerodep.shaded.org.apache.hc.client5.http.wire - http-outgoing-1 << "[0x1][0x0][0x0][0x0][0x0][0x0][0x0]*    self.api = APIClient(*args, **kwargs)[\n]"
14:09:12.474 [docker-java-stream--850894416] DEBUG com.github.dockerjava.zerodep.shaded.org.apache.hc.client5.http.wire - http-outgoing-1 << "[0x1][0x0][0x0][0x0][0x0][0x0][0x0]*               ^^^^^^^^^^^^^^^^^^^^^^^^^^[\n]"
14:09:12.474 [docker-java-stream--850894416] DEBUG com.github.dockerjava.zerodep.shaded.org.apache.hc.client5.http.wire - http-outgoing-1 << "[0x1][0x0][0x0][0x0][0x0][0x0][0x0]m  File "/opt/code/localstack/.venv/lib/python3.11/site-packages/docker/api/client.py", line 197, in __init__[\n]"
14:09:12.474 [docker-java-stream--850894416] DEBUG com.github.dockerjava.zerodep.shaded.org.apache.hc.client5.http.wire - http-outgoing-1 << "[0x1][0x0][0x0][0x0][0x0][0x0][0x0]4    self._version = self._retrieve_server_version()[\n]"
14:09:12.474 [docker-java-stream--850894416] DEBUG com.github.dockerjava.zerodep.shaded.org.apache.hc.client5.http.wire - http-outgoing-1 << "[0x1][0x0][0x0][0x0][0x0][0x0][0x0]4                    ^^^^^^^^^^^^^^^^^^^^^^^^^^^^^^^[\n]"
14:09:12.474 [docker-java-stream--850894416] DEBUG com.github.dockerjava.zerodep.shaded.org.apache.hc.client5.http.wire - http-outgoing-1 << "[0x1][0x0][0x0][0x0][0x0][0x0][0x0]}  File "/opt/code/localstack/.venv/lib/python3.11/site-packages/docker/api/client.py", line 221, in _retrieve_server_version[\n]"
14:09:12.474 [docker-java-stream--850894416] DEBUG com.github.dockerjava.zerodep.shaded.org.apache.hc.client5.http.wire - http-outgoing-1 << "[0x1][0x0][0x0][0x0][0x0][0x0][0x0][0x1b]    raise DockerException([\n]"
14:09:12.474 [docker-java-stream--850894416] DEBUG com.github.dockerjava.zerodep.shaded.org.apache.hc.client5.http.wire - http-outgoing-1 << "[0x1][0x0][0x0][0x0][0x0][0x0][0x0][0xffffff93]docker.errors.DockerException: Error while fetching server API version: ('Connection aborted.', ConnectionRefusedError(111, 'Connection refused'))[\n]"
14:09:12.474 [docker-java-stream--850894416] DEBUG com.github.dockerjava.zerodep.shaded.org.apache.hc.client5.http.wire - http-outgoing-1 << "[0x1][0x0][0x0][0x0][0x0][0x0][0x1][0xffffff81]2024-01-08T13:09:12.472 ERROR --- [rvice-task_0] l.services.lambda_.hints   : Failed to pull Docker image because Docker is not available in the LocalStack container but required to run Lambda functions. Please add the Docker volume mount "/var/run/docker.sock:/var/run/docker.sock" to your LocalStack startup. https://docs.localstack.cloud/user-guide/aws/lambda/#docker-not-available[\n]"
14:09:12.474 [docker-java-stream--850894416] DEBUG com.github.dockerjava.zerodep.shaded.org.apache.hc.client5.http.wire - http-outgoing-1 << "[\r][\n]"
14:09:12.476 [docker-java-stream--850894416] DEBUG com.github.dockerjava.zerodep.shaded.org.apache.hc.client5.http.wire - http-outgoing-1 << "1c9d[\r][\n]"
14:09:12.476 [docker-java-stream--850894416] DEBUG com.github.dockerjava.zerodep.shaded.org.apache.hc.client5.http.wire - http-outgoing-1 << "[0x1][0x0][0x0][0x0][0x0][0x0][0x0][0xffffffed]2024-01-08T13:09:12.472 DEBUG --- [rvice-task_0] l.s.l.i.version_manager    : Changing Lambda arn:aws:lambda:us-east-1:000000000000:function:shipment-picture-lambda-validator:$LATEST (id 4f904473) to failed. Reason: Docker not available[\n]"
14:09:12.476 [docker-java-stream--850894416] DEBUG com.github.dockerjava.zerodep.shaded.org.apache.hc.client5.http.wire - http-outgoing-1 << "[0x1][0x0][0x0][0x0][0x0][0x0][0x0]#Traceback (most recent call last):[\n]"
14:09:12.476 [docker-java-stream--850894416] DEBUG com.github.dockerjava.zerodep.shaded.org.apache.hc.client5.http.wire - http-outgoing-1 << "[0x1][0x0][0x0][0x0][0x0][0x0][0x0]q  File "/opt/code/localstack/.venv/lib/python3.11/site-packages/urllib3/connectionpool.py", line 791, in urlopen[\n]"
14:09:12.476 [docker-java-stream--850894416] DEBUG com.github.dockerjava.zerodep.shaded.org.apache.hc.client5.http.wire - http-outgoing-1 << "[0x1][0x0][0x0][0x0][0x0][0x0][0x0]#    response = self._make_request([\n]"
14:09:12.476 [docker-java-stream--850894416] DEBUG com.github.dockerjava.zerodep.shaded.org.apache.hc.client5.http.wire - http-outgoing-1 << "[0x1][0x0][0x0][0x0][0x0][0x0][0x0]#               ^^^^^^^^^^^^^^^^^^^[\n]"
14:09:12.476 [docker-java-stream--850894416] DEBUG com.github.dockerjava.zerodep.shaded.org.apache.hc.client5.http.wire - http-outgoing-1 << "[0x1][0x0][0x0][0x0][0x0][0x0][0x0]w  File "/opt/code/localstack/.venv/lib/python3.11/site-packages/urllib3/connectionpool.py", line 497, in _make_request[\n]"
14:09:12.476 [docker-java-stream--850894416] DEBUG com.github.dockerjava.zerodep.shaded.org.apache.hc.client5.http.wire - http-outgoing-1 << "[0x1][0x0][0x0][0x0][0x0][0x0][0x0][0x12]    conn.request([\n]"
14:09:12.476 [docker-java-stream--850894416] DEBUG com.github.dockerjava.zerodep.shaded.org.apache.hc.client5.http.wire - http-outgoing-1 << "[0x1][0x0][0x0][0x0][0x0][0x0][0x0]m  File "/opt/code/localstack/.venv/lib/python3.11/site-packages/urllib3/connection.py", line 395, in request[\n]"
14:09:12.476 [docker-java-stream--850894416] DEBUG com.github.dockerjava.zerodep.shaded.org.apache.hc.client5.http.wire - http-outgoing-1 << "[0x1][0x0][0x0][0x0][0x0][0x0][0x0][0x16]    self.endheaders()[\n]"
14:09:12.476 [docker-java-stream--850894416] DEBUG com.github.dockerjava.zerodep.shaded.org.apache.hc.client5.http.wire - http-outgoing-1 << "[0x1][0x0][0x0][0x0][0x0][0x0][0x0]L  File "/usr/local/lib/python3.11/http/client.py", line 1289, in endheaders[\n]"
14:09:12.476 [docker-java-stream--850894416] DEBUG com.github.dockerjava.zerodep.shaded.org.apache.hc.client5.http.wire - http-outgoing-1 << "[0x1][0x0][0x0][0x0][0x0][0x0][0x0]C    self._send_output(message_body, encode_chunked=encode_chunked)[\n]"
14:09:12.476 [docker-java-stream--850894416] DEBUG com.github.dockerjava.zerodep.shaded.org.apache.hc.client5.http.wire - http-outgoing-1 << "[0x1][0x0][0x0][0x0][0x0][0x0][0x0]N  File "/usr/local/lib/python3.11/http/client.py", line 1048, in _send_output[\n]"
14:09:12.476 [docker-java-stream--850894416] DEBUG com.github.dockerjava.zerodep.shaded.org.apache.hc.client5.http.wire - http-outgoing-1 << "[0x1][0x0][0x0][0x0][0x0][0x0][0x0][0x13]    self.send(msg)[\n]"
14:09:12.476 [docker-java-stream--850894416] DEBUG com.github.dockerjava.zerodep.shaded.org.apache.hc.client5.http.wire - http-outgoing-1 << "[0x1][0x0][0x0][0x0][0x0][0x0][0x0]E  File "/usr/local/lib/python3.11/http/client.py", line 986, in send[\n]"
14:09:12.476 [docker-java-stream--850894416] DEBUG com.github.dockerjava.zerodep.shaded.org.apache.hc.client5.http.wire - http-outgoing-1 << "[0x1][0x0][0x0][0x0][0x0][0x0][0x0][0x13]    self.connect()[\n]"
14:09:12.476 [docker-java-stream--850894416] DEBUG com.github.dockerjava.zerodep.shaded.org.apache.hc.client5.http.wire - http-outgoing-1 << "[0x1][0x0][0x0][0x0][0x0][0x0][0x0]s  File "/opt/code/localstack/.venv/lib/python3.11/site-packages/docker/transport/unixconn.py", line 27, in connect[\n]"
14:09:12.476 [docker-java-stream--850894416] DEBUG com.github.dockerjava.zerodep.shaded.org.apache.hc.client5.http.wire - http-outgoing-1 << "[0x1][0x0][0x0][0x0][0x0][0x0][0x0]#    sock.connect(self.unix_socket)[\n]"
14:09:12.476 [docker-java-stream--850894416] DEBUG com.github.dockerjava.zerodep.shaded.org.apache.hc.client5.http.wire - http-outgoing-1 << "[0x1][0x0][0x0][0x0][0x0][0x0][0x0]7ConnectionRefusedError: [Errno 111] Connection refused[\n]"
14:09:12.476 [docker-java-stream--850894416] DEBUG com.github.dockerjava.zerodep.shaded.org.apache.hc.client5.http.wire - http-outgoing-1 << "[0x1][0x0][0x0][0x0][0x0][0x0][0x0][0x1][\n]"
14:09:12.476 [docker-java-stream--850894416] DEBUG com.github.dockerjava.zerodep.shaded.org.apache.hc.client5.http.wire - http-outgoing-1 << "[0x1][0x0][0x0][0x0][0x0][0x0][0x0]DDuring handling of the above exception, another exception occurred:[\n]"
14:09:12.476 [docker-java-stream--850894416] DEBUG com.github.dockerjava.zerodep.shaded.org.apache.hc.client5.http.wire - http-outgoing-1 << "[0x1][0x0][0x0][0x0][0x0][0x0][0x0][0x1][\n]"
14:09:12.476 [docker-java-stream--850894416] DEBUG com.github.dockerjava.zerodep.shaded.org.apache.hc.client5.http.wire - http-outgoing-1 << "[0x1][0x0][0x0][0x0][0x0][0x0][0x0]#Traceback (most recent call last):[\n]"
14:09:12.476 [docker-java-stream--850894416] DEBUG com.github.dockerjava.zerodep.shaded.org.apache.hc.client5.http.wire - http-outgoing-1 << "[0x1][0x0][0x0][0x0][0x0][0x0][0x0]i  File "/opt/code/localstack/.venv/lib/python3.11/site-packages/requests/adapters.py", line 486, in send[\n]"
14:09:12.476 [docker-java-stream--850894416] DEBUG com.github.dockerjava.zerodep.shaded.org.apache.hc.client5.http.wire - http-outgoing-1 << "[0x1][0x0][0x0][0x0][0x0][0x0][0x0][0x19]    resp = conn.urlopen([\n]"
14:09:12.476 [docker-java-stream--850894416] DEBUG com.github.dockerjava.zerodep.shaded.org.apache.hc.client5.http.wire - http-outgoing-1 << "[0x1][0x0][0x0][0x0][0x0][0x0][0x0][0x19]           ^^^^^^^^^^^^^[\n]"
14:09:12.476 [docker-java-stream--850894416] DEBUG com.github.dockerjava.zerodep.shaded.org.apache.hc.client5.http.wire - http-outgoing-1 << "[0x1][0x0][0x0][0x0][0x0][0x0][0x0]q  File "/opt/code/localstack/.venv/lib/python3.11/site-packages/urllib3/connectionpool.py", line 845, in urlopen[\n]"
14:09:12.476 [docker-java-stream--850894416] DEBUG com.github.dockerjava.zerodep.shaded.org.apache.hc.client5.http.wire - http-outgoing-1 << "[0x1][0x0][0x0][0x0][0x0][0x0][0x0]!    retries = retries.increment([\n]"
14:09:12.476 [docker-java-stream--850894416] DEBUG com.github.dockerjava.zerodep.shaded.org.apache.hc.client5.http.wire - http-outgoing-1 << "[0x1][0x0][0x0][0x0][0x0][0x0][0x0]!              ^^^^^^^^^^^^^^^^^^[\n]"
14:09:12.476 [docker-java-stream--850894416] DEBUG com.github.dockerjava.zerodep.shaded.org.apache.hc.client5.http.wire - http-outgoing-1 << "[0x1][0x0][0x0][0x0][0x0][0x0][0x0]o  File "/opt/code/localstack/.venv/lib/python3.11/site-packages/urllib3/util/retry.py", line 470, in increment[\n]"
14:09:12.476 [docker-java-stream--850894416] DEBUG com.github.dockerjava.zerodep.shaded.org.apache.hc.client5.http.wire - http-outgoing-1 << "[0x1][0x0][0x0][0x0][0x0][0x0][0x0]3    raise reraise(type(error), error, _stacktrace)[\n]"
14:09:12.476 [docker-java-stream--850894416] DEBUG com.github.dockerjava.zerodep.shaded.org.apache.hc.client5.http.wire - http-outgoing-1 << "[0x1][0x0][0x0][0x0][0x0][0x0][0x0]3          ^^^^^^^^^^^^^^^^^^^^^^^^^^^^^^^^^^^^^^^^[\n]"
14:09:12.476 [docker-java-stream--850894416] DEBUG com.github.dockerjava.zerodep.shaded.org.apache.hc.client5.http.wire - http-outgoing-1 << "[0x1][0x0][0x0][0x0][0x0][0x0][0x0]k  File "/opt/code/localstack/.venv/lib/python3.11/site-packages/urllib3/util/util.py", line 38, in reraise[\n]"
14:09:12.476 [docker-java-stream--850894416] DEBUG com.github.dockerjava.zerodep.shaded.org.apache.hc.client5.http.wire - http-outgoing-1 << "[0x1][0x0][0x0][0x0][0x0][0x0][0x0]#    raise value.with_traceback(tb)[\n]"
14:09:12.476 [docker-java-stream--850894416] DEBUG com.github.dockerjava.zerodep.shaded.org.apache.hc.client5.http.wire - http-outgoing-1 << "[0x1][0x0][0x0][0x0][0x0][0x0][0x0]q  File "/opt/code/localstack/.venv/lib/python3.11/site-packages/urllib3/connectionpool.py", line 791, in urlopen[\n]"
14:09:12.476 [docker-java-stream--850894416] DEBUG com.github.dockerjava.zerodep.shaded.org.apache.hc.client5.http.wire - http-outgoing-1 << "[0x1][0x0][0x0][0x0][0x0][0x0][0x0]#    response = self._make_request([\n]"
14:09:12.476 [docker-java-stream--850894416] DEBUG com.github.dockerjava.zerodep.shaded.org.apache.hc.client5.http.wire - http-outgoing-1 << "[0x1][0x0][0x0][0x0][0x0][0x0][0x0]#               ^^^^^^^^^^^^^^^^^^^[\n]"
14:09:12.476 [docker-java-stream--850894416] DEBUG com.github.dockerjava.zerodep.shaded.org.apache.hc.client5.http.wire - http-outgoing-1 << "[0x1][0x0][0x0][0x0][0x0][0x0][0x0]w  File "/opt/code/localstack/.venv/lib/python3.11/site-packages/urllib3/connectionpool.py", line 497, in _make_request[\n]"
14:09:12.476 [docker-java-stream--850894416] DEBUG com.github.dockerjava.zerodep.shaded.org.apache.hc.client5.http.wire - http-outgoing-1 << "[0x1][0x0][0x0][0x0][0x0][0x0][0x0][0x12]    conn.request([\n]"
14:09:12.476 [docker-java-stream--850894416] DEBUG com.github.dockerjava.zerodep.shaded.org.apache.hc.client5.http.wire - http-outgoing-1 << "[0x1][0x0][0x0][0x0][0x0][0x0][0x0]m  File "/opt/code/localstack/.venv/lib/python3.11/site-packages/urllib3/connection.py", line 395, in request[\n]"
14:09:12.476 [docker-java-stream--850894416] DEBUG com.github.dockerjava.zerodep.shaded.org.apache.hc.client5.http.wire - http-outgoing-1 << "[0x1][0x0][0x0][0x0][0x0][0x0][0x0][0x16]    self.endheaders()[\n]"
14:09:12.476 [docker-java-stream--850894416] DEBUG com.github.dockerjava.zerodep.shaded.org.apache.hc.client5.http.wire - http-outgoing-1 << "[0x1][0x0][0x0][0x0][0x0][0x0][0x0]L  File "/usr/local/lib/python3.11/http/client.py", line 1289, in endheaders[\n]"
14:09:12.476 [docker-java-stream--850894416] DEBUG com.github.dockerjava.zerodep.shaded.org.apache.hc.client5.http.wire - http-outgoing-1 << "[0x1][0x0][0x0][0x0][0x0][0x0][0x0]C    self._send_output(message_body, encode_chunked=encode_chunked)[\n]"
14:09:12.476 [docker-java-stream--850894416] DEBUG com.github.dockerjava.zerodep.shaded.org.apache.hc.client5.http.wire - http-outgoing-1 << "[0x1][0x0][0x0][0x0][0x0][0x0][0x0]N  File "/usr/local/lib/python3.11/http/client.py", line 1048, in _send_output[\n]"
14:09:12.476 [docker-java-stream--850894416] DEBUG com.github.dockerjava.zerodep.shaded.org.apache.hc.client5.http.wire - http-outgoing-1 << "[0x1][0x0][0x0][0x0][0x0][0x0][0x0][0x13]    self.send(msg)[\n]"
14:09:12.476 [docker-java-stream--850894416] DEBUG com.github.dockerjava.zerodep.shaded.org.apache.hc.client5.http.wire - http-outgoing-1 << "[0x1][0x0][0x0][0x0][0x0][0x0][0x0]E  File "/usr/local/lib/python3.11/http/client.py", line 986, in send[\n]"
14:09:12.476 [docker-java-stream--850894416] DEBUG com.github.dockerjava.zerodep.shaded.org.apache.hc.client5.http.wire - http-outgoing-1 << "[0x1][0x0][0x0][0x0][0x0][0x0][0x0][0x13]    self.connect()[\n]"
14:09:12.476 [docker-java-stream--850894416] DEBUG com.github.dockerjava.zerodep.shaded.org.apache.hc.client5.http.wire - http-outgoing-1 << "[0x1][0x0][0x0][0x0][0x0][0x0][0x0]s  File "/opt/code/localstack/.venv/lib/python3.11/site-packages/docker/transport/unixconn.py", line 27, in connect[\n]"
14:09:12.476 [docker-java-stream--850894416] DEBUG com.github.dockerjava.zerodep.shaded.org.apache.hc.client5.http.wire - http-outgoing-1 << "[0x1][0x0][0x0][0x0][0x0][0x0][0x0]#    sock.connect(self.unix_socket)[\n]"
14:09:12.476 [docker-java-stream--850894416] DEBUG com.github.dockerjava.zerodep.shaded.org.apache.hc.client5.http.wire - http-outgoing-1 << "[0x1][0x0][0x0][0x0][0x0][0x0][0x0]murllib3.exceptions.ProtocolError: ('Connection aborted.', ConnectionRefusedError(111, 'Connection refused'))[\n]"
14:09:12.476 [docker-java-stream--850894416] DEBUG com.github.dockerjava.zerodep.shaded.org.apache.hc.client5.http.wire - http-outgoing-1 << "[0x1][0x0][0x0][0x0][0x0][0x0][0x0][0x1][\n]"
14:09:12.476 [docker-java-stream--850894416] DEBUG com.github.dockerjava.zerodep.shaded.org.apache.hc.client5.http.wire - http-outgoing-1 << "[0x1][0x0][0x0][0x0][0x0][0x0][0x0]DDuring handling of the above exception, another exception occurred:[\n]"
14:09:12.476 [docker-java-stream--850894416] DEBUG com.github.dockerjava.zerodep.shaded.org.apache.hc.client5.http.wire - http-outgoing-1 << "[0x1][0x0][0x0][0x0][0x0][0x0][0x0][0x1][\n]"
14:09:12.476 [docker-java-stream--850894416] DEBUG com.github.dockerjava.zerodep.shaded.org.apache.hc.client5.http.wire - http-outgoing-1 << "[0x1][0x0][0x0][0x0][0x0][0x0][0x0]#Traceback (most recent call last):[\n]"
14:09:12.476 [docker-java-stream--850894416] DEBUG com.github.dockerjava.zerodep.shaded.org.apache.hc.client5.http.wire - http-outgoing-1 << "[0x1][0x0][0x0][0x0][0x0][0x0][0x0]}  File "/opt/code/localstack/.venv/lib/python3.11/site-packages/docker/api/client.py", line 214, in _retrieve_server_version[\n]"
14:09:12.476 [docker-java-stream--850894416] DEBUG com.github.dockerjava.zerodep.shaded.org.apache.hc.client5.http.wire - http-outgoing-1 << "[0x1][0x0][0x0][0x0][0x0][0x0][0x0]9    return self.version(api_version=False)["ApiVersion"][\n]"
14:09:12.476 [docker-java-stream--850894416] DEBUG com.github.dockerjava.zerodep.shaded.org.apache.hc.client5.http.wire - http-outgoing-1 << "[0x1][0x0][0x0][0x0][0x0][0x0][0x0]+           ^^^^^^^^^^^^^^^^^^^^^^^^^^^^^^^[\n]"
14:09:12.476 [docker-java-stream--850894416] DEBUG com.github.dockerjava.zerodep.shaded.org.apache.hc.client5.http.wire - http-outgoing-1 << "[0x1][0x0][0x0][0x0][0x0][0x0][0x0]l  File "/opt/code/localstack/.venv/lib/python3.11/site-packages/docker/api/daemon.py", line 181, in version[\n]"
14:09:12.476 [docker-java-stream--850894416] DEBUG com.github.dockerjava.zerodep.shaded.org.apache.hc.client5.http.wire - http-outgoing-1 << "[0x1][0x0][0x0][0x0][0x0][0x0][0x0]3    return self._result(self._get(url), json=True)[\n]"
14:09:12.476 [docker-java-stream--850894416] DEBUG com.github.dockerjava.zerodep.shaded.org.apache.hc.client5.http.wire - http-outgoing-1 << "[0x1][0x0][0x0][0x0][0x0][0x0][0x0]'                        ^^^^^^^^^^^^^^[\n]"
14:09:12.476 [docker-java-stream--850894416] DEBUG com.github.dockerjava.zerodep.shaded.org.apache.hc.client5.http.wire - http-outgoing-1 << "[0x1][0x0]"
14:09:12.477 [docker-java-stream--850894416] DEBUG com.github.dockerjava.zerodep.shaded.org.apache.hc.client5.http.wire - http-outgoing-1 << "[0x0][0x0][0x0][0x0][0x0]o  File "/opt/code/localstack/.venv/lib/python3.11/site-packages/docker/utils/decorators.py", line 46, in inner[\n]"
14:09:12.477 [docker-java-stream--850894416] DEBUG com.github.dockerjava.zerodep.shaded.org.apache.hc.client5.http.wire - http-outgoing-1 << "[0x1][0x0][0x0][0x0][0x0][0x0][0x0]$    return f(self, *args, **kwargs)[\n]"
14:09:12.477 [docker-java-stream--850894416] DEBUG com.github.dockerjava.zerodep.shaded.org.apache.hc.client5.http.wire - http-outgoing-1 << "[0x1][0x0][0x0][0x0][0x0][0x0][0x0]$           ^^^^^^^^^^^^^^^^^^^^^^^^[\n]"
14:09:12.477 [docker-java-stream--850894416] DEBUG com.github.dockerjava.zerodep.shaded.org.apache.hc.client5.http.wire - http-outgoing-1 << "[0x1][0x0][0x0][0x0][0x0][0x0][0x0]i  File "/opt/code/localstack/.venv/lib/python3.11/site-packages/docker/api/client.py", line 237, in _get[\n]"
14:09:12.477 [docker-java-stream--850894416] DEBUG com.github.dockerjava.zerodep.shaded.org.apache.hc.client5.http.wire - http-outgoing-1 << "[0x1][0x0][0x0][0x0][0x0][0x0][0x0]>    return self.get(url, **self._set_request_timeout(kwargs))[\n]"
14:09:12.477 [docker-java-stream--850894416] DEBUG com.github.dockerjava.zerodep.shaded.org.apache.hc.client5.http.wire - http-outgoing-1 << "[0x1][0x0][0x0][0x0][0x0][0x0][0x0]>           ^^^^^^^^^^^^^^^^^^^^^^^^^^^^^^^^^^^^^^^^^^^^^^^^^^[\n]"
14:09:12.477 [docker-java-stream--850894416] DEBUG com.github.dockerjava.zerodep.shaded.org.apache.hc.client5.http.wire - http-outgoing-1 << "[0x1][0x0][0x0][0x0][0x0][0x0][0x0]h  File "/opt/code/localstack/.venv/lib/python3.11/site-packages/requests/sessions.py", line 602, in get[\n]"
14:09:12.477 [docker-java-stream--850894416] DEBUG com.github.dockerjava.zerodep.shaded.org.apache.hc.client5.http.wire - http-outgoing-1 << "[0x1][0x0][0x0][0x0][0x0][0x0][0x0].    return self.request("GET", url, **kwargs)[\n]"
14:09:12.477 [docker-java-stream--850894416] DEBUG com.github.dockerjava.zerodep.shaded.org.apache.hc.client5.http.wire - http-outgoing-1 << "[0x1][0x0][0x0][0x0][0x0][0x0][0x0].           ^^^^^^^^^^^^^^^^^^^^^^^^^^^^^^^^^^[\n]"
14:09:12.477 [docker-java-stream--850894416] DEBUG com.github.dockerjava.zerodep.shaded.org.apache.hc.client5.http.wire - http-outgoing-1 << "[0x1][0x0][0x0][0x0][0x0][0x0][0x0]l  File "/opt/code/localstack/.venv/lib/python3.11/site-packages/requests/sessions.py", line 589, in request[\n]"
14:09:12.477 [docker-java-stream--850894416] DEBUG com.github.dockerjava.zerodep.shaded.org.apache.hc.client5.http.wire - http-outgoing-1 << "[0x1][0x0][0x0][0x0][0x0][0x0][0x0]*    resp = self.send(prep, **send_kwargs)[\n]"
14:09:12.477 [docker-java-stream--850894416] DEBUG com.github.dockerjava.zerodep.shaded.org.apache.hc.client5.http.wire - http-outgoing-1 << "[0x1][0x0][0x0][0x0][0x0][0x0][0x0]*           ^^^^^^^^^^^^^^^^^^^^^^^^^^^^^^[\n]"
14:09:12.477 [docker-java-stream--850894416] DEBUG com.github.dockerjava.zerodep.shaded.org.apache.hc.client5.http.wire - http-outgoing-1 << "[0x1][0x0][0x0][0x0][0x0][0x0][0x0]i  File "/opt/code/localstack/.venv/lib/python3.11/site-packages/requests/sessions.py", line 703, in send[\n]"
14:09:12.477 [docker-java-stream--850894416] DEBUG com.github.dockerjava.zerodep.shaded.org.apache.hc.client5.http.wire - http-outgoing-1 << "[0x1][0x0][0x0][0x0][0x0][0x0][0x0](    r = adapter.send(request, **kwargs)[\n]"
14:09:12.477 [docker-java-stream--850894416] DEBUG com.github.dockerjava.zerodep.shaded.org.apache.hc.client5.http.wire - http-outgoing-1 << "[0x1][0x0][0x0][0x0][0x0][0x0][0x0](        ^^^^^^^^^^^^^^^^^^^^^^^^^^^^^^^[\n]"
14:09:12.477 [docker-java-stream--850894416] DEBUG com.github.dockerjava.zerodep.shaded.org.apache.hc.client5.http.wire - http-outgoing-1 << "[0x1][0x0][0x0][0x0][0x0][0x0][0x0]i  File "/opt/code/localstack/.venv/lib/python3.11/site-packages/requests/adapters.py", line 501, in send[\n]"
14:09:12.477 [docker-java-stream--850894416] DEBUG com.github.dockerjava.zerodep.shaded.org.apache.hc.client5.http.wire - http-outgoing-1 << "[0x1][0x0][0x0][0x0][0x0][0x0][0x0]0    raise ConnectionError(err, request=request)[\n]"
14:09:12.477 [docker-java-stream--850894416] DEBUG com.github.dockerjava.zerodep.shaded.org.apache.hc.client5.http.wire - http-outgoing-1 << "[0x1][0x0][0x0][0x0][0x0][0x0][0x0]prequests.exceptions.ConnectionError: ('Connection aborted.', ConnectionRefusedError(111, 'Connection refused'))[\n]"
14:09:12.477 [docker-java-stream--850894416] DEBUG com.github.dockerjava.zerodep.shaded.org.apache.hc.client5.http.wire - http-outgoing-1 << "[0x1][0x0][0x0][0x0][0x0][0x0][0x0][0x1][\n]"
14:09:12.477 [docker-java-stream--850894416] DEBUG com.github.dockerjava.zerodep.shaded.org.apache.hc.client5.http.wire - http-outgoing-1 << "[0x1][0x0][0x0][0x0][0x0][0x0][0x0]DDuring handling of the above exception, another exception occurred:[\n]"
14:09:12.477 [docker-java-stream--850894416] DEBUG com.github.dockerjava.zerodep.shaded.org.apache.hc.client5.http.wire - http-outgoing-1 << "[0x1][0x0][0x0][0x0][0x0][0x0][0x0][0x1][\n]"
14:09:12.477 [docker-java-stream--850894416] DEBUG com.github.dockerjava.zerodep.shaded.org.apache.hc.client5.http.wire - http-outgoing-1 << "[0x1][0x0][0x0][0x0][0x0][0x0][0x0]#Traceback (most recent call last):[\n]"
14:09:12.477 [docker-java-stream--850894416] DEBUG com.github.dockerjava.zerodep.shaded.org.apache.hc.client5.http.wire - http-outgoing-1 << "[0x1][0x0][0x0][0x0][0x0][0x0][0x0][0xffffff93]  File "/opt/code/localstack/.venv/lib/python3.11/site-packages/localstack/utils/container_utils/docker_sdk_client.py", line 76, in _create_client[\n]"
14:09:12.477 [docker-java-stream--850894416] DEBUG com.github.dockerjava.zerodep.shaded.org.apache.hc.client5.http.wire - http-outgoing-1 << "[0x1][0x0][0x0][0x0][0x0][0x0][0x0]G    return docker.from_env(timeout=DOCKER_SDK_DEFAULT_TIMEOUT_SECONDS)[\n]"
14:09:12.477 [docker-java-stream--850894416] DEBUG com.github.dockerjava.zerodep.shaded.org.apache.hc.client5.http.wire - http-outgoing-1 << "[0x1][0x0][0x0][0x0][0x0][0x0][0x0]G           ^^^^^^^^^^^^^^^^^^^^^^^^^^^^^^^^^^^^^^^^^^^^^^^^^^^^^^^^^^^[\n]"
14:09:12.477 [docker-java-stream--850894416] DEBUG com.github.dockerjava.zerodep.shaded.org.apache.hc.client5.http.wire - http-outgoing-1 << "[0x1][0x0][0x0][0x0][0x0][0x0][0x0]h  File "/opt/code/localstack/.venv/lib/python3.11/site-packages/docker/client.py", line 96, in from_env[\n]"
14:09:12.477 [docker-java-stream--850894416] DEBUG com.github.dockerjava.zerodep.shaded.org.apache.hc.client5.http.wire - http-outgoing-1 << "[0x1][0x0][0x0][0x0][0x0][0x0][0x0][0x10]    return cls([\n]"
14:09:12.477 [docker-java-stream--850894416] DEBUG com.github.dockerjava.zerodep.shaded.org.apache.hc.client5.http.wire - http-outgoing-1 << "[0x1][0x0][0x0][0x0][0x0][0x0][0x0][0x10]           ^^^^[\n]"
14:09:12.477 [docker-java-stream--850894416] DEBUG com.github.dockerjava.zerodep.shaded.org.apache.hc.client5.http.wire - http-outgoing-1 << "[0x1][0x0][0x0][0x0][0x0][0x0][0x0]h  File "/opt/code/localstack/.venv/lib/python3.11/site-packages/docker/client.py", line 45, in __init__[\n]"
14:09:12.477 [docker-java-stream--850894416] DEBUG com.github.dockerjava.zerodep.shaded.org.apache.hc.client5.http.wire - http-outgoing-1 << "[0x1][0x0][0x0][0x0][0x0][0x0][0x0]*    self.api = APIClient(*args, **kwargs)[\n]"
14:09:12.477 [docker-java-stream--850894416] DEBUG com.github.dockerjava.zerodep.shaded.org.apache.hc.client5.http.wire - http-outgoing-1 << "[0x1][0x0][0x0][0x0][0x0][0x0][0x0]*               ^^^^^^^^^^^^^^^^^^^^^^^^^^[\n]"
14:09:12.477 [docker-java-stream--850894416] DEBUG com.github.dockerjava.zerodep.shaded.org.apache.hc.client5.http.wire - http-outgoing-1 << "[0x1][0x0][0x0][0x0][0x0][0x0][0x0]m  File "/opt/code/localstack/.venv/lib/python3.11/site-packages/docker/api/client.py", line 197, in __init__[\n]"
14:09:12.477 [docker-java-stream--850894416] DEBUG com.github.dockerjava.zerodep.shaded.org.apache.hc.client5.http.wire - http-outgoing-1 << "[0x1][0x0][0x0][0x0][0x0][0x0][0x0]4    self._version = self._retrieve_server_version()[\n]"
14:09:12.477 [docker-java-stream--850894416] DEBUG com.github.dockerjava.zerodep.shaded.org.apache.hc.client5.http.wire - http-outgoing-1 << "[0x1][0x0][0x0][0x0][0x0][0x0][0x0]4                    ^^^^^^^^^^^^^^^^^^^^^^^^^^^^^^^[\n]"
14:09:12.477 [docker-java-stream--850894416] DEBUG com.github.dockerjava.zerodep.shaded.org.apache.hc.client5.http.wire - http-outgoing-1 << "[0x1][0x0][0x0][0x0][0x0][0x0][0x0]}  File "/opt/code/localstack/.venv/lib/python3.11/site-packages/docker/api/client.py", line 221, in _retrieve_server_version[\n]"
14:09:12.477 [docker-java-stream--850894416] DEBUG com.github.dockerjava.zerodep.shaded.org.apache.hc.client5.http.wire - http-outgoing-1 << "[0x1][0x0][0x0][0x0][0x0][0x0][0x0][0x1b]    raise DockerException([\n]"
14:09:12.477 [docker-java-stream--850894416] DEBUG com.github.dockerjava.zerodep.shaded.org.apache.hc.client5.http.wire - http-outgoing-1 << "[0x1][0x0][0x0][0x0][0x0][0x0][0x0][0xffffff93]docker.errors.DockerException: Error while fetching server API version: ('Connection aborted.', ConnectionRefusedError(111, 'Connection refused'))[\n]"
14:09:12.477 [docker-java-stream--850894416] DEBUG com.github.dockerjava.zerodep.shaded.org.apache.hc.client5.http.wire - http-outgoing-1 << "[0x1][0x0][0x0][0x0][0x0][0x0][0x0][0x1][\n]"
14:09:12.477 [docker-java-stream--850894416] DEBUG com.github.dockerjava.zerodep.shaded.org.apache.hc.client5.http.wire - http-outgoing-1 << "[0x1][0x0][0x0][0x0][0x0][0x0][0x0]EThe above exception was the direct cause of the following exception:[\n]"
14:09:12.477 [docker-java-stream--850894416] DEBUG com.github.dockerjava.zerodep.shaded.org.apache.hc.client5.http.wire - http-outgoing-1 << "[0x1][0x0][0x0][0x0][0x0][0x0][0x0][0x1][\n]"
14:09:12.477 [docker-java-stream--850894416] DEBUG com.github.dockerjava.zerodep.shaded.org.apache.hc.client5.http.wire - http-outgoing-1 << "[0x1][0x0][0x0][0x0][0x0][0x0][0x0]#Traceback (most recent call last):[\n]"
14:09:12.477 [docker-java-stream--850894416] DEBUG com.github.dockerjava.zerodep.shaded.org.apache.hc.client5.http.wire - http-outgoing-1 << "[0x1][0x0][0x0][0x0][0x0][0x0][0x0][0xffffff8e]  File "/opt/code/localstack/.venv/lib/python3.11/site-packages/localstack/services/lambda_/invocation/version_manager.py", line 92, in start[\n]"
14:09:12.477 [docker-java-stream--850894416] DEBUG com.github.dockerjava.zerodep.shaded.org.apache.hc.client5.http.wire - http-outgoing-1 << "[0x1][0x0][0x0][0x0][0x0][0x0][0x0][    get_runtime_executor().prepare_version(self.function_version)  # TODO: make pluggable?[\n]"
14:09:12.477 [docker-java-stream--850894416] DEBUG com.github.dockerjava.zerodep.shaded.org.apache.hc.client5.http.wire - http-outgoing-1 << "[0x1][0x0][0x0][0x0][0x0][0x0][0x0]B    ^^^^^^^^^^^^^^^^^^^^^^^^^^^^^^^^^^^^^^^^^^^^^^^^^^^^^^^^^^^^^[\n]"
14:09:12.477 [docker-java-stream--850894416] DEBUG com.github.dockerjava.zerodep.shaded.org.apache.hc.client5.http.wire - http-outgoing-1 << "[\r][\n]"
14:09:12.477 [docker-java-stream--850894416] DEBUG com.github.dockerjava.zerodep.shaded.org.apache.hc.client5.http.wire - http-outgoing-1 << "5a9[\r][\n]"
14:09:12.477 [docker-java-stream--850894416] DEBUG com.github.dockerjava.zerodep.shaded.org.apache.hc.client5.http.wire - http-outgoing-1 << "[0x1][0x0][0x0][0x0][0x0][0x0][0x0][0xffffffa1]  File "/opt/code/localstack/.venv/lib/python3.11/site-packages/localstack/services/lambda_/invocation/docker_runtime_executor.py", line 436, in prepare_version[\n]"
14:09:12.477 [docker-java-stream--850894416] DEBUG com.github.dockerjava.zerodep.shaded.org.apache.hc.client5.http.wire - http-outgoing-1 << "[0x1][0x0][0x0][0x0][0x0][0x0][0x0][0xc]    raise e[\n]"
14:09:12.477 [docker-java-stream--850894416] DEBUG com.github.dockerjava.zerodep.shaded.org.apache.hc.client5.http.wire - http-outgoing-1 << "[0x1][0x0][0x0][0x0][0x0][0x0][0x0][0xffffffa1]  File "/opt/code/localstack/.venv/lib/python3.11/site-packages/localstack/services/lambda_/invocation/docker_runtime_executor.py", line 422, in prepare_version[\n]"
14:09:12.477 [docker-java-stream--850894416] DEBUG com.github.dockerjava.zerodep.shaded.org.apache.hc.client5.http.wire - http-outgoing-1 << "[0x1][0x0][0x0][0x0][0x0][0x0][0x0]6    CONTAINER_CLIENT.pull_image(image_name, platform)[\n]"
14:09:12.477 [docker-java-stream--850894416] DEBUG com.github.dockerjava.zerodep.shaded.org.apache.hc.client5.http.wire - http-outgoing-1 << "[0x1][0x0][0x0][0x0][0x0][0x0][0x0][0xffffff90]  File "/opt/code/localstack/.venv/lib/python3.11/site-packages/localstack/utils/container_utils/docker_sdk_client.py", line 262, in pull_image[\n]"
14:09:12.477 [docker-java-stream--850894416] DEBUG com.github.dockerjava.zerodep.shaded.org.apache.hc.client5.http.wire - http-outgoing-1 << "[0x1][0x0][0x0][0x0][0x0][0x0][0x0]?    self.client().images.pull(docker_image, platform=platform)[\n]"
14:09:12.477 [docker-java-stream--850894416] DEBUG com.github.dockerjava.zerodep.shaded.org.apache.hc.client5.http.wire - http-outgoing-1 << "[0x1][0x0][0x0][0x0][0x0][0x0][0x0][0x12]    ^^^^^^^^^^^^^[\n]"
14:09:12.477 [docker-java-stream--850894416] DEBUG com.github.dockerjava.zerodep.shaded.org.apache.hc.client5.http.wire - http-outgoing-1 << "[0x1][0x0][0x0][0x0][0x0][0x0][0x0][0xffffff8b]  File "/opt/code/localstack/.venv/lib/python3.11/site-packages/localstack/utils/container_utils/docker_sdk_client.py", line 67, in client[\n]"
14:09:12.477 [docker-java-stream--850894416] DEBUG com.github.dockerjava.zerodep.shaded.org.apache.hc.client5.http.wire - http-outgoing-1 << "[0x1][0x0][0x0][0x0][0x0][0x0][0x0]/    self.docker_client = self._create_client()[\n]"
14:09:12.477 [docker-java-stream--850894416] DEBUG com.github.dockerjava.zerodep.shaded.org.apache.hc.client5.http.wire - http-outgoing-1 << "[0x1][0x0][0x0][0x0][0x0][0x0][0x0]/                         ^^^^^^^^^^^^^^^^^^^^^[\n]"
14:09:12.477 [docker-java-stream--850894416] DEBUG com.github.dockerjava.zerodep.shaded.org.apache.hc.client5.http.wire - http-outgoing-1 << "[0x1][0x0][0x0][0x0][0x0][0x0][0x0][0xffffff93]  File "/opt/code/localstack/.venv/lib/python3.11/site-packages/localstack/utils/container_utils/docker_sdk_client.py", line 84, in _create_client[\n]"
14:09:12.477 [docker-java-stream--850894416] DEBUG com.github.dockerjava.zerodep.shaded.org.apache.hc.client5.http.wire - http-outgoing-1 << "[0x1][0x0][0x0][0x0][0x0][0x0][0x0]<    raise DockerNotAvailable("Docker not available") from e[\n]"
14:09:12.477 [docker-java-stream--850894416] DEBUG com.github.dockerjava.zerodep.shaded.org.apache.hc.client5.http.wire - http-outgoing-1 << "[0x1][0x0][0x0][0x0][0x0][0x0][0x0][localstack.utils.container_utils.container_client.DockerNotAvailable: Docker not available[\n]"
14:09:12.477 [docker-java-stream--850894416] DEBUG com.github.dockerjava.zerodep.shaded.org.apache.hc.client5.http.wire - http-outgoing-1 << "[0x1][0x0][0x0][0x0][0x0][0x0][0x0][0xffffffc1]2024-01-08T13:09:12.475 DEBUG --- [rvice-task_1] l.s.l.i.version_manager    : Stopping lambda version 'arn:aws:lambda:us-east-1:000000000000:function:shipment-picture-lambda-validator:$LATEST'[\n]"
14:09:12.477 [docker-java-stream--850894416] DEBUG com.github.dockerjava.zerodep.shaded.org.apache.hc.client5.http.wire - http-outgoing-1 << "[\r][\n]"
14:09:12.483 [main] DEBUG org.testcontainers.containers.output.WaitingConsumer - STDOUT: 2024-01-08T13:09:12.475 DEBUG --- [rvice-task_1] l.s.l.i.version_manager    : Stopping lambda version 'arn:aws:lambda:us-east-1:000000000000:function:shipment-picture-lambda-validator:$LATEST'
14:09:12.483 [main] DEBUG org.testcontainers.containers.output.WaitingConsumer - STDOUT: localstack.utils.container_utils.container_client.DockerNotAvailable: Docker not available
14:09:12.483 [main] DEBUG org.testcontainers.containers.output.WaitingConsumer - STDOUT:     raise DockerNotAvailable("Docker not available") from e
14:09:12.483 [main] DEBUG org.testcontainers.containers.output.WaitingConsumer - STDOUT:   File "/opt/code/localstack/.venv/lib/python3.11/site-packages/localstack/utils/container_utils/docker_sdk_client.py", line 84, in _create_client
14:09:12.483 [main] DEBUG org.testcontainers.containers.output.WaitingConsumer - STDOUT:                          ^^^^^^^^^^^^^^^^^^^^^
14:09:12.483 [main] DEBUG org.testcontainers.containers.output.WaitingConsumer - STDOUT:     self.docker_client = self._create_client()
14:09:12.483 [main] DEBUG org.testcontainers.containers.output.WaitingConsumer - STDOUT:   File "/opt/code/localstack/.venv/lib/python3.11/site-packages/localstack/utils/container_utils/docker_sdk_client.py", line 67, in client
14:09:12.483 [main] DEBUG org.testcontainers.containers.output.WaitingConsumer - STDOUT:     ^^^^^^^^^^^^^
14:09:12.483 [main] DEBUG org.testcontainers.containers.output.WaitingConsumer - STDOUT:     self.client().images.pull(docker_image, platform=platform)
14:09:12.483 [main] DEBUG org.testcontainers.containers.output.WaitingConsumer - STDOUT:   File "/opt/code/localstack/.venv/lib/python3.11/site-packages/localstack/utils/container_utils/docker_sdk_client.py", line 262, in pull_image
14:09:12.483 [main] DEBUG org.testcontainers.containers.output.WaitingConsumer - STDOUT:     CONTAINER_CLIENT.pull_image(image_name, platform)
14:09:12.483 [main] DEBUG org.testcontainers.containers.output.WaitingConsumer - STDOUT:   File "/opt/code/localstack/.venv/lib/python3.11/site-packages/localstack/services/lambda_/invocation/docker_runtime_executor.py", line 422, in prepare_version
14:09:12.483 [main] DEBUG org.testcontainers.containers.output.WaitingConsumer - STDOUT:     raise e
14:09:12.483 [main] DEBUG org.testcontainers.containers.output.WaitingConsumer - STDOUT:   File "/opt/code/localstack/.venv/lib/python3.11/site-packages/localstack/services/lambda_/invocation/docker_runtime_executor.py", line 436, in prepare_version
14:09:12.483 [main] DEBUG org.testcontainers.containers.output.WaitingConsumer - STDOUT:     ^^^^^^^^^^^^^^^^^^^^^^^^^^^^^^^^^^^^^^^^^^^^^^^^^^^^^^^^^^^^^
14:09:12.483 [main] DEBUG org.testcontainers.containers.output.WaitingConsumer - STDOUT:     get_runtime_executor().prepare_version(self.function_version)  # TODO: make pluggable?
14:09:12.483 [main] DEBUG org.testcontainers.containers.output.WaitingConsumer - STDOUT:   File "/opt/code/localstack/.venv/lib/python3.11/site-packages/localstack/services/lambda_/invocation/version_manager.py", line 92, in start
14:09:12.483 [main] DEBUG org.testcontainers.containers.output.WaitingConsumer - STDOUT: Traceback (most recent call last):
14:09:12.483 [main] DEBUG org.testcontainers.containers.output.WaitingConsumer - STDOUT: 
14:09:12.483 [main] DEBUG org.testcontainers.containers.output.WaitingConsumer - STDOUT: The above exception was the direct cause of the following exception:
14:09:12.483 [main] DEBUG org.testcontainers.containers.output.WaitingConsumer - STDOUT: 
14:09:12.483 [main] DEBUG org.testcontainers.containers.output.WaitingConsumer - STDOUT: docker.errors.DockerException: Error while fetching server API version: ('Connection aborted.', ConnectionRefusedError(111, 'Connection refused'))
14:09:12.483 [main] DEBUG org.testcontainers.containers.output.WaitingConsumer - STDOUT:     raise DockerException(
14:09:12.484 [main] DEBUG org.testcontainers.containers.output.WaitingConsumer - STDOUT:   File "/opt/code/localstack/.venv/lib/python3.11/site-packages/docker/api/client.py", line 221, in _retrieve_server_version
14:09:12.484 [main] DEBUG org.testcontainers.containers.output.WaitingConsumer - STDOUT:                     ^^^^^^^^^^^^^^^^^^^^^^^^^^^^^^^
14:09:12.484 [main] DEBUG org.testcontainers.containers.output.WaitingConsumer - STDOUT:     self._version = self._retrieve_server_version()
14:09:12.484 [main] DEBUG org.testcontainers.containers.output.WaitingConsumer - STDOUT:   File "/opt/code/localstack/.venv/lib/python3.11/site-packages/docker/api/client.py", line 197, in __init__
14:09:12.484 [main] DEBUG org.testcontainers.containers.output.WaitingConsumer - STDOUT:                ^^^^^^^^^^^^^^^^^^^^^^^^^^
14:09:12.484 [main] DEBUG org.testcontainers.containers.output.WaitingConsumer - STDOUT:     self.api = APIClient(*args, **kwargs)
14:09:12.484 [main] DEBUG org.testcontainers.containers.output.WaitingConsumer - STDOUT:   File "/opt/code/localstack/.venv/lib/python3.11/site-packages/docker/client.py", line 45, in __init__
14:09:12.484 [main] DEBUG org.testcontainers.containers.output.WaitingConsumer - STDOUT:            ^^^^
14:09:12.484 [main] DEBUG org.testcontainers.containers.output.WaitingConsumer - STDOUT:     return cls(
14:09:12.484 [main] DEBUG org.testcontainers.containers.output.WaitingConsumer - STDOUT:   File "/opt/code/localstack/.venv/lib/python3.11/site-packages/docker/client.py", line 96, in from_env
14:09:12.484 [main] DEBUG org.testcontainers.containers.output.WaitingConsumer - STDOUT:            ^^^^^^^^^^^^^^^^^^^^^^^^^^^^^^^^^^^^^^^^^^^^^^^^^^^^^^^^^^^
14:09:12.484 [main] DEBUG org.testcontainers.containers.output.WaitingConsumer - STDOUT:     return docker.from_env(timeout=DOCKER_SDK_DEFAULT_TIMEOUT_SECONDS)
14:09:12.484 [main] DEBUG org.testcontainers.containers.output.WaitingConsumer - STDOUT:   File "/opt/code/localstack/.venv/lib/python3.11/site-packages/localstack/utils/container_utils/docker_sdk_client.py", line 76, in _create_client
14:09:12.484 [main] DEBUG org.testcontainers.containers.output.WaitingConsumer - STDOUT: Traceback (most recent call last):
14:09:12.484 [main] DEBUG org.testcontainers.containers.output.WaitingConsumer - STDOUT: 
14:09:12.484 [main] DEBUG org.testcontainers.containers.output.WaitingConsumer - STDOUT: During handling of the above exception, another exception occurred:
14:09:12.484 [main] DEBUG org.testcontainers.containers.output.WaitingConsumer - STDOUT: 
14:09:12.484 [main] DEBUG org.testcontainers.containers.output.WaitingConsumer - STDOUT: requests.exceptions.ConnectionError: ('Connection aborted.', ConnectionRefusedError(111, 'Connection refused'))
14:09:12.484 [main] DEBUG org.testcontainers.containers.output.WaitingConsumer - STDOUT:     raise ConnectionError(err, request=request)
14:09:12.484 [main] DEBUG org.testcontainers.containers.output.WaitingConsumer - STDOUT:   File "/opt/code/localstack/.venv/lib/python3.11/site-packages/requests/adapters.py", line 501, in send
14:09:12.484 [main] DEBUG org.testcontainers.containers.output.WaitingConsumer - STDOUT:         ^^^^^^^^^^^^^^^^^^^^^^^^^^^^^^^
14:09:12.484 [main] DEBUG org.testcontainers.containers.output.WaitingConsumer - STDOUT:     r = adapter.send(request, **kwargs)
14:09:12.484 [main] DEBUG org.testcontainers.containers.output.WaitingConsumer - STDOUT:   File "/opt/code/localstack/.venv/lib/python3.11/site-packages/requests/sessions.py", line 703, in send
14:09:12.484 [main] DEBUG org.testcontainers.containers.output.WaitingConsumer - STDOUT:            ^^^^^^^^^^^^^^^^^^^^^^^^^^^^^^
14:09:12.484 [main] DEBUG org.testcontainers.containers.output.WaitingConsumer - STDOUT:     resp = self.send(prep, **send_kwargs)
14:09:12.484 [main] DEBUG org.testcontainers.containers.output.WaitingConsumer - STDOUT:   File "/opt/code/localstack/.venv/lib/python3.11/site-packages/requests/sessions.py", line 589, in request
14:09:12.484 [main] DEBUG org.testcontainers.containers.output.WaitingConsumer - STDOUT:            ^^^^^^^^^^^^^^^^^^^^^^^^^^^^^^^^^^
14:09:12.484 [main] DEBUG org.testcontainers.containers.output.WaitingConsumer - STDOUT:     return self.request("GET", url, **kwargs)
14:09:12.484 [main] DEBUG org.testcontainers.containers.output.WaitingConsumer - STDOUT:   File "/opt/code/localstack/.venv/lib/python3.11/site-packages/requests/sessions.py", line 602, in get
14:09:12.484 [main] DEBUG org.testcontainers.containers.output.WaitingConsumer - STDOUT:            ^^^^^^^^^^^^^^^^^^^^^^^^^^^^^^^^^^^^^^^^^^^^^^^^^^
14:09:12.484 [main] DEBUG org.testcontainers.containers.output.WaitingConsumer - STDOUT:     return self.get(url, **self._set_request_timeout(kwargs))
14:09:12.484 [main] DEBUG org.testcontainers.containers.output.WaitingConsumer - STDOUT:   File "/opt/code/localstack/.venv/lib/python3.11/site-packages/docker/api/client.py", line 237, in _get
14:09:12.484 [main] DEBUG org.testcontainers.containers.output.WaitingConsumer - STDOUT:            ^^^^^^^^^^^^^^^^^^^^^^^^
14:09:12.484 [main] DEBUG org.testcontainers.containers.output.WaitingConsumer - STDOUT:     return f(self, *args, **kwargs)
14:09:12.484 [main] DEBUG org.testcontainers.containers.output.WaitingConsumer - STDOUT:   File "/opt/code/localstack/.venv/lib/python3.11/site-packages/docker/utils/decorators.py", line 46, in inner
14:09:12.484 [main] DEBUG org.testcontainers.containers.output.WaitingConsumer - STDOUT:                         ^^^^^^^^^^^^^^
14:09:12.484 [main] DEBUG org.testcontainers.containers.output.WaitingConsumer - STDOUT:     return self._result(self._get(url), json=True)
14:09:12.484 [main] DEBUG org.testcontainers.containers.output.WaitingConsumer - STDOUT:   File "/opt/code/localstack/.venv/lib/python3.11/site-packages/docker/api/daemon.py", line 181, in version
14:09:12.484 [main] DEBUG org.testcontainers.containers.output.WaitingConsumer - STDOUT:            ^^^^^^^^^^^^^^^^^^^^^^^^^^^^^^^
14:09:12.484 [main] DEBUG org.testcontainers.containers.output.WaitingConsumer - STDOUT:     return self.version(api_version=False)["ApiVersion"]
14:09:12.484 [main] DEBUG org.testcontainers.containers.output.WaitingConsumer - STDOUT:   File "/opt/code/localstack/.venv/lib/python3.11/site-packages/docker/api/client.py", line 214, in _retrieve_server_version
14:09:12.485 [main] DEBUG org.testcontainers.containers.output.WaitingConsumer - STDOUT: Traceback (most recent call last):
14:09:12.485 [main] DEBUG org.testcontainers.containers.output.WaitingConsumer - STDOUT: 
14:09:12.485 [main] DEBUG org.testcontainers.containers.output.WaitingConsumer - STDOUT: During handling of the above exception, another exception occurred:
14:09:12.485 [main] DEBUG org.testcontainers.containers.output.WaitingConsumer - STDOUT: 
14:09:12.485 [main] DEBUG org.testcontainers.containers.output.WaitingConsumer - STDOUT: urllib3.exceptions.ProtocolError: ('Connection aborted.', ConnectionRefusedError(111, 'Connection refused'))
14:09:12.485 [main] DEBUG org.testcontainers.containers.output.WaitingConsumer - STDOUT:     sock.connect(self.unix_socket)
14:09:12.485 [main] DEBUG org.testcontainers.containers.output.WaitingConsumer - STDOUT:   File "/opt/code/localstack/.venv/lib/python3.11/site-packages/docker/transport/unixconn.py", line 27, in connect
14:09:12.485 [main] DEBUG org.testcontainers.containers.output.WaitingConsumer - STDOUT:     self.connect()
14:09:12.485 [main] DEBUG org.testcontainers.containers.output.WaitingConsumer - STDOUT:   File "/usr/local/lib/python3.11/http/client.py", line 986, in send
14:09:12.485 [main] DEBUG org.testcontainers.containers.output.WaitingConsumer - STDOUT:     self.send(msg)
14:09:12.485 [main] DEBUG org.testcontainers.containers.output.WaitingConsumer - STDOUT:   File "/usr/local/lib/python3.11/http/client.py", line 1048, in _send_output
14:09:12.485 [main] DEBUG org.testcontainers.containers.output.WaitingConsumer - STDOUT:     self._send_output(message_body, encode_chunked=encode_chunked)
14:09:12.485 [main] DEBUG org.testcontainers.containers.output.WaitingConsumer - STDOUT:   File "/usr/local/lib/python3.11/http/client.py", line 1289, in endheaders
14:09:12.485 [main] DEBUG org.testcontainers.containers.output.WaitingConsumer - STDOUT:     self.endheaders()
14:09:12.485 [main] DEBUG org.testcontainers.containers.output.WaitingConsumer - STDOUT:   File "/opt/code/localstack/.venv/lib/python3.11/site-packages/urllib3/connection.py", line 395, in request
14:09:12.485 [main] DEBUG org.testcontainers.containers.output.WaitingConsumer - STDOUT:     conn.request(
14:09:12.485 [main] DEBUG org.testcontainers.containers.output.WaitingConsumer - STDOUT:   File "/opt/code/localstack/.venv/lib/python3.11/site-packages/urllib3/connectionpool.py", line 497, in _make_request
14:09:12.485 [main] DEBUG org.testcontainers.containers.output.WaitingConsumer - STDOUT:                ^^^^^^^^^^^^^^^^^^^
14:09:12.485 [main] DEBUG org.testcontainers.containers.output.WaitingConsumer - STDOUT:     response = self._make_request(
14:09:12.485 [main] DEBUG org.testcontainers.containers.output.WaitingConsumer - STDOUT:   File "/opt/code/localstack/.venv/lib/python3.11/site-packages/urllib3/connectionpool.py", line 791, in urlopen
14:09:12.485 [main] DEBUG org.testcontainers.containers.output.WaitingConsumer - STDOUT:     raise value.with_traceback(tb)
14:09:12.485 [main] DEBUG org.testcontainers.containers.output.WaitingConsumer - STDOUT:   File "/opt/code/localstack/.venv/lib/python3.11/site-packages/urllib3/util/util.py", line 38, in reraise
14:09:12.485 [main] DEBUG org.testcontainers.containers.output.WaitingConsumer - STDOUT:           ^^^^^^^^^^^^^^^^^^^^^^^^^^^^^^^^^^^^^^^^
14:09:12.485 [main] DEBUG org.testcontainers.containers.output.WaitingConsumer - STDOUT:     raise reraise(type(error), error, _stacktrace)
14:09:12.485 [main] DEBUG org.testcontainers.containers.output.WaitingConsumer - STDOUT:   File "/opt/code/localstack/.venv/lib/python3.11/site-packages/urllib3/util/retry.py", line 470, in increment
14:09:12.485 [main] DEBUG org.testcontainers.containers.output.WaitingConsumer - STDOUT:               ^^^^^^^^^^^^^^^^^^
14:09:12.485 [main] DEBUG org.testcontainers.containers.output.WaitingConsumer - STDOUT:     retries = retries.increment(
14:09:12.485 [main] DEBUG org.testcontainers.containers.output.WaitingConsumer - STDOUT:   File "/opt/code/localstack/.venv/lib/python3.11/site-packages/urllib3/connectionpool.py", line 845, in urlopen
14:09:12.485 [main] DEBUG org.testcontainers.containers.output.WaitingConsumer - STDOUT:            ^^^^^^^^^^^^^
14:09:12.485 [main] DEBUG org.testcontainers.containers.output.WaitingConsumer - STDOUT:     resp = conn.urlopen(
14:09:12.485 [main] DEBUG org.testcontainers.containers.output.WaitingConsumer - STDOUT:   File "/opt/code/localstack/.venv/lib/python3.11/site-packages/requests/adapters.py", line 486, in send
14:09:12.485 [main] DEBUG org.testcontainers.containers.output.WaitingConsumer - STDOUT: Traceback (most recent call last):
14:09:12.485 [main] DEBUG org.testcontainers.containers.output.WaitingConsumer - STDOUT: 
14:09:12.485 [main] DEBUG org.testcontainers.containers.output.WaitingConsumer - STDOUT: During handling of the above exception, another exception occurred:
14:09:12.485 [main] DEBUG org.testcontainers.containers.output.WaitingConsumer - STDOUT: 
14:09:12.485 [main] DEBUG org.testcontainers.containers.output.WaitingConsumer - STDOUT: ConnectionRefusedError: [Errno 111] Connection refused
14:09:12.485 [main] DEBUG org.testcontainers.containers.output.WaitingConsumer - STDOUT:     sock.connect(self.unix_socket)
14:09:12.485 [main] DEBUG org.testcontainers.containers.output.WaitingConsumer - STDOUT:   File "/opt/code/localstack/.venv/lib/python3.11/site-packages/docker/transport/unixconn.py", line 27, in connect
14:09:12.485 [main] DEBUG org.testcontainers.containers.output.WaitingConsumer - STDOUT:     self.connect()
14:09:12.485 [main] DEBUG org.testcontainers.containers.output.WaitingConsumer - STDOUT:   File "/usr/local/lib/python3.11/http/client.py", line 986, in send
14:09:12.485 [main] DEBUG org.testcontainers.containers.output.WaitingConsumer - STDOUT:     self.send(msg)
14:09:12.485 [main] DEBUG org.testcontainers.containers.output.WaitingConsumer - STDOUT:   File "/usr/local/lib/python3.11/http/client.py", line 1048, in _send_output
14:09:12.485 [main] DEBUG org.testcontainers.containers.output.WaitingConsumer - STDOUT:     self._send_output(message_body, encode_chunked=encode_chunked)
14:09:12.485 [main] DEBUG org.testcontainers.containers.output.WaitingConsumer - STDOUT:   File "/usr/local/lib/python3.11/http/client.py", line 1289, in endheaders
14:09:12.485 [main] DEBUG org.testcontainers.containers.output.WaitingConsumer - STDOUT:     self.endheaders()
14:09:12.485 [main] DEBUG org.testcontainers.containers.output.WaitingConsumer - STDOUT:   File "/opt/code/localstack/.venv/lib/python3.11/site-packages/urllib3/connection.py", line 395, in request
14:09:12.485 [main] DEBUG org.testcontainers.containers.output.WaitingConsumer - STDOUT:     conn.request(
14:09:12.485 [main] DEBUG org.testcontainers.containers.output.WaitingConsumer - STDOUT:   File "/opt/code/localstack/.venv/lib/python3.11/site-packages/urllib3/connectionpool.py", line 497, in _make_request
14:09:12.485 [main] DEBUG org.testcontainers.containers.output.WaitingConsumer - STDOUT:                ^^^^^^^^^^^^^^^^^^^
14:09:12.485 [main] DEBUG org.testcontainers.containers.output.WaitingConsumer - STDOUT:     response = self._make_request(
14:09:12.485 [main] DEBUG org.testcontainers.containers.output.WaitingConsumer - STDOUT:   File "/opt/code/localstack/.venv/lib/python3.11/site-packages/urllib3/connectionpool.py", line 791, in urlopen
14:09:12.485 [main] DEBUG org.testcontainers.containers.output.WaitingConsumer - STDOUT: Traceback (most recent call last):
14:09:12.485 [main] DEBUG org.testcontainers.containers.output.WaitingConsumer - STDOUT: 2024-01-08T13:09:12.472 DEBUG --- [rvice-task_0] l.s.l.i.version_manager    : Changing Lambda arn:aws:lambda:us-east-1:000000000000:function:shipment-picture-lambda-validator:$LATEST (id 4f904473) to failed. Reason: Docker not available
14:09:12.485 [main] DEBUG org.testcontainers.containers.output.WaitingConsumer - STDOUT: 2024-01-08T13:09:12.472 ERROR --- [rvice-task_0] l.services.lambda_.hints   : Failed to pull Docker image because Docker is not available in the LocalStack container but required to run Lambda functions. Please add the Docker volume mount "/var/run/docker.sock:/var/run/docker.sock" to your LocalStack startup. https://docs.localstack.cloud/user-guide/aws/lambda/#docker-not-available
14:09:12.485 [main] DEBUG org.testcontainers.containers.output.WaitingConsumer - STDOUT: docker.errors.DockerException: Error while fetching server API version: ('Connection aborted.', ConnectionRefusedError(111, 'Connection refused'))
14:09:12.485 [main] DEBUG org.testcontainers.containers.output.WaitingConsumer - STDOUT:     raise DockerException(
14:09:12.485 [main] DEBUG org.testcontainers.containers.output.WaitingConsumer - STDOUT:   File "/opt/code/localstack/.venv/lib/python3.11/site-packages/docker/api/client.py", line 221, in _retrieve_server_version
14:09:12.485 [main] DEBUG org.testcontainers.containers.output.WaitingConsumer - STDOUT:                     ^^^^^^^^^^^^^^^^^^^^^^^^^^^^^^^
14:09:12.485 [main] DEBUG org.testcontainers.containers.output.WaitingConsumer - STDOUT:     self._version = self._retrieve_server_version()
14:09:12.485 [main] DEBUG org.testcontainers.containers.output.WaitingConsumer - STDOUT:   File "/opt/code/localstack/.venv/lib/python3.11/site-packages/docker/api/client.py", line 197, in __init__
14:09:12.485 [main] DEBUG org.testcontainers.containers.output.WaitingConsumer - STDOUT:                ^^^^^^^^^^^^^^^^^^^^^^^^^^
14:09:12.486 [main] DEBUG org.testcontainers.containers.output.WaitingConsumer - STDOUT:     self.api = APIClient(*args, **kwargs)
14:09:12.486 [main] DEBUG org.testcontainers.containers.output.WaitingConsumer - STDOUT:   File "/opt/code/localstack/.venv/lib/python3.11/site-packages/docker/client.py", line 45, in __init__
14:09:12.486 [main] DEBUG org.testcontainers.containers.output.WaitingConsumer - STDOUT:            ^^^^
14:09:12.486 [main] DEBUG org.testcontainers.containers.output.WaitingConsumer - STDOUT:     return cls(
14:09:12.486 [main] DEBUG org.testcontainers.containers.output.WaitingConsumer - STDOUT:   File "/opt/code/localstack/.venv/lib/python3.11/site-packages/docker/client.py", line 96, in from_env
14:09:12.486 [main] DEBUG org.testcontainers.containers.output.WaitingConsumer - STDOUT:            ^^^^^^^^^^^^^^^^^^^^^^^^^^^^^^^^^^^^^^^^^^^^^^^^^^^^^^^^^^^
14:09:12.486 [main] DEBUG org.testcontainers.containers.output.WaitingConsumer - STDOUT:     return docker.from_env(timeout=DOCKER_SDK_DEFAULT_TIMEOUT_SECONDS)
14:09:12.486 [main] DEBUG org.testcontainers.containers.output.WaitingConsumer - STDOUT:   File "/opt/code/localstack/.venv/lib/python3.11/site-packages/localstack/utils/container_utils/docker_sdk_client.py", line 76, in _create_client
14:09:12.486 [main] DEBUG org.testcontainers.containers.output.WaitingConsumer - STDOUT: Traceback (most recent call last):
14:09:12.486 [main] DEBUG org.testcontainers.containers.output.WaitingConsumer - STDOUT: 
14:09:12.486 [main] DEBUG org.testcontainers.containers.output.WaitingConsumer - STDOUT: During handling of the above exception, another exception occurred:
14:09:12.486 [main] DEBUG org.testcontainers.containers.output.WaitingConsumer - STDOUT: 
14:09:12.486 [main] DEBUG org.testcontainers.containers.output.WaitingConsumer - STDOUT: requests.exceptions.ConnectionError: ('Connection aborted.', ConnectionRefusedError(111, 'Connection refused'))
14:09:12.486 [main] DEBUG org.testcontainers.containers.output.WaitingConsumer - STDOUT:     raise ConnectionError(err, request=request)
14:09:12.486 [main] DEBUG org.testcontainers.containers.output.WaitingConsumer - STDOUT:   File "/opt/code/localstack/.venv/lib/python3.11/site-packages/requests/adapters.py", line 501, in send
14:09:12.486 [main] DEBUG org.testcontainers.containers.output.WaitingConsumer - STDOUT:         ^^^^^^^^^^^^^^^^^^^^^^^^^^^^^^^
14:09:12.486 [main] DEBUG org.testcontainers.containers.output.WaitingConsumer - STDOUT:     r = adapter.send(request, **kwargs)
14:09:12.486 [main] DEBUG org.testcontainers.containers.output.WaitingConsumer - STDOUT:   File "/opt/code/localstack/.venv/lib/python3.11/site-packages/requests/sessions.py", line 703, in send
14:09:12.486 [main] DEBUG org.testcontainers.containers.output.WaitingConsumer - STDOUT:            ^^^^^^^^^^^^^^^^^^^^^^^^^^^^^^
14:09:12.486 [main] DEBUG org.testcontainers.containers.output.WaitingConsumer - STDOUT:     resp = self.send(prep, **send_kwargs)
14:09:12.486 [main] DEBUG org.testcontainers.containers.output.WaitingConsumer - STDOUT:   File "/opt/code/localstack/.venv/lib/python3.11/site-packages/requests/sessions.py", line 589, in request
14:09:12.486 [main] DEBUG org.testcontainers.containers.output.WaitingConsumer - STDOUT:            ^^^^^^^^^^^^^^^^^^^^^^^^^^^^^^^^^^
14:09:12.486 [main] DEBUG org.testcontainers.containers.output.WaitingConsumer - STDOUT:     return self.request("GET", url, **kwargs)
14:09:12.486 [main] DEBUG org.testcontainers.containers.output.WaitingConsumer - STDOUT:   File "/opt/code/localstack/.venv/lib/python3.11/site-packages/requests/sessions.py", line 602, in get
14:09:12.486 [main] DEBUG org.testcontainers.containers.output.WaitingConsumer - STDOUT:            ^^^^^^^^^^^^^^^^^^^^^^^^^^^^^^^^^^^^^^^^^^^^^^^^^^
14:09:12.486 [main] DEBUG org.testcontainers.containers.output.WaitingConsumer - STDOUT:     return self.get(url, **self._set_request_timeout(kwargs))
14:09:12.486 [main] DEBUG org.testcontainers.containers.output.WaitingConsumer - STDOUT:   File "/opt/code/localstack/.venv/lib/python3.11/site-packages/docker/api/client.py", line 237, in _get
14:09:12.486 [main] DEBUG org.testcontainers.containers.output.WaitingConsumer - STDOUT:            ^^^^^^^^^^^^^^^^^^^^^^^^
14:09:12.486 [main] DEBUG org.testcontainers.containers.output.WaitingConsumer - STDOUT:     return f(self, *args, **kwargs)
14:09:12.486 [main] DEBUG org.testcontainers.containers.output.WaitingConsumer - STDOUT:   File "/opt/code/localstack/.venv/lib/python3.11/site-packages/docker/utils/decorators.py", line 46, in inner
14:09:12.486 [main] DEBUG org.testcontainers.containers.output.WaitingConsumer - STDOUT:                         ^^^^^^^^^^^^^^
14:09:12.486 [main] DEBUG org.testcontainers.containers.output.WaitingConsumer - STDOUT:     return self._result(self._get(url), json=True)
14:09:12.486 [main] DEBUG org.testcontainers.containers.output.WaitingConsumer - STDOUT:   File "/opt/code/localstack/.venv/lib/python3.11/site-packages/docker/api/daemon.py", line 181, in version
14:09:12.486 [main] DEBUG org.testcontainers.containers.output.WaitingConsumer - STDOUT:            ^^^^^^^^^^^^^^^^^^^^^^^^^^^^^^^
14:09:12.486 [main] DEBUG org.testcontainers.containers.output.WaitingConsumer - STDOUT:     return self.version(api_version=False)["ApiVersion"]
14:09:12.486 [main] DEBUG org.testcontainers.containers.output.WaitingConsumer - STDOUT:   File "/opt/code/localstack/.venv/lib/python3.11/site-packages/docker/api/client.py", line 214, in _retrieve_server_version
14:09:12.486 [main] DEBUG org.testcontainers.containers.output.WaitingConsumer - STDOUT: Traceback (most recent call last):
14:09:12.486 [main] DEBUG org.testcontainers.containers.output.WaitingConsumer - STDOUT: 
14:09:12.486 [main] DEBUG org.testcontainers.containers.output.WaitingConsumer - STDOUT: During handling of the above exception, another exception occurred:
14:09:12.486 [main] DEBUG org.testcontainers.containers.output.WaitingConsumer - STDOUT: 
14:09:12.486 [main] DEBUG org.testcontainers.containers.output.WaitingConsumer - STDOUT: urllib3.exceptions.ProtocolError: ('Connection aborted.', ConnectionRefusedError(111, 'Connection refused'))
14:09:12.486 [main] DEBUG org.testcontainers.containers.output.WaitingConsumer - STDOUT:     sock.connect(self.unix_socket)
14:09:12.486 [main] DEBUG org.testcontainers.containers.output.WaitingConsumer - STDOUT:   File "/opt/code/localstack/.venv/lib/python3.11/site-packages/docker/transport/unixconn.py", line 27, in connect
14:09:12.486 [main] DEBUG org.testcontainers.containers.output.WaitingConsumer - STDOUT:     self.connect()
14:09:12.486 [main] DEBUG org.testcontainers.containers.output.WaitingConsumer - STDOUT:   File "/usr/local/lib/python3.11/http/client.py", line 986, in send
14:09:12.486 [main] DEBUG org.testcontainers.containers.output.WaitingConsumer - STDOUT:     self.send(msg)
14:09:12.486 [main] DEBUG org.testcontainers.containers.output.WaitingConsumer - STDOUT:   File "/usr/local/lib/python3.11/http/client.py", line 1048, in _send_output
14:09:12.486 [main] DEBUG org.testcontainers.containers.output.WaitingConsumer - STDOUT:     self._send_output(message_body, encode_chunked=encode_chunked)
14:09:12.486 [main] DEBUG org.testcontainers.containers.output.WaitingConsumer - STDOUT:   File "/usr/local/lib/python3.11/http/client.py", line 1289, in endheaders
14:09:12.486 [main] DEBUG org.testcontainers.containers.output.WaitingConsumer - STDOUT:     self.endheaders()
14:09:12.486 [main] DEBUG org.testcontainers.containers.output.WaitingConsumer - STDOUT:   File "/opt/code/localstack/.venv/lib/python3.11/site-packages/urllib3/connection.py", line 395, in request
14:09:12.486 [main] DEBUG org.testcontainers.containers.output.WaitingConsumer - STDOUT:     conn.request(
14:09:12.486 [main] DEBUG org.testcontainers.containers.output.WaitingConsumer - STDOUT:   File "/opt/code/localstack/.venv/lib/python3.11/site-packages/urllib3/connectionpool.py", line 497, in _make_request
14:09:12.486 [main] DEBUG org.testcontainers.containers.output.WaitingConsumer - STDOUT:                ^^^^^^^^^^^^^^^^^^^
14:09:12.486 [main] DEBUG org.testcontainers.containers.output.WaitingConsumer - STDOUT:     response = self._make_request(
14:09:12.486 [main] DEBUG org.testcontainers.containers.output.WaitingConsumer - STDOUT:   File "/opt/code/localstack/.venv/lib/python3.11/site-packages/urllib3/connectionpool.py", line 791, in urlopen
14:09:12.486 [main] DEBUG org.testcontainers.containers.output.WaitingConsumer - STDOUT:     raise value.with_traceback(tb)
14:09:12.486 [main] DEBUG org.testcontainers.containers.output.WaitingConsumer - STDOUT:   File "/opt/code/localstack/.venv/lib/python3.11/site-packages/urllib3/util/util.py", line 38, in reraise
14:09:12.486 [main] DEBUG org.testcontainers.containers.output.WaitingConsumer - STDOUT:           ^^^^^^^^^^^^^^^^^^^^^^^^^^^^^^^^^^^^^^^^
14:09:12.486 [main] DEBUG org.testcontainers.containers.output.WaitingConsumer - STDOUT:     raise reraise(type(error), error, _stacktrace)
14:09:12.486 [main] DEBUG org.testcontainers.containers.output.WaitingConsumer - STDOUT:   File "/opt/code/localstack/.venv/lib/python3.11/site-packages/urllib3/util/retry.py", line 470, in increment
14:09:12.486 [main] DEBUG org.testcontainers.containers.output.WaitingConsumer - STDOUT:               ^^^^^^^^^^^^^^^^^^
14:09:12.486 [main] DEBUG org.testcontainers.containers.output.WaitingConsumer - STDOUT:     retries = retries.increment(
14:09:12.486 [main] DEBUG org.testcontainers.containers.output.WaitingConsumer - STDOUT:   File "/opt/code/localstack/.venv/lib/python3.11/site-packages/urllib3/connectionpool.py", line 845, in urlopen
14:09:12.486 [main] DEBUG org.testcontainers.containers.output.WaitingConsumer - STDOUT:            ^^^^^^^^^^^^^
14:09:12.486 [main] DEBUG org.testcontainers.containers.output.WaitingConsumer - STDOUT:     resp = conn.urlopen(
14:09:12.486 [main] DEBUG org.testcontainers.containers.output.WaitingConsumer - STDOUT:   File "/opt/code/localstack/.venv/lib/python3.11/site-packages/requests/adapters.py", line 486, in send
14:09:12.486 [main] DEBUG org.testcontainers.containers.output.WaitingConsumer - STDOUT: Traceback (most recent call last):
14:09:12.486 [main] DEBUG org.testcontainers.containers.output.WaitingConsumer - STDOUT: 
14:09:12.486 [main] DEBUG org.testcontainers.containers.output.WaitingConsumer - STDOUT: During handling of the above exception, another exception occurred:
14:09:12.486 [main] DEBUG org.testcontainers.containers.output.WaitingConsumer - STDOUT: 
14:09:12.486 [main] DEBUG org.testcontainers.containers.output.WaitingConsumer - STDOUT: ConnectionRefusedError: [Errno 111] Connection refused
14:09:12.486 [main] DEBUG org.testcontainers.containers.output.WaitingConsumer - STDOUT:     sock.connect(self.unix_socket)
14:09:12.487 [main] DEBUG org.testcontainers.containers.output.WaitingConsumer - STDOUT:   File "/opt/code/localstack/.venv/lib/python3.11/site-packages/docker/transport/unixconn.py", line 27, in connect
14:09:12.487 [main] DEBUG org.testcontainers.containers.output.WaitingConsumer - STDOUT:     self.connect()
14:09:12.487 [main] DEBUG org.testcontainers.containers.output.WaitingConsumer - STDOUT:   File "/usr/local/lib/python3.11/http/client.py", line 986, in send
14:09:12.487 [main] DEBUG org.testcontainers.containers.output.WaitingConsumer - STDOUT:     self.send(msg)
14:09:12.487 [main] DEBUG org.testcontainers.containers.output.WaitingConsumer - STDOUT:   File "/usr/local/lib/python3.11/http/client.py", line 1048, in _send_output
14:09:12.487 [main] DEBUG org.testcontainers.containers.output.WaitingConsumer - STDOUT:     self._send_output(message_body, encode_chunked=encode_chunked)
14:09:12.487 [main] DEBUG org.testcontainers.containers.output.WaitingConsumer - STDOUT:   File "/usr/local/lib/python3.11/http/client.py", line 1289, in endheaders
14:09:12.487 [main] DEBUG org.testcontainers.containers.output.WaitingConsumer - STDOUT:     self.endheaders()
14:09:12.487 [main] DEBUG org.testcontainers.containers.output.WaitingConsumer - STDOUT:   File "/opt/code/localstack/.venv/lib/python3.11/site-packages/urllib3/connection.py", line 395, in request
14:09:12.487 [main] DEBUG org.testcontainers.containers.output.WaitingConsumer - STDOUT:     conn.request(
14:09:12.487 [main] DEBUG org.testcontainers.containers.output.WaitingConsumer - STDOUT:   File "/opt/code/localstack/.venv/lib/python3.11/site-packages/urllib3/connectionpool.py", line 497, in _make_request
14:09:12.487 [main] DEBUG org.testcontainers.containers.output.WaitingConsumer - STDOUT:                ^^^^^^^^^^^^^^^^^^^
14:09:12.487 [main] DEBUG org.testcontainers.containers.output.WaitingConsumer - STDOUT:     response = self._make_request(
14:09:12.487 [main] DEBUG org.testcontainers.containers.output.WaitingConsumer - STDOUT:   File "/opt/code/localstack/.venv/lib/python3.11/site-packages/urllib3/connectionpool.py", line 791, in urlopen
14:09:12.487 [main] DEBUG org.testcontainers.containers.output.WaitingConsumer - STDOUT: Traceback (most recent call last):
14:09:12.487 [main] DEBUG org.testcontainers.containers.output.WaitingConsumer - STDOUT: 2024-01-08T13:09:12.470 DEBUG --- [rvice-task_0] l.u.c.docker_sdk_client    : Creating Docker SDK client failed: Error while fetching server API version: ('Connection aborted.', ConnectionRefusedError(111, 'Connection refused'))
14:09:12.490 [docker-java-stream--850894416] DEBUG com.github.dockerjava.zerodep.shaded.org.apache.hc.client5.http.wire - http-outgoing-1 << "22b[\r][\n]"
14:09:12.490 [docker-java-stream--850894416] DEBUG com.github.dockerjava.zerodep.shaded.org.apache.hc.client5.http.wire - http-outgoing-1 << "[0x1][0x0][0x0][0x0][0x0][0x0][0x2]#2024-01-08T13:09:12.487 DEBUG --- [  MainThread] l.bootstrap.pods_client    : Loaded services from local state file: b'{"service": "sts", "status": "ok"}\n{"service": "iam", "status": "ok"}\n{"service": "s3", "status": "ok"}\n{"service": "dynamodbstreams", "status": "ok"}\n{"service": "dynamodb", "status": "ok"}\n{"service": "cloudwatch", "status": "ok"}\n{"service": "kms", "status": "ok"}\n{"service": "kinesis", "status": "ok"}\n{"service": "sqs", "status": "ok"}\n{"service": "sns", "status": "ok"}\n{"service": "lambda", "status": "ok"}\n'[\n]"
14:09:12.490 [docker-java-stream--850894416] DEBUG com.github.dockerjava.zerodep.shaded.org.apache.hc.client5.http.wire - http-outgoing-1 << "[\r][\n]"
14:09:12.497 [main] DEBUG org.testcontainers.containers.output.WaitingConsumer - STDOUT: 2024-01-08T13:09:12.487 DEBUG --- [  MainThread] l.bootstrap.pods_client    : Loaded services from local state file: b'{"service": "sts", "status": "ok"}\n{"service": "iam", "status": "ok"}\n{"service": "s3", "status": "ok"}\n{"service": "dynamodbstreams", "status": "ok"}\n{"service": "dynamodb", "status": "ok"}\n{"service": "cloudwatch", "status": "ok"}\n{"service": "kms", "status": "ok"}\n{"service": "kinesis", "status": "ok"}\n{"service": "sqs", "status": "ok"}\n{"service": "sns", "status": "ok"}\n{"service": "lambda", "status": "ok"}\n'
14:09:12.497 [main] DEBUG com.github.dockerjava.zerodep.shaded.org.apache.hc.client5.http.impl.classic.InternalHttpClient - ep-00000012: cancel
14:09:12.497 [main] DEBUG com.github.dockerjava.zerodep.shaded.org.apache.hc.client5.http.impl.io.DefaultManagedHttpClientConnection - http-outgoing-1: close connection IMMEDIATE
14:09:12.498 [main] DEBUG com.github.dockerjava.zerodep.shaded.org.apache.hc.client5.http.impl.classic.InternalHttpClient - ep-00000012: endpoint closed
14:09:12.498 [docker-java-stream--850894416] DEBUG com.github.dockerjava.zerodep.shaded.org.apache.hc.client5.http.wire - http-outgoing-1 << "[read] I/O error: null"
14:09:12.498 [main] DEBUG com.github.dockerjava.zerodep.shaded.org.apache.hc.client5.http.impl.classic.InternalHttpClient - ep-00000012: discarding endpoint
14:09:12.498 [main] DEBUG com.github.dockerjava.zerodep.shaded.org.apache.hc.client5.http.impl.io.PoolingHttpClientConnectionManager - ep-00000012: releasing endpoint
14:09:12.498 [docker-java-stream--850894416] DEBUG com.github.dockerjava.zerodep.shaded.org.apache.hc.client5.http.wire - http-outgoing-1 << "[read] I/O error: null"
14:09:12.498 [main] DEBUG com.github.dockerjava.zerodep.shaded.org.apache.hc.client5.http.impl.io.PoolingHttpClientConnectionManager - ep-00000012: connection is not kept alive
14:09:12.498 [docker-java-stream--850894416] DEBUG com.github.dockerjava.zerodep.ApacheDockerHttpClientImpl$ApacheResponse - Failed to close the response
java.nio.channels.ClosedChannelException: null
	at java.base/sun.nio.ch.SocketChannelImpl.ensureOpenAndConnected(SocketChannelImpl.java:215)
	at java.base/sun.nio.ch.SocketChannelImpl.read(SocketChannelImpl.java:403)
	at java.base/sun.nio.ch.ChannelInputStream.read(ChannelInputStream.java:59)
	at java.base/sun.nio.ch.ChannelInputStream.read(ChannelInputStream.java:107)
	at java.base/sun.nio.ch.ChannelInputStream.read(ChannelInputStream.java:101)
	at com.github.dockerjava.zerodep.shaded.org.apache.hc.client5.http.impl.io.LoggingInputStream.read(LoggingInputStream.java:81)
	at com.github.dockerjava.zerodep.shaded.org.apache.hc.core5.http.impl.io.SessionInputBufferImpl.fillBuffer(SessionInputBufferImpl.java:149)
	at com.github.dockerjava.zerodep.shaded.org.apache.hc.core5.http.impl.io.SessionInputBufferImpl.readLine(SessionInputBufferImpl.java:280)
	at com.github.dockerjava.zerodep.shaded.org.apache.hc.core5.http.impl.io.ChunkedInputStream.getChunkSize(ChunkedInputStream.java:261)
	at com.github.dockerjava.zerodep.shaded.org.apache.hc.core5.http.impl.io.ChunkedInputStream.nextChunk(ChunkedInputStream.java:222)
	at com.github.dockerjava.zerodep.shaded.org.apache.hc.core5.http.impl.io.ChunkedInputStream.read(ChunkedInputStream.java:147)
	at com.github.dockerjava.zerodep.shaded.org.apache.hc.core5.http.impl.io.ChunkedInputStream.close(ChunkedInputStream.java:314)
	at com.github.dockerjava.zerodep.shaded.org.apache.hc.core5.io.Closer.close(Closer.java:48)
	at com.github.dockerjava.zerodep.shaded.org.apache.hc.core5.http.impl.io.IncomingHttpEntity.close(IncomingHttpEntity.java:111)
	at com.github.dockerjava.zerodep.shaded.org.apache.hc.core5.http.io.entity.HttpEntityWrapper.close(HttpEntityWrapper.java:120)
	at com.github.dockerjava.zerodep.shaded.org.apache.hc.core5.io.Closer.close(Closer.java:48)
	at com.github.dockerjava.zerodep.shaded.org.apache.hc.core5.http.message.BasicClassicHttpResponse.close(BasicClassicHttpResponse.java:93)
	at com.github.dockerjava.zerodep.shaded.org.apache.hc.client5.http.impl.classic.CloseableHttpResponse.close(CloseableHttpResponse.java:200)
	at com.github.dockerjava.zerodep.ApacheDockerHttpClientImpl$ApacheResponse.close(ApacheDockerHttpClientImpl.java:256)
	at org.testcontainers.shaded.com.github.dockerjava.core.DefaultInvocationBuilder.lambda$executeAndStream$1(DefaultInvocationBuilder.java:277)
	at java.base/java.lang.Thread.run(Thread.java:840)
14:09:12.498 [main] DEBUG com.github.dockerjava.zerodep.shaded.org.apache.hc.client5.http.impl.io.PoolingHttpClientConnectionManager - ep-00000012: connection released [route: {}->unix://localhost:2375][total available: 0; route allocated: 0 of 2147483647; total allocated: 0 of 2147483647]
14:09:12.498 [main] INFO tc.localstack/localstack-pro:latest - Container localstack/localstack-pro:latest started in PT15.837653S
14:09:12.633 [main] DEBUG org.springframework.boot.test.context.SpringBootTestContextBootstrapper - Neither @ContextConfiguration nor @ContextHierarchy found for test class [ShipmentServiceIntegration]: using SpringBootContextLoader
14:09:12.635 [main] DEBUG org.springframework.test.context.support.AbstractContextLoader - Could not detect default resource locations for test class [dev.ancaghenade.shipmentlistdemo.integrationtests.ShipmentServiceIntegration]: no resource found for suffixes {-context.xml, Context.groovy}.
14:09:12.636 [main] INFO org.springframework.test.context.support.AnnotationConfigContextLoaderUtils - Could not detect default configuration classes for test class [dev.ancaghenade.shipmentlistdemo.integrationtests.ShipmentServiceIntegration]: ShipmentServiceIntegration does not declare any static, non-private, non-final, nested classes annotated with @Configuration.
14:09:12.671 [main] DEBUG org.springframework.boot.test.context.SpringBootTestContextBootstrapper - Using ContextCustomizers for test class [ShipmentServiceIntegration]: [ExcludeFilterContextCustomizer, DuplicateJsonObjectContextCustomizer, MockitoContextCustomizer, TestRestTemplateContextCustomizer, DisableObservabilityContextCustomizer, PropertyMappingContextCustomizer, Customizer, DynamicPropertiesContextCustomizer]
14:09:12.770 [main] DEBUG org.springframework.context.annotation.ClassPathScanningCandidateComponentProvider - Identified candidate component class: file [/Users/anca/Desktop/java-meetup/testcontainers-shipment-list-cloud-pods/target/classes/dev/ancaghenade/shipmentlistdemo/ShipmentListDemoApplication.class]
14:09:12.772 [main] INFO org.springframework.boot.test.context.SpringBootTestContextBootstrapper - Found @SpringBootConfiguration dev.ancaghenade.shipmentlistdemo.ShipmentListDemoApplication for test class dev.ancaghenade.shipmentlistdemo.integrationtests.ShipmentServiceIntegration
14:09:12.935 [main] DEBUG org.springframework.test.context.util.TestContextSpringFactoriesUtils - Skipping candidate TestExecutionListener [org.springframework.test.context.transaction.TransactionalTestExecutionListener] due to a missing dependency. Specify custom TestExecutionListener classes or make the default TestExecutionListener classes and their required dependencies available. Offending class: [org/springframework/transaction/interceptor/TransactionAttributeSource]
14:09:12.938 [main] DEBUG org.springframework.test.context.util.TestContextSpringFactoriesUtils - Skipping candidate TestExecutionListener [org.springframework.test.context.jdbc.SqlScriptsTestExecutionListener] due to a missing dependency. Specify custom TestExecutionListener classes or make the default TestExecutionListener classes and their required dependencies available. Offending class: [org/springframework/transaction/interceptor/TransactionAttribute]
14:09:12.940 [main] DEBUG org.springframework.boot.test.context.SpringBootTestContextBootstrapper - Using TestExecutionListeners for test class [ShipmentServiceIntegration]: [ServletTestExecutionListener, DirtiesContextBeforeModesTestExecutionListener, ApplicationEventsTestExecutionListener, MockitoTestExecutionListener, DependencyInjectionTestExecutionListener, DirtiesContextTestExecutionListener, EventPublishingTestExecutionListener, ResetMocksTestExecutionListener, RestDocsTestExecutionListener, MockRestServiceServerResetTestExecutionListener, MockMvcPrintOnlyOnFailureTestExecutionListener, WebDriverTestExecutionListener, MockWebServiceServerTestExecutionListener]
14:09:12.941 [main] DEBUG org.springframework.test.context.support.AbstractDirtiesContextTestExecutionListener - Before test class: class [ShipmentServiceIntegration], class annotated with @DirtiesContext [false] with mode [null]
14:09:13.189 [main] DEBUG org.springframework.test.context.support.DependencyInjectionTestExecutionListener - Performing dependency injection for test class dev.ancaghenade.shipmentlistdemo.integrationtests.ShipmentServiceIntegration

  .   ____          _            __ _ _
 /\\ / ___'_ __ _ _(_)_ __  __ _ \ \ \ \
( ( )\___ | '_ | '_| | '_ \/ _` | \ \ \ \
 \\/  ___)| |_)| | | | | || (_| |  ) ) ) )
  '  |____| .__|_| |_|_| |_\__, | / / / /
 =========|_|==============|___/=/_/_/_/
 :: Spring Boot ::                (v3.0.1)

2024-01-08T14:09:13.529+01:00  WARN 33069 --- [           main] ory$DuplicateJsonObjectContextCustomizer : 

Found multiple occurrences of org.json.JSONObject on the class path:

	jar:file:/Users/anca/.m2/repository/org/json/json/20220924/json-20220924.jar!/org/json/JSONObject.class
	jar:file:/Users/anca/.m2/repository/com/vaadin/external/google/android-json/0.0.20131108.vaadin1/android-json-0.0.20131108.vaadin1.jar!/org/json/JSONObject.class

You may wish to exclude one of them to ensure predictable runtime behavior

2024-01-08T14:09:13.544+01:00  INFO 33069 --- [           main] d.a.s.i.ShipmentServiceIntegration       : Starting ShipmentServiceIntegration using Java 17.0.9 with PID 33069 (started by anca in /Users/anca/Desktop/java-meetup/testcontainers-shipment-list-cloud-pods)
2024-01-08T14:09:13.545+01:00  INFO 33069 --- [           main] d.a.s.i.ShipmentServiceIntegration       : No active profile set, falling back to 1 default profile: "default"
2024-01-08T14:09:14.595+01:00  INFO 33069 --- [           main] o.s.b.w.embedded.tomcat.TomcatWebServer  : Tomcat initialized with port(s): 8081 (http)
2024-01-08T14:09:14.604+01:00  INFO 33069 --- [           main] o.apache.catalina.core.StandardService   : Starting service [Tomcat]
2024-01-08T14:09:14.605+01:00  INFO 33069 --- [           main] o.apache.catalina.core.StandardEngine    : Starting Servlet engine: [Apache Tomcat/10.1.4]
2024-01-08T14:09:14.683+01:00  INFO 33069 --- [           main] o.a.c.c.C.[Tomcat].[localhost].[/]       : Initializing Spring embedded WebApplicationContext
2024-01-08T14:09:14.685+01:00  INFO 33069 --- [           main] w.s.c.ServletWebServerApplicationContext : Root WebApplicationContext: initialization completed in 1120 ms
2024-01-08T14:09:14.844+01:00  WARN 33069 --- [           main] s.a.a.p.internal.ProfileFileReader       : Ignoring profile 'localstack' on line 6 because it did not start with 'profile ' and it was not 'default'.
2024-01-08T14:09:14.861+01:00  WARN 33069 --- [           main] s.a.a.p.internal.ProfileFileReader       : Ignoring profile 'localstack' on line 6 because it did not start with 'profile ' and it was not 'default'.
2024-01-08T14:09:14.868+01:00  WARN 33069 --- [           main] s.a.a.p.internal.ProfileFileReader       : Ignoring profile 'localstack' on line 6 because it did not start with 'profile ' and it was not 'default'.
2024-01-08T14:09:14.878+01:00  WARN 33069 --- [           main] s.a.a.p.internal.ProfileFileReader       : Ignoring profile 'localstack' on line 6 because it did not start with 'profile ' and it was not 'default'.
2024-01-08T14:09:14.882+01:00  WARN 33069 --- [           main] s.a.a.p.internal.ProfileFileReader       : Ignoring profile 'localstack' on line 6 because it did not start with 'profile ' and it was not 'default'.
2024-01-08T14:09:14.884+01:00  WARN 33069 --- [           main] s.a.a.p.internal.ProfileFileReader       : Ignoring profile 'localstack' on line 6 because it did not start with 'profile ' and it was not 'default'.
2024-01-08T14:09:15.524+01:00  WARN 33069 --- [           main] s.a.a.p.internal.ProfileFileReader       : Ignoring profile 'localstack' on line 6 because it did not start with 'profile ' and it was not 'default'.
2024-01-08T14:09:15.543+01:00  WARN 33069 --- [           main] s.a.a.p.internal.ProfileFileReader       : Ignoring profile 'localstack' on line 6 because it did not start with 'profile ' and it was not 'default'.
2024-01-08T14:09:15.545+01:00  WARN 33069 --- [           main] s.a.a.p.internal.ProfileFileReader       : Ignoring profile 'localstack' on line 6 because it did not start with 'profile ' and it was not 'default'.
2024-01-08T14:09:15.549+01:00  WARN 33069 --- [           main] s.a.a.p.internal.ProfileFileReader       : Ignoring profile 'localstack' on line 6 because it did not start with 'profile ' and it was not 'default'.
2024-01-08T14:09:15.551+01:00  WARN 33069 --- [           main] s.a.a.p.internal.ProfileFileReader       : Ignoring profile 'localstack' on line 6 because it did not start with 'profile ' and it was not 'default'.
2024-01-08T14:09:15.552+01:00  WARN 33069 --- [           main] s.a.a.p.internal.ProfileFileReader       : Ignoring profile 'localstack' on line 6 because it did not start with 'profile ' and it was not 'default'.
2024-01-08T14:09:15.553+01:00  WARN 33069 --- [           main] s.a.a.p.internal.ProfileFileReader       : Ignoring profile 'localstack' on line 6 because it did not start with 'profile ' and it was not 'default'.
2024-01-08T14:09:15.722+01:00  WARN 33069 --- [           main] s.a.a.p.internal.ProfileFileReader       : Ignoring profile 'localstack' on line 6 because it did not start with 'profile ' and it was not 'default'.
2024-01-08T14:09:15.726+01:00  WARN 33069 --- [           main] s.a.a.p.internal.ProfileFileReader       : Ignoring profile 'localstack' on line 6 because it did not start with 'profile ' and it was not 'default'.
2024-01-08T14:09:15.728+01:00  WARN 33069 --- [           main] s.a.a.p.internal.ProfileFileReader       : Ignoring profile 'localstack' on line 6 because it did not start with 'profile ' and it was not 'default'.
2024-01-08T14:09:15.729+01:00  WARN 33069 --- [           main] s.a.a.p.internal.ProfileFileReader       : Ignoring profile 'localstack' on line 6 because it did not start with 'profile ' and it was not 'default'.
2024-01-08T14:09:15.730+01:00  WARN 33069 --- [           main] s.a.a.p.internal.ProfileFileReader       : Ignoring profile 'localstack' on line 6 because it did not start with 'profile ' and it was not 'default'.
2024-01-08T14:09:16.357+01:00  INFO 33069 --- [           main] o.s.b.w.embedded.tomcat.TomcatWebServer  : Tomcat started on port(s): 8081 (http) with context path ''
2024-01-08T14:09:16.396+01:00  WARN 33069 --- [ecycle-thread-2] s.a.a.p.internal.ProfileFileReader       : Ignoring profile 'localstack' on line 6 because it did not start with 'profile ' and it was not 'default'.
2024-01-08T14:09:16.756+01:00  INFO 33069 --- [ecycle-thread-1] a.c.s.l.AbstractMessageListenerContainer : Container io.awspring.cloud.sqs.sqsListenerEndpointContainer#0 started
2024-01-08T14:09:16.764+01:00  WARN 33069 --- [essage_source-2] s.a.a.p.internal.ProfileFileReader       : Ignoring profile 'localstack' on line 6 because it did not start with 'profile ' and it was not 'default'.
2024-01-08T14:09:16.765+01:00  INFO 33069 --- [           main] d.a.s.i.ShipmentServiceIntegration       : Started ShipmentServiceIntegration in 3.541 seconds (process running for 22.667)
2024-01-08T14:09:17.311+01:00  INFO 33069 --- [nio-8081-exec-1] o.a.c.c.C.[Tomcat].[localhost].[/]       : Initializing Spring DispatcherServlet 'dispatcherServlet'
2024-01-08T14:09:17.311+01:00  INFO 33069 --- [nio-8081-exec-1] o.s.web.servlet.DispatcherServlet        : Initializing Servlet 'dispatcherServlet'
2024-01-08T14:09:17.312+01:00  INFO 33069 --- [nio-8081-exec-1] o.s.web.servlet.DispatcherServlet        : Completed initialization in 0 ms
2024-01-08T14:09:17.380+01:00  WARN 33069 --- [nio-8081-exec-1] s.a.a.p.internal.ProfileFileReader       : Ignoring profile 'localstack' on line 6 because it did not start with 'profile ' and it was not 'default'.
2024-01-08T14:09:17.813+01:00 ERROR 33069 --- [nio-8081-exec-1] o.a.c.c.C.[.[.[/].[dispatcherServlet]    : Servlet.service() for servlet [dispatcherServlet] in context with path [] threw exception [Request processing failed: java.lang.IllegalStateException: Shipment 3317ac4f-1f9b-4bab-a974-4aa987wrong was not found.] with root cause

java.lang.IllegalStateException: Shipment 3317ac4f-1f9b-4bab-a974-4aa987wrong was not found.
	at dev.ancaghenade.shipmentlistdemo.service.ShipmentService.lambda$downloadShipmentImage$0(ShipmentService.java:72) ~[classes/:na]
	at java.base/java.util.Optional.orElseThrow(Optional.java:403) ~[na:na]
	at dev.ancaghenade.shipmentlistdemo.service.ShipmentService.downloadShipmentImage(ShipmentService.java:71) ~[classes/:na]
	at dev.ancaghenade.shipmentlistdemo.controller.ShipmentController.downloadShipmentImage(ShipmentController.java:40) ~[classes/:na]
	at java.base/jdk.internal.reflect.NativeMethodAccessorImpl.invoke0(Native Method) ~[na:na]
	at java.base/jdk.internal.reflect.NativeMethodAccessorImpl.invoke(NativeMethodAccessorImpl.java:77) ~[na:na]
	at java.base/jdk.internal.reflect.DelegatingMethodAccessorImpl.invoke(DelegatingMethodAccessorImpl.java:43) ~[na:na]
	at java.base/java.lang.reflect.Method.invoke(Method.java:568) ~[na:na]
	at org.springframework.web.method.support.InvocableHandlerMethod.doInvoke(InvocableHandlerMethod.java:207) ~[spring-web-6.0.3.jar:6.0.3]
	at org.springframework.web.method.support.InvocableHandlerMethod.invokeForRequest(InvocableHandlerMethod.java:152) ~[spring-web-6.0.3.jar:6.0.3]
	at org.springframework.web.servlet.mvc.method.annotation.ServletInvocableHandlerMethod.invokeAndHandle(ServletInvocableHandlerMethod.java:117) ~[spring-webmvc-6.0.3.jar:6.0.3]
	at org.springframework.web.servlet.mvc.method.annotation.RequestMappingHandlerAdapter.invokeHandlerMethod(RequestMappingHandlerAdapter.java:884) ~[spring-webmvc-6.0.3.jar:6.0.3]
	at org.springframework.web.servlet.mvc.method.annotation.RequestMappingHandlerAdapter.handleInternal(RequestMappingHandlerAdapter.java:797) ~[spring-webmvc-6.0.3.jar:6.0.3]
	at org.springframework.web.servlet.mvc.method.AbstractHandlerMethodAdapter.handle(AbstractHandlerMethodAdapter.java:87) ~[spring-webmvc-6.0.3.jar:6.0.3]
	at org.springframework.web.servlet.DispatcherServlet.doDispatch(DispatcherServlet.java:1080) ~[spring-webmvc-6.0.3.jar:6.0.3]
	at org.springframework.web.servlet.DispatcherServlet.doService(DispatcherServlet.java:973) ~[spring-webmvc-6.0.3.jar:6.0.3]
	at org.springframework.web.servlet.FrameworkServlet.processRequest(FrameworkServlet.java:1010) ~[spring-webmvc-6.0.3.jar:6.0.3]
	at org.springframework.web.servlet.FrameworkServlet.doGet(FrameworkServlet.java:902) ~[spring-webmvc-6.0.3.jar:6.0.3]
	at jakarta.servlet.http.HttpServlet.service(HttpServlet.java:705) ~[tomcat-embed-core-10.1.4.jar:6.0]
	at org.springframework.web.servlet.FrameworkServlet.service(FrameworkServlet.java:884) ~[spring-webmvc-6.0.3.jar:6.0.3]
	at jakarta.servlet.http.HttpServlet.service(HttpServlet.java:814) ~[tomcat-embed-core-10.1.4.jar:6.0]
	at org.apache.catalina.core.ApplicationFilterChain.internalDoFilter(ApplicationFilterChain.java:223) ~[tomcat-embed-core-10.1.4.jar:10.1.4]
	at org.apache.catalina.core.ApplicationFilterChain.doFilter(ApplicationFilterChain.java:158) ~[tomcat-embed-core-10.1.4.jar:10.1.4]
	at org.apache.tomcat.websocket.server.WsFilter.doFilter(WsFilter.java:53) ~[tomcat-embed-websocket-10.1.4.jar:10.1.4]
	at org.apache.catalina.core.ApplicationFilterChain.internalDoFilter(ApplicationFilterChain.java:185) ~[tomcat-embed-core-10.1.4.jar:10.1.4]
	at org.apache.catalina.core.ApplicationFilterChain.doFilter(ApplicationFilterChain.java:158) ~[tomcat-embed-core-10.1.4.jar:10.1.4]
	at org.springframework.web.filter.RequestContextFilter.doFilterInternal(RequestContextFilter.java:100) ~[spring-web-6.0.3.jar:6.0.3]
	at org.springframework.web.filter.OncePerRequestFilter.doFilter(OncePerRequestFilter.java:116) ~[spring-web-6.0.3.jar:6.0.3]
	at org.apache.catalina.core.ApplicationFilterChain.internalDoFilter(ApplicationFilterChain.java:185) ~[tomcat-embed-core-10.1.4.jar:10.1.4]
	at org.apache.catalina.core.ApplicationFilterChain.doFilter(ApplicationFilterChain.java:158) ~[tomcat-embed-core-10.1.4.jar:10.1.4]
	at org.springframework.web.filter.FormContentFilter.doFilterInternal(FormContentFilter.java:93) ~[spring-web-6.0.3.jar:6.0.3]
	at org.springframework.web.filter.OncePerRequestFilter.doFilter(OncePerRequestFilter.java:116) ~[spring-web-6.0.3.jar:6.0.3]
	at org.apache.catalina.core.ApplicationFilterChain.internalDoFilter(ApplicationFilterChain.java:185) ~[tomcat-embed-core-10.1.4.jar:10.1.4]
	at org.apache.catalina.core.ApplicationFilterChain.doFilter(ApplicationFilterChain.java:158) ~[tomcat-embed-core-10.1.4.jar:10.1.4]
	at org.springframework.web.filter.CharacterEncodingFilter.doFilterInternal(CharacterEncodingFilter.java:201) ~[spring-web-6.0.3.jar:6.0.3]
	at org.springframework.web.filter.OncePerRequestFilter.doFilter(OncePerRequestFilter.java:116) ~[spring-web-6.0.3.jar:6.0.3]
	at org.apache.catalina.core.ApplicationFilterChain.internalDoFilter(ApplicationFilterChain.java:185) ~[tomcat-embed-core-10.1.4.jar:10.1.4]
	at org.apache.catalina.core.ApplicationFilterChain.doFilter(ApplicationFilterChain.java:158) ~[tomcat-embed-core-10.1.4.jar:10.1.4]
	at org.apache.catalina.core.StandardWrapperValve.invoke(StandardWrapperValve.java:177) ~[tomcat-embed-core-10.1.4.jar:10.1.4]
	at org.apache.catalina.core.StandardContextValve.invoke(StandardContextValve.java:97) ~[tomcat-embed-core-10.1.4.jar:10.1.4]
	at org.apache.catalina.authenticator.AuthenticatorBase.invoke(AuthenticatorBase.java:542) ~[tomcat-embed-core-10.1.4.jar:10.1.4]
	at org.apache.catalina.core.StandardHostValve.invoke(StandardHostValve.java:119) ~[tomcat-embed-core-10.1.4.jar:10.1.4]
	at org.apache.catalina.valves.ErrorReportValve.invoke(ErrorReportValve.java:92) ~[tomcat-embed-core-10.1.4.jar:10.1.4]
	at org.apache.catalina.core.StandardEngineValve.invoke(StandardEngineValve.java:78) ~[tomcat-embed-core-10.1.4.jar:10.1.4]
	at org.apache.catalina.connector.CoyoteAdapter.service(CoyoteAdapter.java:357) ~[tomcat-embed-core-10.1.4.jar:10.1.4]
	at org.apache.coyote.http11.Http11Processor.service(Http11Processor.java:400) ~[tomcat-embed-core-10.1.4.jar:10.1.4]
	at org.apache.coyote.AbstractProcessorLight.process(AbstractProcessorLight.java:65) ~[tomcat-embed-core-10.1.4.jar:10.1.4]
	at org.apache.coyote.AbstractProtocol$ConnectionHandler.process(AbstractProtocol.java:859) ~[tomcat-embed-core-10.1.4.jar:10.1.4]
	at org.apache.tomcat.util.net.NioEndpoint$SocketProcessor.doRun(NioEndpoint.java:1734) ~[tomcat-embed-core-10.1.4.jar:10.1.4]
	at org.apache.tomcat.util.net.SocketProcessorBase.run(SocketProcessorBase.java:52) ~[tomcat-embed-core-10.1.4.jar:10.1.4]
	at org.apache.tomcat.util.threads.ThreadPoolExecutor.runWorker(ThreadPoolExecutor.java:1191) ~[tomcat-embed-core-10.1.4.jar:10.1.4]
	at org.apache.tomcat.util.threads.ThreadPoolExecutor$Worker.run(ThreadPoolExecutor.java:659) ~[tomcat-embed-core-10.1.4.jar:10.1.4]
	at org.apache.tomcat.util.threads.TaskThread$WrappingRunnable.run(TaskThread.java:61) ~[tomcat-embed-core-10.1.4.jar:10.1.4]
	at java.base/java.lang.Thread.run(Thread.java:840) ~[na:na]

]]></system-out>
  </testcase>
  <testcase name="testGetShipmentFromDynamoDB" classname="dev.ancaghenade.shipmentlistdemo.integrationtests.ShipmentServiceIntegration" time="0.306">
    <system-out><![CDATA[2024-01-08T14:09:17.923+01:00  WARN 33069 --- [nio-8081-exec-2] s.a.a.p.internal.ProfileFileReader       : Ignoring profile 'localstack' on line 6 because it did not start with 'profile ' and it was not 'default'.
]]></system-out>
  </testcase>
  <testcase name="testAddShipmentToDynamoDB" classname="dev.ancaghenade.shipmentlistdemo.integrationtests.ShipmentServiceIntegration" time="0.36">
    <system-out><![CDATA[2024-01-08T14:09:18.253+01:00  WARN 33069 --- [nio-8081-exec-3] s.a.a.p.internal.ProfileFileReader       : Ignoring profile 'localstack' on line 6 because it did not start with 'profile ' and it was not 'default'.
]]></system-out>
  </testcase>
  <testcase name="testDeleteShipmentFromDynamoDB" classname="dev.ancaghenade.shipmentlistdemo.integrationtests.ShipmentServiceIntegration" time="0.291">
    <system-out><![CDATA[2024-01-08T14:09:18.573+01:00  WARN 33069 --- [nio-8081-exec-4] s.a.a.p.internal.ProfileFileReader       : Ignoring profile 'localstack' on line 6 because it did not start with 'profile ' and it was not 'default'.
2024-01-08T14:09:18.651+01:00  WARN 33069 --- [nio-8081-exec-4] s.a.a.p.internal.ProfileFileReader       : Ignoring profile 'localstack' on line 6 because it did not start with 'profile ' and it was not 'default'.
2024-01-08T14:09:18.684+01:00 ERROR 33069 --- [nio-8081-exec-4] d.a.s.repository.S3StorageService        : Error occurred during object deletion: The XML you provided was not well-formed or did not validate against our published schema (Service: S3, Status Code: 400, Request ID: da5be74e-aaf6-4427-b0a3-a06ba42c00b5, Extended Request ID: s9lzHYrFp76ZVxRcpX9+5cjAnEH2ROuNkd2BHfIa6UkFVdtjf5mKR3/eTPFvsiP/XV/VLi31234=)
2024-01-08T14:09:18.697+01:00  WARN 33069 --- [nio-8081-exec-4] s.a.a.p.internal.ProfileFileReader       : Ignoring profile 'localstack' on line 6 because it did not start with 'profile ' and it was not 'default'.
2024-01-08T14:09:18.796+01:00  WARN 33069 --- [nio-8081-exec-5] s.a.a.p.internal.ProfileFileReader       : Ignoring profile 'localstack' on line 6 because it did not start with 'profile ' and it was not 'default'.
]]></system-out>
  </testcase>
  <testcase name="testFileUploadToS3" classname="dev.ancaghenade.shipmentlistdemo.integrationtests.ShipmentServiceIntegration" time="3.079">
    <system-out><![CDATA[2024-01-08T14:09:18.920+01:00  WARN 33069 --- [nio-8081-exec-6] s.a.a.p.internal.ProfileFileReader       : Ignoring profile 'localstack' on line 6 because it did not start with 'profile ' and it was not 'default'.
2024-01-08T14:09:18.985+01:00  WARN 33069 --- [nio-8081-exec-6] s.a.a.p.internal.ProfileFileReader       : Ignoring profile 'localstack' on line 6 because it did not start with 'profile ' and it was not 'default'.
2024-01-08T14:09:19.061+01:00  WARN 33069 --- [nio-8081-exec-6] s.a.a.p.internal.ProfileFileReader       : Ignoring profile 'localstack' on line 6 because it did not start with 'profile ' and it was not 'default'.
2024-01-08T14:09:21.931+01:00  INFO 33069 --- [           main] d.a.s.i.ShipmentServiceIntegration       : 1

2024-01-08T14:09:21.931+01:00 ERROR 33069 --- [           main] d.a.s.i.ShipmentServiceIntegration       : 
]]></system-out>
  </testcase>
  <testcase name="testGetSeveralShipmentsFromDynamoDB" classname="dev.ancaghenade.shipmentlistdemo.integrationtests.ShipmentServiceIntegration" time="0.035">
    <system-out><![CDATA[2024-01-08T14:09:21.939+01:00  WARN 33069 --- [nio-8081-exec-7] s.a.a.p.internal.ProfileFileReader       : Ignoring profile 'localstack' on line 6 because it did not start with 'profile ' and it was not 'default'.
]]></system-out>
  </testcase>
  <testcase name="testFileDownloadFromS3" classname="dev.ancaghenade.shipmentlistdemo.integrationtests.ShipmentServiceIntegration" time="0.08">
    <system-out><![CDATA[2024-01-08T14:09:21.976+01:00  WARN 33069 --- [nio-8081-exec-8] s.a.a.p.internal.ProfileFileReader       : Ignoring profile 'localstack' on line 6 because it did not start with 'profile ' and it was not 'default'.
2024-01-08T14:09:22.009+01:00  WARN 33069 --- [nio-8081-exec-8] s.a.a.p.internal.ProfileFileReader       : Ignoring profile 'localstack' on line 6 because it did not start with 'profile ' and it was not 'default'.
]]></system-out>
  </testcase>
</testsuite>